[2.751s] Invoking command in '/home/duy/cocarry_ws/build/predictor_ui': CMAKE_PREFIX_PATH=/home/duy/cocarry_ws/install/human_hand_msgs:${CMAKE_PREFIX_PATH} LD_LIBRARY_PATH=/home/duy/cocarry_ws/install/human_hand_msgs/lib:${LD_LIBRARY_PATH} PKG_CONFIG_PATH=/home/duy/cocarry_ws/install/human_hand_msgs/lib/x86_64-linux-gnu/pkgconfig:/home/duy/cocarry_ws/install/human_hand_msgs/lib/pkgconfig PYTHONPATH=/home/duy/cocarry_ws/build/predictor_ui/prefix_override:/usr/lib/python3/dist-packages/colcon_core/task/python/colcon_distutils_commands:/home/duy/cocarry_ws/install/predictor_ui/lib/python3.10/site-packages:/home/duy/cocarry_ws/install/human_hand_msgs/local/lib/python3.10/dist-packages:${PYTHONPATH} ROS_PACKAGE_PATH=/home/duy/cocarry_ws/install/human_hand_msgs/share /usr/bin/python3 -W ignore:setup.py install is deprecated -W ignore:easy_install command is deprecated setup.py develop --editable --build-directory /home/duy/cocarry_ws/build/predictor_ui/build --no-deps symlink_data
[3.077s] running develop
[3.308s] running egg_info
[3.308s] creating predictor_ui.egg-info
[3.312s] writing predictor_ui.egg-info/PKG-INFO
[3.312s] writing dependency_links to predictor_ui.egg-info/dependency_links.txt
[3.312s] writing entry points to predictor_ui.egg-info/entry_points.txt
[3.312s] writing requirements to predictor_ui.egg-info/requires.txt
[3.313s] writing top-level names to predictor_ui.egg-info/top_level.txt
[3.313s] writing manifest file 'predictor_ui.egg-info/SOURCES.txt'
[3.314s] reading manifest file 'predictor_ui.egg-info/SOURCES.txt'
[3.315s] writing manifest file 'predictor_ui.egg-info/SOURCES.txt'
[3.317s] running build_ext
[3.318s] Creating /home/duy/cocarry_ws/install/predictor_ui/lib/python3.10/site-packages/predictor-ui.egg-link (link to .)
[3.321s] Installing ui_node script to /home/duy/cocarry_ws/install/predictor_ui/lib/predictor_ui
[3.321s] 
[3.321s] Installed /home/duy/cocarry_ws/build/predictor_ui
[3.321s] running symlink_data
[3.321s] creating /home/duy/cocarry_ws/install/predictor_ui/share/ament_index
[3.321s] creating /home/duy/cocarry_ws/install/predictor_ui/share/ament_index/resource_index
[3.321s] creating /home/duy/cocarry_ws/install/predictor_ui/share/ament_index/resource_index/packages
[3.322s] symbolically linking /home/duy/cocarry_ws/build/predictor_ui/resource/predictor_ui -> /home/duy/cocarry_ws/install/predictor_ui/share/ament_index/resource_index/packages
[3.322s] symbolically linking /home/duy/cocarry_ws/build/predictor_ui/package.xml -> /home/duy/cocarry_ws/install/predictor_ui/share/predictor_ui
[3.389s] Invoked command in '/home/duy/cocarry_ws/build/predictor_ui' returned '0': CMAKE_PREFIX_PATH=/home/duy/cocarry_ws/install/human_hand_msgs:${CMAKE_PREFIX_PATH} LD_LIBRARY_PATH=/home/duy/cocarry_ws/install/human_hand_msgs/lib:${LD_LIBRARY_PATH} PKG_CONFIG_PATH=/home/duy/cocarry_ws/install/human_hand_msgs/lib/x86_64-linux-gnu/pkgconfig:/home/duy/cocarry_ws/install/human_hand_msgs/lib/pkgconfig PYTHONPATH=/home/duy/cocarry_ws/build/predictor_ui/prefix_override:/usr/lib/python3/dist-packages/colcon_core/task/python/colcon_distutils_commands:/home/duy/cocarry_ws/install/predictor_ui/lib/python3.10/site-packages:/home/duy/cocarry_ws/install/human_hand_msgs/local/lib/python3.10/dist-packages:${PYTHONPATH} ROS_PACKAGE_PATH=/home/duy/cocarry_ws/install/human_hand_msgs/share /usr/bin/python3 -W ignore:setup.py install is deprecated -W ignore:easy_install command is deprecated setup.py develop --editable --build-directory /home/duy/cocarry_ws/build/predictor_ui/build --no-deps symlink_data
