[4.524s] Invoking command in '/home/duy/cocarry_ws/build/coord_transform': CMAKE_PREFIX_PATH=/home/duy/cocarry_ws/install/human_hand_msgs LD_LIBRARY_PATH=/home/duy/cocarry_ws/install/human_hand_msgs/lib:${LD_LIBRARY_PATH} PKG_CONFIG_PATH=/home/duy/cocarry_ws/install/human_hand_msgs/lib/x86_64-linux-gnu/pkgconfig:/home/duy/cocarry_ws/install/human_hand_msgs/lib/pkgconfig PYTHONPATH=/home/duy/cocarry_ws/build/coord_transform/prefix_override:/usr/lib/python3/dist-packages/colcon_core/task/python/colcon_distutils_commands:/home/duy/cocarry_ws/install/coord_transform/lib/python3.10/site-packages:/home/duy/cocarry_ws/install/human_hand_msgs/local/lib/python3.10/dist-packages:${PYTHONPATH} ROS_PACKAGE_PATH=/home/duy/cocarry_ws/install/human_hand_msgs/share /usr/bin/python3 -W ignore:setup.py install is deprecated -W ignore:easy_install command is deprecated setup.py develop --editable --build-directory /home/duy/cocarry_ws/build/coord_transform/build --no-deps symlink_data --force
[5.463s] running develop
[7.194s] running egg_info
[7.199s] writing coord_transform.egg-info/PKG-INFO
[7.199s] writing dependency_links to coord_transform.egg-info/dependency_links.txt
[7.200s] writing entry points to coord_transform.egg-info/entry_points.txt
[7.212s] writing requirements to coord_transform.egg-info/requires.txt
[7.212s] writing top-level names to coord_transform.egg-info/top_level.txt
[7.261s] reading manifest file 'coord_transform.egg-info/SOURCES.txt'
[7.261s] writing manifest file 'coord_transform.egg-info/SOURCES.txt'
[7.261s] running build_ext
[7.261s] Creating /home/duy/cocarry_ws/install/coord_transform/lib/python3.10/site-packages/coord-transform.egg-link (link to .)
[7.261s] Installing transform_node script to /home/duy/cocarry_ws/install/coord_transform/lib/coord_transform
[7.261s] 
[7.261s] Installed /home/duy/cocarry_ws/build/coord_transform
[7.262s] running symlink_data
[7.262s] symbolically linking /home/duy/cocarry_ws/build/coord_transform/resource/coord_transform -> /home/duy/cocarry_ws/install/coord_transform/share/ament_index/resource_index/packages
[7.262s] symbolically linking /home/duy/cocarry_ws/build/coord_transform/package.xml -> /home/duy/cocarry_ws/install/coord_transform/share/coord_transform
[7.262s] symbolically linking /home/duy/cocarry_ws/build/coord_transform/config/transform_params.yaml -> /home/duy/cocarry_ws/install/coord_transform/share/coord_transform/config
[7.262s] symbolically linking /home/duy/cocarry_ws/build/coord_transform/scripts/calibrate_camera_to_robot.py -> /home/duy/cocarry_ws/install/coord_transform/share/coord_transform/scripts
[7.433s] Invoked command in '/home/duy/cocarry_ws/build/coord_transform' returned '0': CMAKE_PREFIX_PATH=/home/duy/cocarry_ws/install/human_hand_msgs LD_LIBRARY_PATH=/home/duy/cocarry_ws/install/human_hand_msgs/lib:${LD_LIBRARY_PATH} PKG_CONFIG_PATH=/home/duy/cocarry_ws/install/human_hand_msgs/lib/x86_64-linux-gnu/pkgconfig:/home/duy/cocarry_ws/install/human_hand_msgs/lib/pkgconfig PYTHONPATH=/home/duy/cocarry_ws/build/coord_transform/prefix_override:/usr/lib/python3/dist-packages/colcon_core/task/python/colcon_distutils_commands:/home/duy/cocarry_ws/install/coord_transform/lib/python3.10/site-packages:/home/duy/cocarry_ws/install/human_hand_msgs/local/lib/python3.10/dist-packages:${PYTHONPATH} ROS_PACKAGE_PATH=/home/duy/cocarry_ws/install/human_hand_msgs/share /usr/bin/python3 -W ignore:setup.py install is deprecated -W ignore:easy_install command is deprecated setup.py develop --editable --build-directory /home/duy/cocarry_ws/build/coord_transform/build --no-deps symlink_data --force
