[0.034s] Invoking command in '/home/duy/cocarry_ws/build/motoman_hc10dtp_support': AMENT_PREFIX_PATH=/home/duy/cocarry_ws/install/motoman_resources:${AMENT_PREFIX_PATH} CMAKE_PREFIX_PATH=/home/duy/cocarry_ws/install/motoman_resources:/home/duy/kinectv2/install/libfreenect2:/home/duy/kinectv2/install/kinect2_bridge:/home/duy/kinectv2/install/kinect2_registration:/opt/ros/humble /usr/bin/cmake --build /home/duy/cocarry_ws/build/motoman_hc10dtp_support -- -j16 -l16
[0.095s] Invoked command in '/home/duy/cocarry_ws/build/motoman_hc10dtp_support' returned '0': AMENT_PREFIX_PATH=/home/duy/cocarry_ws/install/motoman_resources:${AMENT_PREFIX_PATH} CMAKE_PREFIX_PATH=/home/duy/cocarry_ws/install/motoman_resources:/home/duy/kinectv2/install/libfreenect2:/home/duy/kinectv2/install/kinect2_bridge:/home/duy/kinectv2/install/kinect2_registration:/opt/ros/humble /usr/bin/cmake --build /home/duy/cocarry_ws/build/motoman_hc10dtp_support -- -j16 -l16
[0.098s] Invoking command in '/home/duy/cocarry_ws/build/motoman_hc10dtp_support': AMENT_PREFIX_PATH=/home/duy/cocarry_ws/install/motoman_resources:${AMENT_PREFIX_PATH} CMAKE_PREFIX_PATH=/home/duy/cocarry_ws/install/motoman_resources:/home/duy/kinectv2/install/libfreenect2:/home/duy/kinectv2/install/kinect2_bridge:/home/duy/kinectv2/install/kinect2_registration:/opt/ros/humble /usr/bin/cmake --install /home/duy/cocarry_ws/build/motoman_hc10dtp_support
[0.109s] -- Install configuration: ""
[0.109s] -- Execute custom install script
[0.110s] -- Up-to-date symlink: /home/duy/cocarry_ws/install/motoman_hc10dtp_support/share/ament_index/resource_index/package_run_dependencies/motoman_hc10dtp_support
[0.110s] -- Up-to-date symlink: /home/duy/cocarry_ws/install/motoman_hc10dtp_support/share/ament_index/resource_index/parent_prefix_path/motoman_hc10dtp_support
[0.110s] -- Up-to-date symlink: /home/duy/cocarry_ws/install/motoman_hc10dtp_support/share/motoman_hc10dtp_support/environment/ament_prefix_path.sh
[0.112s] -- Up-to-date symlink: /home/duy/cocarry_ws/install/motoman_hc10dtp_support/share/motoman_hc10dtp_support/environment/ament_prefix_path.dsv
[0.112s] -- Up-to-date symlink: /home/duy/cocarry_ws/install/motoman_hc10dtp_support/share/motoman_hc10dtp_support/environment/path.sh
[0.112s] -- Up-to-date symlink: /home/duy/cocarry_ws/install/motoman_hc10dtp_support/share/motoman_hc10dtp_support/environment/path.dsv
[0.112s] -- Up-to-date symlink: /home/duy/cocarry_ws/install/motoman_hc10dtp_support/share/motoman_hc10dtp_support/local_setup.bash
[0.113s] -- Up-to-date symlink: /home/duy/cocarry_ws/install/motoman_hc10dtp_support/share/motoman_hc10dtp_support/local_setup.sh
[0.113s] -- Up-to-date symlink: /home/duy/cocarry_ws/install/motoman_hc10dtp_support/share/motoman_hc10dtp_support/local_setup.zsh
[0.113s] -- Up-to-date symlink: /home/duy/cocarry_ws/install/motoman_hc10dtp_support/share/motoman_hc10dtp_support/local_setup.dsv
[0.113s] -- Symlinking: /home/duy/cocarry_ws/install/motoman_hc10dtp_support/share/motoman_hc10dtp_support/package.dsv
[0.129s] -- Up-to-date symlink: /home/duy/cocarry_ws/install/motoman_hc10dtp_support/share/ament_index/resource_index/packages/motoman_hc10dtp_support
[0.129s] -- Up-to-date symlink: /home/duy/cocarry_ws/install/motoman_hc10dtp_support/share/motoman_hc10dtp_support/cmake/motoman_hc10dtp_supportConfig.cmake
[0.130s] -- Up-to-date symlink: /home/duy/cocarry_ws/install/motoman_hc10dtp_support/share/motoman_hc10dtp_support/cmake/motoman_hc10dtp_supportConfig-version.cmake
[0.130s] -- Up-to-date symlink: /home/duy/cocarry_ws/install/motoman_hc10dtp_support/share/motoman_hc10dtp_support/package.xml
[0.130s] -- Up-to-date symlink: /home/duy/cocarry_ws/install/motoman_hc10dtp_support/share/motoman_hc10dtp_support/config/opw_parameters_hc10dtp.yaml
[0.131s] -- Up-to-date symlink: /home/duy/cocarry_ws/install/motoman_hc10dtp_support/share/motoman_hc10dtp_support/launch/view_hc10dtp.launch.xml
[0.131s] -- Up-to-date symlink: /home/duy/cocarry_ws/install/motoman_hc10dtp_support/share/motoman_hc10dtp_support/meshes/hc10dtp/collision/base_link.stl
[0.132s] -- Up-to-date symlink: /home/duy/cocarry_ws/install/motoman_hc10dtp_support/share/motoman_hc10dtp_support/meshes/hc10dtp/collision/link_1_s.stl
[0.132s] -- Up-to-date symlink: /home/duy/cocarry_ws/install/motoman_hc10dtp_support/share/motoman_hc10dtp_support/meshes/hc10dtp/collision/link_2_l.stl
[0.134s] -- Up-to-date symlink: /home/duy/cocarry_ws/install/motoman_hc10dtp_support/share/motoman_hc10dtp_support/meshes/hc10dtp/collision/link_3_u.stl
[0.135s] -- Up-to-date symlink: /home/duy/cocarry_ws/install/motoman_hc10dtp_support/share/motoman_hc10dtp_support/meshes/hc10dtp/collision/link_4_r.stl
[0.135s] -- Up-to-date symlink: /home/duy/cocarry_ws/install/motoman_hc10dtp_support/share/motoman_hc10dtp_support/meshes/hc10dtp/collision/link_5_b.stl
[0.136s] -- Up-to-date symlink: /home/duy/cocarry_ws/install/motoman_hc10dtp_support/share/motoman_hc10dtp_support/meshes/hc10dtp/collision/link_6_t.stl
[0.138s] -- Up-to-date symlink: /home/duy/cocarry_ws/install/motoman_hc10dtp_support/share/motoman_hc10dtp_support/meshes/hc10dtp/visual/base_link.dae
[0.138s] -- Up-to-date symlink: /home/duy/cocarry_ws/install/motoman_hc10dtp_support/share/motoman_hc10dtp_support/meshes/hc10dtp/visual/link_1_s.dae
[0.139s] -- Up-to-date symlink: /home/duy/cocarry_ws/install/motoman_hc10dtp_support/share/motoman_hc10dtp_support/meshes/hc10dtp/visual/link_2_l.dae
[0.140s] -- Up-to-date symlink: /home/duy/cocarry_ws/install/motoman_hc10dtp_support/share/motoman_hc10dtp_support/meshes/hc10dtp/visual/link_3_u.dae
[0.140s] -- Up-to-date symlink: /home/duy/cocarry_ws/install/motoman_hc10dtp_support/share/motoman_hc10dtp_support/meshes/hc10dtp/visual/link_4_r.dae
[0.140s] -- Up-to-date symlink: /home/duy/cocarry_ws/install/motoman_hc10dtp_support/share/motoman_hc10dtp_support/meshes/hc10dtp/visual/link_5_b.dae
[0.141s] -- Up-to-date symlink: /home/duy/cocarry_ws/install/motoman_hc10dtp_support/share/motoman_hc10dtp_support/meshes/hc10dtp/visual/link_6_t.dae
[0.141s] -- Up-to-date symlink: /home/duy/cocarry_ws/install/motoman_hc10dtp_support/share/motoman_hc10dtp_support/urdf/hc10dtp.urdf
[0.141s] -- Up-to-date symlink: /home/duy/cocarry_ws/install/motoman_hc10dtp_support/share/motoman_hc10dtp_support/urdf/hc10dtp.xacro
[0.141s] -- Up-to-date symlink: /home/duy/cocarry_ws/install/motoman_hc10dtp_support/share/motoman_hc10dtp_support/urdf/hc10dtp_macro.xacro
[0.162s] Invoked command in '/home/duy/cocarry_ws/build/motoman_hc10dtp_support' returned '0': AMENT_PREFIX_PATH=/home/duy/cocarry_ws/install/motoman_resources:${AMENT_PREFIX_PATH} CMAKE_PREFIX_PATH=/home/duy/cocarry_ws/install/motoman_resources:/home/duy/kinectv2/install/libfreenect2:/home/duy/kinectv2/install/kinect2_bridge:/home/duy/kinectv2/install/kinect2_registration:/opt/ros/humble /usr/bin/cmake --install /home/duy/cocarry_ws/build/motoman_hc10dtp_support
