[4.343s] Invoking command in '/home/duy/cocarry_ws/build/realsense_tracker': CMAKE_PREFIX_PATH=/home/duy/cocarry_ws/install/human_hand_msgs LD_LIBRARY_PATH=/home/duy/cocarry_ws/install/human_hand_msgs/lib:${LD_LIBRARY_PATH} PKG_CONFIG_PATH=/home/duy/cocarry_ws/install/human_hand_msgs/lib/x86_64-linux-gnu/pkgconfig:/home/duy/cocarry_ws/install/human_hand_msgs/lib/pkgconfig PYTHONPATH=/home/duy/cocarry_ws/build/realsense_tracker/prefix_override:/usr/lib/python3/dist-packages/colcon_core/task/python/colcon_distutils_commands:/home/duy/cocarry_ws/install/realsense_tracker/lib/python3.10/site-packages:/home/duy/cocarry_ws/install/human_hand_msgs/local/lib/python3.10/dist-packages:${PYTHONPATH} ROS_PACKAGE_PATH=/home/duy/cocarry_ws/install/human_hand_msgs/share /usr/bin/python3 -W ignore:setup.py install is deprecated -W ignore:easy_install command is deprecated setup.py develop --editable --build-directory /home/duy/cocarry_ws/build/realsense_tracker/build --no-deps symlink_data --force
[5.177s] running develop
[6.995s] running egg_info
[6.996s] writing realsense_tracker.egg-info/PKG-INFO
[6.996s] writing dependency_links to realsense_tracker.egg-info/dependency_links.txt
[6.996s] writing entry points to realsense_tracker.egg-info/entry_points.txt
[6.996s] writing requirements to realsense_tracker.egg-info/requires.txt
[6.996s] writing top-level names to realsense_tracker.egg-info/top_level.txt
[7.002s] reading manifest file 'realsense_tracker.egg-info/SOURCES.txt'
[7.004s] writing manifest file 'realsense_tracker.egg-info/SOURCES.txt'
[7.012s] running build_ext
[7.019s] Creating /home/duy/cocarry_ws/install/realsense_tracker/lib/python3.10/site-packages/realsense-tracker.egg-link (link to .)
[7.077s] Installing realsense_node script to /home/duy/cocarry_ws/install/realsense_tracker/lib/realsense_tracker
[7.077s] 
[7.077s] Installed /home/duy/cocarry_ws/build/realsense_tracker
[7.077s] running symlink_data
[7.077s] symbolically linking /home/duy/cocarry_ws/build/realsense_tracker/resource/realsense_tracker -> /home/duy/cocarry_ws/install/realsense_tracker/share/ament_index/resource_index/packages
[7.078s] symbolically linking /home/duy/cocarry_ws/build/realsense_tracker/package.xml -> /home/duy/cocarry_ws/install/realsense_tracker/share/realsense_tracker
[7.078s] symbolically linking /home/duy/cocarry_ws/build/realsense_tracker/models/pose_landmarker_full.task -> /home/duy/cocarry_ws/install/realsense_tracker/share/realsense_tracker/models
[7.152s] Invoked command in '/home/duy/cocarry_ws/build/realsense_tracker' returned '0': CMAKE_PREFIX_PATH=/home/duy/cocarry_ws/install/human_hand_msgs LD_LIBRARY_PATH=/home/duy/cocarry_ws/install/human_hand_msgs/lib:${LD_LIBRARY_PATH} PKG_CONFIG_PATH=/home/duy/cocarry_ws/install/human_hand_msgs/lib/x86_64-linux-gnu/pkgconfig:/home/duy/cocarry_ws/install/human_hand_msgs/lib/pkgconfig PYTHONPATH=/home/duy/cocarry_ws/build/realsense_tracker/prefix_override:/usr/lib/python3/dist-packages/colcon_core/task/python/colcon_distutils_commands:/home/duy/cocarry_ws/install/realsense_tracker/lib/python3.10/site-packages:/home/duy/cocarry_ws/install/human_hand_msgs/local/lib/python3.10/dist-packages:${PYTHONPATH} ROS_PACKAGE_PATH=/home/duy/cocarry_ws/install/human_hand_msgs/share /usr/bin/python3 -W ignore:setup.py install is deprecated -W ignore:easy_install command is deprecated setup.py develop --editable --build-directory /home/duy/cocarry_ws/build/realsense_tracker/build --no-deps symlink_data --force
