-- Found ament_cmake: 1.3.14 (/opt/ros/humble/share/ament_cmake/cmake)
-- Override CMake install command with custom implementation using symlinks instead of copying resources
-- Found rclcpp: 16.0.19 (/opt/ros/humble/share/rclcpp/cmake)
-- Found rosidl_generator_c: 3.1.8 (/opt/ros/humble/share/rosidl_generator_c/cmake)
-- Found rosidl_adapter: 3.1.8 (/opt/ros/humble/share/rosidl_adapter/cmake)
-- Found rosidl_generator_cpp: 3.1.8 (/opt/ros/humble/share/rosidl_generator_cpp/cmake)
-- Using all available rosidl_typesupport_c: rosidl_typesupport_fastrtps_c;rosidl_typesupport_introspection_c
-- Using all available rosidl_typesupport_cpp: rosidl_typesupport_fastrtps_cpp;rosidl_typesupport_introspection_cpp
-- Found rmw_implementation_cmake: 6.1.2 (/opt/ros/humble/share/rmw_implementation_cmake/cmake)
-- Found rmw_fastrtps_cpp: 6.2.10 (/opt/ros/humble/share/rmw_fastrtps_cpp/cmake)
-- Using RMW implementation 'rmw_fastrtps_cpp' as default
-- Found eigen3_cmake_module: 0.1.1 (/opt/ros/humble/share/eigen3_cmake_module/cmake)
-- CPU based depth registration enabled
-- Found ament_lint_auto: 0.12.15 (/opt/ros/humble/share/ament_lint_auto/cmake)
-- Added test 'cppcheck' to perform static code analysis on C / C++ code
-- Configured cppcheck include dirs: /home/duy/cocarry_ws/src/kinect2_ros2/kinect2_registration/src/;/home/duy/cocarry_ws/src/kinect2_ros2/kinect2_registration/include/internal;/home/duy/cocarry_ws/src/kinect2_ros2/kinect2_registration/include/
-- Configured cppcheck exclude dirs and/or files: 
-- Added test 'lint_cmake' to check CMake code style
-- Added test 'uncrustify' to check C / C++ code style
-- Configured uncrustify additional arguments: 
-- Added test 'xmllint' to check XML markup files
-- Configuring done
-- Generating done
-- Build files have been written to: /home/duy/cocarry_ws/build/kinect2_registration
Consolidate compiler generated dependencies of target kinect2_registration
[100%] Built target kinect2_registration
-- Install configuration: ""
-- Execute custom install script
-- Symlinking: /home/duy/cocarry_ws/install/kinect2_registration/include/kinect2_registration/kinect2_console.h
-- Symlinking: /home/duy/cocarry_ws/install/kinect2_registration/include/kinect2_registration/kinect2_registration.h
-- Symlinking: /home/duy/cocarry_ws/install/kinect2_registration/share/kinect2_registration/environment/library_path.sh
-- Symlinking: /home/duy/cocarry_ws/install/kinect2_registration/share/kinect2_registration/environment/library_path.dsv
-- Symlinking: /home/duy/cocarry_ws/install/kinect2_registration/share/ament_index/resource_index/package_run_dependencies/kinect2_registration
-- Symlinking: /home/duy/cocarry_ws/install/kinect2_registration/share/ament_index/resource_index/parent_prefix_path/kinect2_registration
-- Symlinking: /home/duy/cocarry_ws/install/kinect2_registration/share/kinect2_registration/environment/ament_prefix_path.sh
-- Symlinking: /home/duy/cocarry_ws/install/kinect2_registration/share/kinect2_registration/environment/ament_prefix_path.dsv
-- Symlinking: /home/duy/cocarry_ws/install/kinect2_registration/share/kinect2_registration/environment/path.sh
-- Symlinking: /home/duy/cocarry_ws/install/kinect2_registration/share/kinect2_registration/environment/path.dsv
-- Symlinking: /home/duy/cocarry_ws/install/kinect2_registration/share/kinect2_registration/local_setup.bash
-- Symlinking: /home/duy/cocarry_ws/install/kinect2_registration/share/kinect2_registration/local_setup.sh
-- Symlinking: /home/duy/cocarry_ws/install/kinect2_registration/share/kinect2_registration/local_setup.zsh
-- Symlinking: /home/duy/cocarry_ws/install/kinect2_registration/share/kinect2_registration/local_setup.dsv
-- Symlinking: /home/duy/cocarry_ws/install/kinect2_registration/share/kinect2_registration/package.dsv
-- Symlinking: /home/duy/cocarry_ws/install/kinect2_registration/share/ament_index/resource_index/packages/kinect2_registration
-- Symlinking: /home/duy/cocarry_ws/install/kinect2_registration/share/kinect2_registration/cmake/ament_cmake_export_include_directories-extras.cmake
-- Symlinking: /home/duy/cocarry_ws/install/kinect2_registration/share/kinect2_registration/cmake/ament_cmake_export_libraries-extras.cmake
-- Symlinking: /home/duy/cocarry_ws/install/kinect2_registration/share/kinect2_registration/cmake/kinect2_registrationConfig.cmake
-- Symlinking: /home/duy/cocarry_ws/install/kinect2_registration/share/kinect2_registration/cmake/kinect2_registrationConfig-version.cmake
-- Symlinking: /home/duy/cocarry_ws/install/kinect2_registration/share/kinect2_registration/package.xml
-- Up-to-date: /home/duy/cocarry_ws/install/kinect2_registration/lib/libkinect2_registration.a
