[0.037s] Invoking command in '/home/duy/cocarry_ws/build/kinect2_registration': CMAKE_PREFIX_PATH=/opt/ros/humble /usr/bin/cmake /home/duy/cocarry_ws/src/kinect2_ros2/kinect2_registration -DAMENT_CMAKE_SYMLINK_INSTALL=1 -DCMAKE_INSTALL_PREFIX=/home/duy/cocarry_ws/install/kinect2_registration
[0.059s] -- Found ament_cmake: 1.3.14 (/opt/ros/humble/share/ament_cmake/cmake)
[0.313s] -- Override CMake install command with custom implementation using symlinks instead of copying resources
[0.331s] -- Found rclcpp: 16.0.19 (/opt/ros/humble/share/rclcpp/cmake)
[0.396s] -- Found rosidl_generator_c: 3.1.8 (/opt/ros/humble/share/rosidl_generator_c/cmake)
[0.400s] -- Found rosidl_adapter: 3.1.8 (/opt/ros/humble/share/rosidl_adapter/cmake)
[0.418s] -- Found rosidl_generator_cpp: 3.1.8 (/opt/ros/humble/share/rosidl_generator_cpp/cmake)
[0.469s] -- Using all available rosidl_typesupport_c: rosidl_typesupport_fastrtps_c;rosidl_typesupport_introspection_c
[0.475s] -- Using all available rosidl_typesupport_cpp: rosidl_typesupport_fastrtps_cpp;rosidl_typesupport_introspection_cpp
[0.594s] -- Found rmw_implementation_cmake: 6.1.2 (/opt/ros/humble/share/rmw_implementation_cmake/cmake)
[0.598s] -- Found rmw_fastrtps_cpp: 6.2.10 (/opt/ros/humble/share/rmw_fastrtps_cpp/cmake)
[0.907s] -- Using RMW implementation 'rmw_fastrtps_cpp' as default
[1.228s] -- Found eigen3_cmake_module: 0.1.1 (/opt/ros/humble/share/eigen3_cmake_module/cmake)
[1.248s] -- CPU based depth registration enabled
[1.257s] -- Found ament_lint_auto: 0.12.15 (/opt/ros/humble/share/ament_lint_auto/cmake)
[1.549s] -- Added test 'cppcheck' to perform static code analysis on C / C++ code
[1.553s] -- Configured cppcheck include dirs: /home/duy/cocarry_ws/src/kinect2_ros2/kinect2_registration/src/;/home/duy/cocarry_ws/src/kinect2_ros2/kinect2_registration/include/internal;/home/duy/cocarry_ws/src/kinect2_ros2/kinect2_registration/include/
[1.553s] -- Configured cppcheck exclude dirs and/or files: 
[1.560s] -- Added test 'lint_cmake' to check CMake code style
[1.562s] -- Added test 'uncrustify' to check C / C++ code style
[1.562s] -- Configured uncrustify additional arguments: 
[1.565s] -- Added test 'xmllint' to check XML markup files
[1.579s] -- Configuring done
[1.618s] -- Generating done
[1.627s] -- Build files have been written to: /home/duy/cocarry_ws/build/kinect2_registration
[1.688s] Invoked command in '/home/duy/cocarry_ws/build/kinect2_registration' returned '0': CMAKE_PREFIX_PATH=/opt/ros/humble /usr/bin/cmake /home/duy/cocarry_ws/src/kinect2_ros2/kinect2_registration -DAMENT_CMAKE_SYMLINK_INSTALL=1 -DCMAKE_INSTALL_PREFIX=/home/duy/cocarry_ws/install/kinect2_registration
[1.690s] Invoking command in '/home/duy/cocarry_ws/build/kinect2_registration': CMAKE_PREFIX_PATH=/opt/ros/humble /usr/bin/cmake --build /home/duy/cocarry_ws/build/kinect2_registration -- -j16 -l16
[1.836s] Consolidate compiler generated dependencies of target kinect2_registration
[1.880s] [100%] Built target kinect2_registration
[1.910s] Invoked command in '/home/duy/cocarry_ws/build/kinect2_registration' returned '0': CMAKE_PREFIX_PATH=/opt/ros/humble /usr/bin/cmake --build /home/duy/cocarry_ws/build/kinect2_registration -- -j16 -l16
[1.914s] Invoking command in '/home/duy/cocarry_ws/build/kinect2_registration': CMAKE_PREFIX_PATH=/opt/ros/humble /usr/bin/cmake --install /home/duy/cocarry_ws/build/kinect2_registration
[1.933s] -- Install configuration: ""
[1.934s] -- Execute custom install script
[1.936s] -- Symlinking: /home/duy/cocarry_ws/install/kinect2_registration/include/kinect2_registration/kinect2_console.h
[1.970s] -- Symlinking: /home/duy/cocarry_ws/install/kinect2_registration/include/kinect2_registration/kinect2_registration.h
[1.994s] -- Symlinking: /home/duy/cocarry_ws/install/kinect2_registration/share/kinect2_registration/environment/library_path.sh
[2.022s] -- Symlinking: /home/duy/cocarry_ws/install/kinect2_registration/share/kinect2_registration/environment/library_path.dsv
[2.109s] -- Symlinking: /home/duy/cocarry_ws/install/kinect2_registration/share/ament_index/resource_index/package_run_dependencies/kinect2_registration
[2.109s] -- Symlinking: /home/duy/cocarry_ws/install/kinect2_registration/share/ament_index/resource_index/parent_prefix_path/kinect2_registration
[2.110s] -- Symlinking: /home/duy/cocarry_ws/install/kinect2_registration/share/kinect2_registration/environment/ament_prefix_path.sh
[2.122s] -- Symlinking: /home/duy/cocarry_ws/install/kinect2_registration/share/kinect2_registration/environment/ament_prefix_path.dsv
[2.141s] -- Symlinking: /home/duy/cocarry_ws/install/kinect2_registration/share/kinect2_registration/environment/path.sh
[2.169s] -- Symlinking: /home/duy/cocarry_ws/install/kinect2_registration/share/kinect2_registration/environment/path.dsv
[2.193s] -- Symlinking: /home/duy/cocarry_ws/install/kinect2_registration/share/kinect2_registration/local_setup.bash
[2.220s] -- Symlinking: /home/duy/cocarry_ws/install/kinect2_registration/share/kinect2_registration/local_setup.sh
[2.242s] -- Symlinking: /home/duy/cocarry_ws/install/kinect2_registration/share/kinect2_registration/local_setup.zsh
[2.273s] -- Symlinking: /home/duy/cocarry_ws/install/kinect2_registration/share/kinect2_registration/local_setup.dsv
[2.303s] -- Symlinking: /home/duy/cocarry_ws/install/kinect2_registration/share/kinect2_registration/package.dsv
[2.331s] -- Symlinking: /home/duy/cocarry_ws/install/kinect2_registration/share/ament_index/resource_index/packages/kinect2_registration
[2.368s] -- Symlinking: /home/duy/cocarry_ws/install/kinect2_registration/share/kinect2_registration/cmake/ament_cmake_export_include_directories-extras.cmake
[2.405s] -- Symlinking: /home/duy/cocarry_ws/install/kinect2_registration/share/kinect2_registration/cmake/ament_cmake_export_libraries-extras.cmake
[2.433s] -- Symlinking: /home/duy/cocarry_ws/install/kinect2_registration/share/kinect2_registration/cmake/kinect2_registrationConfig.cmake
[2.466s] -- Symlinking: /home/duy/cocarry_ws/install/kinect2_registration/share/kinect2_registration/cmake/kinect2_registrationConfig-version.cmake
[2.497s] -- Symlinking: /home/duy/cocarry_ws/install/kinect2_registration/share/kinect2_registration/package.xml
[2.525s] -- Up-to-date: /home/duy/cocarry_ws/install/kinect2_registration/lib/libkinect2_registration.a
[2.534s] Invoked command in '/home/duy/cocarry_ws/build/kinect2_registration' returned '0': CMAKE_PREFIX_PATH=/opt/ros/humble /usr/bin/cmake --install /home/duy/cocarry_ws/build/kinect2_registration
