[0.014s] Invoking command in '/home/duy/cocarry_ws/build/motoman_hc10dtp_support': AMENT_PREFIX_PATH=/home/duy/cocarry_ws/install/motoman_resources:${AMENT_PREFIX_PATH} CMAKE_PREFIX_PATH=/home/duy/cocarry_ws/install/motoman_resources:/opt/ros/humble /usr/bin/cmake /home/duy/cocarry_ws/src/motoman_ros2_support_packages/motoman_hc10dtp_support -DCMAKE_INSTALL_PREFIX=/home/duy/cocarry_ws/install/motoman_hc10dtp_support
[0.022s] -- Found ament_cmake: 1.3.14 (/opt/ros/humble/share/ament_cmake/cmake)
[0.167s] -- Override CMake install command with custom implementation using symlinks instead of copying resources
[0.275s] -- Configuring done
[0.278s] -- Generating done
[0.279s] -- Build files have been written to: /home/duy/cocarry_ws/build/motoman_hc10dtp_support
[0.282s] Invoked command in '/home/duy/cocarry_ws/build/motoman_hc10dtp_support' returned '0': AMENT_PREFIX_PATH=/home/duy/cocarry_ws/install/motoman_resources:${AMENT_PREFIX_PATH} CMAKE_PREFIX_PATH=/home/duy/cocarry_ws/install/motoman_resources:/opt/ros/humble /usr/bin/cmake /home/duy/cocarry_ws/src/motoman_ros2_support_packages/motoman_hc10dtp_support -DCMAKE_INSTALL_PREFIX=/home/duy/cocarry_ws/install/motoman_hc10dtp_support
[0.284s] Invoking command in '/home/duy/cocarry_ws/build/motoman_hc10dtp_support': AMENT_PREFIX_PATH=/home/duy/cocarry_ws/install/motoman_resources:${AMENT_PREFIX_PATH} CMAKE_PREFIX_PATH=/home/duy/cocarry_ws/install/motoman_resources:/opt/ros/humble /usr/bin/cmake --build /home/duy/cocarry_ws/build/motoman_hc10dtp_support -- -j16 -l16
[0.320s] Invoked command in '/home/duy/cocarry_ws/build/motoman_hc10dtp_support' returned '0': AMENT_PREFIX_PATH=/home/duy/cocarry_ws/install/motoman_resources:${AMENT_PREFIX_PATH} CMAKE_PREFIX_PATH=/home/duy/cocarry_ws/install/motoman_resources:/opt/ros/humble /usr/bin/cmake --build /home/duy/cocarry_ws/build/motoman_hc10dtp_support -- -j16 -l16
[0.322s] Invoking command in '/home/duy/cocarry_ws/build/motoman_hc10dtp_support': AMENT_PREFIX_PATH=/home/duy/cocarry_ws/install/motoman_resources:${AMENT_PREFIX_PATH} CMAKE_PREFIX_PATH=/home/duy/cocarry_ws/install/motoman_resources:/opt/ros/humble /usr/bin/cmake --install /home/duy/cocarry_ws/build/motoman_hc10dtp_support
[0.331s] -- Install configuration: ""
[0.331s] -- Execute custom install script
[0.332s] -- Up-to-date symlink: /home/duy/cocarry_ws/install/motoman_hc10dtp_support/share/ament_index/resource_index/package_run_dependencies/motoman_hc10dtp_support
[0.332s] -- Up-to-date symlink: /home/duy/cocarry_ws/install/motoman_hc10dtp_support/share/ament_index/resource_index/parent_prefix_path/motoman_hc10dtp_support
[0.332s] -- Up-to-date symlink: /home/duy/cocarry_ws/install/motoman_hc10dtp_support/share/motoman_hc10dtp_support/environment/ament_prefix_path.sh
[0.332s] -- Up-to-date symlink: /home/duy/cocarry_ws/install/motoman_hc10dtp_support/share/motoman_hc10dtp_support/environment/ament_prefix_path.dsv
[0.333s] -- Up-to-date symlink: /home/duy/cocarry_ws/install/motoman_hc10dtp_support/share/motoman_hc10dtp_support/environment/path.sh
[0.333s] -- Up-to-date symlink: /home/duy/cocarry_ws/install/motoman_hc10dtp_support/share/motoman_hc10dtp_support/environment/path.dsv
[0.333s] -- Up-to-date symlink: /home/duy/cocarry_ws/install/motoman_hc10dtp_support/share/motoman_hc10dtp_support/local_setup.bash
[0.333s] -- Up-to-date symlink: /home/duy/cocarry_ws/install/motoman_hc10dtp_support/share/motoman_hc10dtp_support/local_setup.sh
[0.334s] -- Up-to-date symlink: /home/duy/cocarry_ws/install/motoman_hc10dtp_support/share/motoman_hc10dtp_support/local_setup.zsh
[0.334s] -- Up-to-date symlink: /home/duy/cocarry_ws/install/motoman_hc10dtp_support/share/motoman_hc10dtp_support/local_setup.dsv
[0.334s] -- Symlinking: /home/duy/cocarry_ws/install/motoman_hc10dtp_support/share/motoman_hc10dtp_support/package.dsv
[0.344s] -- Up-to-date symlink: /home/duy/cocarry_ws/install/motoman_hc10dtp_support/share/ament_index/resource_index/packages/motoman_hc10dtp_support
[0.344s] -- Up-to-date symlink: /home/duy/cocarry_ws/install/motoman_hc10dtp_support/share/motoman_hc10dtp_support/cmake/motoman_hc10dtp_supportConfig.cmake
[0.344s] -- Up-to-date symlink: /home/duy/cocarry_ws/install/motoman_hc10dtp_support/share/motoman_hc10dtp_support/cmake/motoman_hc10dtp_supportConfig-version.cmake
[0.344s] -- Up-to-date symlink: /home/duy/cocarry_ws/install/motoman_hc10dtp_support/share/motoman_hc10dtp_support/package.xml
[0.344s] -- Up-to-date symlink: /home/duy/cocarry_ws/install/motoman_hc10dtp_support/share/motoman_hc10dtp_support/config/opw_parameters_hc10dtp.yaml
[0.345s] -- Up-to-date symlink: /home/duy/cocarry_ws/install/motoman_hc10dtp_support/share/motoman_hc10dtp_support/launch/view_hc10dtp.launch.xml
[0.347s] -- Up-to-date symlink: /home/duy/cocarry_ws/install/motoman_hc10dtp_support/share/motoman_hc10dtp_support/meshes/hc10dtp/collision/base_link.stl
[0.347s] -- Up-to-date symlink: /home/duy/cocarry_ws/install/motoman_hc10dtp_support/share/motoman_hc10dtp_support/meshes/hc10dtp/collision/link_1_s.stl
[0.347s] -- Up-to-date symlink: /home/duy/cocarry_ws/install/motoman_hc10dtp_support/share/motoman_hc10dtp_support/meshes/hc10dtp/collision/link_2_l.stl
[0.347s] -- Up-to-date symlink: /home/duy/cocarry_ws/install/motoman_hc10dtp_support/share/motoman_hc10dtp_support/meshes/hc10dtp/collision/link_3_u.stl
[0.348s] -- Up-to-date symlink: /home/duy/cocarry_ws/install/motoman_hc10dtp_support/share/motoman_hc10dtp_support/meshes/hc10dtp/collision/link_4_r.stl
[0.348s] -- Up-to-date symlink: /home/duy/cocarry_ws/install/motoman_hc10dtp_support/share/motoman_hc10dtp_support/meshes/hc10dtp/collision/link_5_b.stl
[0.348s] -- Up-to-date symlink: /home/duy/cocarry_ws/install/motoman_hc10dtp_support/share/motoman_hc10dtp_support/meshes/hc10dtp/collision/link_6_t.stl
[0.348s] -- Up-to-date symlink: /home/duy/cocarry_ws/install/motoman_hc10dtp_support/share/motoman_hc10dtp_support/meshes/hc10dtp/visual/base_link.dae
[0.348s] -- Up-to-date symlink: /home/duy/cocarry_ws/install/motoman_hc10dtp_support/share/motoman_hc10dtp_support/meshes/hc10dtp/visual/link_1_s.dae
[0.349s] -- Up-to-date symlink: /home/duy/cocarry_ws/install/motoman_hc10dtp_support/share/motoman_hc10dtp_support/meshes/hc10dtp/visual/link_2_l.dae
[0.349s] -- Up-to-date symlink: /home/duy/cocarry_ws/install/motoman_hc10dtp_support/share/motoman_hc10dtp_support/meshes/hc10dtp/visual/link_3_u.dae
[0.350s] -- Up-to-date symlink: /home/duy/cocarry_ws/install/motoman_hc10dtp_support/share/motoman_hc10dtp_support/meshes/hc10dtp/visual/link_4_r.dae
[0.350s] -- Up-to-date symlink: /home/duy/cocarry_ws/install/motoman_hc10dtp_support/share/motoman_hc10dtp_support/meshes/hc10dtp/visual/link_5_b.dae
[0.351s] -- Up-to-date symlink: /home/duy/cocarry_ws/install/motoman_hc10dtp_support/share/motoman_hc10dtp_support/meshes/hc10dtp/visual/link_6_t.dae
[0.351s] -- Up-to-date symlink: /home/duy/cocarry_ws/install/motoman_hc10dtp_support/share/motoman_hc10dtp_support/urdf/hc10dtp.urdf
[0.351s] -- Up-to-date symlink: /home/duy/cocarry_ws/install/motoman_hc10dtp_support/share/motoman_hc10dtp_support/urdf/hc10dtp.xacro
[0.351s] -- Up-to-date symlink: /home/duy/cocarry_ws/install/motoman_hc10dtp_support/share/motoman_hc10dtp_support/urdf/hc10dtp_macro.xacro
[0.351s] Invoked command in '/home/duy/cocarry_ws/build/motoman_hc10dtp_support' returned '0': AMENT_PREFIX_PATH=/home/duy/cocarry_ws/install/motoman_resources:${AMENT_PREFIX_PATH} CMAKE_PREFIX_PATH=/home/duy/cocarry_ws/install/motoman_resources:/opt/ros/humble /usr/bin/cmake --install /home/duy/cocarry_ws/build/motoman_hc10dtp_support
