-- The C compiler identification is GNU 11.4.0
-- The CXX compiler identification is GNU 11.4.0
-- Detecting C compiler ABI info
-- Detecting C compiler ABI info - done
-- Check for working C compiler: /usr/bin/cc - skipped
-- Detecting C compile features
-- Detecting C compile features - done
-- Detecting CXX compiler ABI info
-- Detecting CXX compiler ABI info - done
-- Check for working CXX compiler: /usr/bin/c++ - skipped
-- Detecting CXX compile features
-- Detecting CXX compile features - done
-- Found ament_cmake: 1.3.14 (/opt/ros/humble/share/ament_cmake/cmake)
-- Found Python3: /usr/bin/python3 (found version "3.10.12") found components: Interpreter 
-- Found rclcpp: 16.0.19 (/opt/ros/humble/share/rclcpp/cmake)
-- Found rosidl_generator_c: 3.1.8 (/opt/ros/humble/share/rosidl_generator_c/cmake)
-- Found rosidl_adapter: 3.1.8 (/opt/ros/humble/share/rosidl_adapter/cmake)
-- Found rosidl_generator_cpp: 3.1.8 (/opt/ros/humble/share/rosidl_generator_cpp/cmake)
-- Using all available rosidl_typesupport_c: rosidl_typesupport_fastrtps_c;rosidl_typesupport_introspection_c
-- Using all available rosidl_typesupport_cpp: rosidl_typesupport_fastrtps_cpp;rosidl_typesupport_introspection_cpp
-- Found rmw_implementation_cmake: 6.1.2 (/opt/ros/humble/share/rmw_implementation_cmake/cmake)
-- Found rmw_fastrtps_cpp: 6.2.10 (/opt/ros/humble/share/rmw_fastrtps_cpp/cmake)
-- Found OpenSSL: /usr/lib/x86_64-linux-gnu/libcrypto.so (found version "3.0.2")  
-- Found FastRTPS: /opt/ros/humble/include  
-- Using RMW implementation 'rmw_fastrtps_cpp' as default
-- Looking for pthread.h
-- Looking for pthread.h - found
-- Performing Test CMAKE_HAVE_LIBC_PTHREAD
-- Performing Test CMAKE_HAVE_LIBC_PTHREAD - Success
-- Found Threads: TRUE  
-- Found OpenCV: /usr (found version "4.5.4") 
-- Found sensor_msgs: 4.9.1 (/opt/ros/humble/share/sensor_msgs/cmake)
-- Found kinect2_registration: 0.0.0 (/home/duy/cocarry_ws/install/kinect2_registration/share/kinect2_registration/cmake)
-- Found tf2: 0.25.20 (/opt/ros/humble/share/tf2/cmake)
-- Found tf2_ros: 0.25.20 (/opt/ros/humble/share/tf2_ros/cmake)
-- Found tf2_geometry_msgs: 0.25.20 (/opt/ros/humble/share/tf2_geometry_msgs/cmake)
-- Found eigen3_cmake_module: 0.1.1 (/opt/ros/humble/share/eigen3_cmake_module/cmake)
-- Found Eigen3: TRUE (found version "3.4.0") 
-- Ensuring Eigen3 include directory is part of orocos-kdl CMake target
-- Found ament_lint_auto: 0.12.15 (/opt/ros/humble/share/ament_lint_auto/cmake)
-- Added test 'cppcheck' to perform static code analysis on C / C++ code
-- Configured cppcheck include dirs: /home/duy/cocarry_ws/src/kinect2_ros2/kinect2_bridge/include/kinect2_bridge
-- Configured cppcheck exclude dirs and/or files: 
-- Added test 'flake8' to check Python code syntax and style conventions
-- Added test 'lint_cmake' to check CMake code style
-- Added test 'pep257' to check Python code against some of the docstring style conventions in PEP 257
-- Added test 'uncrustify' to check C / C++ code style
-- Configured uncrustify additional arguments: 
-- Added test 'xmllint' to check XML markup files
-- Configuring done
-- Generating done
-- Build files have been written to: /home/duy/cocarry_ws/build/kinect2_bridge
[ 50%] [32mBuilding CXX object CMakeFiles/kinect2_bridge_node.dir/src/kinect2_bridge.cpp.o[0m
[01m[K/home/duy/cocarry_ws/src/kinect2_ros2/kinect2_bridge/src/kinect2_bridge.cpp:[m[K In member function ‘[01m[Kbool Kinect2BridgeNode::initPipeline(const string&, int32_t)[m[K’:
[01m[K/home/duy/cocarry_ws/src/kinect2_ros2/kinect2_bridge/src/kinect2_bridge.cpp:401:62:[m[K [01;35m[Kwarning: [m[Kunused parameter ‘[01m[Kdevice[m[K’ [[01;35m[K]8;;https://gcc.gnu.org/onlinedocs/gcc/Warning-Options.html#index-Wunused-parameter-Wunused-parameter]8;;[m[K]
  401 |   bool initPipeline(const std::string &method, [01;35m[Kconst int32_t device[m[K)
      |                                                [01;35m[K~~~~~~~~~~~~~~^~~~~~[m[K
[100%] [32m[1mLinking CXX executable kinect2_bridge_node[0m
[100%] Built target kinect2_bridge_node
-- Install configuration: ""
-- Installing: /home/duy/cocarry_ws/install/kinect2_bridge/lib/kinect2_bridge/kinect2_bridge_node
-- Set runtime path of "/home/duy/cocarry_ws/install/kinect2_bridge/lib/kinect2_bridge/kinect2_bridge_node" to ""
-- Installing: /home/duy/cocarry_ws/install/kinect2_bridge/share/kinect2_bridge//launch
-- Installing: /home/duy/cocarry_ws/install/kinect2_bridge/share/kinect2_bridge//launch/rtabmap.launch.py
-- Installing: /home/duy/cocarry_ws/install/kinect2_bridge/share/kinect2_bridge//launch/kinect2_bridge_launch.yaml
-- Installing: /home/duy/cocarry_ws/install/kinect2_bridge/include
-- Installing: /home/duy/cocarry_ws/install/kinect2_bridge/include/kinect2_bridge
-- Installing: /home/duy/cocarry_ws/install/kinect2_bridge/include/kinect2_bridge/kinect2_definitions.h
-- Installing: /home/duy/cocarry_ws/install/kinect2_bridge/share/ament_index/resource_index/package_run_dependencies/kinect2_bridge
-- Installing: /home/duy/cocarry_ws/install/kinect2_bridge/share/ament_index/resource_index/parent_prefix_path/kinect2_bridge
-- Installing: /home/duy/cocarry_ws/install/kinect2_bridge/share/kinect2_bridge/environment/ament_prefix_path.sh
-- Installing: /home/duy/cocarry_ws/install/kinect2_bridge/share/kinect2_bridge/environment/ament_prefix_path.dsv
-- Installing: /home/duy/cocarry_ws/install/kinect2_bridge/share/kinect2_bridge/environment/path.sh
-- Installing: /home/duy/cocarry_ws/install/kinect2_bridge/share/kinect2_bridge/environment/path.dsv
-- Installing: /home/duy/cocarry_ws/install/kinect2_bridge/share/kinect2_bridge/local_setup.bash
-- Installing: /home/duy/cocarry_ws/install/kinect2_bridge/share/kinect2_bridge/local_setup.sh
-- Installing: /home/duy/cocarry_ws/install/kinect2_bridge/share/kinect2_bridge/local_setup.zsh
-- Installing: /home/duy/cocarry_ws/install/kinect2_bridge/share/kinect2_bridge/local_setup.dsv
-- Installing: /home/duy/cocarry_ws/install/kinect2_bridge/share/kinect2_bridge/package.dsv
-- Installing: /home/duy/cocarry_ws/install/kinect2_bridge/share/ament_index/resource_index/packages/kinect2_bridge
-- Installing: /home/duy/cocarry_ws/install/kinect2_bridge/share/kinect2_bridge/cmake/ament_cmake_export_include_directories-extras.cmake
-- Installing: /home/duy/cocarry_ws/install/kinect2_bridge/share/kinect2_bridge/cmake/kinect2_bridgeConfig.cmake
-- Installing: /home/duy/cocarry_ws/install/kinect2_bridge/share/kinect2_bridge/cmake/kinect2_bridgeConfig-version.cmake
-- Installing: /home/duy/cocarry_ws/install/kinect2_bridge/share/kinect2_bridge/package.xml
