running develop
Removing /home/duy/cocarry_ws/install/realsense_tracker/lib/python3.10/site-packages/realsense-tracker.egg-link (link to .)
running egg_info
writing ../../build/realsense_tracker/realsense_tracker.egg-info/PKG-INFO
writing dependency_links to ../../build/realsense_tracker/realsense_tracker.egg-info/dependency_links.txt
writing entry points to ../../build/realsense_tracker/realsense_tracker.egg-info/entry_points.txt
writing requirements to ../../build/realsense_tracker/realsense_tracker.egg-info/requires.txt
writing top-level names to ../../build/realsense_tracker/realsense_tracker.egg-info/top_level.txt
reading manifest file '../../build/realsense_tracker/realsense_tracker.egg-info/SOURCES.txt'
writing manifest file '../../build/realsense_tracker/realsense_tracker.egg-info/SOURCES.txt'
running build
running build_py
creating /home/duy/cocarry_ws/build/realsense_tracker/build
creating /home/duy/cocarry_ws/build/realsense_tracker/build/lib
creating /home/duy/cocarry_ws/build/realsense_tracker/build/lib/realsense_tracker
copying realsense_tracker/__init__.py -> /home/duy/cocarry_ws/build/realsense_tracker/build/lib/realsense_tracker
copying realsense_tracker/realsense_node.py -> /home/duy/cocarry_ws/build/realsense_tracker/build/lib/realsense_tracker
running install
running install_lib
creating /home/duy/cocarry_ws/install/realsense_tracker/lib/python3.10/site-packages/realsense_tracker
copying /home/duy/cocarry_ws/build/realsense_tracker/build/lib/realsense_tracker/__init__.py -> /home/duy/cocarry_ws/install/realsense_tracker/lib/python3.10/site-packages/realsense_tracker
copying /home/duy/cocarry_ws/build/realsense_tracker/build/lib/realsense_tracker/realsense_node.py -> /home/duy/cocarry_ws/install/realsense_tracker/lib/python3.10/site-packages/realsense_tracker
byte-compiling /home/duy/cocarry_ws/install/realsense_tracker/lib/python3.10/site-packages/realsense_tracker/__init__.py to __init__.cpython-310.pyc
byte-compiling /home/duy/cocarry_ws/install/realsense_tracker/lib/python3.10/site-packages/realsense_tracker/realsense_node.py to realsense_node.cpython-310.pyc
running install_data
copying resource/realsense_tracker -> /home/duy/cocarry_ws/install/realsense_tracker/share/ament_index/resource_index/packages
copying package.xml -> /home/duy/cocarry_ws/install/realsense_tracker/share/realsense_tracker
copying models/pose_landmarker_full.task -> /home/duy/cocarry_ws/install/realsense_tracker/share/realsense_tracker/models
running install_egg_info
Copying ../../build/realsense_tracker/realsense_tracker.egg-info to /home/duy/cocarry_ws/install/realsense_tracker/lib/python3.10/site-packages/realsense_tracker-0.0.0-py3.10.egg-info
running install_scripts
Installing realsense_node script to /home/duy/cocarry_ws/install/realsense_tracker/lib/realsense_tracker
writing list of installed files to '/home/duy/cocarry_ws/build/realsense_tracker/install.log'
