running develop
Removing /home/duy/cocarry_ws/install/coord_transform/lib/python3.10/site-packages/coord-transform.egg-link (link to .)
running egg_info
writing ../../build/coord_transform/coord_transform.egg-info/PKG-INFO
writing dependency_links to ../../build/coord_transform/coord_transform.egg-info/dependency_links.txt
writing entry points to ../../build/coord_transform/coord_transform.egg-info/entry_points.txt
writing requirements to ../../build/coord_transform/coord_transform.egg-info/requires.txt
writing top-level names to ../../build/coord_transform/coord_transform.egg-info/top_level.txt
reading manifest file '../../build/coord_transform/coord_transform.egg-info/SOURCES.txt'
writing manifest file '../../build/coord_transform/coord_transform.egg-info/SOURCES.txt'
running build
running build_py
creating /home/duy/cocarry_ws/build/coord_transform/build
creating /home/duy/cocarry_ws/build/coord_transform/build/lib
creating /home/duy/cocarry_ws/build/coord_transform/build/lib/coord_transform
copying coord_transform/transform_node.py -> /home/duy/cocarry_ws/build/coord_transform/build/lib/coord_transform
copying coord_transform/__init__.py -> /home/duy/cocarry_ws/build/coord_transform/build/lib/coord_transform
running install
running install_lib
creating /home/duy/cocarry_ws/install/coord_transform/lib/python3.10/site-packages/coord_transform
copying /home/duy/cocarry_ws/build/coord_transform/build/lib/coord_transform/transform_node.py -> /home/duy/cocarry_ws/install/coord_transform/lib/python3.10/site-packages/coord_transform
copying /home/duy/cocarry_ws/build/coord_transform/build/lib/coord_transform/__init__.py -> /home/duy/cocarry_ws/install/coord_transform/lib/python3.10/site-packages/coord_transform
byte-compiling /home/duy/cocarry_ws/install/coord_transform/lib/python3.10/site-packages/coord_transform/transform_node.py to transform_node.cpython-310.pyc
byte-compiling /home/duy/cocarry_ws/install/coord_transform/lib/python3.10/site-packages/coord_transform/__init__.py to __init__.cpython-310.pyc
running install_data
copying resource/coord_transform -> /home/duy/cocarry_ws/install/coord_transform/share/ament_index/resource_index/packages
copying package.xml -> /home/duy/cocarry_ws/install/coord_transform/share/coord_transform
copying config/transform_params.yaml -> /home/duy/cocarry_ws/install/coord_transform/share/coord_transform/config
copying scripts/calibrate_camera_to_robot.py -> /home/duy/cocarry_ws/install/coord_transform/share/coord_transform/scripts
running install_egg_info
Copying ../../build/coord_transform/coord_transform.egg-info to /home/duy/cocarry_ws/install/coord_transform/lib/python3.10/site-packages/coord_transform-0.1.0-py3.10.egg-info
running install_scripts
Installing transform_node script to /home/duy/cocarry_ws/install/coord_transform/lib/coord_transform
writing list of installed files to '/home/duy/cocarry_ws/build/coord_transform/install.log'
