[0.032s] Invoking command in '/home/duy/cocarry_ws/build/trac_ik': AMENT_PREFIX_PATH=/home/duy/cocarry_ws/install/trac_ik_kinematics:/home/duy/cocarry_ws/install/trac_ik_lib:${AMENT_PREFIX_PATH} CMAKE_PREFIX_PATH=/home/duy/cocarry_ws/install/trac_ik_kinematics:/home/duy/cocarry_ws/install/trac_ik_lib:/home/duy/kinectv2/install/libfreenect2:/home/duy/kinectv2/install/kinect2_bridge:/home/duy/kinectv2/install/kinect2_registration:/opt/ros/humble LD_LIBRARY_PATH=/home/duy/cocarry_ws/install/trac_ik_kinematics/lib:/home/duy/cocarry_ws/install/trac_ik_lib/lib:${LD_LIBRARY_PATH} /usr/bin/cmake --build /home/duy/cocarry_ws/build/trac_ik -- -j16 -l16
[0.087s] Invoked command in '/home/duy/cocarry_ws/build/trac_ik' returned '0': AMENT_PREFIX_PATH=/home/duy/cocarry_ws/install/trac_ik_kinematics:/home/duy/cocarry_ws/install/trac_ik_lib:${AMENT_PREFIX_PATH} CMAKE_PREFIX_PATH=/home/duy/cocarry_ws/install/trac_ik_kinematics:/home/duy/cocarry_ws/install/trac_ik_lib:/home/duy/kinectv2/install/libfreenect2:/home/duy/kinectv2/install/kinect2_bridge:/home/duy/kinectv2/install/kinect2_registration:/opt/ros/humble LD_LIBRARY_PATH=/home/duy/cocarry_ws/install/trac_ik_kinematics/lib:/home/duy/cocarry_ws/install/trac_ik_lib/lib:${LD_LIBRARY_PATH} /usr/bin/cmake --build /home/duy/cocarry_ws/build/trac_ik -- -j16 -l16
[0.090s] Invoking command in '/home/duy/cocarry_ws/build/trac_ik': AMENT_PREFIX_PATH=/home/duy/cocarry_ws/install/trac_ik_kinematics:/home/duy/cocarry_ws/install/trac_ik_lib:${AMENT_PREFIX_PATH} CMAKE_PREFIX_PATH=/home/duy/cocarry_ws/install/trac_ik_kinematics:/home/duy/cocarry_ws/install/trac_ik_lib:/home/duy/kinectv2/install/libfreenect2:/home/duy/kinectv2/install/kinect2_bridge:/home/duy/kinectv2/install/kinect2_registration:/opt/ros/humble LD_LIBRARY_PATH=/home/duy/cocarry_ws/install/trac_ik_kinematics/lib:/home/duy/cocarry_ws/install/trac_ik_lib/lib:${LD_LIBRARY_PATH} /usr/bin/cmake --install /home/duy/cocarry_ws/build/trac_ik
[0.107s] -- Install configuration: ""
[0.108s] -- Execute custom install script
[0.109s] -- Up-to-date symlink: /home/duy/cocarry_ws/install/trac_ik/share/ament_index/resource_index/package_run_dependencies/trac_ik
[0.109s] -- Up-to-date symlink: /home/duy/cocarry_ws/install/trac_ik/share/ament_index/resource_index/parent_prefix_path/trac_ik
[0.109s] -- Up-to-date symlink: /home/duy/cocarry_ws/install/trac_ik/share/trac_ik/environment/ament_prefix_path.sh
[0.109s] -- Up-to-date symlink: /home/duy/cocarry_ws/install/trac_ik/share/trac_ik/environment/ament_prefix_path.dsv
[0.109s] -- Up-to-date symlink: /home/duy/cocarry_ws/install/trac_ik/share/trac_ik/environment/path.sh
[0.109s] -- Up-to-date symlink: /home/duy/cocarry_ws/install/trac_ik/share/trac_ik/environment/path.dsv
[0.110s] -- Up-to-date symlink: /home/duy/cocarry_ws/install/trac_ik/share/trac_ik/local_setup.bash
[0.110s] -- Up-to-date symlink: /home/duy/cocarry_ws/install/trac_ik/share/trac_ik/local_setup.sh
[0.111s] -- Up-to-date symlink: /home/duy/cocarry_ws/install/trac_ik/share/trac_ik/local_setup.zsh
[0.111s] -- Up-to-date symlink: /home/duy/cocarry_ws/install/trac_ik/share/trac_ik/local_setup.dsv
[0.111s] -- Symlinking: /home/duy/cocarry_ws/install/trac_ik/share/trac_ik/package.dsv
[0.121s] -- Up-to-date symlink: /home/duy/cocarry_ws/install/trac_ik/share/ament_index/resource_index/packages/trac_ik
[0.124s] -- Up-to-date symlink: /home/duy/cocarry_ws/install/trac_ik/share/trac_ik/cmake/trac_ikConfig.cmake
[0.125s] -- Up-to-date symlink: /home/duy/cocarry_ws/install/trac_ik/share/trac_ik/cmake/trac_ikConfig-version.cmake
[0.126s] -- Up-to-date symlink: /home/duy/cocarry_ws/install/trac_ik/share/trac_ik/package.xml
[0.151s] Invoked command in '/home/duy/cocarry_ws/build/trac_ik' returned '0': AMENT_PREFIX_PATH=/home/duy/cocarry_ws/install/trac_ik_kinematics:/home/duy/cocarry_ws/install/trac_ik_lib:${AMENT_PREFIX_PATH} CMAKE_PREFIX_PATH=/home/duy/cocarry_ws/install/trac_ik_kinematics:/home/duy/cocarry_ws/install/trac_ik_lib:/home/duy/kinectv2/install/libfreenect2:/home/duy/kinectv2/install/kinect2_bridge:/home/duy/kinectv2/install/kinect2_registration:/opt/ros/humble LD_LIBRARY_PATH=/home/duy/cocarry_ws/install/trac_ik_kinematics/lib:/home/duy/cocarry_ws/install/trac_ik_lib/lib:${LD_LIBRARY_PATH} /usr/bin/cmake --install /home/duy/cocarry_ws/build/trac_ik
