-- Found ament_cmake: 1.3.14 (/opt/ros/humble/share/ament_cmake/cmake)
-- Found Python3: /usr/bin/python3 (found version "3.10.12") found components: Interpreter 
-- Override CMake install command with custom implementation using symlinks instead of copying resources
-- Configuring done
-- Generating done
-- Build files have been written to: /home/duy/cocarry_ws/build/motoman_resources
-- Install configuration: ""
-- Execute custom install script
-- Symlinking: /home/duy/cocarry_ws/install/motoman_resources/share/ament_index/resource_index/package_run_dependencies/motoman_resources
-- Symlinking: /home/duy/cocarry_ws/install/motoman_resources/share/ament_index/resource_index/parent_prefix_path/motoman_resources
-- Symlinking: /home/duy/cocarry_ws/install/motoman_resources/share/motoman_resources/environment/ament_prefix_path.sh
-- Symlinking: /home/duy/cocarry_ws/install/motoman_resources/share/motoman_resources/environment/ament_prefix_path.dsv
-- Symlinking: /home/duy/cocarry_ws/install/motoman_resources/share/motoman_resources/environment/path.sh
-- Symlinking: /home/duy/cocarry_ws/install/motoman_resources/share/motoman_resources/environment/path.dsv
-- Symlinking: /home/duy/cocarry_ws/install/motoman_resources/share/motoman_resources/local_setup.bash
-- Symlinking: /home/duy/cocarry_ws/install/motoman_resources/share/motoman_resources/local_setup.sh
-- Symlinking: /home/duy/cocarry_ws/install/motoman_resources/share/motoman_resources/local_setup.zsh
-- Symlinking: /home/duy/cocarry_ws/install/motoman_resources/share/motoman_resources/local_setup.dsv
-- Symlinking: /home/duy/cocarry_ws/install/motoman_resources/share/motoman_resources/package.dsv
-- Symlinking: /home/duy/cocarry_ws/install/motoman_resources/share/ament_index/resource_index/packages/motoman_resources
-- Symlinking: /home/duy/cocarry_ws/install/motoman_resources/share/motoman_resources/cmake/motoman_resourcesConfig.cmake
-- Symlinking: /home/duy/cocarry_ws/install/motoman_resources/share/motoman_resources/cmake/motoman_resourcesConfig-version.cmake
-- Symlinking: /home/duy/cocarry_ws/install/motoman_resources/share/motoman_resources/package.xml
-- Symlinking: /home/duy/cocarry_ws/install/motoman_resources/share/motoman_resources/rviz/view_robot.rviz
-- Symlinking: /home/duy/cocarry_ws/install/motoman_resources/share/motoman_resources/urdf/common_colors.xacro
-- Symlinking: /home/duy/cocarry_ws/install/motoman_resources/share/motoman_resources/urdf/common_materials.xacro
