[0.017s] Invoking command in '/home/duy/cocarry_ws/build/motoman_resources': CMAKE_PREFIX_PATH=${CMAKE_PREFIX_PATH}:/opt/ros/humble /usr/bin/cmake /home/duy/cocarry_ws/src/motoman_ros2_support_packages/motoman_resources -DAMENT_CMAKE_SYMLINK_INSTALL=1 -DCMAKE_INSTALL_PREFIX=/home/duy/cocarry_ws/install/motoman_resources
[0.062s] -- Found ament_cmake: 1.3.14 (/opt/ros/humble/share/ament_cmake/cmake)
[0.239s] -- Found Python3: /usr/bin/python3 (found version "3.10.12") found components: Interpreter 
[0.314s] -- Override CMake install command with custom implementation using symlinks instead of copying resources
[0.426s] -- Configuring done
[0.428s] -- Generating done
[0.429s] -- Build files have been written to: /home/duy/cocarry_ws/build/motoman_resources
[0.432s] Invoked command in '/home/duy/cocarry_ws/build/motoman_resources' returned '0': CMAKE_PREFIX_PATH=${CMAKE_PREFIX_PATH}:/opt/ros/humble /usr/bin/cmake /home/duy/cocarry_ws/src/motoman_ros2_support_packages/motoman_resources -DAMENT_CMAKE_SYMLINK_INSTALL=1 -DCMAKE_INSTALL_PREFIX=/home/duy/cocarry_ws/install/motoman_resources
[0.434s] Invoking command in '/home/duy/cocarry_ws/build/motoman_resources': CMAKE_PREFIX_PATH=${CMAKE_PREFIX_PATH}:/opt/ros/humble /usr/bin/cmake --build /home/duy/cocarry_ws/build/motoman_resources -- -j16 -l16
[0.475s] Invoked command in '/home/duy/cocarry_ws/build/motoman_resources' returned '0': CMAKE_PREFIX_PATH=${CMAKE_PREFIX_PATH}:/opt/ros/humble /usr/bin/cmake --build /home/duy/cocarry_ws/build/motoman_resources -- -j16 -l16
[0.488s] Invoking command in '/home/duy/cocarry_ws/build/motoman_resources': CMAKE_PREFIX_PATH=${CMAKE_PREFIX_PATH}:/opt/ros/humble /usr/bin/cmake --install /home/duy/cocarry_ws/build/motoman_resources
[0.497s] -- Install configuration: ""
[0.498s] -- Execute custom install script
[0.499s] -- Symlinking: /home/duy/cocarry_ws/install/motoman_resources/share/ament_index/resource_index/package_run_dependencies/motoman_resources
[0.511s] -- Symlinking: /home/duy/cocarry_ws/install/motoman_resources/share/ament_index/resource_index/parent_prefix_path/motoman_resources
[0.519s] -- Symlinking: /home/duy/cocarry_ws/install/motoman_resources/share/motoman_resources/environment/ament_prefix_path.sh
[0.530s] -- Symlinking: /home/duy/cocarry_ws/install/motoman_resources/share/motoman_resources/environment/ament_prefix_path.dsv
[0.539s] -- Symlinking: /home/duy/cocarry_ws/install/motoman_resources/share/motoman_resources/environment/path.sh
[0.550s] -- Symlinking: /home/duy/cocarry_ws/install/motoman_resources/share/motoman_resources/environment/path.dsv
[0.561s] -- Symlinking: /home/duy/cocarry_ws/install/motoman_resources/share/motoman_resources/local_setup.bash
[0.573s] -- Symlinking: /home/duy/cocarry_ws/install/motoman_resources/share/motoman_resources/local_setup.sh
[0.582s] -- Symlinking: /home/duy/cocarry_ws/install/motoman_resources/share/motoman_resources/local_setup.zsh
[0.593s] -- Symlinking: /home/duy/cocarry_ws/install/motoman_resources/share/motoman_resources/local_setup.dsv
[0.604s] -- Symlinking: /home/duy/cocarry_ws/install/motoman_resources/share/motoman_resources/package.dsv
[0.614s] -- Symlinking: /home/duy/cocarry_ws/install/motoman_resources/share/ament_index/resource_index/packages/motoman_resources
[0.623s] -- Symlinking: /home/duy/cocarry_ws/install/motoman_resources/share/motoman_resources/cmake/motoman_resourcesConfig.cmake
[0.631s] -- Symlinking: /home/duy/cocarry_ws/install/motoman_resources/share/motoman_resources/cmake/motoman_resourcesConfig-version.cmake
[0.640s] -- Symlinking: /home/duy/cocarry_ws/install/motoman_resources/share/motoman_resources/package.xml
[0.650s] -- Symlinking: /home/duy/cocarry_ws/install/motoman_resources/share/motoman_resources/rviz/view_robot.rviz
[0.658s] -- Symlinking: /home/duy/cocarry_ws/install/motoman_resources/share/motoman_resources/urdf/common_colors.xacro
[0.666s] -- Symlinking: /home/duy/cocarry_ws/install/motoman_resources/share/motoman_resources/urdf/common_materials.xacro
[0.678s] Invoked command in '/home/duy/cocarry_ws/build/motoman_resources' returned '0': CMAKE_PREFIX_PATH=${CMAKE_PREFIX_PATH}:/opt/ros/humble /usr/bin/cmake --install /home/duy/cocarry_ws/build/motoman_resources
