running develop
Removing /home/duy/cocarry_ws/install/predictor_ui/lib/python3.10/site-packages/predictor-ui.egg-link (link to .)
running egg_info
writing ../../build/predictor_ui/predictor_ui.egg-info/PKG-INFO
writing dependency_links to ../../build/predictor_ui/predictor_ui.egg-info/dependency_links.txt
writing entry points to ../../build/predictor_ui/predictor_ui.egg-info/entry_points.txt
writing requirements to ../../build/predictor_ui/predictor_ui.egg-info/requires.txt
writing top-level names to ../../build/predictor_ui/predictor_ui.egg-info/top_level.txt
reading manifest file '../../build/predictor_ui/predictor_ui.egg-info/SOURCES.txt'
writing manifest file '../../build/predictor_ui/predictor_ui.egg-info/SOURCES.txt'
running build
running build_py
creating /home/duy/cocarry_ws/build/predictor_ui/build
creating /home/duy/cocarry_ws/build/predictor_ui/build/lib
creating /home/duy/cocarry_ws/build/predictor_ui/build/lib/predictor_ui
copying predictor_ui/ui_node.py -> /home/duy/cocarry_ws/build/predictor_ui/build/lib/predictor_ui
copying predictor_ui/__init__.py -> /home/duy/cocarry_ws/build/predictor_ui/build/lib/predictor_ui
running install
running install_lib
creating /home/duy/cocarry_ws/install/predictor_ui/lib/python3.10/site-packages/predictor_ui
copying /home/duy/cocarry_ws/build/predictor_ui/build/lib/predictor_ui/ui_node.py -> /home/duy/cocarry_ws/install/predictor_ui/lib/python3.10/site-packages/predictor_ui
copying /home/duy/cocarry_ws/build/predictor_ui/build/lib/predictor_ui/__init__.py -> /home/duy/cocarry_ws/install/predictor_ui/lib/python3.10/site-packages/predictor_ui
byte-compiling /home/duy/cocarry_ws/install/predictor_ui/lib/python3.10/site-packages/predictor_ui/ui_node.py to ui_node.cpython-310.pyc
byte-compiling /home/duy/cocarry_ws/install/predictor_ui/lib/python3.10/site-packages/predictor_ui/__init__.py to __init__.cpython-310.pyc
running install_data
copying resource/predictor_ui -> /home/duy/cocarry_ws/install/predictor_ui/share/ament_index/resource_index/packages
copying package.xml -> /home/duy/cocarry_ws/install/predictor_ui/share/predictor_ui
running install_egg_info
Copying ../../build/predictor_ui/predictor_ui.egg-info to /home/duy/cocarry_ws/install/predictor_ui/lib/python3.10/site-packages/predictor_ui-0.1.0-py3.10.egg-info
running install_scripts
Installing ui_node script to /home/duy/cocarry_ws/install/predictor_ui/lib/predictor_ui
writing list of installed files to '/home/duy/cocarry_ws/build/predictor_ui/install.log'
