[0.472s] Invoking command in '/home/duy/cocarry_ws/src/kinect_tracker': CMAKE_PREFIX_PATH=/home/duy/cocarry_ws/install/human_hand_msgs:${CMAKE_PREFIX_PATH} LD_LIBRARY_PATH=/home/duy/cocarry_ws/install/human_hand_msgs/lib:${LD_LIBRARY_PATH} PKG_CONFIG_PATH=/home/duy/cocarry_ws/install/human_hand_msgs/lib/x86_64-linux-gnu/pkgconfig:/home/duy/cocarry_ws/install/human_hand_msgs/lib/pkgconfig PYTHONPATH=/home/duy/cocarry_ws/build/kinect_tracker/prefix_override:/usr/lib/python3/dist-packages/colcon_core/task/python/colcon_distutils_commands:/home/duy/cocarry_ws/install/kinect_tracker/lib/python3.10/site-packages:/home/duy/cocarry_ws/install/human_hand_msgs/local/lib/python3.10/dist-packages:${PYTHONPATH} ROS_PACKAGE_PATH=/home/duy/cocarry_ws/install/human_hand_msgs/share /usr/bin/python3 -W ignore:setup.py install is deprecated -W ignore:easy_install command is deprecated setup.py egg_info --egg-base ../../build/kinect_tracker build --build-base /home/duy/cocarry_ws/build/kinect_tracker/build install --record /home/duy/cocarry_ws/build/kinect_tracker/install.log --single-version-externally-managed install_data
[0.647s] running egg_info
[0.648s] writing ../../build/kinect_tracker/kinect_tracker.egg-info/PKG-INFO
[0.648s] writing dependency_links to ../../build/kinect_tracker/kinect_tracker.egg-info/dependency_links.txt
[0.648s] writing entry points to ../../build/kinect_tracker/kinect_tracker.egg-info/entry_points.txt
[0.648s] writing requirements to ../../build/kinect_tracker/kinect_tracker.egg-info/requires.txt
[0.648s] writing top-level names to ../../build/kinect_tracker/kinect_tracker.egg-info/top_level.txt
[0.649s] reading manifest file '../../build/kinect_tracker/kinect_tracker.egg-info/SOURCES.txt'
[0.650s] writing manifest file '../../build/kinect_tracker/kinect_tracker.egg-info/SOURCES.txt'
[0.650s] running build
[0.650s] running build_py
[0.650s] copying kinect_tracker/kinect_node.py -> /home/duy/cocarry_ws/build/kinect_tracker/build/lib/kinect_tracker
[0.650s] running install
[0.650s] running install_lib
[0.651s] copying /home/duy/cocarry_ws/build/kinect_tracker/build/lib/kinect_tracker/kinect_node.py -> /home/duy/cocarry_ws/install/kinect_tracker/lib/python3.10/site-packages/kinect_tracker
[0.651s] byte-compiling /home/duy/cocarry_ws/install/kinect_tracker/lib/python3.10/site-packages/kinect_tracker/kinect_node.py to kinect_node.cpython-310.pyc
[0.653s] running install_data
[0.653s] running install_egg_info
[0.654s] removing '/home/duy/cocarry_ws/install/kinect_tracker/lib/python3.10/site-packages/kinect_tracker-0.0.0-py3.10.egg-info' (and everything under it)
[0.654s] Copying ../../build/kinect_tracker/kinect_tracker.egg-info to /home/duy/cocarry_ws/install/kinect_tracker/lib/python3.10/site-packages/kinect_tracker-0.0.0-py3.10.egg-info
[0.655s] running install_scripts
[0.669s] Installing kinect_node script to /home/duy/cocarry_ws/install/kinect_tracker/lib/kinect_tracker
[0.670s] writing list of installed files to '/home/duy/cocarry_ws/build/kinect_tracker/install.log'
[0.689s] Invoked command in '/home/duy/cocarry_ws/src/kinect_tracker' returned '0': CMAKE_PREFIX_PATH=/home/duy/cocarry_ws/install/human_hand_msgs:${CMAKE_PREFIX_PATH} LD_LIBRARY_PATH=/home/duy/cocarry_ws/install/human_hand_msgs/lib:${LD_LIBRARY_PATH} PKG_CONFIG_PATH=/home/duy/cocarry_ws/install/human_hand_msgs/lib/x86_64-linux-gnu/pkgconfig:/home/duy/cocarry_ws/install/human_hand_msgs/lib/pkgconfig PYTHONPATH=/home/duy/cocarry_ws/build/kinect_tracker/prefix_override:/usr/lib/python3/dist-packages/colcon_core/task/python/colcon_distutils_commands:/home/duy/cocarry_ws/install/kinect_tracker/lib/python3.10/site-packages:/home/duy/cocarry_ws/install/human_hand_msgs/local/lib/python3.10/dist-packages:${PYTHONPATH} ROS_PACKAGE_PATH=/home/duy/cocarry_ws/install/human_hand_msgs/share /usr/bin/python3 -W ignore:setup.py install is deprecated -W ignore:easy_install command is deprecated setup.py egg_info --egg-base ../../build/kinect_tracker build --build-base /home/duy/cocarry_ws/build/kinect_tracker/build install --record /home/duy/cocarry_ws/build/kinect_tracker/install.log --single-version-externally-managed install_data
