[0.010s] Invoking command in '/home/duy/cocarry_ws/build/trac_ik': AMENT_PREFIX_PATH=/home/duy/cocarry_ws/install/trac_ik_kinematics:/home/duy/cocarry_ws/install/trac_ik_lib:${AMENT_PREFIX_PATH} CMAKE_PREFIX_PATH=/home/duy/cocarry_ws/install/trac_ik_kinematics:/home/duy/cocarry_ws/install/trac_ik_lib:/home/duy/kinectv2/install/libfreenect2:/home/duy/kinectv2/install/kinect2_bridge:/home/duy/kinectv2/install/kinect2_registration:/opt/ros/humble LD_LIBRARY_PATH=/home/duy/cocarry_ws/install/trac_ik_kinematics/lib:/home/duy/cocarry_ws/install/trac_ik_lib/lib:${LD_LIBRARY_PATH} /usr/bin/cmake /home/duy/cocarry_ws/src/trac_ik/trac_ik -DAMENT_CMAKE_SYMLINK_INSTALL=1 -DCMAKE_INSTALL_PREFIX=/home/duy/cocarry_ws/install/trac_ik
[0.070s] -- The C compiler identification is GNU 11.4.0
[0.111s] -- The CXX compiler identification is GNU 11.4.0
[0.117s] -- Detecting C compiler ABI info
[0.176s] -- Detecting C compiler ABI info - done
[0.181s] -- Check for working C compiler: /usr/bin/cc - skipped
[0.181s] -- Detecting C compile features
[0.182s] -- Detecting C compile features - done
[0.184s] -- Detecting CXX compiler ABI info
[0.249s] -- Detecting CXX compiler ABI info - done
[0.255s] -- Check for working CXX compiler: /usr/bin/c++ - skipped
[0.256s] -- Detecting CXX compile features
[0.256s] -- Detecting CXX compile features - done
[0.259s] -- Found ament_cmake: 1.3.14 (/opt/ros/humble/share/ament_cmake/cmake)
[0.374s] -- Found Python3: /usr/bin/python3 (found version "3.10.12") found components: Interpreter 
[0.417s] -- Override CMake install command with custom implementation using symlinks instead of copying resources
[0.482s] -- Configuring done
[0.483s] -- Generating done
[0.484s] -- Build files have been written to: /home/duy/cocarry_ws/build/trac_ik
[0.488s] Invoked command in '/home/duy/cocarry_ws/build/trac_ik' returned '0': AMENT_PREFIX_PATH=/home/duy/cocarry_ws/install/trac_ik_kinematics:/home/duy/cocarry_ws/install/trac_ik_lib:${AMENT_PREFIX_PATH} CMAKE_PREFIX_PATH=/home/duy/cocarry_ws/install/trac_ik_kinematics:/home/duy/cocarry_ws/install/trac_ik_lib:/home/duy/kinectv2/install/libfreenect2:/home/duy/kinectv2/install/kinect2_bridge:/home/duy/kinectv2/install/kinect2_registration:/opt/ros/humble LD_LIBRARY_PATH=/home/duy/cocarry_ws/install/trac_ik_kinematics/lib:/home/duy/cocarry_ws/install/trac_ik_lib/lib:${LD_LIBRARY_PATH} /usr/bin/cmake /home/duy/cocarry_ws/src/trac_ik/trac_ik -DAMENT_CMAKE_SYMLINK_INSTALL=1 -DCMAKE_INSTALL_PREFIX=/home/duy/cocarry_ws/install/trac_ik
[0.488s] Invoking command in '/home/duy/cocarry_ws/build/trac_ik': AMENT_PREFIX_PATH=/home/duy/cocarry_ws/install/trac_ik_kinematics:/home/duy/cocarry_ws/install/trac_ik_lib:${AMENT_PREFIX_PATH} CMAKE_PREFIX_PATH=/home/duy/cocarry_ws/install/trac_ik_kinematics:/home/duy/cocarry_ws/install/trac_ik_lib:/home/duy/kinectv2/install/libfreenect2:/home/duy/kinectv2/install/kinect2_bridge:/home/duy/kinectv2/install/kinect2_registration:/opt/ros/humble LD_LIBRARY_PATH=/home/duy/cocarry_ws/install/trac_ik_kinematics/lib:/home/duy/cocarry_ws/install/trac_ik_lib/lib:${LD_LIBRARY_PATH} /usr/bin/cmake --build /home/duy/cocarry_ws/build/trac_ik -- -j16 -l16
[0.527s] Invoked command in '/home/duy/cocarry_ws/build/trac_ik' returned '0': AMENT_PREFIX_PATH=/home/duy/cocarry_ws/install/trac_ik_kinematics:/home/duy/cocarry_ws/install/trac_ik_lib:${AMENT_PREFIX_PATH} CMAKE_PREFIX_PATH=/home/duy/cocarry_ws/install/trac_ik_kinematics:/home/duy/cocarry_ws/install/trac_ik_lib:/home/duy/kinectv2/install/libfreenect2:/home/duy/kinectv2/install/kinect2_bridge:/home/duy/kinectv2/install/kinect2_registration:/opt/ros/humble LD_LIBRARY_PATH=/home/duy/cocarry_ws/install/trac_ik_kinematics/lib:/home/duy/cocarry_ws/install/trac_ik_lib/lib:${LD_LIBRARY_PATH} /usr/bin/cmake --build /home/duy/cocarry_ws/build/trac_ik -- -j16 -l16
[0.528s] Invoking command in '/home/duy/cocarry_ws/build/trac_ik': AMENT_PREFIX_PATH=/home/duy/cocarry_ws/install/trac_ik_kinematics:/home/duy/cocarry_ws/install/trac_ik_lib:${AMENT_PREFIX_PATH} CMAKE_PREFIX_PATH=/home/duy/cocarry_ws/install/trac_ik_kinematics:/home/duy/cocarry_ws/install/trac_ik_lib:/home/duy/kinectv2/install/libfreenect2:/home/duy/kinectv2/install/kinect2_bridge:/home/duy/kinectv2/install/kinect2_registration:/opt/ros/humble LD_LIBRARY_PATH=/home/duy/cocarry_ws/install/trac_ik_kinematics/lib:/home/duy/cocarry_ws/install/trac_ik_lib/lib:${LD_LIBRARY_PATH} /usr/bin/cmake --install /home/duy/cocarry_ws/build/trac_ik
[0.536s] -- Install configuration: ""
[0.536s] -- Execute custom install script
[0.536s] -- Symlinking: /home/duy/cocarry_ws/install/trac_ik/share/ament_index/resource_index/package_run_dependencies/trac_ik
[0.548s] -- Symlinking: /home/duy/cocarry_ws/install/trac_ik/share/ament_index/resource_index/parent_prefix_path/trac_ik
[0.555s] -- Symlinking: /home/duy/cocarry_ws/install/trac_ik/share/trac_ik/environment/ament_prefix_path.sh
[0.563s] -- Symlinking: /home/duy/cocarry_ws/install/trac_ik/share/trac_ik/environment/ament_prefix_path.dsv
[0.574s] -- Symlinking: /home/duy/cocarry_ws/install/trac_ik/share/trac_ik/environment/path.sh
[0.585s] -- Symlinking: /home/duy/cocarry_ws/install/trac_ik/share/trac_ik/environment/path.dsv
[0.595s] -- Symlinking: /home/duy/cocarry_ws/install/trac_ik/share/trac_ik/local_setup.bash
[0.605s] -- Symlinking: /home/duy/cocarry_ws/install/trac_ik/share/trac_ik/local_setup.sh
[0.614s] -- Symlinking: /home/duy/cocarry_ws/install/trac_ik/share/trac_ik/local_setup.zsh
[0.623s] -- Symlinking: /home/duy/cocarry_ws/install/trac_ik/share/trac_ik/local_setup.dsv
[0.631s] -- Symlinking: /home/duy/cocarry_ws/install/trac_ik/share/trac_ik/package.dsv
[0.642s] -- Symlinking: /home/duy/cocarry_ws/install/trac_ik/share/ament_index/resource_index/packages/trac_ik
[0.651s] -- Symlinking: /home/duy/cocarry_ws/install/trac_ik/share/trac_ik/cmake/trac_ikConfig.cmake
[0.659s] -- Symlinking: /home/duy/cocarry_ws/install/trac_ik/share/trac_ik/cmake/trac_ikConfig-version.cmake
[0.665s] -- Symlinking: /home/duy/cocarry_ws/install/trac_ik/share/trac_ik/package.xml
[0.672s] Invoked command in '/home/duy/cocarry_ws/build/trac_ik' returned '0': AMENT_PREFIX_PATH=/home/duy/cocarry_ws/install/trac_ik_kinematics:/home/duy/cocarry_ws/install/trac_ik_lib:${AMENT_PREFIX_PATH} CMAKE_PREFIX_PATH=/home/duy/cocarry_ws/install/trac_ik_kinematics:/home/duy/cocarry_ws/install/trac_ik_lib:/home/duy/kinectv2/install/libfreenect2:/home/duy/kinectv2/install/kinect2_bridge:/home/duy/kinectv2/install/kinect2_registration:/opt/ros/humble LD_LIBRARY_PATH=/home/duy/cocarry_ws/install/trac_ik_kinematics/lib:/home/duy/cocarry_ws/install/trac_ik_lib/lib:${LD_LIBRARY_PATH} /usr/bin/cmake --install /home/duy/cocarry_ws/build/trac_ik
