[0.450s] Invoking command in '/home/duy/cocarry_ws/build/trac_ik': AMENT_PREFIX_PATH=/home/duy/cocarry_ws/install/trac_ik_kinematics:/home/duy/cocarry_ws/install/trac_ik_lib:${AMENT_PREFIX_PATH} CMAKE_PREFIX_PATH=/home/duy/cocarry_ws/install/trac_ik_kinematics:/home/duy/cocarry_ws/install/trac_ik_lib:/opt/ros/humble LD_LIBRARY_PATH=/home/duy/cocarry_ws/install/trac_ik_kinematics/lib:/home/duy/cocarry_ws/install/trac_ik_lib/lib:${LD_LIBRARY_PATH} /usr/bin/cmake /home/duy/cocarry_ws/src/trac_ik/trac_ik -DAMENT_CMAKE_SYMLINK_INSTALL=1 -DCMAKE_INSTALL_PREFIX=/home/duy/cocarry_ws/install/trac_ik
[0.484s] -- Found ament_cmake: 1.3.14 (/opt/ros/humble/share/ament_cmake/cmake)
[0.928s] -- Override CMake install command with custom implementation using symlinks instead of copying resources
[1.046s] -- Configuring done
[1.046s] -- Generating done
[1.050s] -- Build files have been written to: /home/duy/cocarry_ws/build/trac_ik
[1.097s] Invoked command in '/home/duy/cocarry_ws/build/trac_ik' returned '0': AMENT_PREFIX_PATH=/home/duy/cocarry_ws/install/trac_ik_kinematics:/home/duy/cocarry_ws/install/trac_ik_lib:${AMENT_PREFIX_PATH} CMAKE_PREFIX_PATH=/home/duy/cocarry_ws/install/trac_ik_kinematics:/home/duy/cocarry_ws/install/trac_ik_lib:/opt/ros/humble LD_LIBRARY_PATH=/home/duy/cocarry_ws/install/trac_ik_kinematics/lib:/home/duy/cocarry_ws/install/trac_ik_lib/lib:${LD_LIBRARY_PATH} /usr/bin/cmake /home/duy/cocarry_ws/src/trac_ik/trac_ik -DAMENT_CMAKE_SYMLINK_INSTALL=1 -DCMAKE_INSTALL_PREFIX=/home/duy/cocarry_ws/install/trac_ik
[1.105s] Invoking command in '/home/duy/cocarry_ws/build/trac_ik': AMENT_PREFIX_PATH=/home/duy/cocarry_ws/install/trac_ik_kinematics:/home/duy/cocarry_ws/install/trac_ik_lib:${AMENT_PREFIX_PATH} CMAKE_PREFIX_PATH=/home/duy/cocarry_ws/install/trac_ik_kinematics:/home/duy/cocarry_ws/install/trac_ik_lib:/opt/ros/humble LD_LIBRARY_PATH=/home/duy/cocarry_ws/install/trac_ik_kinematics/lib:/home/duy/cocarry_ws/install/trac_ik_lib/lib:${LD_LIBRARY_PATH} /usr/bin/cmake --build /home/duy/cocarry_ws/build/trac_ik -- -j16 -l16
[1.306s] Invoked command in '/home/duy/cocarry_ws/build/trac_ik' returned '0': AMENT_PREFIX_PATH=/home/duy/cocarry_ws/install/trac_ik_kinematics:/home/duy/cocarry_ws/install/trac_ik_lib:${AMENT_PREFIX_PATH} CMAKE_PREFIX_PATH=/home/duy/cocarry_ws/install/trac_ik_kinematics:/home/duy/cocarry_ws/install/trac_ik_lib:/opt/ros/humble LD_LIBRARY_PATH=/home/duy/cocarry_ws/install/trac_ik_kinematics/lib:/home/duy/cocarry_ws/install/trac_ik_lib/lib:${LD_LIBRARY_PATH} /usr/bin/cmake --build /home/duy/cocarry_ws/build/trac_ik -- -j16 -l16
[1.308s] Invoking command in '/home/duy/cocarry_ws/build/trac_ik': AMENT_PREFIX_PATH=/home/duy/cocarry_ws/install/trac_ik_kinematics:/home/duy/cocarry_ws/install/trac_ik_lib:${AMENT_PREFIX_PATH} CMAKE_PREFIX_PATH=/home/duy/cocarry_ws/install/trac_ik_kinematics:/home/duy/cocarry_ws/install/trac_ik_lib:/opt/ros/humble LD_LIBRARY_PATH=/home/duy/cocarry_ws/install/trac_ik_kinematics/lib:/home/duy/cocarry_ws/install/trac_ik_lib/lib:${LD_LIBRARY_PATH} /usr/bin/cmake --install /home/duy/cocarry_ws/build/trac_ik
[1.337s] -- Install configuration: ""
[1.339s] -- Execute custom install script
[1.340s] -- Up-to-date symlink: /home/duy/cocarry_ws/install/trac_ik/share/ament_index/resource_index/package_run_dependencies/trac_ik
[1.340s] -- Up-to-date symlink: /home/duy/cocarry_ws/install/trac_ik/share/ament_index/resource_index/parent_prefix_path/trac_ik
[1.340s] -- Up-to-date symlink: /home/duy/cocarry_ws/install/trac_ik/share/trac_ik/environment/ament_prefix_path.sh
[1.340s] -- Up-to-date symlink: /home/duy/cocarry_ws/install/trac_ik/share/trac_ik/environment/ament_prefix_path.dsv
[1.340s] -- Up-to-date symlink: /home/duy/cocarry_ws/install/trac_ik/share/trac_ik/environment/path.sh
[1.343s] -- Up-to-date symlink: /home/duy/cocarry_ws/install/trac_ik/share/trac_ik/environment/path.dsv
[1.343s] -- Up-to-date symlink: /home/duy/cocarry_ws/install/trac_ik/share/trac_ik/local_setup.bash
[1.344s] -- Up-to-date symlink: /home/duy/cocarry_ws/install/trac_ik/share/trac_ik/local_setup.sh
[1.344s] -- Up-to-date symlink: /home/duy/cocarry_ws/install/trac_ik/share/trac_ik/local_setup.zsh
[1.344s] -- Up-to-date symlink: /home/duy/cocarry_ws/install/trac_ik/share/trac_ik/local_setup.dsv
[1.345s] -- Symlinking: /home/duy/cocarry_ws/install/trac_ik/share/trac_ik/package.dsv
[1.385s] -- Up-to-date symlink: /home/duy/cocarry_ws/install/trac_ik/share/ament_index/resource_index/packages/trac_ik
[1.386s] -- Up-to-date symlink: /home/duy/cocarry_ws/install/trac_ik/share/trac_ik/cmake/trac_ikConfig.cmake
[1.386s] -- Up-to-date symlink: /home/duy/cocarry_ws/install/trac_ik/share/trac_ik/cmake/trac_ikConfig-version.cmake
[1.386s] -- Up-to-date symlink: /home/duy/cocarry_ws/install/trac_ik/share/trac_ik/package.xml
[1.387s] Invoked command in '/home/duy/cocarry_ws/build/trac_ik' returned '0': AMENT_PREFIX_PATH=/home/duy/cocarry_ws/install/trac_ik_kinematics:/home/duy/cocarry_ws/install/trac_ik_lib:${AMENT_PREFIX_PATH} CMAKE_PREFIX_PATH=/home/duy/cocarry_ws/install/trac_ik_kinematics:/home/duy/cocarry_ws/install/trac_ik_lib:/opt/ros/humble LD_LIBRARY_PATH=/home/duy/cocarry_ws/install/trac_ik_kinematics/lib:/home/duy/cocarry_ws/install/trac_ik_lib/lib:${LD_LIBRARY_PATH} /usr/bin/cmake --install /home/duy/cocarry_ws/build/trac_ik
