[0.019s] Invoking command in '/home/duy/cocarry_ws/build/libfreenect2': /usr/bin/cmake --build /home/duy/cocarry_ws/build/libfreenect2 -- -j16 -l16
[0.089s] [  5%] Built target generate_resources_tool
[0.129s] [ 65%] Built target freenect2
[0.158s] [ 76%] Built target Protonect
[0.159s] [100%] Built target freenect2-openni2
[0.171s] Invoked command in '/home/duy/cocarry_ws/build/libfreenect2' returned '0': /usr/bin/cmake --build /home/duy/cocarry_ws/build/libfreenect2 -- -j16 -l16
[0.183s] Invoking command in '/home/duy/cocarry_ws/build/libfreenect2': /usr/bin/cmake --install /home/duy/cocarry_ws/build/libfreenect2
[0.189s] -- Install configuration: "RelWithDebInfo"
[0.190s] -- Up-to-date: /home/duy/cocarry_ws/install/libfreenect2/lib/libfreenect2.so.0.2.0
[0.190s] -- Up-to-date: /home/duy/cocarry_ws/install/libfreenect2/lib/libfreenect2.so.0.2
[0.190s] -- Up-to-date: /home/duy/cocarry_ws/install/libfreenect2/lib/libfreenect2.so
[0.190s] -- Up-to-date: /home/duy/cocarry_ws/install/libfreenect2/include/libfreenect2
[0.190s] -- Up-to-date: /home/duy/cocarry_ws/install/libfreenect2/include/libfreenect2/registration.h
[0.190s] -- Up-to-date: /home/duy/cocarry_ws/install/libfreenect2/include/libfreenect2/packet_pipeline.h
[0.190s] -- Up-to-date: /home/duy/cocarry_ws/install/libfreenect2/include/libfreenect2/libfreenect2.hpp
[0.190s] -- Up-to-date: /home/duy/cocarry_ws/install/libfreenect2/include/libfreenect2/frame_listener_impl.h
[0.190s] -- Up-to-date: /home/duy/cocarry_ws/install/libfreenect2/include/libfreenect2/led_settings.h
[0.190s] -- Up-to-date: /home/duy/cocarry_ws/install/libfreenect2/include/libfreenect2/frame_listener.hpp
[0.191s] -- Up-to-date: /home/duy/cocarry_ws/install/libfreenect2/include/libfreenect2/logger.h
[0.191s] -- Up-to-date: /home/duy/cocarry_ws/install/libfreenect2/include/libfreenect2/color_settings.h
[0.191s] -- Up-to-date: /home/duy/cocarry_ws/install/libfreenect2/include/libfreenect2
[0.191s] -- Up-to-date: /home/duy/cocarry_ws/install/libfreenect2/include/libfreenect2/config.h
[0.191s] -- Up-to-date: /home/duy/cocarry_ws/install/libfreenect2/include/libfreenect2/export.h
[0.191s] -- Up-to-date: /home/duy/cocarry_ws/install/libfreenect2/lib/cmake/freenect2/freenect2Config.cmake
[0.191s] -- Up-to-date: /home/duy/cocarry_ws/install/libfreenect2/lib/cmake/freenect2/freenect2ConfigVersion.cmake
[0.191s] -- Up-to-date: /home/duy/cocarry_ws/install/libfreenect2/lib/pkgconfig/freenect2.pc
[0.191s] -- Up-to-date: /home/duy/cocarry_ws/install/libfreenect2/lib/OpenNI2/Drivers/libfreenect2-openni2.so.0
[0.191s] -- Up-to-date: /home/duy/cocarry_ws/install/libfreenect2/lib/OpenNI2/Drivers/libfreenect2-openni2.so
[0.194s] Invoked command in '/home/duy/cocarry_ws/build/libfreenect2' returned '0': /usr/bin/cmake --install /home/duy/cocarry_ws/build/libfreenect2
