[0.133s] Invoking command in '/home/duy/cocarry_ws/build/motoros2_client_interface_dependencies': AMENT_PREFIX_PATH=/home/duy/cocarry_ws/install/motoros2_interfaces:/home/duy/cocarry_ws/install/industrial_msgs:${AMENT_PREFIX_PATH} CMAKE_PREFIX_PATH=/home/duy/cocarry_ws/install/motoros2_interfaces:/home/duy/cocarry_ws/install/industrial_msgs:/opt/ros/humble LD_LIBRARY_PATH=/home/duy/cocarry_ws/install/motoros2_interfaces/lib:/home/duy/cocarry_ws/install/industrial_msgs/lib:${LD_LIBRARY_PATH} PYTHONPATH=/home/duy/cocarry_ws/install/motoros2_interfaces/local/lib/python3.10/dist-packages:/home/duy/cocarry_ws/install/industrial_msgs/local/lib/python3.10/dist-packages:${PYTHONPATH} /usr/bin/cmake /home/duy/cocarry_ws/src/motoros2_client_interface_dependencies -DAMENT_CMAKE_SYMLINK_INSTALL=1 -DCMAKE_INSTALL_PREFIX=/home/duy/cocarry_ws/install/motoros2_client_interface_dependencies
[0.175s] -- Found ament_cmake: 1.3.14 (/opt/ros/humble/share/ament_cmake/cmake)
[0.676s] -- Override CMake install command with custom implementation using symlinks instead of copying resources
[0.933s] -- Configuring done
[0.941s] -- Generating done
[0.969s] -- Build files have been written to: /home/duy/cocarry_ws/build/motoros2_client_interface_dependencies
[0.969s] Invoked command in '/home/duy/cocarry_ws/build/motoros2_client_interface_dependencies' returned '0': AMENT_PREFIX_PATH=/home/duy/cocarry_ws/install/motoros2_interfaces:/home/duy/cocarry_ws/install/industrial_msgs:${AMENT_PREFIX_PATH} CMAKE_PREFIX_PATH=/home/duy/cocarry_ws/install/motoros2_interfaces:/home/duy/cocarry_ws/install/industrial_msgs:/opt/ros/humble LD_LIBRARY_PATH=/home/duy/cocarry_ws/install/motoros2_interfaces/lib:/home/duy/cocarry_ws/install/industrial_msgs/lib:${LD_LIBRARY_PATH} PYTHONPATH=/home/duy/cocarry_ws/install/motoros2_interfaces/local/lib/python3.10/dist-packages:/home/duy/cocarry_ws/install/industrial_msgs/local/lib/python3.10/dist-packages:${PYTHONPATH} /usr/bin/cmake /home/duy/cocarry_ws/src/motoros2_client_interface_dependencies -DAMENT_CMAKE_SYMLINK_INSTALL=1 -DCMAKE_INSTALL_PREFIX=/home/duy/cocarry_ws/install/motoros2_client_interface_dependencies
[0.971s] Invoking command in '/home/duy/cocarry_ws/build/motoros2_client_interface_dependencies': AMENT_PREFIX_PATH=/home/duy/cocarry_ws/install/motoros2_interfaces:/home/duy/cocarry_ws/install/industrial_msgs:${AMENT_PREFIX_PATH} CMAKE_PREFIX_PATH=/home/duy/cocarry_ws/install/motoros2_interfaces:/home/duy/cocarry_ws/install/industrial_msgs:/opt/ros/humble LD_LIBRARY_PATH=/home/duy/cocarry_ws/install/motoros2_interfaces/lib:/home/duy/cocarry_ws/install/industrial_msgs/lib:${LD_LIBRARY_PATH} PYTHONPATH=/home/duy/cocarry_ws/install/motoros2_interfaces/local/lib/python3.10/dist-packages:/home/duy/cocarry_ws/install/industrial_msgs/local/lib/python3.10/dist-packages:${PYTHONPATH} /usr/bin/cmake --build /home/duy/cocarry_ws/build/motoros2_client_interface_dependencies -- -j16 -l16
[1.155s] Invoked command in '/home/duy/cocarry_ws/build/motoros2_client_interface_dependencies' returned '0': AMENT_PREFIX_PATH=/home/duy/cocarry_ws/install/motoros2_interfaces:/home/duy/cocarry_ws/install/industrial_msgs:${AMENT_PREFIX_PATH} CMAKE_PREFIX_PATH=/home/duy/cocarry_ws/install/motoros2_interfaces:/home/duy/cocarry_ws/install/industrial_msgs:/opt/ros/humble LD_LIBRARY_PATH=/home/duy/cocarry_ws/install/motoros2_interfaces/lib:/home/duy/cocarry_ws/install/industrial_msgs/lib:${LD_LIBRARY_PATH} PYTHONPATH=/home/duy/cocarry_ws/install/motoros2_interfaces/local/lib/python3.10/dist-packages:/home/duy/cocarry_ws/install/industrial_msgs/local/lib/python3.10/dist-packages:${PYTHONPATH} /usr/bin/cmake --build /home/duy/cocarry_ws/build/motoros2_client_interface_dependencies -- -j16 -l16
[1.166s] Invoking command in '/home/duy/cocarry_ws/build/motoros2_client_interface_dependencies': AMENT_PREFIX_PATH=/home/duy/cocarry_ws/install/motoros2_interfaces:/home/duy/cocarry_ws/install/industrial_msgs:${AMENT_PREFIX_PATH} CMAKE_PREFIX_PATH=/home/duy/cocarry_ws/install/motoros2_interfaces:/home/duy/cocarry_ws/install/industrial_msgs:/opt/ros/humble LD_LIBRARY_PATH=/home/duy/cocarry_ws/install/motoros2_interfaces/lib:/home/duy/cocarry_ws/install/industrial_msgs/lib:${LD_LIBRARY_PATH} PYTHONPATH=/home/duy/cocarry_ws/install/motoros2_interfaces/local/lib/python3.10/dist-packages:/home/duy/cocarry_ws/install/industrial_msgs/local/lib/python3.10/dist-packages:${PYTHONPATH} /usr/bin/cmake --install /home/duy/cocarry_ws/build/motoros2_client_interface_dependencies
[1.216s] -- Install configuration: ""
[1.216s] -- Execute custom install script
[1.231s] -- Up-to-date symlink: /home/duy/cocarry_ws/install/motoros2_client_interface_dependencies/share/ament_index/resource_index/package_run_dependencies/motoros2_client_interface_dependencies
[1.231s] -- Up-to-date symlink: /home/duy/cocarry_ws/install/motoros2_client_interface_dependencies/share/ament_index/resource_index/parent_prefix_path/motoros2_client_interface_dependencies
[1.231s] -- Up-to-date symlink: /home/duy/cocarry_ws/install/motoros2_client_interface_dependencies/share/motoros2_client_interface_dependencies/environment/ament_prefix_path.sh
[1.231s] -- Up-to-date symlink: /home/duy/cocarry_ws/install/motoros2_client_interface_dependencies/share/motoros2_client_interface_dependencies/environment/ament_prefix_path.dsv
[1.231s] -- Up-to-date symlink: /home/duy/cocarry_ws/install/motoros2_client_interface_dependencies/share/motoros2_client_interface_dependencies/environment/path.sh
[1.232s] -- Up-to-date symlink: /home/duy/cocarry_ws/install/motoros2_client_interface_dependencies/share/motoros2_client_interface_dependencies/environment/path.dsv
[1.232s] -- Up-to-date symlink: /home/duy/cocarry_ws/install/motoros2_client_interface_dependencies/share/motoros2_client_interface_dependencies/local_setup.bash
[1.283s] -- Up-to-date symlink: /home/duy/cocarry_ws/install/motoros2_client_interface_dependencies/share/motoros2_client_interface_dependencies/local_setup.sh
[1.283s] -- Up-to-date symlink: /home/duy/cocarry_ws/install/motoros2_client_interface_dependencies/share/motoros2_client_interface_dependencies/local_setup.zsh
[1.286s] -- Up-to-date symlink: /home/duy/cocarry_ws/install/motoros2_client_interface_dependencies/share/motoros2_client_interface_dependencies/local_setup.dsv
[1.286s] -- Symlinking: /home/duy/cocarry_ws/install/motoros2_client_interface_dependencies/share/motoros2_client_interface_dependencies/package.dsv
[1.287s] -- Up-to-date symlink: /home/duy/cocarry_ws/install/motoros2_client_interface_dependencies/share/ament_index/resource_index/packages/motoros2_client_interface_dependencies
[1.287s] -- Up-to-date symlink: /home/duy/cocarry_ws/install/motoros2_client_interface_dependencies/share/motoros2_client_interface_dependencies/cmake/motoros2_client_interface_dependenciesConfig.cmake
[1.287s] -- Up-to-date symlink: /home/duy/cocarry_ws/install/motoros2_client_interface_dependencies/share/motoros2_client_interface_dependencies/cmake/motoros2_client_interface_dependenciesConfig-version.cmake
[1.287s] -- Up-to-date symlink: /home/duy/cocarry_ws/install/motoros2_client_interface_dependencies/share/motoros2_client_interface_dependencies/package.xml
[1.295s] Invoked command in '/home/duy/cocarry_ws/build/motoros2_client_interface_dependencies' returned '0': AMENT_PREFIX_PATH=/home/duy/cocarry_ws/install/motoros2_interfaces:/home/duy/cocarry_ws/install/industrial_msgs:${AMENT_PREFIX_PATH} CMAKE_PREFIX_PATH=/home/duy/cocarry_ws/install/motoros2_interfaces:/home/duy/cocarry_ws/install/industrial_msgs:/opt/ros/humble LD_LIBRARY_PATH=/home/duy/cocarry_ws/install/motoros2_interfaces/lib:/home/duy/cocarry_ws/install/industrial_msgs/lib:${LD_LIBRARY_PATH} PYTHONPATH=/home/duy/cocarry_ws/install/motoros2_interfaces/local/lib/python3.10/dist-packages:/home/duy/cocarry_ws/install/industrial_msgs/local/lib/python3.10/dist-packages:${PYTHONPATH} /usr/bin/cmake --install /home/duy/cocarry_ws/build/motoros2_client_interface_dependencies
