[0.000000] (-) TimerEvent: {}
[0.000245] (-) JobUnselected: {'identifier': 'experiment_logger'}
[0.000270] (-) JobUnselected: {'identifier': 'hc10dtp_bringup'}
[0.000395] (-) JobUnselected: {'identifier': 'hc10dtp_moveit_config'}
[0.000406] (-) JobUnselected: {'identifier': 'hc10dtp_simulation'}
[0.000416] (-) JobUnselected: {'identifier': 'hrc_bringup'}
[0.000426] (-) JobUnselected: {'identifier': 'human_hand_msgs'}
[0.000514] (-) JobUnselected: {'identifier': 'industrial_msgs'}
[0.000579] (-) JobUnselected: {'identifier': 'kinect2_bridge'}
[0.000591] (-) JobUnselected: {'identifier': 'kinect2_calibration'}
[0.000610] (-) JobUnselected: {'identifier': 'kinect2_registration'}
[0.000620] (-) JobUnselected: {'identifier': 'libfreenect2'}
[0.000752] (-) JobUnselected: {'identifier': 'motoman_gp4_support'}
[0.000791] (-) JobUnselected: {'identifier': 'motoman_hc10dtp_support'}
[0.000802] (-) JobUnselected: {'identifier': 'motoman_resources'}
[0.000814] (-) JobUnselected: {'identifier': 'motoros2_client_interface_dependencies'}
[0.000828] (-) JobUnselected: {'identifier': 'motoros2_interfaces'}
[0.000837] (-) JobUnselected: {'identifier': 'realsense_tracker'}
[0.000930] (-) JobUnselected: {'identifier': 'trac_ik'}
[0.000940] (-) JobUnselected: {'identifier': 'trac_ik_kinematics'}
[0.000957] (-) JobUnselected: {'identifier': 'trac_ik_lib'}
[0.000966] (-) JobUnselected: {'identifier': 'trajectory_predictor'}
[0.001064] (coord_transform) JobQueued: {'identifier': 'coord_transform', 'dependencies': OrderedDict([('human_hand_msgs', '/home/duy/cocarry_ws/install/human_hand_msgs')])}
[0.001109] (predictor_ui) JobQueued: {'identifier': 'predictor_ui', 'dependencies': OrderedDict([('human_hand_msgs', '/home/duy/cocarry_ws/install/human_hand_msgs')])}
[0.001181] (coord_transform) JobStarted: {'identifier': 'coord_transform'}
[0.005392] (predictor_ui) JobStarted: {'identifier': 'predictor_ui'}
[0.099766] (-) TimerEvent: {}
[0.200039] (-) TimerEvent: {}
[0.300252] (-) TimerEvent: {}
[0.400823] (-) TimerEvent: {}
[0.501373] (-) TimerEvent: {}
[0.601684] (-) TimerEvent: {}
[0.683506] (predictor_ui) Command: {'cmd': ['/usr/bin/python3', '-W', 'ignore:setup.py install is deprecated', '-W', 'ignore:easy_install command is deprecated', 'setup.py', 'egg_info', '--egg-base', '../../build/predictor_ui', 'build', '--build-base', '/home/duy/cocarry_ws/build/predictor_ui/build', 'install', '--record', '/home/duy/cocarry_ws/build/predictor_ui/install.log', '--single-version-externally-managed', 'install_data'], 'cwd': '/home/duy/cocarry_ws/src/predictor_ui', 'env': {'GJS_DEBUG_TOPICS': 'JS ERROR;JS LOG', 'LESSOPEN': '| /usr/bin/lesspipe %s', 'VSCODE_CWD': '/home/duy', 'USER': 'duy', 'LC_TIME': 'en_US.UTF-8', 'VSCODE_NLS_CONFIG': '{"userLocale":"en-us","osLocale":"en-us","resolvedLanguage":"en","defaultMessagesFile":"/usr/share/antigravity/resources/app/out/nls.messages.json","locale":"en-us","availableLanguages":{}}', 'XDG_SESSION_TYPE': 'wayland', 'ROS_PACKAGE_PATH': '/home/duy/cocarry_ws/install/human_hand_msgs/share', 'SHLVL': '1', 'LD_LIBRARY_PATH': '/home/duy/cocarry_ws/install/human_hand_msgs/lib:/usr/local/lib/nuitrack:/usr/lib/x86_64-linux-gnu/gazebo-11/plugins:/opt/ros/humble/opt/rviz_ogre_vendor/lib:/opt/ros/humble/lib/x86_64-linux-gnu:/opt/ros/humble/lib:/usr/local/lib/nuitrack:/usr/local/lib/nuitrack', 'HOME': '/home/duy', 'CHROME_DESKTOP': 'antigravity.desktop', 'DESKTOP_SESSION': 'ubuntu', 'VSCODE_IPC_HOOK': '/run/user/1000/vscode-d3248cd9-1.10-main.sock', 'GIO_LAUNCHED_DESKTOP_FILE': '/usr/share/applications/antigravity.desktop', 'ROS_PYTHON_VERSION': '3', 'GNOME_SHELL_SESSION_MODE': 'ubuntu', 'GTK_MODULES': 'gail:atk-bridge', 'PAGER': 'cat', 'LC_MONETARY': 'en_US.UTF-8', 'MANAGERPID': '1184', 'SYSTEMD_EXEC_PID': '1309', 'IM_CONFIG_CHECK_ENV': '1', 'DBUS_SESSION_BUS_ADDRESS': 'unix:path=/run/user/1000/bus', 'ANTIGRAVITY_AGENT': '1', 'GIO_LAUNCHED_DESKTOP_FILE_PID': '13986', 'IM_CONFIG_PHASE': '1', 'WAYLAND_DISPLAY': 'wayland-0', 'ROS_DISTRO': 'humble', 'GTK_IM_MODULE': 'ibus', 'LOGNAME': 'duy', '_': '/usr/bin/colcon', 'JOURNAL_STREAM': '8:13596', 'ROS_VERSION': '2', 'XDG_SESSION_CLASS': 'user', 'PKG_CONFIG_PATH': '/home/duy/cocarry_ws/install/human_hand_msgs/lib/x86_64-linux-gnu/pkgconfig:/home/duy/cocarry_ws/install/human_hand_msgs/lib/pkgconfig', 'USERNAME': 'duy', 'TERM': 'dumb', 'GNOME_DESKTOP_SESSION_ID': 'this-is-deprecated', 'FC_FONTATIONS': '1', 'ROS_LOCALHOST_ONLY': '0', 'ANTIGRAVITY_EDITOR_APP_ROOT': '/usr/share/antigravity/resources/app', 'PATH': '/home/duy/.local/bin:/opt/ros/humble/bin:/home/duy/.local/bin:/usr/local/sbin:/usr/local/bin:/usr/sbin:/usr/bin:/sbin:/bin:/usr/games:/usr/local/games:/snap/bin:/snap/bin:/home/duy/libfreenect2/build/bin', 'SESSION_MANAGER': 'local/duy-Vivobook-ASUSLaptop-X1503ZA-A1503ZA:@/tmp/.ICE-unix/1280,unix/duy-Vivobook-ASUSLaptop-X1503ZA-A1503ZA:/tmp/.ICE-unix/1280', 'INVOCATION_ID': '9a7e4bcf16364941b3fad9ee0c9214bb', 'PAPERSIZE': 'letter', 'XDG_MENU_PREFIX': 'gnome-', 'LC_ADDRESS': 'en_US.UTF-8', 'GNOME_SETUP_DISPLAY': ':1', 'XDG_RUNTIME_DIR': '/run/user/1000', 'GDK_BACKEND': 'wayland', 'DISPLAY': ':0', 'LANG': 'en_US.UTF-8', 'XDG_CURRENT_DESKTOP': 'ubuntu:GNOME', 'LC_TELEPHONE': 'en_US.UTF-8', 'RMW_IMPLEMENTATION': 'rmw_fastrtps_cpp', 'XMODIFIERS': '@im=ibus', 'XDG_SESSION_DESKTOP': 'ubuntu', 'XAUTHORITY': '/run/user/1000/.mutter-Xwaylandauth.4HG5N3', 'LS_COLORS': '', 'SSH_AGENT_LAUNCHER': 'gnome-keyring', 'SSH_AUTH_SOCK': '/run/user/1000/keyring/ssh', 'ROS_DOMAIN_ID': '0', 'AMENT_PREFIX_PATH': '/opt/ros/humble', 'NUITRACK_HOME': '/usr/etc/nuitrack', 'SHELL': '/bin/bash', 'LC_NAME': 'en_US.UTF-8', 'QT_ACCESSIBILITY': '1', 'GDMSESSION': 'ubuntu', 'LESSCLOSE': '/usr/bin/lesspipe %s %s', 'LC_MEASUREMENT': 'en_US.UTF-8', 'GJS_DEBUG_OUTPUT': 'stderr', 'LC_IDENTIFICATION': 'en_US.UTF-8', 'QT_IM_MODULE': 'ibus', 'ANTIGRAVITY_TRAJECTORY_ID': '66a6bbee-2aa0-47bb-a87f-901d0ffdacc9', 'PWD': '/home/duy/cocarry_ws/build/predictor_ui', 'LC_ALL': 'en_US.UTF-8', 'XDG_CONFIG_DIRS': '/etc/xdg/xdg-ubuntu:/etc/xdg', 'VSCODE_CODE_CACHE_PATH': '/home/duy/.config/Antigravity/CachedData/15487b3041e65228cae24980a3f796c905ef582c', 'XDG_DATA_DIRS': '/usr/share/ubuntu:/usr/local/share/:/usr/share/:/var/lib/snapd/desktop', 'PYTHONPATH': '/home/duy/cocarry_ws/build/predictor_ui/prefix_override:/usr/lib/python3/dist-packages/colcon_core/task/python/colcon_distutils_commands:/home/duy/cocarry_ws/install/predictor_ui/lib/python3.10/site-packages:/home/duy/cocarry_ws/install/human_hand_msgs/local/lib/python3.10/dist-packages:/opt/ros/humble/lib/python3.10/site-packages:/opt/ros/humble/local/lib/python3.10/dist-packages', 'LC_NUMERIC': 'en_US.UTF-8', 'LC_PAPER': 'en_US.UTF-8', 'COLCON': '1', 'VSCODE_PID': '13986', 'CMAKE_PREFIX_PATH': '/home/duy/cocarry_ws/install/human_hand_msgs'}, 'shell': False}
[0.686282] (coord_transform) Command: {'cmd': ['/usr/bin/python3', '-W', 'ignore:setup.py install is deprecated', '-W', 'ignore:easy_install command is deprecated', 'setup.py', 'egg_info', '--egg-base', '../../build/coord_transform', 'build', '--build-base', '/home/duy/cocarry_ws/build/coord_transform/build', 'install', '--record', '/home/duy/cocarry_ws/build/coord_transform/install.log', '--single-version-externally-managed', 'install_data'], 'cwd': '/home/duy/cocarry_ws/src/coord_transform', 'env': {'GJS_DEBUG_TOPICS': 'JS ERROR;JS LOG', 'LESSOPEN': '| /usr/bin/lesspipe %s', 'VSCODE_CWD': '/home/duy', 'USER': 'duy', 'LC_TIME': 'en_US.UTF-8', 'VSCODE_NLS_CONFIG': '{"userLocale":"en-us","osLocale":"en-us","resolvedLanguage":"en","defaultMessagesFile":"/usr/share/antigravity/resources/app/out/nls.messages.json","locale":"en-us","availableLanguages":{}}', 'XDG_SESSION_TYPE': 'wayland', 'ROS_PACKAGE_PATH': '/home/duy/cocarry_ws/install/human_hand_msgs/share', 'SHLVL': '1', 'LD_LIBRARY_PATH': '/home/duy/cocarry_ws/install/human_hand_msgs/lib:/usr/local/lib/nuitrack:/usr/lib/x86_64-linux-gnu/gazebo-11/plugins:/opt/ros/humble/opt/rviz_ogre_vendor/lib:/opt/ros/humble/lib/x86_64-linux-gnu:/opt/ros/humble/lib:/usr/local/lib/nuitrack:/usr/local/lib/nuitrack', 'HOME': '/home/duy', 'CHROME_DESKTOP': 'antigravity.desktop', 'DESKTOP_SESSION': 'ubuntu', 'VSCODE_IPC_HOOK': '/run/user/1000/vscode-d3248cd9-1.10-main.sock', 'GIO_LAUNCHED_DESKTOP_FILE': '/usr/share/applications/antigravity.desktop', 'ROS_PYTHON_VERSION': '3', 'GNOME_SHELL_SESSION_MODE': 'ubuntu', 'GTK_MODULES': 'gail:atk-bridge', 'PAGER': 'cat', 'LC_MONETARY': 'en_US.UTF-8', 'MANAGERPID': '1184', 'SYSTEMD_EXEC_PID': '1309', 'IM_CONFIG_CHECK_ENV': '1', 'DBUS_SESSION_BUS_ADDRESS': 'unix:path=/run/user/1000/bus', 'ANTIGRAVITY_AGENT': '1', 'GIO_LAUNCHED_DESKTOP_FILE_PID': '13986', 'IM_CONFIG_PHASE': '1', 'WAYLAND_DISPLAY': 'wayland-0', 'ROS_DISTRO': 'humble', 'GTK_IM_MODULE': 'ibus', 'LOGNAME': 'duy', '_': '/usr/bin/colcon', 'JOURNAL_STREAM': '8:13596', 'ROS_VERSION': '2', 'XDG_SESSION_CLASS': 'user', 'PKG_CONFIG_PATH': '/home/duy/cocarry_ws/install/human_hand_msgs/lib/x86_64-linux-gnu/pkgconfig:/home/duy/cocarry_ws/install/human_hand_msgs/lib/pkgconfig', 'USERNAME': 'duy', 'TERM': 'dumb', 'GNOME_DESKTOP_SESSION_ID': 'this-is-deprecated', 'FC_FONTATIONS': '1', 'ROS_LOCALHOST_ONLY': '0', 'ANTIGRAVITY_EDITOR_APP_ROOT': '/usr/share/antigravity/resources/app', 'PATH': '/home/duy/.local/bin:/opt/ros/humble/bin:/home/duy/.local/bin:/usr/local/sbin:/usr/local/bin:/usr/sbin:/usr/bin:/sbin:/bin:/usr/games:/usr/local/games:/snap/bin:/snap/bin:/home/duy/libfreenect2/build/bin', 'SESSION_MANAGER': 'local/duy-Vivobook-ASUSLaptop-X1503ZA-A1503ZA:@/tmp/.ICE-unix/1280,unix/duy-Vivobook-ASUSLaptop-X1503ZA-A1503ZA:/tmp/.ICE-unix/1280', 'INVOCATION_ID': '9a7e4bcf16364941b3fad9ee0c9214bb', 'PAPERSIZE': 'letter', 'XDG_MENU_PREFIX': 'gnome-', 'LC_ADDRESS': 'en_US.UTF-8', 'GNOME_SETUP_DISPLAY': ':1', 'XDG_RUNTIME_DIR': '/run/user/1000', 'GDK_BACKEND': 'wayland', 'DISPLAY': ':0', 'LANG': 'en_US.UTF-8', 'XDG_CURRENT_DESKTOP': 'ubuntu:GNOME', 'LC_TELEPHONE': 'en_US.UTF-8', 'RMW_IMPLEMENTATION': 'rmw_fastrtps_cpp', 'XMODIFIERS': '@im=ibus', 'XDG_SESSION_DESKTOP': 'ubuntu', 'XAUTHORITY': '/run/user/1000/.mutter-Xwaylandauth.4HG5N3', 'LS_COLORS': '', 'SSH_AGENT_LAUNCHER': 'gnome-keyring', 'SSH_AUTH_SOCK': '/run/user/1000/keyring/ssh', 'ROS_DOMAIN_ID': '0', 'AMENT_PREFIX_PATH': '/opt/ros/humble', 'NUITRACK_HOME': '/usr/etc/nuitrack', 'SHELL': '/bin/bash', 'LC_NAME': 'en_US.UTF-8', 'QT_ACCESSIBILITY': '1', 'GDMSESSION': 'ubuntu', 'LESSCLOSE': '/usr/bin/lesspipe %s %s', 'LC_MEASUREMENT': 'en_US.UTF-8', 'GJS_DEBUG_OUTPUT': 'stderr', 'LC_IDENTIFICATION': 'en_US.UTF-8', 'QT_IM_MODULE': 'ibus', 'ANTIGRAVITY_TRAJECTORY_ID': '66a6bbee-2aa0-47bb-a87f-901d0ffdacc9', 'PWD': '/home/duy/cocarry_ws/build/coord_transform', 'LC_ALL': 'en_US.UTF-8', 'XDG_CONFIG_DIRS': '/etc/xdg/xdg-ubuntu:/etc/xdg', 'VSCODE_CODE_CACHE_PATH': '/home/duy/.config/Antigravity/CachedData/15487b3041e65228cae24980a3f796c905ef582c', 'XDG_DATA_DIRS': '/usr/share/ubuntu:/usr/local/share/:/usr/share/:/var/lib/snapd/desktop', 'PYTHONPATH': '/home/duy/cocarry_ws/build/coord_transform/prefix_override:/usr/lib/python3/dist-packages/colcon_core/task/python/colcon_distutils_commands:/home/duy/cocarry_ws/install/coord_transform/lib/python3.10/site-packages:/home/duy/cocarry_ws/install/human_hand_msgs/local/lib/python3.10/dist-packages:/opt/ros/humble/lib/python3.10/site-packages:/opt/ros/humble/local/lib/python3.10/dist-packages', 'LC_NUMERIC': 'en_US.UTF-8', 'LC_PAPER': 'en_US.UTF-8', 'COLCON': '1', 'VSCODE_PID': '13986', 'CMAKE_PREFIX_PATH': '/home/duy/cocarry_ws/install/human_hand_msgs'}, 'shell': False}
[0.701794] (-) TimerEvent: {}
[0.802115] (-) TimerEvent: {}
[0.854568] (coord_transform) StdoutLine: {'line': b'running egg_info\n'}
[0.854828] (predictor_ui) StdoutLine: {'line': b'running egg_info\n'}
[0.855066] (coord_transform) StdoutLine: {'line': b'writing ../../build/coord_transform/coord_transform.egg-info/PKG-INFO\n'}
[0.855372] (coord_transform) StdoutLine: {'line': b'writing dependency_links to ../../build/coord_transform/coord_transform.egg-info/dependency_links.txt\n'}
[0.855599] (coord_transform) StdoutLine: {'line': b'writing entry points to ../../build/coord_transform/coord_transform.egg-info/entry_points.txt\n'}
[0.855715] (coord_transform) StdoutLine: {'line': b'writing requirements to ../../build/coord_transform/coord_transform.egg-info/requires.txt\n'}
[0.855826] (coord_transform) StdoutLine: {'line': b'writing top-level names to ../../build/coord_transform/coord_transform.egg-info/top_level.txt\n'}
[0.855920] (predictor_ui) StdoutLine: {'line': b'writing ../../build/predictor_ui/predictor_ui.egg-info/PKG-INFO\n'}
[0.856021] (predictor_ui) StdoutLine: {'line': b'writing dependency_links to ../../build/predictor_ui/predictor_ui.egg-info/dependency_links.txt\n'}
[0.856122] (predictor_ui) StdoutLine: {'line': b'writing entry points to ../../build/predictor_ui/predictor_ui.egg-info/entry_points.txt\n'}
[0.856227] (predictor_ui) StdoutLine: {'line': b'writing requirements to ../../build/predictor_ui/predictor_ui.egg-info/requires.txt\n'}
[0.856398] (predictor_ui) StdoutLine: {'line': b'writing top-level names to ../../build/predictor_ui/predictor_ui.egg-info/top_level.txt\n'}
[0.856639] (coord_transform) StdoutLine: {'line': b"reading manifest file '../../build/coord_transform/coord_transform.egg-info/SOURCES.txt'\n"}
[0.856762] (predictor_ui) StdoutLine: {'line': b"reading manifest file '../../build/predictor_ui/predictor_ui.egg-info/SOURCES.txt'\n"}
[0.856877] (coord_transform) StdoutLine: {'line': b"writing manifest file '../../build/coord_transform/coord_transform.egg-info/SOURCES.txt'\n"}
[0.857040] (coord_transform) StdoutLine: {'line': b'running build\n'}
[0.857144] (coord_transform) StdoutLine: {'line': b'running build_py\n'}
[0.857258] (predictor_ui) StdoutLine: {'line': b"writing manifest file '../../build/predictor_ui/predictor_ui.egg-info/SOURCES.txt'\n"}
[0.857360] (predictor_ui) StdoutLine: {'line': b'running build\n'}
[0.857459] (predictor_ui) StdoutLine: {'line': b'running build_py\n'}
[0.857539] (coord_transform) StdoutLine: {'line': b'running install\n'}
[0.857618] (predictor_ui) StdoutLine: {'line': b'running install\n'}
[0.857697] (coord_transform) StdoutLine: {'line': b'running install_lib\n'}
[0.857775] (predictor_ui) StdoutLine: {'line': b'running install_lib\n'}
[0.858139] (coord_transform) StdoutLine: {'line': b'running install_data\n'}
[0.858250] (predictor_ui) StdoutLine: {'line': b'running install_data\n'}
[0.858367] (predictor_ui) StdoutLine: {'line': b'running install_egg_info\n'}
[0.858447] (coord_transform) StdoutLine: {'line': b'running install_egg_info\n'}
[0.859575] (coord_transform) StdoutLine: {'line': b"removing '/home/duy/cocarry_ws/install/coord_transform/lib/python3.10/site-packages/coord_transform-0.1.0-py3.10.egg-info' (and everything under it)\n"}
[0.859742] (predictor_ui) StdoutLine: {'line': b"removing '/home/duy/cocarry_ws/install/predictor_ui/lib/python3.10/site-packages/predictor_ui-0.1.0-py3.10.egg-info' (and everything under it)\n"}
[0.859925] (predictor_ui) StdoutLine: {'line': b'Copying ../../build/predictor_ui/predictor_ui.egg-info to /home/duy/cocarry_ws/install/predictor_ui/lib/python3.10/site-packages/predictor_ui-0.1.0-py3.10.egg-info\n'}
[0.860075] (coord_transform) StdoutLine: {'line': b'Copying ../../build/coord_transform/coord_transform.egg-info to /home/duy/cocarry_ws/install/coord_transform/lib/python3.10/site-packages/coord_transform-0.1.0-py3.10.egg-info\n'}
[0.860293] (predictor_ui) StdoutLine: {'line': b'running install_scripts\n'}
[0.860429] (coord_transform) StdoutLine: {'line': b'running install_scripts\n'}
[0.876836] (coord_transform) StdoutLine: {'line': b'Installing transform_node script to /home/duy/cocarry_ws/install/coord_transform/lib/coord_transform\n'}
[0.877251] (predictor_ui) StdoutLine: {'line': b'Installing ui_node script to /home/duy/cocarry_ws/install/predictor_ui/lib/predictor_ui\n'}
[0.877366] (predictor_ui) StdoutLine: {'line': b"writing list of installed files to '/home/duy/cocarry_ws/build/predictor_ui/install.log'\n"}
[0.877456] (coord_transform) StdoutLine: {'line': b"writing list of installed files to '/home/duy/cocarry_ws/build/coord_transform/install.log'\n"}
[0.900195] (predictor_ui) CommandEnded: {'returncode': 0}
[0.902233] (-) TimerEvent: {}
[0.907067] (predictor_ui) JobEnded: {'identifier': 'predictor_ui', 'rc': 0}
[0.907971] (coord_transform) CommandEnded: {'returncode': 0}
[0.912073] (coord_transform) JobEnded: {'identifier': 'coord_transform', 'rc': 0}
[0.912717] (-) EventReactorShutdown: {}
