[0.006s] Invoking command in '/home/duy/cocarry_ws/build/kinect2_registration': CMAKE_PREFIX_PATH=${CMAKE_PREFIX_PATH}:/opt/ros/humble /usr/bin/cmake /home/duy/cocarry_ws/src/kinect2_ros2/kinect2_registration -Dfreenect2_DIR=/home/duy/cocarry_ws/libfreenect2/build -DCMAKE_INSTALL_PREFIX=/home/duy/cocarry_ws/install/kinect2_registration
[0.052s] -- The C compiler identification is GNU 11.4.0
[0.092s] -- The CXX compiler identification is GNU 11.4.0
[0.096s] -- Detecting C compiler ABI info
[0.152s] -- Detecting C compiler ABI info - done
[0.160s] -- Check for working C compiler: /usr/bin/cc - skipped
[0.160s] -- Detecting C compile features
[0.160s] -- Detecting C compile features - done
[0.164s] -- Detecting CXX compiler ABI info
[0.228s] -- Detecting CXX compiler ABI info - done
[0.233s] -- Check for working CXX compiler: /usr/bin/c++ - skipped
[0.233s] -- Detecting CXX compile features
[0.233s] -- Detecting CXX compile features - done
[0.234s] -- Found ament_cmake: 1.3.14 (/opt/ros/humble/share/ament_cmake/cmake)
[0.347s] -- Found Python3: /usr/bin/python3 (found version "3.10.12") found components: Interpreter 
[0.420s] -- Found rclcpp: 16.0.19 (/opt/ros/humble/share/rclcpp/cmake)
[0.452s] -- Found rosidl_generator_c: 3.1.8 (/opt/ros/humble/share/rosidl_generator_c/cmake)
[0.455s] -- Found rosidl_adapter: 3.1.8 (/opt/ros/humble/share/rosidl_adapter/cmake)
[0.461s] -- Found rosidl_generator_cpp: 3.1.8 (/opt/ros/humble/share/rosidl_generator_cpp/cmake)
[0.468s] -- Using all available rosidl_typesupport_c: rosidl_typesupport_fastrtps_c;rosidl_typesupport_introspection_c
[0.478s] -- Using all available rosidl_typesupport_cpp: rosidl_typesupport_fastrtps_cpp;rosidl_typesupport_introspection_cpp
[0.506s] -- Found rmw_implementation_cmake: 6.1.2 (/opt/ros/humble/share/rmw_implementation_cmake/cmake)
[0.508s] -- Found rmw_fastrtps_cpp: 6.2.10 (/opt/ros/humble/share/rmw_fastrtps_cpp/cmake)
[0.583s] -- Found OpenSSL: /usr/lib/x86_64-linux-gnu/libcrypto.so (found version "3.0.2")  
[0.604s] -- Found FastRTPS: /opt/ros/humble/include  
[0.641s] -- Using RMW implementation 'rmw_fastrtps_cpp' as default
[0.646s] -- Looking for pthread.h
[0.706s] -- Looking for pthread.h - found
[0.706s] -- Performing Test CMAKE_HAVE_LIBC_PTHREAD
[0.771s] -- Performing Test CMAKE_HAVE_LIBC_PTHREAD - Success
[0.772s] -- Found Threads: TRUE  
[0.811s] -- Found OpenCV: /usr (found version "4.5.4") 
[0.812s] -- Found eigen3_cmake_module: 0.1.1 (/opt/ros/humble/share/eigen3_cmake_module/cmake)
[0.817s] -- Found Eigen3: TRUE (found version "3.4.0") 
[1.024s] -- Found OpenMP_C: -fopenmp (found version "4.5") 
[1.091s] -- Found OpenMP_CXX: -fopenmp (found version "4.5") 
[1.091s] -- Found OpenMP: TRUE (found version "4.5")  
[1.092s] -- CPU based depth registration enabled
[1.095s] -- Found ament_lint_auto: 0.12.15 (/opt/ros/humble/share/ament_lint_auto/cmake)
[1.154s] -- Added test 'cppcheck' to perform static code analysis on C / C++ code
[1.154s] -- Configured cppcheck include dirs: /home/duy/cocarry_ws/src/kinect2_ros2/kinect2_registration/src/;/home/duy/cocarry_ws/src/kinect2_ros2/kinect2_registration/include/internal;/home/duy/cocarry_ws/src/kinect2_ros2/kinect2_registration/include/
[1.154s] -- Configured cppcheck exclude dirs and/or files: 
[1.155s] -- Added test 'lint_cmake' to check CMake code style
[1.156s] -- Added test 'uncrustify' to check C / C++ code style
[1.156s] -- Configured uncrustify additional arguments: 
[1.156s] -- Added test 'xmllint' to check XML markup files
[1.157s] -- Configuring done
[1.165s] -- Generating done
[1.166s] CMake Warning:
[1.166s]   Manually-specified variables were not used by the project:
[1.166s] 
[1.166s]     freenect2_DIR
[1.166s] 
[1.166s] 
[1.168s] -- Build files have been written to: /home/duy/cocarry_ws/build/kinect2_registration
[1.177s] Invoked command in '/home/duy/cocarry_ws/build/kinect2_registration' returned '0': CMAKE_PREFIX_PATH=${CMAKE_PREFIX_PATH}:/opt/ros/humble /usr/bin/cmake /home/duy/cocarry_ws/src/kinect2_ros2/kinect2_registration -Dfreenect2_DIR=/home/duy/cocarry_ws/libfreenect2/build -DCMAKE_INSTALL_PREFIX=/home/duy/cocarry_ws/install/kinect2_registration
[1.179s] Invoking command in '/home/duy/cocarry_ws/build/kinect2_registration': CMAKE_PREFIX_PATH=${CMAKE_PREFIX_PATH}:/opt/ros/humble /usr/bin/cmake --build /home/duy/cocarry_ws/build/kinect2_registration -- -j16 -l16
[1.224s] [ 66%] [32mBuilding CXX object CMakeFiles/kinect2_registration.dir/src/kinect2_registration.cpp.o[0m
[1.224s] [ 66%] [32mBuilding CXX object CMakeFiles/kinect2_registration.dir/src/depth_registration_cpu.cpp.o[0m
[1.479s] /home/duy/cocarry_ws/src/kinect2_ros2/kinect2_registration/src/depth_registration_cpu.cpp:119: warning: ignoring ‘#pragma omp parallel’ [-Wunknown-pragmas]
[1.479s]   119 | #pragma omp parallel for
[1.479s]       | 
[1.479s] /home/duy/cocarry_ws/src/kinect2_ros2/kinect2_registration/src/depth_registration_cpu.cpp:136: warning: ignoring ‘#pragma omp parallel’ [-Wunknown-pragmas]
[1.479s]   136 | #pragma omp parallel for
[1.479s]       | 
[3.236s] /home/duy/cocarry_ws/src/kinect2_ros2/kinect2_registration/src/depth_registration_cpu.cpp: In member function ‘virtual bool DepthRegistrationCPU::init(int)’:
[3.236s] /home/duy/cocarry_ws/src/kinect2_ros2/kinect2_registration/src/depth_registration_cpu.cpp:29:43: warning: unused parameter ‘deviceId’ [-Wunused-parameter]
[3.236s]    29 | bool DepthRegistrationCPU::init(const int deviceId)
[3.236s]       |                                 ~~~~~~~~~~^~~~~~~~
[4.805s] [100%] [32m[1mLinking CXX static library libkinect2_registration.a[0m
[4.854s] [100%] Built target kinect2_registration
[4.862s] Invoked command in '/home/duy/cocarry_ws/build/kinect2_registration' returned '0': CMAKE_PREFIX_PATH=${CMAKE_PREFIX_PATH}:/opt/ros/humble /usr/bin/cmake --build /home/duy/cocarry_ws/build/kinect2_registration -- -j16 -l16
[4.871s] Invoking command in '/home/duy/cocarry_ws/build/kinect2_registration': CMAKE_PREFIX_PATH=${CMAKE_PREFIX_PATH}:/opt/ros/humble /usr/bin/cmake --install /home/duy/cocarry_ws/build/kinect2_registration
[4.876s] -- Install configuration: ""
[4.876s] -- Installing: /home/duy/cocarry_ws/install/kinect2_registration/include/kinect2_registration
[4.876s] -- Installing: /home/duy/cocarry_ws/install/kinect2_registration/include/kinect2_registration/kinect2_console.h
[4.876s] -- Installing: /home/duy/cocarry_ws/install/kinect2_registration/include/kinect2_registration/kinect2_registration.h
[4.876s] -- Installing: /home/duy/cocarry_ws/install/kinect2_registration/lib/libkinect2_registration.a
[4.876s] -- Installing: /home/duy/cocarry_ws/install/kinect2_registration/share/kinect2_registration/environment/library_path.sh
[4.877s] -- Installing: /home/duy/cocarry_ws/install/kinect2_registration/share/kinect2_registration/environment/library_path.dsv
[4.877s] -- Installing: /home/duy/cocarry_ws/install/kinect2_registration/share/ament_index/resource_index/package_run_dependencies/kinect2_registration
[4.877s] -- Installing: /home/duy/cocarry_ws/install/kinect2_registration/share/ament_index/resource_index/parent_prefix_path/kinect2_registration
[4.877s] -- Installing: /home/duy/cocarry_ws/install/kinect2_registration/share/kinect2_registration/environment/ament_prefix_path.sh
[4.877s] -- Installing: /home/duy/cocarry_ws/install/kinect2_registration/share/kinect2_registration/environment/ament_prefix_path.dsv
[4.877s] -- Installing: /home/duy/cocarry_ws/install/kinect2_registration/share/kinect2_registration/environment/path.sh
[4.877s] -- Installing: /home/duy/cocarry_ws/install/kinect2_registration/share/kinect2_registration/environment/path.dsv
[4.877s] -- Installing: /home/duy/cocarry_ws/install/kinect2_registration/share/kinect2_registration/local_setup.bash
[4.877s] -- Installing: /home/duy/cocarry_ws/install/kinect2_registration/share/kinect2_registration/local_setup.sh
[4.877s] -- Installing: /home/duy/cocarry_ws/install/kinect2_registration/share/kinect2_registration/local_setup.zsh
[4.877s] -- Installing: /home/duy/cocarry_ws/install/kinect2_registration/share/kinect2_registration/local_setup.dsv
[4.877s] -- Installing: /home/duy/cocarry_ws/install/kinect2_registration/share/kinect2_registration/package.dsv
[4.877s] -- Installing: /home/duy/cocarry_ws/install/kinect2_registration/share/ament_index/resource_index/packages/kinect2_registration
[4.877s] -- Installing: /home/duy/cocarry_ws/install/kinect2_registration/share/kinect2_registration/cmake/ament_cmake_export_include_directories-extras.cmake
[4.877s] -- Installing: /home/duy/cocarry_ws/install/kinect2_registration/share/kinect2_registration/cmake/ament_cmake_export_libraries-extras.cmake
[4.877s] -- Installing: /home/duy/cocarry_ws/install/kinect2_registration/share/kinect2_registration/cmake/kinect2_registrationConfig.cmake
[4.877s] -- Installing: /home/duy/cocarry_ws/install/kinect2_registration/share/kinect2_registration/cmake/kinect2_registrationConfig-version.cmake
[4.877s] -- Installing: /home/duy/cocarry_ws/install/kinect2_registration/share/kinect2_registration/package.xml
[4.879s] Invoked command in '/home/duy/cocarry_ws/build/kinect2_registration' returned '0': CMAKE_PREFIX_PATH=${CMAKE_PREFIX_PATH}:/opt/ros/humble /usr/bin/cmake --install /home/duy/cocarry_ws/build/kinect2_registration
