[0.476s] Invoking command in '/home/duy/cocarry_ws/build/coord_transform': CMAKE_PREFIX_PATH=/home/duy/cocarry_ws/install/human_hand_msgs:${CMAKE_PREFIX_PATH} LD_LIBRARY_PATH=/home/duy/cocarry_ws/install/human_hand_msgs/lib:${LD_LIBRARY_PATH} PKG_CONFIG_PATH=/home/duy/cocarry_ws/install/human_hand_msgs/lib/x86_64-linux-gnu/pkgconfig:/home/duy/cocarry_ws/install/human_hand_msgs/lib/pkgconfig PYTHONPATH=/home/duy/cocarry_ws/build/coord_transform/prefix_override:/usr/lib/python3/dist-packages/colcon_core/task/python/colcon_distutils_commands:/home/duy/cocarry_ws/install/coord_transform/lib/python3.10/site-packages:/home/duy/cocarry_ws/install/human_hand_msgs/local/lib/python3.10/dist-packages:${PYTHONPATH} ROS_PACKAGE_PATH=/home/duy/cocarry_ws/install/human_hand_msgs/share /usr/bin/python3 -W ignore:setup.py install is deprecated -W ignore:easy_install command is deprecated setup.py develop --editable --build-directory /home/duy/cocarry_ws/build/coord_transform/build --no-deps symlink_data
[0.824s] running develop
[1.060s] running egg_info
[1.060s] creating coord_transform.egg-info
[1.061s] writing coord_transform.egg-info/PKG-INFO
[1.061s] writing dependency_links to coord_transform.egg-info/dependency_links.txt
[1.061s] writing entry points to coord_transform.egg-info/entry_points.txt
[1.061s] writing requirements to coord_transform.egg-info/requires.txt
[1.061s] writing top-level names to coord_transform.egg-info/top_level.txt
[1.061s] writing manifest file 'coord_transform.egg-info/SOURCES.txt'
[1.063s] reading manifest file 'coord_transform.egg-info/SOURCES.txt'
[1.063s] writing manifest file 'coord_transform.egg-info/SOURCES.txt'
[1.065s] running build_ext
[1.065s] Creating /home/duy/cocarry_ws/install/coord_transform/lib/python3.10/site-packages/coord-transform.egg-link (link to .)
[1.065s] Installing transform_node script to /home/duy/cocarry_ws/install/coord_transform/lib/coord_transform
[1.066s] 
[1.066s] Installed /home/duy/cocarry_ws/build/coord_transform
[1.066s] running symlink_data
[1.066s] creating /home/duy/cocarry_ws/install/coord_transform/share/ament_index
[1.066s] creating /home/duy/cocarry_ws/install/coord_transform/share/ament_index/resource_index
[1.066s] creating /home/duy/cocarry_ws/install/coord_transform/share/ament_index/resource_index/packages
[1.067s] symbolically linking /home/duy/cocarry_ws/build/coord_transform/resource/coord_transform -> /home/duy/cocarry_ws/install/coord_transform/share/ament_index/resource_index/packages
[1.067s] symbolically linking /home/duy/cocarry_ws/build/coord_transform/package.xml -> /home/duy/cocarry_ws/install/coord_transform/share/coord_transform
[1.067s] creating /home/duy/cocarry_ws/install/coord_transform/share/coord_transform/config
[1.067s] symbolically linking /home/duy/cocarry_ws/build/coord_transform/config/transform_params.yaml -> /home/duy/cocarry_ws/install/coord_transform/share/coord_transform/config
[1.067s] creating /home/duy/cocarry_ws/install/coord_transform/share/coord_transform/scripts
[1.067s] symbolically linking /home/duy/cocarry_ws/build/coord_transform/scripts/calibrate_camera_to_robot.py -> /home/duy/cocarry_ws/install/coord_transform/share/coord_transform/scripts
[1.105s] Invoked command in '/home/duy/cocarry_ws/build/coord_transform' returned '0': CMAKE_PREFIX_PATH=/home/duy/cocarry_ws/install/human_hand_msgs:${CMAKE_PREFIX_PATH} LD_LIBRARY_PATH=/home/duy/cocarry_ws/install/human_hand_msgs/lib:${LD_LIBRARY_PATH} PKG_CONFIG_PATH=/home/duy/cocarry_ws/install/human_hand_msgs/lib/x86_64-linux-gnu/pkgconfig:/home/duy/cocarry_ws/install/human_hand_msgs/lib/pkgconfig PYTHONPATH=/home/duy/cocarry_ws/build/coord_transform/prefix_override:/usr/lib/python3/dist-packages/colcon_core/task/python/colcon_distutils_commands:/home/duy/cocarry_ws/install/coord_transform/lib/python3.10/site-packages:/home/duy/cocarry_ws/install/human_hand_msgs/local/lib/python3.10/dist-packages:${PYTHONPATH} ROS_PACKAGE_PATH=/home/duy/cocarry_ws/install/human_hand_msgs/share /usr/bin/python3 -W ignore:setup.py install is deprecated -W ignore:easy_install command is deprecated setup.py develop --editable --build-directory /home/duy/cocarry_ws/build/coord_transform/build --no-deps symlink_data
