[0.009s] Invoking command in '/home/duy/cocarry_ws/build/hc10dtp_bringup': AMENT_PREFIX_PATH=/home/duy/cocarry_ws/install/hc10dtp_moveit_config:/home/duy/cocarry_ws/install/motoman_hc10dtp_support:/home/duy/cocarry_ws/install/motoman_resources:${AMENT_PREFIX_PATH} CMAKE_PREFIX_PATH=/home/duy/cocarry_ws/install/hc10dtp_moveit_config:/home/duy/cocarry_ws/install/motoman_hc10dtp_support:/home/duy/cocarry_ws/install/motoman_resources:/opt/ros/humble /usr/bin/cmake /home/duy/cocarry_ws/src/hc10dtp_bringup -DCMAKE_INSTALL_PREFIX=/home/duy/cocarry_ws/install/hc10dtp_bringup
[0.025s] -- Found ament_cmake: 1.3.14 (/opt/ros/humble/share/ament_cmake/cmake)
[0.161s] -- Override CMake install command with custom implementation using symlinks instead of copying resources
[0.244s] -- Configuring done
[0.249s] -- Generating done
[0.251s] -- Build files have been written to: /home/duy/cocarry_ws/build/hc10dtp_bringup
[0.254s] Invoked command in '/home/duy/cocarry_ws/build/hc10dtp_bringup' returned '0': AMENT_PREFIX_PATH=/home/duy/cocarry_ws/install/hc10dtp_moveit_config:/home/duy/cocarry_ws/install/motoman_hc10dtp_support:/home/duy/cocarry_ws/install/motoman_resources:${AMENT_PREFIX_PATH} CMAKE_PREFIX_PATH=/home/duy/cocarry_ws/install/hc10dtp_moveit_config:/home/duy/cocarry_ws/install/motoman_hc10dtp_support:/home/duy/cocarry_ws/install/motoman_resources:/opt/ros/humble /usr/bin/cmake /home/duy/cocarry_ws/src/hc10dtp_bringup -DCMAKE_INSTALL_PREFIX=/home/duy/cocarry_ws/install/hc10dtp_bringup
[0.256s] Invoking command in '/home/duy/cocarry_ws/build/hc10dtp_bringup': AMENT_PREFIX_PATH=/home/duy/cocarry_ws/install/hc10dtp_moveit_config:/home/duy/cocarry_ws/install/motoman_hc10dtp_support:/home/duy/cocarry_ws/install/motoman_resources:${AMENT_PREFIX_PATH} CMAKE_PREFIX_PATH=/home/duy/cocarry_ws/install/hc10dtp_moveit_config:/home/duy/cocarry_ws/install/motoman_hc10dtp_support:/home/duy/cocarry_ws/install/motoman_resources:/opt/ros/humble /usr/bin/cmake --build /home/duy/cocarry_ws/build/hc10dtp_bringup -- -j16 -l16
[0.318s] Invoked command in '/home/duy/cocarry_ws/build/hc10dtp_bringup' returned '0': AMENT_PREFIX_PATH=/home/duy/cocarry_ws/install/hc10dtp_moveit_config:/home/duy/cocarry_ws/install/motoman_hc10dtp_support:/home/duy/cocarry_ws/install/motoman_resources:${AMENT_PREFIX_PATH} CMAKE_PREFIX_PATH=/home/duy/cocarry_ws/install/hc10dtp_moveit_config:/home/duy/cocarry_ws/install/motoman_hc10dtp_support:/home/duy/cocarry_ws/install/motoman_resources:/opt/ros/humble /usr/bin/cmake --build /home/duy/cocarry_ws/build/hc10dtp_bringup -- -j16 -l16
[0.321s] Invoking command in '/home/duy/cocarry_ws/build/hc10dtp_bringup': AMENT_PREFIX_PATH=/home/duy/cocarry_ws/install/hc10dtp_moveit_config:/home/duy/cocarry_ws/install/motoman_hc10dtp_support:/home/duy/cocarry_ws/install/motoman_resources:${AMENT_PREFIX_PATH} CMAKE_PREFIX_PATH=/home/duy/cocarry_ws/install/hc10dtp_moveit_config:/home/duy/cocarry_ws/install/motoman_hc10dtp_support:/home/duy/cocarry_ws/install/motoman_resources:/opt/ros/humble /usr/bin/cmake --install /home/duy/cocarry_ws/build/hc10dtp_bringup
[0.329s] -- Install configuration: ""
[0.330s] -- Execute custom install script
[0.330s] -- Up-to-date symlink: /home/duy/cocarry_ws/install/hc10dtp_bringup/lib/hc10dtp_bringup/cartesian_streamer_hc10dtp.py
[0.330s] -- Up-to-date symlink: /home/duy/cocarry_ws/install/hc10dtp_bringup/lib/hc10dtp_bringup/restamp_joint_states.py
[0.330s] -- Up-to-date symlink: /home/duy/cocarry_ws/install/hc10dtp_bringup/share/ament_index/resource_index/package_run_dependencies/hc10dtp_bringup
[0.331s] -- Up-to-date symlink: /home/duy/cocarry_ws/install/hc10dtp_bringup/share/ament_index/resource_index/parent_prefix_path/hc10dtp_bringup
[0.331s] -- Up-to-date symlink: /home/duy/cocarry_ws/install/hc10dtp_bringup/share/hc10dtp_bringup/environment/ament_prefix_path.sh
[0.331s] -- Up-to-date symlink: /home/duy/cocarry_ws/install/hc10dtp_bringup/share/hc10dtp_bringup/environment/ament_prefix_path.dsv
[0.331s] -- Up-to-date symlink: /home/duy/cocarry_ws/install/hc10dtp_bringup/share/hc10dtp_bringup/environment/path.sh
[0.331s] -- Up-to-date symlink: /home/duy/cocarry_ws/install/hc10dtp_bringup/share/hc10dtp_bringup/environment/path.dsv
[0.331s] -- Up-to-date symlink: /home/duy/cocarry_ws/install/hc10dtp_bringup/share/hc10dtp_bringup/local_setup.bash
[0.331s] -- Up-to-date symlink: /home/duy/cocarry_ws/install/hc10dtp_bringup/share/hc10dtp_bringup/local_setup.sh
[0.332s] -- Up-to-date symlink: /home/duy/cocarry_ws/install/hc10dtp_bringup/share/hc10dtp_bringup/local_setup.zsh
[0.332s] -- Up-to-date symlink: /home/duy/cocarry_ws/install/hc10dtp_bringup/share/hc10dtp_bringup/local_setup.dsv
[0.332s] -- Symlinking: /home/duy/cocarry_ws/install/hc10dtp_bringup/share/hc10dtp_bringup/package.dsv
[0.343s] -- Up-to-date symlink: /home/duy/cocarry_ws/install/hc10dtp_bringup/share/ament_index/resource_index/packages/hc10dtp_bringup
[0.343s] -- Up-to-date symlink: /home/duy/cocarry_ws/install/hc10dtp_bringup/share/hc10dtp_bringup/cmake/hc10dtp_bringupConfig.cmake
[0.343s] -- Up-to-date symlink: /home/duy/cocarry_ws/install/hc10dtp_bringup/share/hc10dtp_bringup/cmake/hc10dtp_bringupConfig-version.cmake
[0.343s] -- Up-to-date symlink: /home/duy/cocarry_ws/install/hc10dtp_bringup/share/hc10dtp_bringup/package.xml
[0.347s] Invoked command in '/home/duy/cocarry_ws/build/hc10dtp_bringup' returned '0': AMENT_PREFIX_PATH=/home/duy/cocarry_ws/install/hc10dtp_moveit_config:/home/duy/cocarry_ws/install/motoman_hc10dtp_support:/home/duy/cocarry_ws/install/motoman_resources:${AMENT_PREFIX_PATH} CMAKE_PREFIX_PATH=/home/duy/cocarry_ws/install/hc10dtp_moveit_config:/home/duy/cocarry_ws/install/motoman_hc10dtp_support:/home/duy/cocarry_ws/install/motoman_resources:/opt/ros/humble /usr/bin/cmake --install /home/duy/cocarry_ws/build/hc10dtp_bringup
