[0.027s] Invoking command in '/home/duy/cocarry_ws/build/hc10dtp_moveit_config': AMENT_PREFIX_PATH=/home/duy/cocarry_ws/install/motoman_hc10dtp_support:/home/duy/cocarry_ws/install/motoman_resources:${AMENT_PREFIX_PATH} CMAKE_PREFIX_PATH=/home/duy/cocarry_ws/install/motoman_hc10dtp_support:/home/duy/cocarry_ws/install/motoman_resources:/home/duy/kinectv2/install/libfreenect2:/home/duy/kinectv2/install/kinect2_bridge:/home/duy/kinectv2/install/kinect2_registration:/opt/ros/humble /usr/bin/cmake /home/duy/cocarry_ws/src/hc10dtp_moveit_config -DAMENT_CMAKE_SYMLINK_INSTALL=1 -DCMAKE_INSTALL_PREFIX=/home/duy/cocarry_ws/install/hc10dtp_moveit_config
[0.083s] -- The C compiler identification is GNU 11.4.0
[0.142s] -- The CXX compiler identification is GNU 11.4.0
[0.150s] -- Detecting C compiler ABI info
[0.221s] -- Detecting C compiler ABI info - done
[0.229s] -- Check for working C compiler: /usr/bin/cc - skipped
[0.229s] -- Detecting C compile features
[0.230s] -- Detecting C compile features - done
[0.233s] -- Detecting CXX compiler ABI info
[0.323s] -- Detecting CXX compiler ABI info - done
[0.336s] -- Check for working CXX compiler: /usr/bin/c++ - skipped
[0.336s] -- Detecting CXX compile features
[0.337s] -- Detecting CXX compile features - done
[0.341s] -- Found ament_cmake: 1.3.14 (/opt/ros/humble/share/ament_cmake/cmake)
[0.559s] -- Found Python3: /usr/bin/python3 (found version "3.10.12") found components: Interpreter 
[0.659s] -- Override CMake install command with custom implementation using symlinks instead of copying resources
[0.825s] -- Configuring done
[0.829s] -- Generating done
[0.832s] -- Build files have been written to: /home/duy/cocarry_ws/build/hc10dtp_moveit_config
[0.838s] Invoked command in '/home/duy/cocarry_ws/build/hc10dtp_moveit_config' returned '0': AMENT_PREFIX_PATH=/home/duy/cocarry_ws/install/motoman_hc10dtp_support:/home/duy/cocarry_ws/install/motoman_resources:${AMENT_PREFIX_PATH} CMAKE_PREFIX_PATH=/home/duy/cocarry_ws/install/motoman_hc10dtp_support:/home/duy/cocarry_ws/install/motoman_resources:/home/duy/kinectv2/install/libfreenect2:/home/duy/kinectv2/install/kinect2_bridge:/home/duy/kinectv2/install/kinect2_registration:/opt/ros/humble /usr/bin/cmake /home/duy/cocarry_ws/src/hc10dtp_moveit_config -DAMENT_CMAKE_SYMLINK_INSTALL=1 -DCMAKE_INSTALL_PREFIX=/home/duy/cocarry_ws/install/hc10dtp_moveit_config
[0.841s] Invoking command in '/home/duy/cocarry_ws/build/hc10dtp_moveit_config': AMENT_PREFIX_PATH=/home/duy/cocarry_ws/install/motoman_hc10dtp_support:/home/duy/cocarry_ws/install/motoman_resources:${AMENT_PREFIX_PATH} CMAKE_PREFIX_PATH=/home/duy/cocarry_ws/install/motoman_hc10dtp_support:/home/duy/cocarry_ws/install/motoman_resources:/home/duy/kinectv2/install/libfreenect2:/home/duy/kinectv2/install/kinect2_bridge:/home/duy/kinectv2/install/kinect2_registration:/opt/ros/humble /usr/bin/cmake --build /home/duy/cocarry_ws/build/hc10dtp_moveit_config -- -j16 -l16
[0.888s] Invoked command in '/home/duy/cocarry_ws/build/hc10dtp_moveit_config' returned '0': AMENT_PREFIX_PATH=/home/duy/cocarry_ws/install/motoman_hc10dtp_support:/home/duy/cocarry_ws/install/motoman_resources:${AMENT_PREFIX_PATH} CMAKE_PREFIX_PATH=/home/duy/cocarry_ws/install/motoman_hc10dtp_support:/home/duy/cocarry_ws/install/motoman_resources:/home/duy/kinectv2/install/libfreenect2:/home/duy/kinectv2/install/kinect2_bridge:/home/duy/kinectv2/install/kinect2_registration:/opt/ros/humble /usr/bin/cmake --build /home/duy/cocarry_ws/build/hc10dtp_moveit_config -- -j16 -l16
[0.891s] Invoking command in '/home/duy/cocarry_ws/build/hc10dtp_moveit_config': AMENT_PREFIX_PATH=/home/duy/cocarry_ws/install/motoman_hc10dtp_support:/home/duy/cocarry_ws/install/motoman_resources:${AMENT_PREFIX_PATH} CMAKE_PREFIX_PATH=/home/duy/cocarry_ws/install/motoman_hc10dtp_support:/home/duy/cocarry_ws/install/motoman_resources:/home/duy/kinectv2/install/libfreenect2:/home/duy/kinectv2/install/kinect2_bridge:/home/duy/kinectv2/install/kinect2_registration:/opt/ros/humble /usr/bin/cmake --install /home/duy/cocarry_ws/build/hc10dtp_moveit_config
[0.903s] -- Install configuration: ""
[0.904s] -- Execute custom install script
[0.904s] -- Symlinking: /home/duy/cocarry_ws/install/hc10dtp_moveit_config/share/ament_index/resource_index/package_run_dependencies/hc10dtp_moveit_config
[0.919s] -- Symlinking: /home/duy/cocarry_ws/install/hc10dtp_moveit_config/share/ament_index/resource_index/parent_prefix_path/hc10dtp_moveit_config
[0.933s] -- Symlinking: /home/duy/cocarry_ws/install/hc10dtp_moveit_config/share/hc10dtp_moveit_config/environment/ament_prefix_path.sh
[0.949s] -- Symlinking: /home/duy/cocarry_ws/install/hc10dtp_moveit_config/share/hc10dtp_moveit_config/environment/ament_prefix_path.dsv
[0.961s] -- Symlinking: /home/duy/cocarry_ws/install/hc10dtp_moveit_config/share/hc10dtp_moveit_config/environment/path.sh
[0.976s] -- Symlinking: /home/duy/cocarry_ws/install/hc10dtp_moveit_config/share/hc10dtp_moveit_config/environment/path.dsv
[0.992s] -- Symlinking: /home/duy/cocarry_ws/install/hc10dtp_moveit_config/share/hc10dtp_moveit_config/local_setup.bash
[1.008s] -- Symlinking: /home/duy/cocarry_ws/install/hc10dtp_moveit_config/share/hc10dtp_moveit_config/local_setup.sh
[1.026s] -- Symlinking: /home/duy/cocarry_ws/install/hc10dtp_moveit_config/share/hc10dtp_moveit_config/local_setup.zsh
[1.040s] -- Symlinking: /home/duy/cocarry_ws/install/hc10dtp_moveit_config/share/hc10dtp_moveit_config/local_setup.dsv
[1.055s] -- Symlinking: /home/duy/cocarry_ws/install/hc10dtp_moveit_config/share/hc10dtp_moveit_config/package.dsv
[1.068s] -- Symlinking: /home/duy/cocarry_ws/install/hc10dtp_moveit_config/share/ament_index/resource_index/packages/hc10dtp_moveit_config
[1.085s] -- Symlinking: /home/duy/cocarry_ws/install/hc10dtp_moveit_config/share/hc10dtp_moveit_config/cmake/hc10dtp_moveit_configConfig.cmake
[1.100s] -- Symlinking: /home/duy/cocarry_ws/install/hc10dtp_moveit_config/share/hc10dtp_moveit_config/cmake/hc10dtp_moveit_configConfig-version.cmake
[1.114s] -- Symlinking: /home/duy/cocarry_ws/install/hc10dtp_moveit_config/share/hc10dtp_moveit_config/package.xml
[1.130s] -- Symlinking: /home/duy/cocarry_ws/install/hc10dtp_moveit_config/share/hc10dtp_moveit_config/launch/hc10dtp_start.launch.py
[1.145s] -- Symlinking: /home/duy/cocarry_ws/install/hc10dtp_moveit_config/share/hc10dtp_moveit_config/config/initial_positions.yaml
[1.160s] -- Symlinking: /home/duy/cocarry_ws/install/hc10dtp_moveit_config/share/hc10dtp_moveit_config/config/joint_limits.yaml
[1.174s] -- Symlinking: /home/duy/cocarry_ws/install/hc10dtp_moveit_config/share/hc10dtp_moveit_config/config/kinematics.yaml
[1.188s] -- Symlinking: /home/duy/cocarry_ws/install/hc10dtp_moveit_config/share/hc10dtp_moveit_config/config/motoman_hc10dtp.ros2_control.xacro
[1.198s] -- Symlinking: /home/duy/cocarry_ws/install/hc10dtp_moveit_config/share/hc10dtp_moveit_config/config/motoman_hc10dtp.srdf
[1.207s] -- Symlinking: /home/duy/cocarry_ws/install/hc10dtp_moveit_config/share/hc10dtp_moveit_config/config/motoman_hc10dtp.urdf.xacro
[1.220s] -- Symlinking: /home/duy/cocarry_ws/install/hc10dtp_moveit_config/share/hc10dtp_moveit_config/config/moveit.rviz
[1.234s] -- Symlinking: /home/duy/cocarry_ws/install/hc10dtp_moveit_config/share/hc10dtp_moveit_config/config/moveit_controllers.yaml
[1.250s] -- Symlinking: /home/duy/cocarry_ws/install/hc10dtp_moveit_config/share/hc10dtp_moveit_config/config/pilz_cartesian_limits.yaml
[1.264s] -- Symlinking: /home/duy/cocarry_ws/install/hc10dtp_moveit_config/share/hc10dtp_moveit_config/config/ros2_controllers.yaml
[1.279s] -- Symlinking: /home/duy/cocarry_ws/install/hc10dtp_moveit_config/share/hc10dtp_moveit_config/.setup_assistant
[1.301s] Invoked command in '/home/duy/cocarry_ws/build/hc10dtp_moveit_config' returned '0': AMENT_PREFIX_PATH=/home/duy/cocarry_ws/install/motoman_hc10dtp_support:/home/duy/cocarry_ws/install/motoman_resources:${AMENT_PREFIX_PATH} CMAKE_PREFIX_PATH=/home/duy/cocarry_ws/install/motoman_hc10dtp_support:/home/duy/cocarry_ws/install/motoman_resources:/home/duy/kinectv2/install/libfreenect2:/home/duy/kinectv2/install/kinect2_bridge:/home/duy/kinectv2/install/kinect2_registration:/opt/ros/humble /usr/bin/cmake --install /home/duy/cocarry_ws/build/hc10dtp_moveit_config
