[0.000000] (-) TimerEvent: {}
[0.001202] (-) JobUnselected: {'identifier': 'coord_transform'}
[0.001282] (-) JobUnselected: {'identifier': 'experiment_logger'}
[0.001308] (-) JobUnselected: {'identifier': 'hc10dtp_bringup'}
[0.001335] (-) JobUnselected: {'identifier': 'hc10dtp_moveit_config'}
[0.001399] (-) JobUnselected: {'identifier': 'hc10dtp_simulation'}
[0.001421] (-) JobUnselected: {'identifier': 'hrc_bringup'}
[0.001441] (-) JobUnselected: {'identifier': 'human_hand_msgs'}
[0.001460] (-) JobUnselected: {'identifier': 'industrial_msgs'}
[0.001479] (-) JobUnselected: {'identifier': 'kinect2_bridge'}
[0.001514] (-) JobUnselected: {'identifier': 'kinect2_calibration'}
[0.001583] (-) JobUnselected: {'identifier': 'kinect2_registration'}
[0.001616] (-) JobUnselected: {'identifier': 'libfreenect2'}
[0.001675] (-) JobUnselected: {'identifier': 'motoman_gp4_support'}
[0.001697] (-) JobUnselected: {'identifier': 'motoman_hc10dtp_support'}
[0.001761] (-) JobUnselected: {'identifier': 'motoman_resources'}
[0.001782] (-) JobUnselected: {'identifier': 'motoros2_client_interface_dependencies'}
[0.001981] (-) JobUnselected: {'identifier': 'motoros2_interfaces'}
[0.002041] (-) JobUnselected: {'identifier': 'predictor_ui'}
[0.002073] (-) JobUnselected: {'identifier': 'trac_ik'}
[0.002094] (-) JobUnselected: {'identifier': 'trac_ik_kinematics'}
[0.002115] (-) JobUnselected: {'identifier': 'trac_ik_lib'}
[0.002156] (-) JobUnselected: {'identifier': 'trajectory_predictor'}
[0.002196] (kinect_tracker) JobQueued: {'identifier': 'kinect_tracker', 'dependencies': OrderedDict([('human_hand_msgs', '/home/duy/cocarry_ws/install/human_hand_msgs')])}
[0.002224] (kinect_tracker) JobStarted: {'identifier': 'kinect_tracker'}
[0.099830] (-) TimerEvent: {}
[0.200331] (-) TimerEvent: {}
[0.300610] (-) TimerEvent: {}
[0.400962] (-) TimerEvent: {}
[0.501541] (-) TimerEvent: {}
[0.546433] (kinect_tracker) Command: {'cmd': ['/usr/bin/python3', '-W', 'ignore:setup.py install is deprecated', '-W', 'ignore:easy_install command is deprecated', 'setup.py', 'egg_info', '--egg-base', '../../build/kinect_tracker', 'build', '--build-base', '/home/duy/cocarry_ws/build/kinect_tracker/build', 'install', '--record', '/home/duy/cocarry_ws/build/kinect_tracker/install.log', '--single-version-externally-managed', 'install_data'], 'cwd': '/home/duy/cocarry_ws/src/kinect_tracker', 'env': {'GJS_DEBUG_TOPICS': 'JS ERROR;JS LOG', 'LESSOPEN': '| /usr/bin/lesspipe %s', 'VSCODE_CWD': '/home/duy', 'USER': 'duy', 'LC_TIME': 'en_US.UTF-8', 'VSCODE_NLS_CONFIG': '{"userLocale":"en-us","osLocale":"en-us","resolvedLanguage":"en","defaultMessagesFile":"/usr/share/antigravity/resources/app/out/nls.messages.json","locale":"en-us","availableLanguages":{}}', 'XDG_SESSION_TYPE': 'wayland', 'ROS_PACKAGE_PATH': '/home/duy/cocarry_ws/install/human_hand_msgs/share', 'SHLVL': '0', 'LD_LIBRARY_PATH': '/home/duy/cocarry_ws/install/human_hand_msgs/lib:/usr/local/lib/nuitrack:/home/duy/kinectv2/install/libfreenect2/lib:/home/duy/kinectv2/install/kinect2_registration/lib:/usr/lib/x86_64-linux-gnu/gazebo-11/plugins:/opt/ros/humble/opt/rviz_ogre_vendor/lib:/opt/ros/humble/lib/x86_64-linux-gnu:/opt/ros/humble/lib:/usr/local/lib/nuitrack:/usr/local/lib/nuitrack', 'HOME': '/home/duy', 'CHROME_DESKTOP': 'antigravity.desktop', 'DESKTOP_SESSION': 'ubuntu', 'VSCODE_IPC_HOOK': '/run/user/1000/vscode-d3248cd9-1.10-main.sock', 'GIO_LAUNCHED_DESKTOP_FILE': '/usr/share/applications/antigravity.desktop', 'ROS_PYTHON_VERSION': '3', 'GNOME_SHELL_SESSION_MODE': 'ubuntu', 'GTK_MODULES': 'gail:atk-bridge', 'PAGER': 'cat', 'LC_MONETARY': 'en_US.UTF-8', 'MANAGERPID': '1103', 'SYSTEMD_EXEC_PID': '1227', 'IM_CONFIG_CHECK_ENV': '1', 'DBUS_SESSION_BUS_ADDRESS': 'unix:path=/run/user/1000/bus', 'ANTIGRAVITY_AGENT': '1', 'GIO_LAUNCHED_DESKTOP_FILE_PID': '23827', 'IM_CONFIG_PHASE': '1', 'WAYLAND_DISPLAY': 'wayland-0', 'COLCON_PREFIX_PATH': '/home/duy/kinectv2/install', 'ROS_DISTRO': 'humble', 'GTK_IM_MODULE': 'ibus', 'LOGNAME': 'duy', 'JOURNAL_STREAM': '8:19835', '_': '/usr/bin/colcon', 'ROS_VERSION': '2', 'XDG_SESSION_CLASS': 'user', 'PKG_CONFIG_PATH': '/home/duy/cocarry_ws/install/human_hand_msgs/lib/x86_64-linux-gnu/pkgconfig:/home/duy/cocarry_ws/install/human_hand_msgs/lib/pkgconfig', 'USERNAME': 'duy', 'TERM': 'dumb', 'GNOME_DESKTOP_SESSION_ID': 'this-is-deprecated', 'FC_FONTATIONS': '1', 'ROS_LOCALHOST_ONLY': '0', 'ANTIGRAVITY_EDITOR_APP_ROOT': '/usr/share/antigravity/resources/app', 'PATH': '/home/duy/.local/bin:/opt/ros/humble/bin:/home/duy/.local/bin:/usr/local/sbin:/usr/local/bin:/usr/sbin:/usr/bin:/sbin:/bin:/usr/games:/usr/local/games:/snap/bin:/snap/bin:/home/duy/libfreenect2/build/bin', 'SESSION_MANAGER': 'local/duy-Vivobook-ASUSLaptop-X1503ZA-A1503ZA:@/tmp/.ICE-unix/1198,unix/duy-Vivobook-ASUSLaptop-X1503ZA-A1503ZA:/tmp/.ICE-unix/1198', 'INVOCATION_ID': '4b0f6c7bc4424cf09c23c53bb6d64ffe', 'PAPERSIZE': 'letter', 'XDG_MENU_PREFIX': 'gnome-', 'LC_ADDRESS': 'en_US.UTF-8', 'GNOME_SETUP_DISPLAY': ':1', 'XDG_RUNTIME_DIR': '/run/user/1000', 'GDK_BACKEND': 'wayland', 'DISPLAY': ':0', 'LANG': 'en_US.UTF-8', 'XDG_CURRENT_DESKTOP': 'ubuntu:GNOME', 'LC_TELEPHONE': 'en_US.UTF-8', 'RMW_IMPLEMENTATION': 'rmw_fastrtps_cpp', 'XMODIFIERS': '@im=ibus', 'XDG_SESSION_DESKTOP': 'ubuntu', 'XAUTHORITY': '/run/user/1000/.mutter-Xwaylandauth.UMH1N3', 'LS_COLORS': '', 'SSH_AGENT_LAUNCHER': 'gnome-keyring', 'SSH_AUTH_SOCK': '/run/user/1000/keyring/ssh', 'ROS_DOMAIN_ID': '0', 'AMENT_PREFIX_PATH': '/home/duy/kinectv2/install/kinect2_bridge:/home/duy/kinectv2/install/kinect2_registration:/opt/ros/humble', 'NUITRACK_HOME': '/usr/etc/nuitrack', 'SHELL': '/bin/bash', 'LC_NAME': 'en_US.UTF-8', 'QT_ACCESSIBILITY': '1', 'GDMSESSION': 'ubuntu', 'LESSCLOSE': '/usr/bin/lesspipe %s %s', 'LC_MEASUREMENT': 'en_US.UTF-8', 'GJS_DEBUG_OUTPUT': 'stderr', 'LC_IDENTIFICATION': 'en_US.UTF-8', 'QT_IM_MODULE': 'ibus', 'ANTIGRAVITY_TRAJECTORY_ID': 'e0416c9f-7c65-434e-b985-4ab6dad42ffd', 'PWD': '/home/duy/cocarry_ws/build/kinect_tracker', 'LC_ALL': 'en_US.UTF-8', 'XDG_CONFIG_DIRS': '/etc/xdg/xdg-ubuntu:/etc/xdg', 'VSCODE_CODE_CACHE_PATH': '/home/duy/.config/Antigravity/CachedData/15487b3041e65228cae24980a3f796c905ef582c', 'XDG_DATA_DIRS': '/usr/share/ubuntu:/usr/local/share/:/usr/share/:/var/lib/snapd/desktop', 'PYTHONPATH': '/home/duy/cocarry_ws/build/kinect_tracker/prefix_override:/usr/lib/python3/dist-packages/colcon_core/task/python/colcon_distutils_commands:/home/duy/cocarry_ws/install/kinect_tracker/lib/python3.10/site-packages:/home/duy/cocarry_ws/install/human_hand_msgs/local/lib/python3.10/dist-packages:/opt/ros/humble/lib/python3.10/site-packages:/opt/ros/humble/local/lib/python3.10/dist-packages', 'LC_NUMERIC': 'en_US.UTF-8', 'LC_PAPER': 'en_US.UTF-8', 'COLCON': '1', 'CMAKE_PREFIX_PATH': '/home/duy/cocarry_ws/install/human_hand_msgs:/home/duy/kinectv2/install/libfreenect2:/home/duy/kinectv2/install/kinect2_bridge:/home/duy/kinectv2/install/kinect2_registration', 'VSCODE_PID': '23827'}, 'shell': False}
[0.601640] (-) TimerEvent: {}
[0.701936] (-) TimerEvent: {}
[0.722184] (kinect_tracker) StdoutLine: {'line': b'running egg_info\n'}
[0.722476] (kinect_tracker) StdoutLine: {'line': b'creating ../../build/kinect_tracker/kinect_tracker.egg-info\n'}
[0.722675] (kinect_tracker) StdoutLine: {'line': b'writing ../../build/kinect_tracker/kinect_tracker.egg-info/PKG-INFO\n'}
[0.722782] (kinect_tracker) StdoutLine: {'line': b'writing dependency_links to ../../build/kinect_tracker/kinect_tracker.egg-info/dependency_links.txt\n'}
[0.723055] (kinect_tracker) StdoutLine: {'line': b'writing entry points to ../../build/kinect_tracker/kinect_tracker.egg-info/entry_points.txt\n'}
[0.723142] (kinect_tracker) StdoutLine: {'line': b'writing requirements to ../../build/kinect_tracker/kinect_tracker.egg-info/requires.txt\n'}
[0.723230] (kinect_tracker) StdoutLine: {'line': b'writing top-level names to ../../build/kinect_tracker/kinect_tracker.egg-info/top_level.txt\n'}
[0.723302] (kinect_tracker) StdoutLine: {'line': b"writing manifest file '../../build/kinect_tracker/kinect_tracker.egg-info/SOURCES.txt'\n"}
[0.724057] (kinect_tracker) StdoutLine: {'line': b"reading manifest file '../../build/kinect_tracker/kinect_tracker.egg-info/SOURCES.txt'\n"}
[0.724461] (kinect_tracker) StdoutLine: {'line': b"writing manifest file '../../build/kinect_tracker/kinect_tracker.egg-info/SOURCES.txt'\n"}
[0.724597] (kinect_tracker) StdoutLine: {'line': b'running build\n'}
[0.724708] (kinect_tracker) StdoutLine: {'line': b'running build_py\n'}
[0.724783] (kinect_tracker) StdoutLine: {'line': b'creating /home/duy/cocarry_ws/build/kinect_tracker/build\n'}
[0.724853] (kinect_tracker) StdoutLine: {'line': b'creating /home/duy/cocarry_ws/build/kinect_tracker/build/lib\n'}
[0.724922] (kinect_tracker) StdoutLine: {'line': b'creating /home/duy/cocarry_ws/build/kinect_tracker/build/lib/kinect_tracker\n'}
[0.725012] (kinect_tracker) StdoutLine: {'line': b'copying kinect_tracker/__init__.py -> /home/duy/cocarry_ws/build/kinect_tracker/build/lib/kinect_tracker\n'}
[0.725110] (kinect_tracker) StdoutLine: {'line': b'copying kinect_tracker/kinect_node.py -> /home/duy/cocarry_ws/build/kinect_tracker/build/lib/kinect_tracker\n'}
[0.725255] (kinect_tracker) StdoutLine: {'line': b'running install\n'}
[0.725334] (kinect_tracker) StdoutLine: {'line': b'running install_lib\n'}
[0.725428] (kinect_tracker) StdoutLine: {'line': b'creating /home/duy/cocarry_ws/install/kinect_tracker/lib/python3.10/site-packages/kinect_tracker\n'}
[0.725486] (kinect_tracker) StdoutLine: {'line': b'copying /home/duy/cocarry_ws/build/kinect_tracker/build/lib/kinect_tracker/__init__.py -> /home/duy/cocarry_ws/install/kinect_tracker/lib/python3.10/site-packages/kinect_tracker\n'}
[0.725657] (kinect_tracker) StdoutLine: {'line': b'copying /home/duy/cocarry_ws/build/kinect_tracker/build/lib/kinect_tracker/kinect_node.py -> /home/duy/cocarry_ws/install/kinect_tracker/lib/python3.10/site-packages/kinect_tracker\n'}
[0.725824] (kinect_tracker) StdoutLine: {'line': b'byte-compiling /home/duy/cocarry_ws/install/kinect_tracker/lib/python3.10/site-packages/kinect_tracker/__init__.py to __init__.cpython-310.pyc\n'}
[0.725938] (kinect_tracker) StdoutLine: {'line': b'byte-compiling /home/duy/cocarry_ws/install/kinect_tracker/lib/python3.10/site-packages/kinect_tracker/kinect_node.py to kinect_node.cpython-310.pyc\n'}
[0.727369] (kinect_tracker) StdoutLine: {'line': b'running install_data\n'}
[0.727459] (kinect_tracker) StdoutLine: {'line': b'creating /home/duy/cocarry_ws/install/kinect_tracker/share/ament_index\n'}
[0.727495] (kinect_tracker) StdoutLine: {'line': b'creating /home/duy/cocarry_ws/install/kinect_tracker/share/ament_index/resource_index\n'}
[0.727528] (kinect_tracker) StdoutLine: {'line': b'creating /home/duy/cocarry_ws/install/kinect_tracker/share/ament_index/resource_index/packages\n'}
[0.727587] (kinect_tracker) StdoutLine: {'line': b'copying resource/kinect_tracker -> /home/duy/cocarry_ws/install/kinect_tracker/share/ament_index/resource_index/packages\n'}
[0.727631] (kinect_tracker) StdoutLine: {'line': b'copying package.xml -> /home/duy/cocarry_ws/install/kinect_tracker/share/kinect_tracker\n'}
[0.727659] (kinect_tracker) StdoutLine: {'line': b'creating /home/duy/cocarry_ws/install/kinect_tracker/share/kinect_tracker/models\n'}
[0.727686] (kinect_tracker) StdoutLine: {'line': b'copying models/pose_landmarker_full.task -> /home/duy/cocarry_ws/install/kinect_tracker/share/kinect_tracker/models\n'}
[0.733336] (kinect_tracker) StdoutLine: {'line': b'running install_egg_info\n'}
[0.734793] (kinect_tracker) StdoutLine: {'line': b'Copying ../../build/kinect_tracker/kinect_tracker.egg-info to /home/duy/cocarry_ws/install/kinect_tracker/lib/python3.10/site-packages/kinect_tracker-0.0.0-py3.10.egg-info\n'}
[0.735146] (kinect_tracker) StdoutLine: {'line': b'running install_scripts\n'}
[0.749084] (kinect_tracker) StdoutLine: {'line': b'Installing kinect_node script to /home/duy/cocarry_ws/install/kinect_tracker/lib/realsense_tracker\n'}
[0.749382] (kinect_tracker) StdoutLine: {'line': b"writing list of installed files to '/home/duy/cocarry_ws/build/kinect_tracker/install.log'\n"}
[0.766600] (kinect_tracker) CommandEnded: {'returncode': 0}
[0.775140] (kinect_tracker) JobEnded: {'identifier': 'kinect_tracker', 'rc': 0}
[0.775623] (-) EventReactorShutdown: {}
