-- Install configuration: ""
-- Execute custom install script
-- Up-to-date symlink: /home/duy/cocarry_ws/install/hrc_bringup/share/hrc_bringup/launch/__pycache__/cocarry_real_gui.launch.cpython-310.pyc
-- Symlinking: /home/duy/cocarry_ws/install/hrc_bringup/share/hrc_bringup/launch/__pycache__/cocarry_sim_gui.launch.cpython-310.pyc
-- Up-to-date symlink: /home/duy/cocarry_ws/install/hrc_bringup/share/hrc_bringup/launch/cocarry_full.launch.py
-- Up-to-date symlink: /home/duy/cocarry_ws/install/hrc_bringup/share/hrc_bringup/launch/cocarry_real_gui.launch.py
-- Up-to-date symlink: /home/duy/cocarry_ws/install/hrc_bringup/share/hrc_bringup/launch/cocarry_sim_gui.launch.py
-- Up-to-date symlink: /home/duy/cocarry_ws/install/hrc_bringup/share/hrc_bringup/launch/full_pipeline.launch.py
-- Up-to-date symlink: /home/duy/cocarry_ws/install/hrc_bringup/share/hrc_bringup/config/all_params.yaml
-- Up-to-date symlink: /home/duy/cocarry_ws/install/hrc_bringup/share/ament_index/resource_index/package_run_dependencies/hrc_bringup
-- Up-to-date symlink: /home/duy/cocarry_ws/install/hrc_bringup/share/ament_index/resource_index/parent_prefix_path/hrc_bringup
-- Up-to-date symlink: /home/duy/cocarry_ws/install/hrc_bringup/share/hrc_bringup/environment/ament_prefix_path.sh
-- Up-to-date symlink: /home/duy/cocarry_ws/install/hrc_bringup/share/hrc_bringup/environment/ament_prefix_path.dsv
-- Up-to-date symlink: /home/duy/cocarry_ws/install/hrc_bringup/share/hrc_bringup/environment/path.sh
-- Up-to-date symlink: /home/duy/cocarry_ws/install/hrc_bringup/share/hrc_bringup/environment/path.dsv
-- Up-to-date symlink: /home/duy/cocarry_ws/install/hrc_bringup/share/hrc_bringup/local_setup.bash
-- Up-to-date symlink: /home/duy/cocarry_ws/install/hrc_bringup/share/hrc_bringup/local_setup.sh
-- Up-to-date symlink: /home/duy/cocarry_ws/install/hrc_bringup/share/hrc_bringup/local_setup.zsh
-- Up-to-date symlink: /home/duy/cocarry_ws/install/hrc_bringup/share/hrc_bringup/local_setup.dsv
-- Symlinking: /home/duy/cocarry_ws/install/hrc_bringup/share/hrc_bringup/package.dsv
-- Up-to-date symlink: /home/duy/cocarry_ws/install/hrc_bringup/share/ament_index/resource_index/packages/hrc_bringup
-- Up-to-date symlink: /home/duy/cocarry_ws/install/hrc_bringup/share/hrc_bringup/cmake/hrc_bringupConfig.cmake
-- Up-to-date symlink: /home/duy/cocarry_ws/install/hrc_bringup/share/hrc_bringup/cmake/hrc_bringupConfig-version.cmake
-- Up-to-date symlink: /home/duy/cocarry_ws/install/hrc_bringup/share/hrc_bringup/package.xml
