[0.021s] Invoking command in '/home/duy/cocarry_ws/build/trac_ik_kinematics': AMENT_PREFIX_PATH=/home/duy/cocarry_ws/install/trac_ik_lib:${AMENT_PREFIX_PATH} CMAKE_PREFIX_PATH=/home/duy/cocarry_ws/install/trac_ik_lib:/opt/ros/humble LD_LIBRARY_PATH=/home/duy/cocarry_ws/install/trac_ik_lib/lib:${LD_LIBRARY_PATH} /usr/bin/cmake /home/duy/cocarry_ws/src/trac_ik/trac_ik_kinematics -DCMAKE_INSTALL_PREFIX=/home/duy/cocarry_ws/install/trac_ik_kinematics
[0.039s] -- Found moveit_common: 2.5.9 (/opt/ros/humble/share/moveit_common/cmake)
[0.040s] -- Found ament_cmake: 1.3.14 (/opt/ros/humble/share/ament_cmake/cmake)
[0.198s] -- Override CMake install command with custom implementation using symlinks instead of copying resources
[0.264s] [0mtrac_ik_kinematics: You did not request a specific build type: Choosing 'Release' for maximum performance[0m
[0.266s] -- Found tf2_kdl: 0.25.20 (/opt/ros/humble/share/tf2_kdl/cmake)
[0.305s] -- Found rosidl_generator_c: 3.1.8 (/opt/ros/humble/share/rosidl_generator_c/cmake)
[0.310s] -- Found rosidl_adapter: 3.1.8 (/opt/ros/humble/share/rosidl_adapter/cmake)
[0.320s] -- Found rosidl_generator_cpp: 3.1.8 (/opt/ros/humble/share/rosidl_generator_cpp/cmake)
[0.335s] -- Using all available rosidl_typesupport_c: rosidl_typesupport_fastrtps_c;rosidl_typesupport_introspection_c
[0.356s] -- Using all available rosidl_typesupport_cpp: rosidl_typesupport_fastrtps_cpp;rosidl_typesupport_introspection_cpp
[0.420s] -- Found eigen3_cmake_module: 0.1.1 (/opt/ros/humble/share/eigen3_cmake_module/cmake)
[0.422s] -- Ensuring Eigen3 include directory is part of orocos-kdl CMake target
[0.505s] -- Found rmw_implementation_cmake: 6.1.2 (/opt/ros/humble/share/rmw_implementation_cmake/cmake)
[0.506s] -- Found rmw_fastrtps_cpp: 6.2.10 (/opt/ros/humble/share/rmw_fastrtps_cpp/cmake)
[0.663s] -- Using RMW implementation 'rmw_fastrtps_cpp' as default
[0.770s] -- Found kdl_parser: 2.6.4 (/opt/ros/humble/share/kdl_parser/cmake)
[0.775s] -- Found random_numbers: 2.0.1 (/opt/ros/humble/share/random_numbers/cmake)
[0.788s] -- Found pluginlib: 5.1.3 (/opt/ros/humble/share/pluginlib/cmake)
[0.812s] -- Found moveit_core: 2.5.9 (/opt/ros/humble/share/moveit_core/cmake)
[0.849s] -- Found Boost: /usr/lib/x86_64-linux-gnu/cmake/Boost-1.74.0/BoostConfig.cmake (found version "1.74.0") found components: chrono date_time filesystem iostreams program_options regex serialization system thread 
[0.892s] -- Found parameter_traits: 0.7.1 (/opt/ros/humble/share/parameter_traits/cmake)
[0.911s] -- Found rclcpp_lifecycle: 16.0.19 (/opt/ros/humble/share/rclcpp_lifecycle/cmake)
[0.951s] -- Found Boost: /usr/lib/x86_64-linux-gnu/cmake/Boost-1.74.0/BoostConfig.cmake (found version "1.74.0") found components: filesystem 
[1.001s] -- library: /usr/lib/x86_64-linux-gnu/libcurl.so
[1.254s] -- Found moveit_ros_planning: 2.5.9 (/opt/ros/humble/share/moveit_ros_planning/cmake)
[1.262s] -- Found Boost: /usr/lib/x86_64-linux-gnu/cmake/Boost-1.74.0/BoostConfig.cmake (found version "1.74.0") found components: system filesystem date_time program_options thread chrono 
[1.290s] -- Found trac_ik_lib: 0.1.0 (/home/duy/cocarry_ws/install/trac_ik_lib/share/trac_ik_lib/cmake)
[1.298s] -- Found Boost: /usr/lib/x86_64-linux-gnu/cmake/Boost-1.74.0/BoostConfig.cmake (found version "1.74.0") found components: program_options system 
[1.305s] -- Found ament_lint_auto: 0.12.15 (/opt/ros/humble/share/ament_lint_auto/cmake)
[1.312s] -- Configuring done
[1.356s] -- Generating done
[1.365s] -- Build files have been written to: /home/duy/cocarry_ws/build/trac_ik_kinematics
[2.237s] Invoked command in '/home/duy/cocarry_ws/build/trac_ik_kinematics' returned '0': AMENT_PREFIX_PATH=/home/duy/cocarry_ws/install/trac_ik_lib:${AMENT_PREFIX_PATH} CMAKE_PREFIX_PATH=/home/duy/cocarry_ws/install/trac_ik_lib:/opt/ros/humble LD_LIBRARY_PATH=/home/duy/cocarry_ws/install/trac_ik_lib/lib:${LD_LIBRARY_PATH} /usr/bin/cmake /home/duy/cocarry_ws/src/trac_ik/trac_ik_kinematics -DCMAKE_INSTALL_PREFIX=/home/duy/cocarry_ws/install/trac_ik_kinematics
[2.238s] Invoking command in '/home/duy/cocarry_ws/build/trac_ik_kinematics': AMENT_PREFIX_PATH=/home/duy/cocarry_ws/install/trac_ik_lib:${AMENT_PREFIX_PATH} CMAKE_PREFIX_PATH=/home/duy/cocarry_ws/install/trac_ik_lib:/opt/ros/humble LD_LIBRARY_PATH=/home/duy/cocarry_ws/install/trac_ik_lib/lib:${LD_LIBRARY_PATH} /usr/bin/cmake --build /home/duy/cocarry_ws/build/trac_ik_kinematics -- -j16 -l16
[2.279s] [35m[1mConsolidate compiler generated dependencies of target moveit_trac_ik_kinematics_plugin[0m
[2.365s] [100%] Built target moveit_trac_ik_kinematics_plugin
[2.429s] Invoked command in '/home/duy/cocarry_ws/build/trac_ik_kinematics' returned '0': AMENT_PREFIX_PATH=/home/duy/cocarry_ws/install/trac_ik_lib:${AMENT_PREFIX_PATH} CMAKE_PREFIX_PATH=/home/duy/cocarry_ws/install/trac_ik_lib:/opt/ros/humble LD_LIBRARY_PATH=/home/duy/cocarry_ws/install/trac_ik_lib/lib:${LD_LIBRARY_PATH} /usr/bin/cmake --build /home/duy/cocarry_ws/build/trac_ik_kinematics -- -j16 -l16
[2.431s] Invoking command in '/home/duy/cocarry_ws/build/trac_ik_kinematics': AMENT_PREFIX_PATH=/home/duy/cocarry_ws/install/trac_ik_lib:${AMENT_PREFIX_PATH} CMAKE_PREFIX_PATH=/home/duy/cocarry_ws/install/trac_ik_lib:/opt/ros/humble LD_LIBRARY_PATH=/home/duy/cocarry_ws/install/trac_ik_lib/lib:${LD_LIBRARY_PATH} /usr/bin/cmake --install /home/duy/cocarry_ws/build/trac_ik_kinematics
[2.442s] -- Install configuration: "Release"
[2.443s] -- Execute custom install script
[2.443s] -- Up-to-date symlink: /home/duy/cocarry_ws/install/trac_ik_kinematics/share/trac_ik_kinematics//trac_ik_kinematics_plugin_description.xml
[2.444s] -- Up-to-date symlink: /home/duy/cocarry_ws/install/trac_ik_kinematics/include/trac_ik_kinematics_plugin/trac_ik_kinematics_plugin.h
[2.444s] -- Up-to-date symlink: /home/duy/cocarry_ws/install/trac_ik_kinematics/share/trac_ik_kinematics/environment/library_path.sh
[2.444s] -- Up-to-date symlink: /home/duy/cocarry_ws/install/trac_ik_kinematics/share/trac_ik_kinematics/environment/library_path.dsv
[2.445s] -- Up-to-date symlink: /home/duy/cocarry_ws/install/trac_ik_kinematics/share/ament_index/resource_index/package_run_dependencies/trac_ik_kinematics
[2.445s] -- Up-to-date symlink: /home/duy/cocarry_ws/install/trac_ik_kinematics/share/ament_index/resource_index/parent_prefix_path/trac_ik_kinematics
[2.445s] -- Up-to-date symlink: /home/duy/cocarry_ws/install/trac_ik_kinematics/share/trac_ik_kinematics/environment/ament_prefix_path.sh
[2.445s] -- Up-to-date symlink: /home/duy/cocarry_ws/install/trac_ik_kinematics/share/trac_ik_kinematics/environment/ament_prefix_path.dsv
[2.446s] -- Up-to-date symlink: /home/duy/cocarry_ws/install/trac_ik_kinematics/share/trac_ik_kinematics/environment/path.sh
[2.446s] -- Up-to-date symlink: /home/duy/cocarry_ws/install/trac_ik_kinematics/share/trac_ik_kinematics/environment/path.dsv
[2.446s] -- Up-to-date symlink: /home/duy/cocarry_ws/install/trac_ik_kinematics/share/trac_ik_kinematics/local_setup.bash
[2.446s] -- Up-to-date symlink: /home/duy/cocarry_ws/install/trac_ik_kinematics/share/trac_ik_kinematics/local_setup.sh
[2.447s] -- Up-to-date symlink: /home/duy/cocarry_ws/install/trac_ik_kinematics/share/trac_ik_kinematics/local_setup.zsh
[2.447s] -- Up-to-date symlink: /home/duy/cocarry_ws/install/trac_ik_kinematics/share/trac_ik_kinematics/local_setup.dsv
[2.447s] -- Symlinking: /home/duy/cocarry_ws/install/trac_ik_kinematics/share/trac_ik_kinematics/package.dsv
[2.460s] -- Up-to-date symlink: /home/duy/cocarry_ws/install/trac_ik_kinematics/share/ament_index/resource_index/packages/trac_ik_kinematics
[2.461s] -- Up-to-date symlink: /home/duy/cocarry_ws/install/trac_ik_kinematics/share/ament_index/resource_index/moveit_core__pluginlib__plugin/trac_ik_kinematics
[2.461s] -- Up-to-date symlink: /home/duy/cocarry_ws/install/trac_ik_kinematics/share/trac_ik_kinematics/cmake/ConfigExtras.cmake
[2.461s] -- Up-to-date symlink: /home/duy/cocarry_ws/install/trac_ik_kinematics/share/trac_ik_kinematics/cmake/ament_cmake_export_targets-extras.cmake
[2.461s] -- Up-to-date symlink: /home/duy/cocarry_ws/install/trac_ik_kinematics/share/trac_ik_kinematics/cmake/ament_cmake_export_dependencies-extras.cmake
[2.462s] -- Up-to-date symlink: /home/duy/cocarry_ws/install/trac_ik_kinematics/share/trac_ik_kinematics/cmake/trac_ik_kinematicsConfig.cmake
[2.462s] -- Up-to-date symlink: /home/duy/cocarry_ws/install/trac_ik_kinematics/share/trac_ik_kinematics/cmake/trac_ik_kinematicsConfig-version.cmake
[2.462s] -- Up-to-date symlink: /home/duy/cocarry_ws/install/trac_ik_kinematics/share/trac_ik_kinematics/package.xml
[2.463s] -- Up-to-date: /home/duy/cocarry_ws/install/trac_ik_kinematics/lib/libmoveit_trac_ik_kinematics_plugin.so
[2.463s] -- Up-to-date: /home/duy/cocarry_ws/install/trac_ik_kinematics/share/trac_ik_kinematics/cmake/export_trac_ik_kinematicsExport.cmake
[2.464s] -- Up-to-date: /home/duy/cocarry_ws/install/trac_ik_kinematics/share/trac_ik_kinematics/cmake/export_trac_ik_kinematicsExport-release.cmake
[2.467s] Invoked command in '/home/duy/cocarry_ws/build/trac_ik_kinematics' returned '0': AMENT_PREFIX_PATH=/home/duy/cocarry_ws/install/trac_ik_lib:${AMENT_PREFIX_PATH} CMAKE_PREFIX_PATH=/home/duy/cocarry_ws/install/trac_ik_lib:/opt/ros/humble LD_LIBRARY_PATH=/home/duy/cocarry_ws/install/trac_ik_lib/lib:${LD_LIBRARY_PATH} /usr/bin/cmake --install /home/duy/cocarry_ws/build/trac_ik_kinematics
