[0.030s] Invoking command in '/home/duy/cocarry_ws/build/kinect2_bridge': AMENT_PREFIX_PATH=/home/duy/cocarry_ws/install/kinect2_registration:${AMENT_PREFIX_PATH} CMAKE_PREFIX_PATH=/home/duy/cocarry_ws/install/kinect2_registration:/opt/ros/humble LD_LIBRARY_PATH=/home/duy/cocarry_ws/install/kinect2_registration/lib:${LD_LIBRARY_PATH} /usr/bin/cmake /home/duy/cocarry_ws/src/kinect2_ros2/kinect2_bridge -DAMENT_CMAKE_SYMLINK_INSTALL=1 -DCMAKE_INSTALL_PREFIX=/home/duy/cocarry_ws/install/kinect2_bridge
[0.167s] -- Found ament_cmake: 1.3.14 (/opt/ros/humble/share/ament_cmake/cmake)
[0.529s] -- Override CMake install command with custom implementation using symlinks instead of copying resources
[0.555s] -- Found rclcpp: 16.0.19 (/opt/ros/humble/share/rclcpp/cmake)
[0.627s] -- Found rosidl_generator_c: 3.1.8 (/opt/ros/humble/share/rosidl_generator_c/cmake)
[0.632s] -- Found rosidl_adapter: 3.1.8 (/opt/ros/humble/share/rosidl_adapter/cmake)
[0.644s] -- Found rosidl_generator_cpp: 3.1.8 (/opt/ros/humble/share/rosidl_generator_cpp/cmake)
[0.668s] -- Using all available rosidl_typesupport_c: rosidl_typesupport_fastrtps_c;rosidl_typesupport_introspection_c
[0.699s] -- Using all available rosidl_typesupport_cpp: rosidl_typesupport_fastrtps_cpp;rosidl_typesupport_introspection_cpp
[0.784s] -- Found rmw_implementation_cmake: 6.1.2 (/opt/ros/humble/share/rmw_implementation_cmake/cmake)
[0.787s] -- Found rmw_fastrtps_cpp: 6.2.10 (/opt/ros/humble/share/rmw_fastrtps_cpp/cmake)
[1.135s] -- Using RMW implementation 'rmw_fastrtps_cpp' as default
[1.261s] -- Found sensor_msgs: 4.9.1 (/opt/ros/humble/share/sensor_msgs/cmake)
[1.341s] -- Found kinect2_registration: 0.0.0 (/home/duy/cocarry_ws/install/kinect2_registration/share/kinect2_registration/cmake)
[1.344s] -- Found tf2: 0.25.20 (/opt/ros/humble/share/tf2/cmake)
[1.356s] -- Found tf2_ros: 0.25.20 (/opt/ros/humble/share/tf2_ros/cmake)
[1.542s] -- Found tf2_geometry_msgs: 0.25.20 (/opt/ros/humble/share/tf2_geometry_msgs/cmake)
[1.550s] -- Found eigen3_cmake_module: 0.1.1 (/opt/ros/humble/share/eigen3_cmake_module/cmake)
[1.553s] -- Ensuring Eigen3 include directory is part of orocos-kdl CMake target
[1.566s] -- Found ament_lint_auto: 0.12.15 (/opt/ros/humble/share/ament_lint_auto/cmake)
[1.802s] -- Added test 'cppcheck' to perform static code analysis on C / C++ code
[1.802s] -- Configured cppcheck include dirs: /home/duy/cocarry_ws/src/kinect2_ros2/kinect2_bridge/include/kinect2_bridge
[1.803s] -- Configured cppcheck exclude dirs and/or files: 
[1.804s] -- Added test 'flake8' to check Python code syntax and style conventions
[1.807s] -- Added test 'lint_cmake' to check CMake code style
[1.809s] -- Added test 'pep257' to check Python code against some of the docstring style conventions in PEP 257
[1.818s] -- Added test 'uncrustify' to check C / C++ code style
[1.818s] -- Configured uncrustify additional arguments: 
[1.818s] -- Added test 'xmllint' to check XML markup files
[1.831s] -- Configuring done
[2.021s] -- Generating done
[2.046s] -- Build files have been written to: /home/duy/cocarry_ws/build/kinect2_bridge
[2.075s] Invoked command in '/home/duy/cocarry_ws/build/kinect2_bridge' returned '0': AMENT_PREFIX_PATH=/home/duy/cocarry_ws/install/kinect2_registration:${AMENT_PREFIX_PATH} CMAKE_PREFIX_PATH=/home/duy/cocarry_ws/install/kinect2_registration:/opt/ros/humble LD_LIBRARY_PATH=/home/duy/cocarry_ws/install/kinect2_registration/lib:${LD_LIBRARY_PATH} /usr/bin/cmake /home/duy/cocarry_ws/src/kinect2_ros2/kinect2_bridge -DAMENT_CMAKE_SYMLINK_INSTALL=1 -DCMAKE_INSTALL_PREFIX=/home/duy/cocarry_ws/install/kinect2_bridge
[2.077s] Invoking command in '/home/duy/cocarry_ws/build/kinect2_bridge': AMENT_PREFIX_PATH=/home/duy/cocarry_ws/install/kinect2_registration:${AMENT_PREFIX_PATH} CMAKE_PREFIX_PATH=/home/duy/cocarry_ws/install/kinect2_registration:/opt/ros/humble LD_LIBRARY_PATH=/home/duy/cocarry_ws/install/kinect2_registration/lib:${LD_LIBRARY_PATH} /usr/bin/cmake --build /home/duy/cocarry_ws/build/kinect2_bridge -- -j16 -l16
[2.235s] Consolidate compiler generated dependencies of target kinect2_bridge_node
[2.276s] [ 50%] Linking CXX executable kinect2_bridge_node
[6.227s] [100%] Built target kinect2_bridge_node
[6.642s] Invoked command in '/home/duy/cocarry_ws/build/kinect2_bridge' returned '0': AMENT_PREFIX_PATH=/home/duy/cocarry_ws/install/kinect2_registration:${AMENT_PREFIX_PATH} CMAKE_PREFIX_PATH=/home/duy/cocarry_ws/install/kinect2_registration:/opt/ros/humble LD_LIBRARY_PATH=/home/duy/cocarry_ws/install/kinect2_registration/lib:${LD_LIBRARY_PATH} /usr/bin/cmake --build /home/duy/cocarry_ws/build/kinect2_bridge -- -j16 -l16
[6.644s] Invoking command in '/home/duy/cocarry_ws/build/kinect2_bridge': AMENT_PREFIX_PATH=/home/duy/cocarry_ws/install/kinect2_registration:${AMENT_PREFIX_PATH} CMAKE_PREFIX_PATH=/home/duy/cocarry_ws/install/kinect2_registration:/opt/ros/humble LD_LIBRARY_PATH=/home/duy/cocarry_ws/install/kinect2_registration/lib:${LD_LIBRARY_PATH} /usr/bin/cmake --install /home/duy/cocarry_ws/build/kinect2_bridge
[6.679s] -- Install configuration: ""
[6.679s] -- Execute custom install script
[6.679s] -- Symlinking: /home/duy/cocarry_ws/install/kinect2_bridge/lib/kinect2_bridge/kinect2_bridge_node
[6.689s] -- Symlinking: /home/duy/cocarry_ws/install/kinect2_bridge/share/kinect2_bridge//launch/kinect2_bridge_launch.yaml
[6.701s] -- Symlinking: /home/duy/cocarry_ws/install/kinect2_bridge/share/kinect2_bridge//launch/rtabmap.launch.py
[6.717s] -- Symlinking: /home/duy/cocarry_ws/install/kinect2_bridge/include/kinect2_bridge/kinect2_definitions.h
[6.730s] -- Symlinking: /home/duy/cocarry_ws/install/kinect2_bridge/share/ament_index/resource_index/package_run_dependencies/kinect2_bridge
[6.749s] -- Symlinking: /home/duy/cocarry_ws/install/kinect2_bridge/share/ament_index/resource_index/parent_prefix_path/kinect2_bridge
[6.771s] -- Symlinking: /home/duy/cocarry_ws/install/kinect2_bridge/share/kinect2_bridge/environment/ament_prefix_path.sh
[6.787s] -- Symlinking: /home/duy/cocarry_ws/install/kinect2_bridge/share/kinect2_bridge/environment/ament_prefix_path.dsv
[6.806s] -- Symlinking: /home/duy/cocarry_ws/install/kinect2_bridge/share/kinect2_bridge/environment/path.sh
[6.824s] -- Symlinking: /home/duy/cocarry_ws/install/kinect2_bridge/share/kinect2_bridge/environment/path.dsv
[6.847s] -- Symlinking: /home/duy/cocarry_ws/install/kinect2_bridge/share/kinect2_bridge/local_setup.bash
[6.871s] -- Symlinking: /home/duy/cocarry_ws/install/kinect2_bridge/share/kinect2_bridge/local_setup.sh
[6.896s] -- Symlinking: /home/duy/cocarry_ws/install/kinect2_bridge/share/kinect2_bridge/local_setup.zsh
[6.914s] -- Symlinking: /home/duy/cocarry_ws/install/kinect2_bridge/share/kinect2_bridge/local_setup.dsv
[6.939s] -- Symlinking: /home/duy/cocarry_ws/install/kinect2_bridge/share/kinect2_bridge/package.dsv
[6.955s] -- Symlinking: /home/duy/cocarry_ws/install/kinect2_bridge/share/ament_index/resource_index/packages/kinect2_bridge
[6.974s] -- Symlinking: /home/duy/cocarry_ws/install/kinect2_bridge/share/kinect2_bridge/cmake/ament_cmake_export_include_directories-extras.cmake
[6.997s] -- Symlinking: /home/duy/cocarry_ws/install/kinect2_bridge/share/kinect2_bridge/cmake/kinect2_bridgeConfig.cmake
[7.140s] -- Symlinking: /home/duy/cocarry_ws/install/kinect2_bridge/share/kinect2_bridge/cmake/kinect2_bridgeConfig-version.cmake
[7.141s] -- Symlinking: /home/duy/cocarry_ws/install/kinect2_bridge/share/kinect2_bridge/package.xml
[7.144s] Invoked command in '/home/duy/cocarry_ws/build/kinect2_bridge' returned '0': AMENT_PREFIX_PATH=/home/duy/cocarry_ws/install/kinect2_registration:${AMENT_PREFIX_PATH} CMAKE_PREFIX_PATH=/home/duy/cocarry_ws/install/kinect2_registration:/opt/ros/humble LD_LIBRARY_PATH=/home/duy/cocarry_ws/install/kinect2_registration/lib:${LD_LIBRARY_PATH} /usr/bin/cmake --install /home/duy/cocarry_ws/build/kinect2_bridge
