running develop
running egg_info
creating experiment_logger.egg-info
writing experiment_logger.egg-info/PKG-INFO
writing dependency_links to experiment_logger.egg-info/dependency_links.txt
writing entry points to experiment_logger.egg-info/entry_points.txt
writing requirements to experiment_logger.egg-info/requires.txt
writing top-level names to experiment_logger.egg-info/top_level.txt
writing manifest file 'experiment_logger.egg-info/SOURCES.txt'
reading manifest file 'experiment_logger.egg-info/SOURCES.txt'
writing manifest file 'experiment_logger.egg-info/SOURCES.txt'
running build_ext
Creating /home/duy/cocarry_ws/install/experiment_logger/lib/python3.10/site-packages/experiment-logger.egg-link (link to .)
Installing logger_node script to /home/duy/cocarry_ws/install/experiment_logger/lib/experiment_logger

Installed /home/duy/cocarry_ws/build/experiment_logger
running symlink_data
creating /home/duy/cocarry_ws/install/experiment_logger/share/ament_index
creating /home/duy/cocarry_ws/install/experiment_logger/share/ament_index/resource_index
creating /home/duy/cocarry_ws/install/experiment_logger/share/ament_index/resource_index/packages
symbolically linking /home/duy/cocarry_ws/build/experiment_logger/resource/experiment_logger -> /home/duy/cocarry_ws/install/experiment_logger/share/ament_index/resource_index/packages
symbolically linking /home/duy/cocarry_ws/build/experiment_logger/package.xml -> /home/duy/cocarry_ws/install/experiment_logger/share/experiment_logger
