[2.684s] Invoking command in '/home/duy/cocarry_ws/build/experiment_logger': CMAKE_PREFIX_PATH=/home/duy/cocarry_ws/install/human_hand_msgs:${CMAKE_PREFIX_PATH} LD_LIBRARY_PATH=/home/duy/cocarry_ws/install/human_hand_msgs/lib:${LD_LIBRARY_PATH} PKG_CONFIG_PATH=/home/duy/cocarry_ws/install/human_hand_msgs/lib/x86_64-linux-gnu/pkgconfig:/home/duy/cocarry_ws/install/human_hand_msgs/lib/pkgconfig PYTHONPATH=/home/duy/cocarry_ws/build/experiment_logger/prefix_override:/usr/lib/python3/dist-packages/colcon_core/task/python/colcon_distutils_commands:/home/duy/cocarry_ws/install/experiment_logger/lib/python3.10/site-packages:/home/duy/cocarry_ws/install/human_hand_msgs/local/lib/python3.10/dist-packages:${PYTHONPATH} ROS_PACKAGE_PATH=/home/duy/cocarry_ws/install/human_hand_msgs/share /usr/bin/python3 -W ignore:setup.py install is deprecated -W ignore:easy_install command is deprecated setup.py develop --editable --build-directory /home/duy/cocarry_ws/build/experiment_logger/build --no-deps symlink_data
[3.318s] running develop
[3.849s] running egg_info
[3.849s] creating experiment_logger.egg-info
[3.849s] writing experiment_logger.egg-info/PKG-INFO
[3.850s] writing dependency_links to experiment_logger.egg-info/dependency_links.txt
[3.850s] writing entry points to experiment_logger.egg-info/entry_points.txt
[3.851s] writing requirements to experiment_logger.egg-info/requires.txt
[3.852s] writing top-level names to experiment_logger.egg-info/top_level.txt
[3.853s] writing manifest file 'experiment_logger.egg-info/SOURCES.txt'
[3.862s] reading manifest file 'experiment_logger.egg-info/SOURCES.txt'
[3.862s] writing manifest file 'experiment_logger.egg-info/SOURCES.txt'
[3.862s] running build_ext
[3.863s] Creating /home/duy/cocarry_ws/install/experiment_logger/lib/python3.10/site-packages/experiment-logger.egg-link (link to .)
[3.865s] Installing logger_node script to /home/duy/cocarry_ws/install/experiment_logger/lib/experiment_logger
[3.866s] 
[3.866s] Installed /home/duy/cocarry_ws/build/experiment_logger
[3.867s] running symlink_data
[3.867s] creating /home/duy/cocarry_ws/install/experiment_logger/share/ament_index
[3.867s] creating /home/duy/cocarry_ws/install/experiment_logger/share/ament_index/resource_index
[3.867s] creating /home/duy/cocarry_ws/install/experiment_logger/share/ament_index/resource_index/packages
[3.868s] symbolically linking /home/duy/cocarry_ws/build/experiment_logger/resource/experiment_logger -> /home/duy/cocarry_ws/install/experiment_logger/share/ament_index/resource_index/packages
[3.868s] symbolically linking /home/duy/cocarry_ws/build/experiment_logger/package.xml -> /home/duy/cocarry_ws/install/experiment_logger/share/experiment_logger
[3.950s] Invoked command in '/home/duy/cocarry_ws/build/experiment_logger' returned '0': CMAKE_PREFIX_PATH=/home/duy/cocarry_ws/install/human_hand_msgs:${CMAKE_PREFIX_PATH} LD_LIBRARY_PATH=/home/duy/cocarry_ws/install/human_hand_msgs/lib:${LD_LIBRARY_PATH} PKG_CONFIG_PATH=/home/duy/cocarry_ws/install/human_hand_msgs/lib/x86_64-linux-gnu/pkgconfig:/home/duy/cocarry_ws/install/human_hand_msgs/lib/pkgconfig PYTHONPATH=/home/duy/cocarry_ws/build/experiment_logger/prefix_override:/usr/lib/python3/dist-packages/colcon_core/task/python/colcon_distutils_commands:/home/duy/cocarry_ws/install/experiment_logger/lib/python3.10/site-packages:/home/duy/cocarry_ws/install/human_hand_msgs/local/lib/python3.10/dist-packages:${PYTHONPATH} ROS_PACKAGE_PATH=/home/duy/cocarry_ws/install/human_hand_msgs/share /usr/bin/python3 -W ignore:setup.py install is deprecated -W ignore:easy_install command is deprecated setup.py develop --editable --build-directory /home/duy/cocarry_ws/build/experiment_logger/build --no-deps symlink_data
