[0.017s] Invoking command in '/home/duy/cocarry_ws/build/motoman_resources': CMAKE_PREFIX_PATH=${CMAKE_PREFIX_PATH}:/opt/ros/humble /usr/bin/cmake --build /home/duy/cocarry_ws/build/motoman_resources -- -j16 -l16
[0.060s] Invoked command in '/home/duy/cocarry_ws/build/motoman_resources' returned '0': CMAKE_PREFIX_PATH=${CMAKE_PREFIX_PATH}:/opt/ros/humble /usr/bin/cmake --build /home/duy/cocarry_ws/build/motoman_resources -- -j16 -l16
[0.072s] Invoking command in '/home/duy/cocarry_ws/build/motoman_resources': CMAKE_PREFIX_PATH=${CMAKE_PREFIX_PATH}:/opt/ros/humble /usr/bin/cmake --install /home/duy/cocarry_ws/build/motoman_resources
[0.083s] -- Install configuration: ""
[0.084s] -- Execute custom install script
[0.085s] -- Up-to-date symlink: /home/duy/cocarry_ws/install/motoman_resources/share/ament_index/resource_index/package_run_dependencies/motoman_resources
[0.085s] -- Up-to-date symlink: /home/duy/cocarry_ws/install/motoman_resources/share/ament_index/resource_index/parent_prefix_path/motoman_resources
[0.089s] -- Up-to-date symlink: /home/duy/cocarry_ws/install/motoman_resources/share/motoman_resources/environment/ament_prefix_path.sh
[0.089s] -- Up-to-date symlink: /home/duy/cocarry_ws/install/motoman_resources/share/motoman_resources/environment/ament_prefix_path.dsv
[0.089s] -- Up-to-date symlink: /home/duy/cocarry_ws/install/motoman_resources/share/motoman_resources/environment/path.sh
[0.090s] -- Up-to-date symlink: /home/duy/cocarry_ws/install/motoman_resources/share/motoman_resources/environment/path.dsv
[0.090s] -- Up-to-date symlink: /home/duy/cocarry_ws/install/motoman_resources/share/motoman_resources/local_setup.bash
[0.090s] -- Up-to-date symlink: /home/duy/cocarry_ws/install/motoman_resources/share/motoman_resources/local_setup.sh
[0.090s] -- Up-to-date symlink: /home/duy/cocarry_ws/install/motoman_resources/share/motoman_resources/local_setup.zsh
[0.090s] -- Up-to-date symlink: /home/duy/cocarry_ws/install/motoman_resources/share/motoman_resources/local_setup.dsv
[0.090s] -- Symlinking: /home/duy/cocarry_ws/install/motoman_resources/share/motoman_resources/package.dsv
[0.102s] -- Up-to-date symlink: /home/duy/cocarry_ws/install/motoman_resources/share/ament_index/resource_index/packages/motoman_resources
[0.102s] -- Up-to-date symlink: /home/duy/cocarry_ws/install/motoman_resources/share/motoman_resources/cmake/motoman_resourcesConfig.cmake
[0.102s] -- Up-to-date symlink: /home/duy/cocarry_ws/install/motoman_resources/share/motoman_resources/cmake/motoman_resourcesConfig-version.cmake
[0.103s] -- Up-to-date symlink: /home/duy/cocarry_ws/install/motoman_resources/share/motoman_resources/package.xml
[0.103s] -- Up-to-date symlink: /home/duy/cocarry_ws/install/motoman_resources/share/motoman_resources/rviz/view_robot.rviz
[0.103s] -- Up-to-date symlink: /home/duy/cocarry_ws/install/motoman_resources/share/motoman_resources/urdf/common_colors.xacro
[0.103s] -- Up-to-date symlink: /home/duy/cocarry_ws/install/motoman_resources/share/motoman_resources/urdf/common_materials.xacro
[0.111s] Invoked command in '/home/duy/cocarry_ws/build/motoman_resources' returned '0': CMAKE_PREFIX_PATH=${CMAKE_PREFIX_PATH}:/opt/ros/humble /usr/bin/cmake --install /home/duy/cocarry_ws/build/motoman_resources
