running develop
running egg_info
creating realsense_tracker.egg-info
writing realsense_tracker.egg-info/PKG-INFO
writing dependency_links to realsense_tracker.egg-info/dependency_links.txt
writing entry points to realsense_tracker.egg-info/entry_points.txt
writing requirements to realsense_tracker.egg-info/requires.txt
writing top-level names to realsense_tracker.egg-info/top_level.txt
writing manifest file 'realsense_tracker.egg-info/SOURCES.txt'
reading manifest file 'realsense_tracker.egg-info/SOURCES.txt'
writing manifest file 'realsense_tracker.egg-info/SOURCES.txt'
running build_ext
Creating /home/duy/cocarry_ws/install/realsense_tracker/lib/python3.10/site-packages/realsense-tracker.egg-link (link to .)
Installing realsense_node script to /home/duy/cocarry_ws/install/realsense_tracker/lib/realsense_tracker

Installed /home/duy/cocarry_ws/build/realsense_tracker
running symlink_data
creating /home/duy/cocarry_ws/install/realsense_tracker/share/ament_index
creating /home/duy/cocarry_ws/install/realsense_tracker/share/ament_index/resource_index
creating /home/duy/cocarry_ws/install/realsense_tracker/share/ament_index/resource_index/packages
symbolically linking /home/duy/cocarry_ws/build/realsense_tracker/resource/realsense_tracker -> /home/duy/cocarry_ws/install/realsense_tracker/share/ament_index/resource_index/packages
symbolically linking /home/duy/cocarry_ws/build/realsense_tracker/package.xml -> /home/duy/cocarry_ws/install/realsense_tracker/share/realsense_tracker
creating /home/duy/cocarry_ws/install/realsense_tracker/share/realsense_tracker/models
symbolically linking /home/duy/cocarry_ws/build/realsense_tracker/models/pose_landmarker_full.task -> /home/duy/cocarry_ws/install/realsense_tracker/share/realsense_tracker/models
