[2.771s] Invoking command in '/home/duy/cocarry_ws/build/realsense_tracker': CMAKE_PREFIX_PATH=/home/duy/cocarry_ws/install/human_hand_msgs:${CMAKE_PREFIX_PATH} LD_LIBRARY_PATH=/home/duy/cocarry_ws/install/human_hand_msgs/lib:${LD_LIBRARY_PATH} PKG_CONFIG_PATH=/home/duy/cocarry_ws/install/human_hand_msgs/lib/x86_64-linux-gnu/pkgconfig:/home/duy/cocarry_ws/install/human_hand_msgs/lib/pkgconfig PYTHONPATH=/home/duy/cocarry_ws/build/realsense_tracker/prefix_override:/usr/lib/python3/dist-packages/colcon_core/task/python/colcon_distutils_commands:/home/duy/cocarry_ws/install/realsense_tracker/lib/python3.10/site-packages:/home/duy/cocarry_ws/install/human_hand_msgs/local/lib/python3.10/dist-packages:${PYTHONPATH} ROS_PACKAGE_PATH=/home/duy/cocarry_ws/install/human_hand_msgs/share /usr/bin/python3 -W ignore:setup.py install is deprecated -W ignore:easy_install command is deprecated setup.py develop --editable --build-directory /home/duy/cocarry_ws/build/realsense_tracker/build --no-deps symlink_data
[3.374s] running develop
[4.023s] running egg_info
[4.023s] creating realsense_tracker.egg-info
[4.023s] writing realsense_tracker.egg-info/PKG-INFO
[4.024s] writing dependency_links to realsense_tracker.egg-info/dependency_links.txt
[4.024s] writing entry points to realsense_tracker.egg-info/entry_points.txt
[4.024s] writing requirements to realsense_tracker.egg-info/requires.txt
[4.024s] writing top-level names to realsense_tracker.egg-info/top_level.txt
[4.025s] writing manifest file 'realsense_tracker.egg-info/SOURCES.txt'
[4.030s] reading manifest file 'realsense_tracker.egg-info/SOURCES.txt'
[4.031s] writing manifest file 'realsense_tracker.egg-info/SOURCES.txt'
[4.036s] running build_ext
[4.036s] Creating /home/duy/cocarry_ws/install/realsense_tracker/lib/python3.10/site-packages/realsense-tracker.egg-link (link to .)
[4.036s] Installing realsense_node script to /home/duy/cocarry_ws/install/realsense_tracker/lib/realsense_tracker
[4.038s] 
[4.038s] Installed /home/duy/cocarry_ws/build/realsense_tracker
[4.038s] running symlink_data
[4.040s] creating /home/duy/cocarry_ws/install/realsense_tracker/share/ament_index
[4.040s] creating /home/duy/cocarry_ws/install/realsense_tracker/share/ament_index/resource_index
[4.040s] creating /home/duy/cocarry_ws/install/realsense_tracker/share/ament_index/resource_index/packages
[4.040s] symbolically linking /home/duy/cocarry_ws/build/realsense_tracker/resource/realsense_tracker -> /home/duy/cocarry_ws/install/realsense_tracker/share/ament_index/resource_index/packages
[4.041s] symbolically linking /home/duy/cocarry_ws/build/realsense_tracker/package.xml -> /home/duy/cocarry_ws/install/realsense_tracker/share/realsense_tracker
[4.041s] creating /home/duy/cocarry_ws/install/realsense_tracker/share/realsense_tracker/models
[4.041s] symbolically linking /home/duy/cocarry_ws/build/realsense_tracker/models/pose_landmarker_full.task -> /home/duy/cocarry_ws/install/realsense_tracker/share/realsense_tracker/models
[4.114s] Invoked command in '/home/duy/cocarry_ws/build/realsense_tracker' returned '0': CMAKE_PREFIX_PATH=/home/duy/cocarry_ws/install/human_hand_msgs:${CMAKE_PREFIX_PATH} LD_LIBRARY_PATH=/home/duy/cocarry_ws/install/human_hand_msgs/lib:${LD_LIBRARY_PATH} PKG_CONFIG_PATH=/home/duy/cocarry_ws/install/human_hand_msgs/lib/x86_64-linux-gnu/pkgconfig:/home/duy/cocarry_ws/install/human_hand_msgs/lib/pkgconfig PYTHONPATH=/home/duy/cocarry_ws/build/realsense_tracker/prefix_override:/usr/lib/python3/dist-packages/colcon_core/task/python/colcon_distutils_commands:/home/duy/cocarry_ws/install/realsense_tracker/lib/python3.10/site-packages:/home/duy/cocarry_ws/install/human_hand_msgs/local/lib/python3.10/dist-packages:${PYTHONPATH} ROS_PACKAGE_PATH=/home/duy/cocarry_ws/install/human_hand_msgs/share /usr/bin/python3 -W ignore:setup.py install is deprecated -W ignore:easy_install command is deprecated setup.py develop --editable --build-directory /home/duy/cocarry_ws/build/realsense_tracker/build --no-deps symlink_data
