[0.040s] Invoking command in '/home/duy/cocarry_ws/build/motoman_resources': CMAKE_PREFIX_PATH=/opt/ros/humble /usr/bin/cmake /home/duy/cocarry_ws/src/motoman_ros2_support_packages/motoman_resources -DAMENT_CMAKE_SYMLINK_INSTALL=1 -DCMAKE_INSTALL_PREFIX=/home/duy/cocarry_ws/install/motoman_resources
[0.060s] -- Found ament_cmake: 1.3.14 (/opt/ros/humble/share/ament_cmake/cmake)
[0.349s] -- Override CMake install command with custom implementation using symlinks instead of copying resources
[0.507s] -- Configuring done
[0.511s] -- Generating done
[0.514s] -- Build files have been written to: /home/duy/cocarry_ws/build/motoman_resources
[0.519s] Invoked command in '/home/duy/cocarry_ws/build/motoman_resources' returned '0': CMAKE_PREFIX_PATH=/opt/ros/humble /usr/bin/cmake /home/duy/cocarry_ws/src/motoman_ros2_support_packages/motoman_resources -DAMENT_CMAKE_SYMLINK_INSTALL=1 -DCMAKE_INSTALL_PREFIX=/home/duy/cocarry_ws/install/motoman_resources
[0.522s] Invoking command in '/home/duy/cocarry_ws/build/motoman_resources': CMAKE_PREFIX_PATH=/opt/ros/humble /usr/bin/cmake --build /home/duy/cocarry_ws/build/motoman_resources -- -j16 -l16
[0.602s] Invoked command in '/home/duy/cocarry_ws/build/motoman_resources' returned '0': CMAKE_PREFIX_PATH=/opt/ros/humble /usr/bin/cmake --build /home/duy/cocarry_ws/build/motoman_resources -- -j16 -l16
[0.605s] Invoking command in '/home/duy/cocarry_ws/build/motoman_resources': CMAKE_PREFIX_PATH=/opt/ros/humble /usr/bin/cmake --install /home/duy/cocarry_ws/build/motoman_resources
[0.618s] -- Install configuration: ""
[0.619s] -- Execute custom install script
[0.621s] -- Up-to-date symlink: /home/duy/cocarry_ws/install/motoman_resources/share/ament_index/resource_index/package_run_dependencies/motoman_resources
[0.622s] -- Up-to-date symlink: /home/duy/cocarry_ws/install/motoman_resources/share/ament_index/resource_index/parent_prefix_path/motoman_resources
[0.622s] -- Up-to-date symlink: /home/duy/cocarry_ws/install/motoman_resources/share/motoman_resources/environment/ament_prefix_path.sh
[0.623s] -- Up-to-date symlink: /home/duy/cocarry_ws/install/motoman_resources/share/motoman_resources/environment/ament_prefix_path.dsv
[0.623s] -- Up-to-date symlink: /home/duy/cocarry_ws/install/motoman_resources/share/motoman_resources/environment/path.sh
[0.623s] -- Up-to-date symlink: /home/duy/cocarry_ws/install/motoman_resources/share/motoman_resources/environment/path.dsv
[0.623s] -- Up-to-date symlink: /home/duy/cocarry_ws/install/motoman_resources/share/motoman_resources/local_setup.bash
[0.623s] -- Up-to-date symlink: /home/duy/cocarry_ws/install/motoman_resources/share/motoman_resources/local_setup.sh
[0.623s] -- Up-to-date symlink: /home/duy/cocarry_ws/install/motoman_resources/share/motoman_resources/local_setup.zsh
[0.623s] -- Up-to-date symlink: /home/duy/cocarry_ws/install/motoman_resources/share/motoman_resources/local_setup.dsv
[0.623s] -- Symlinking: /home/duy/cocarry_ws/install/motoman_resources/share/motoman_resources/package.dsv
[0.642s] -- Up-to-date symlink: /home/duy/cocarry_ws/install/motoman_resources/share/ament_index/resource_index/packages/motoman_resources
[0.642s] -- Up-to-date symlink: /home/duy/cocarry_ws/install/motoman_resources/share/motoman_resources/cmake/motoman_resourcesConfig.cmake
[0.643s] -- Up-to-date symlink: /home/duy/cocarry_ws/install/motoman_resources/share/motoman_resources/cmake/motoman_resourcesConfig-version.cmake
[0.643s] -- Up-to-date symlink: /home/duy/cocarry_ws/install/motoman_resources/share/motoman_resources/package.xml
[0.644s] -- Up-to-date symlink: /home/duy/cocarry_ws/install/motoman_resources/share/motoman_resources/rviz/view_robot.rviz
[0.645s] -- Up-to-date symlink: /home/duy/cocarry_ws/install/motoman_resources/share/motoman_resources/urdf/common_colors.xacro
[0.645s] -- Up-to-date symlink: /home/duy/cocarry_ws/install/motoman_resources/share/motoman_resources/urdf/common_materials.xacro
[0.650s] Invoked command in '/home/duy/cocarry_ws/build/motoman_resources' returned '0': CMAKE_PREFIX_PATH=/opt/ros/humble /usr/bin/cmake --install /home/duy/cocarry_ws/build/motoman_resources
