-- Found ament_cmake: 1.3.14 (/opt/ros/humble/share/ament_cmake/cmake)
-- Override CMake install command with custom implementation using symlinks instead of copying resources
-- Found rclcpp: 16.0.19 (/opt/ros/humble/share/rclcpp/cmake)
-- Found rosidl_generator_c: 3.1.8 (/opt/ros/humble/share/rosidl_generator_c/cmake)
-- Found rosidl_adapter: 3.1.8 (/opt/ros/humble/share/rosidl_adapter/cmake)
-- Found rosidl_generator_cpp: 3.1.8 (/opt/ros/humble/share/rosidl_generator_cpp/cmake)
-- Using all available rosidl_typesupport_c: rosidl_typesupport_fastrtps_c;rosidl_typesupport_introspection_c
-- Using all available rosidl_typesupport_cpp: rosidl_typesupport_fastrtps_cpp;rosidl_typesupport_introspection_cpp
-- Found rmw_implementation_cmake: 6.1.2 (/opt/ros/humble/share/rmw_implementation_cmake/cmake)
-- Found rmw_fastrtps_cpp: 6.2.10 (/opt/ros/humble/share/rmw_fastrtps_cpp/cmake)
-- Using RMW implementation 'rmw_fastrtps_cpp' as default
-- Found sensor_msgs: 4.9.1 (/opt/ros/humble/share/sensor_msgs/cmake)
-- Found kinect2_registration: 0.0.0 (/home/duy/cocarry_ws/install/kinect2_registration/share/kinect2_registration/cmake)
-- Found tf2: 0.25.20 (/opt/ros/humble/share/tf2/cmake)
-- Found tf2_ros: 0.25.20 (/opt/ros/humble/share/tf2_ros/cmake)
-- Found tf2_geometry_msgs: 0.25.20 (/opt/ros/humble/share/tf2_geometry_msgs/cmake)
-- Found eigen3_cmake_module: 0.1.1 (/opt/ros/humble/share/eigen3_cmake_module/cmake)
-- Ensuring Eigen3 include directory is part of orocos-kdl CMake target
-- Found ament_lint_auto: 0.12.15 (/opt/ros/humble/share/ament_lint_auto/cmake)
-- Added test 'cppcheck' to perform static code analysis on C / C++ code
-- Configured cppcheck include dirs: /home/duy/cocarry_ws/src/kinect2_ros2/kinect2_bridge/include/kinect2_bridge
-- Configured cppcheck exclude dirs and/or files: 
-- Added test 'flake8' to check Python code syntax and style conventions
-- Added test 'lint_cmake' to check CMake code style
-- Added test 'pep257' to check Python code against some of the docstring style conventions in PEP 257
-- Added test 'uncrustify' to check C / C++ code style
-- Configured uncrustify additional arguments: 
-- Added test 'xmllint' to check XML markup files
-- Configuring done
-- Generating done
-- Build files have been written to: /home/duy/cocarry_ws/build/kinect2_bridge
[35m[1mConsolidate compiler generated dependencies of target kinect2_bridge_node[0m
[100%] Built target kinect2_bridge_node
-- Install configuration: ""
-- Execute custom install script
-- Up-to-date symlink: /home/duy/cocarry_ws/install/kinect2_bridge/lib/kinect2_bridge/kinect2_bridge_node
-- Up-to-date symlink: /home/duy/cocarry_ws/install/kinect2_bridge/share/kinect2_bridge//launch/kinect2_bridge_launch.yaml
-- Up-to-date symlink: /home/duy/cocarry_ws/install/kinect2_bridge/share/kinect2_bridge//launch/rtabmap.launch.py
-- Up-to-date symlink: /home/duy/cocarry_ws/install/kinect2_bridge/include/kinect2_bridge/kinect2_definitions.h
-- Up-to-date symlink: /home/duy/cocarry_ws/install/kinect2_bridge/share/ament_index/resource_index/package_run_dependencies/kinect2_bridge
-- Up-to-date symlink: /home/duy/cocarry_ws/install/kinect2_bridge/share/ament_index/resource_index/parent_prefix_path/kinect2_bridge
-- Up-to-date symlink: /home/duy/cocarry_ws/install/kinect2_bridge/share/kinect2_bridge/environment/ament_prefix_path.sh
-- Up-to-date symlink: /home/duy/cocarry_ws/install/kinect2_bridge/share/kinect2_bridge/environment/ament_prefix_path.dsv
-- Up-to-date symlink: /home/duy/cocarry_ws/install/kinect2_bridge/share/kinect2_bridge/environment/path.sh
-- Up-to-date symlink: /home/duy/cocarry_ws/install/kinect2_bridge/share/kinect2_bridge/environment/path.dsv
-- Up-to-date symlink: /home/duy/cocarry_ws/install/kinect2_bridge/share/kinect2_bridge/local_setup.bash
-- Up-to-date symlink: /home/duy/cocarry_ws/install/kinect2_bridge/share/kinect2_bridge/local_setup.sh
-- Up-to-date symlink: /home/duy/cocarry_ws/install/kinect2_bridge/share/kinect2_bridge/local_setup.zsh
-- Up-to-date symlink: /home/duy/cocarry_ws/install/kinect2_bridge/share/kinect2_bridge/local_setup.dsv
-- Symlinking: /home/duy/cocarry_ws/install/kinect2_bridge/share/kinect2_bridge/package.dsv
-- Up-to-date symlink: /home/duy/cocarry_ws/install/kinect2_bridge/share/ament_index/resource_index/packages/kinect2_bridge
-- Up-to-date symlink: /home/duy/cocarry_ws/install/kinect2_bridge/share/kinect2_bridge/cmake/ament_cmake_export_include_directories-extras.cmake
-- Up-to-date symlink: /home/duy/cocarry_ws/install/kinect2_bridge/share/kinect2_bridge/cmake/kinect2_bridgeConfig.cmake
-- Up-to-date symlink: /home/duy/cocarry_ws/install/kinect2_bridge/share/kinect2_bridge/cmake/kinect2_bridgeConfig-version.cmake
-- Up-to-date symlink: /home/duy/cocarry_ws/install/kinect2_bridge/share/kinect2_bridge/package.xml
