[0.016s] Invoking command in '/home/duy/cocarry_ws/build/motoman_resources': CMAKE_PREFIX_PATH=/opt/ros/humble /usr/bin/cmake /home/duy/cocarry_ws/src/motoman_ros2_support_packages/motoman_resources -DCMAKE_INSTALL_PREFIX=/home/duy/cocarry_ws/install/motoman_resources
[0.030s] -- Found ament_cmake: 1.3.14 (/opt/ros/humble/share/ament_cmake/cmake)
[0.192s] -- Override CMake install command with custom implementation using symlinks instead of copying resources
[0.274s] -- Configuring done
[0.279s] -- Generating done
[0.281s] -- Build files have been written to: /home/duy/cocarry_ws/build/motoman_resources
[0.284s] Invoked command in '/home/duy/cocarry_ws/build/motoman_resources' returned '0': CMAKE_PREFIX_PATH=/opt/ros/humble /usr/bin/cmake /home/duy/cocarry_ws/src/motoman_ros2_support_packages/motoman_resources -DCMAKE_INSTALL_PREFIX=/home/duy/cocarry_ws/install/motoman_resources
[0.285s] Invoking command in '/home/duy/cocarry_ws/build/motoman_resources': CMAKE_PREFIX_PATH=/opt/ros/humble /usr/bin/cmake --build /home/duy/cocarry_ws/build/motoman_resources -- -j16 -l16
[0.327s] Invoked command in '/home/duy/cocarry_ws/build/motoman_resources' returned '0': CMAKE_PREFIX_PATH=/opt/ros/humble /usr/bin/cmake --build /home/duy/cocarry_ws/build/motoman_resources -- -j16 -l16
[0.330s] Invoking command in '/home/duy/cocarry_ws/build/motoman_resources': CMAKE_PREFIX_PATH=/opt/ros/humble /usr/bin/cmake --install /home/duy/cocarry_ws/build/motoman_resources
[0.337s] -- Install configuration: ""
[0.337s] -- Execute custom install script
[0.338s] -- Up-to-date symlink: /home/duy/cocarry_ws/install/motoman_resources/share/ament_index/resource_index/package_run_dependencies/motoman_resources
[0.338s] -- Up-to-date symlink: /home/duy/cocarry_ws/install/motoman_resources/share/ament_index/resource_index/parent_prefix_path/motoman_resources
[0.338s] -- Up-to-date symlink: /home/duy/cocarry_ws/install/motoman_resources/share/motoman_resources/environment/ament_prefix_path.sh
[0.338s] -- Up-to-date symlink: /home/duy/cocarry_ws/install/motoman_resources/share/motoman_resources/environment/ament_prefix_path.dsv
[0.338s] -- Up-to-date symlink: /home/duy/cocarry_ws/install/motoman_resources/share/motoman_resources/environment/path.sh
[0.338s] -- Up-to-date symlink: /home/duy/cocarry_ws/install/motoman_resources/share/motoman_resources/environment/path.dsv
[0.339s] -- Up-to-date symlink: /home/duy/cocarry_ws/install/motoman_resources/share/motoman_resources/local_setup.bash
[0.339s] -- Up-to-date symlink: /home/duy/cocarry_ws/install/motoman_resources/share/motoman_resources/local_setup.sh
[0.339s] -- Up-to-date symlink: /home/duy/cocarry_ws/install/motoman_resources/share/motoman_resources/local_setup.zsh
[0.339s] -- Up-to-date symlink: /home/duy/cocarry_ws/install/motoman_resources/share/motoman_resources/local_setup.dsv
[0.339s] -- Symlinking: /home/duy/cocarry_ws/install/motoman_resources/share/motoman_resources/package.dsv
[0.348s] -- Up-to-date symlink: /home/duy/cocarry_ws/install/motoman_resources/share/ament_index/resource_index/packages/motoman_resources
[0.348s] -- Up-to-date symlink: /home/duy/cocarry_ws/install/motoman_resources/share/motoman_resources/cmake/motoman_resourcesConfig.cmake
[0.348s] -- Up-to-date symlink: /home/duy/cocarry_ws/install/motoman_resources/share/motoman_resources/cmake/motoman_resourcesConfig-version.cmake
[0.348s] -- Up-to-date symlink: /home/duy/cocarry_ws/install/motoman_resources/share/motoman_resources/package.xml
[0.349s] -- Up-to-date symlink: /home/duy/cocarry_ws/install/motoman_resources/share/motoman_resources/rviz/view_robot.rviz
[0.349s] -- Up-to-date symlink: /home/duy/cocarry_ws/install/motoman_resources/share/motoman_resources/urdf/common_colors.xacro
[0.349s] -- Up-to-date symlink: /home/duy/cocarry_ws/install/motoman_resources/share/motoman_resources/urdf/common_materials.xacro
[0.352s] Invoked command in '/home/duy/cocarry_ws/build/motoman_resources' returned '0': CMAKE_PREFIX_PATH=/opt/ros/humble /usr/bin/cmake --install /home/duy/cocarry_ws/build/motoman_resources
