[0.016s] Invoking command in '/home/duy/cocarry_ws/build/motoros2_interfaces': CMAKE_PREFIX_PATH=/opt/ros/humble /usr/bin/cmake /home/duy/cocarry_ws/src/yaskawa-global/motoros2_interfaces -DCMAKE_INSTALL_PREFIX=/home/duy/cocarry_ws/install/motoros2_interfaces
[0.033s] -- Found ament_cmake: 1.3.14 (/opt/ros/humble/share/ament_cmake/cmake)
[0.181s] -- Override CMake install command with custom implementation using symlinks instead of copying resources
[0.192s] -- Found builtin_interfaces: 1.2.2 (/opt/ros/humble/share/builtin_interfaces/cmake)
[0.225s] -- Found rosidl_generator_c: 3.1.8 (/opt/ros/humble/share/rosidl_generator_c/cmake)
[0.230s] -- Found rosidl_adapter: 3.1.8 (/opt/ros/humble/share/rosidl_adapter/cmake)
[0.238s] -- Found rosidl_generator_cpp: 3.1.8 (/opt/ros/humble/share/rosidl_generator_cpp/cmake)
[0.247s] -- Using all available rosidl_typesupport_c: rosidl_typesupport_fastrtps_c;rosidl_typesupport_introspection_c
[0.261s] -- Using all available rosidl_typesupport_cpp: rosidl_typesupport_fastrtps_cpp;rosidl_typesupport_introspection_cpp
[0.272s] -- Found rosidl_default_generators: 1.2.1 (/opt/ros/humble/share/rosidl_default_generators/cmake)
[0.281s] -- Found trajectory_msgs: 4.9.1 (/opt/ros/humble/share/trajectory_msgs/cmake)
[0.335s] -- Found ament_lint_auto: 0.12.15 (/opt/ros/humble/share/ament_lint_auto/cmake)
[0.918s] -- Found ament_cmake_ros: 0.10.0 (/opt/ros/humble/share/ament_cmake_ros/cmake)
[1.500s] -- Using all available rosidl_typesupport_c: rosidl_typesupport_fastrtps_c;rosidl_typesupport_introspection_c
[1.788s] -- Using all available rosidl_typesupport_cpp: rosidl_typesupport_fastrtps_cpp;rosidl_typesupport_introspection_cpp
[1.832s] -- Found python_cmake_module: 0.10.0 (/opt/ros/humble/share/python_cmake_module/cmake)
[1.867s] -- Using PYTHON_EXECUTABLE: /usr/bin/python3
[1.867s] -- Using PYTHON_INCLUDE_DIRS: /usr/include/python3.10
[1.867s] -- Using PYTHON_LIBRARIES: /usr/lib/x86_64-linux-gnu/libpython3.10.so
[2.023s] -- Added test 'copyright' to check source files copyright and LICENSE
[2.029s] -- Added test 'lint_cmake' to check CMake code style
[2.033s] -- Added test 'xmllint' to check XML markup files
[2.041s] -- Configuring done
[2.133s] -- Generating done
[2.151s] -- Build files have been written to: /home/duy/cocarry_ws/build/motoros2_interfaces
[3.054s] Invoked command in '/home/duy/cocarry_ws/build/motoros2_interfaces' returned '0': CMAKE_PREFIX_PATH=/opt/ros/humble /usr/bin/cmake /home/duy/cocarry_ws/src/yaskawa-global/motoros2_interfaces -DCMAKE_INSTALL_PREFIX=/home/duy/cocarry_ws/install/motoros2_interfaces
[3.055s] Invoking command in '/home/duy/cocarry_ws/build/motoros2_interfaces': CMAKE_PREFIX_PATH=/opt/ros/humble /usr/bin/cmake --build /home/duy/cocarry_ws/build/motoros2_interfaces -- -j16 -l16
[3.108s] [35m[1mConsolidate compiler generated dependencies of target motoros2_interfaces__rosidl_generator_c[0m
[3.115s] [  1%] Built target motoros2_interfaces__rs
[3.121s] [  1%] Built target motoros2_interfaces__cpp
[3.126s] [  1%] Built target ament_cmake_python_symlink_motoros2_interfaces
[3.134s] [ 13%] Built target motoros2_interfaces__rosidl_generator_c
[3.149s] [35m[1mConsolidate compiler generated dependencies of target motoros2_interfaces__rosidl_typesupport_cpp[0m
[3.150s] [35m[1mConsolidate compiler generated dependencies of target motoros2_interfaces__rosidl_typesupport_introspection_cpp[0m
[3.154s] [35m[1mConsolidate compiler generated dependencies of target motoros2_interfaces__rosidl_typesupport_c[0m
[3.158s] [35m[1mConsolidate compiler generated dependencies of target motoros2_interfaces__rosidl_typesupport_fastrtps_cpp[0m
[3.163s] [35m[1mConsolidate compiler generated dependencies of target motoros2_interfaces__rosidl_typesupport_introspection_c[0m
[3.168s] [35m[1mConsolidate compiler generated dependencies of target motoros2_interfaces__rosidl_typesupport_fastrtps_c[0m
[3.181s] [ 25%] Built target motoros2_interfaces__rosidl_typesupport_c
[3.191s] [ 37%] Built target motoros2_interfaces__rosidl_typesupport_introspection_c
[3.194s] [ 49%] Built target motoros2_interfaces__rosidl_typesupport_cpp
[3.195s] [ 61%] Built target motoros2_interfaces__rosidl_typesupport_introspection_cpp
[3.208s] [ 73%] Built target motoros2_interfaces__rosidl_typesupport_fastrtps_cpp
[3.228s] [ 85%] Built target motoros2_interfaces__rosidl_typesupport_fastrtps_c
[3.256s] [ 85%] Built target motoros2_interfaces
[3.286s] [ 86%] Built target motoros2_interfaces__py
[3.309s] [35m[1mConsolidate compiler generated dependencies of target motoros2_interfaces__rosidl_generator_py[0m
[3.344s] [ 97%] Built target motoros2_interfaces__rosidl_generator_py
[3.360s] [35m[1mConsolidate compiler generated dependencies of target motoros2_interfaces__rosidl_typesupport_c__pyext[0m
[3.360s] [35m[1mConsolidate compiler generated dependencies of target motoros2_interfaces__rosidl_typesupport_introspection_c__pyext[0m
[3.360s] [35m[1mConsolidate compiler generated dependencies of target motoros2_interfaces__rosidl_typesupport_fastrtps_c__pyext[0m
[3.380s] [ 98%] Built target motoros2_interfaces__rosidl_typesupport_introspection_c__pyext
[3.382s] [100%] Built target motoros2_interfaces__rosidl_typesupport_fastrtps_c__pyext
[3.382s] [100%] Built target motoros2_interfaces__rosidl_typesupport_c__pyext
[3.506s] running egg_info
[3.506s] writing motoros2_interfaces.egg-info/PKG-INFO
[3.506s] writing dependency_links to motoros2_interfaces.egg-info/dependency_links.txt
[3.507s] writing top-level names to motoros2_interfaces.egg-info/top_level.txt
[3.509s] reading manifest file 'motoros2_interfaces.egg-info/SOURCES.txt'
[3.510s] writing manifest file 'motoros2_interfaces.egg-info/SOURCES.txt'
[3.541s] [100%] Built target ament_cmake_python_build_motoros2_interfaces_egg
[3.553s] Invoked command in '/home/duy/cocarry_ws/build/motoros2_interfaces' returned '0': CMAKE_PREFIX_PATH=/opt/ros/humble /usr/bin/cmake --build /home/duy/cocarry_ws/build/motoros2_interfaces -- -j16 -l16
[3.555s] Invoking command in '/home/duy/cocarry_ws/build/motoros2_interfaces': CMAKE_PREFIX_PATH=/opt/ros/humble /usr/bin/cmake --install /home/duy/cocarry_ws/build/motoros2_interfaces
[3.568s] -- Install configuration: ""
[3.569s] -- Execute custom install script
[3.570s] -- Up-to-date symlink: /home/duy/cocarry_ws/install/motoros2_interfaces/share/ament_index/resource_index/rosidl_interfaces/motoros2_interfaces
[3.572s] -- Up-to-date symlink: /home/duy/cocarry_ws/install/motoros2_interfaces/include/motoros2_interfaces/motoros2_interfaces/msg/alarm_cause_remedy.h
[3.572s] -- Up-to-date symlink: /home/duy/cocarry_ws/install/motoros2_interfaces/include/motoros2_interfaces/motoros2_interfaces/msg/alarm_info.h
[3.572s] -- Up-to-date symlink: /home/duy/cocarry_ws/install/motoros2_interfaces/include/motoros2_interfaces/motoros2_interfaces/msg/detail/alarm_cause_remedy__functions.h
[3.572s] -- Up-to-date symlink: /home/duy/cocarry_ws/install/motoros2_interfaces/include/motoros2_interfaces/motoros2_interfaces/msg/detail/alarm_cause_remedy__struct.h
[3.572s] -- Up-to-date symlink: /home/duy/cocarry_ws/install/motoros2_interfaces/include/motoros2_interfaces/motoros2_interfaces/msg/detail/alarm_cause_remedy__type_support.h
[3.573s] -- Up-to-date symlink: /home/duy/cocarry_ws/install/motoros2_interfaces/include/motoros2_interfaces/motoros2_interfaces/msg/detail/alarm_info__functions.h
[3.573s] -- Up-to-date symlink: /home/duy/cocarry_ws/install/motoros2_interfaces/include/motoros2_interfaces/motoros2_interfaces/msg/detail/alarm_info__struct.h
[3.573s] -- Up-to-date symlink: /home/duy/cocarry_ws/install/motoros2_interfaces/include/motoros2_interfaces/motoros2_interfaces/msg/detail/alarm_info__type_support.h
[3.573s] -- Up-to-date symlink: /home/duy/cocarry_ws/install/motoros2_interfaces/include/motoros2_interfaces/motoros2_interfaces/msg/detail/error_info__functions.h
[3.573s] -- Up-to-date symlink: /home/duy/cocarry_ws/install/motoros2_interfaces/include/motoros2_interfaces/motoros2_interfaces/msg/detail/error_info__struct.h
[3.574s] -- Up-to-date symlink: /home/duy/cocarry_ws/install/motoros2_interfaces/include/motoros2_interfaces/motoros2_interfaces/msg/detail/error_info__type_support.h
[3.574s] -- Up-to-date symlink: /home/duy/cocarry_ws/install/motoros2_interfaces/include/motoros2_interfaces/motoros2_interfaces/msg/detail/inform_job_crud_result_codes__functions.h
[3.574s] -- Up-to-date symlink: /home/duy/cocarry_ws/install/motoros2_interfaces/include/motoros2_interfaces/motoros2_interfaces/msg/detail/inform_job_crud_result_codes__struct.h
[3.574s] -- Up-to-date symlink: /home/duy/cocarry_ws/install/motoros2_interfaces/include/motoros2_interfaces/motoros2_interfaces/msg/detail/inform_job_crud_result_codes__type_support.h
[3.574s] -- Up-to-date symlink: /home/duy/cocarry_ws/install/motoros2_interfaces/include/motoros2_interfaces/motoros2_interfaces/msg/detail/init_traj_enum__functions.h
[3.575s] -- Up-to-date symlink: /home/duy/cocarry_ws/install/motoros2_interfaces/include/motoros2_interfaces/motoros2_interfaces/msg/detail/init_traj_enum__struct.h
[3.575s] -- Up-to-date symlink: /home/duy/cocarry_ws/install/motoros2_interfaces/include/motoros2_interfaces/motoros2_interfaces/msg/detail/init_traj_enum__type_support.h
[3.575s] -- Up-to-date symlink: /home/duy/cocarry_ws/install/motoros2_interfaces/include/motoros2_interfaces/motoros2_interfaces/msg/detail/io_result_codes__functions.h
[3.575s] -- Up-to-date symlink: /home/duy/cocarry_ws/install/motoros2_interfaces/include/motoros2_interfaces/motoros2_interfaces/msg/detail/io_result_codes__struct.h
[3.575s] -- Up-to-date symlink: /home/duy/cocarry_ws/install/motoros2_interfaces/include/motoros2_interfaces/motoros2_interfaces/msg/detail/io_result_codes__type_support.h
[3.575s] -- Up-to-date symlink: /home/duy/cocarry_ws/install/motoros2_interfaces/include/motoros2_interfaces/motoros2_interfaces/msg/detail/motion_ready_enum__functions.h
[3.576s] -- Up-to-date symlink: /home/duy/cocarry_ws/install/motoros2_interfaces/include/motoros2_interfaces/motoros2_interfaces/msg/detail/motion_ready_enum__struct.h
[3.576s] -- Up-to-date symlink: /home/duy/cocarry_ws/install/motoros2_interfaces/include/motoros2_interfaces/motoros2_interfaces/msg/detail/motion_ready_enum__type_support.h
[3.576s] -- Up-to-date symlink: /home/duy/cocarry_ws/install/motoros2_interfaces/include/motoros2_interfaces/motoros2_interfaces/msg/detail/queue_result_enum__functions.h
[3.576s] -- Up-to-date symlink: /home/duy/cocarry_ws/install/motoros2_interfaces/include/motoros2_interfaces/motoros2_interfaces/msg/detail/queue_result_enum__struct.h
[3.576s] -- Up-to-date symlink: /home/duy/cocarry_ws/install/motoros2_interfaces/include/motoros2_interfaces/motoros2_interfaces/msg/detail/queue_result_enum__type_support.h
[3.577s] -- Up-to-date symlink: /home/duy/cocarry_ws/install/motoros2_interfaces/include/motoros2_interfaces/motoros2_interfaces/msg/detail/selection_result_codes__functions.h
[3.577s] -- Up-to-date symlink: /home/duy/cocarry_ws/install/motoros2_interfaces/include/motoros2_interfaces/motoros2_interfaces/msg/detail/selection_result_codes__struct.h
[3.577s] -- Up-to-date symlink: /home/duy/cocarry_ws/install/motoros2_interfaces/include/motoros2_interfaces/motoros2_interfaces/msg/detail/selection_result_codes__type_support.h
[3.577s] -- Up-to-date symlink: /home/duy/cocarry_ws/install/motoros2_interfaces/include/motoros2_interfaces/motoros2_interfaces/msg/error_info.h
[3.577s] -- Up-to-date symlink: /home/duy/cocarry_ws/install/motoros2_interfaces/include/motoros2_interfaces/motoros2_interfaces/msg/inform_job_crud_result_codes.h
[3.578s] -- Up-to-date symlink: /home/duy/cocarry_ws/install/motoros2_interfaces/include/motoros2_interfaces/motoros2_interfaces/msg/init_traj_enum.h
[3.578s] -- Up-to-date symlink: /home/duy/cocarry_ws/install/motoros2_interfaces/include/motoros2_interfaces/motoros2_interfaces/msg/io_result_codes.h
[3.578s] -- Up-to-date symlink: /home/duy/cocarry_ws/install/motoros2_interfaces/include/motoros2_interfaces/motoros2_interfaces/msg/motion_ready_enum.h
[3.578s] -- Up-to-date symlink: /home/duy/cocarry_ws/install/motoros2_interfaces/include/motoros2_interfaces/motoros2_interfaces/msg/queue_result_enum.h
[3.578s] -- Up-to-date symlink: /home/duy/cocarry_ws/install/motoros2_interfaces/include/motoros2_interfaces/motoros2_interfaces/msg/rosidl_generator_c__visibility_control.h
[3.579s] -- Up-to-date symlink: /home/duy/cocarry_ws/install/motoros2_interfaces/include/motoros2_interfaces/motoros2_interfaces/msg/selection_result_codes.h
[3.579s] -- Up-to-date symlink: /home/duy/cocarry_ws/install/motoros2_interfaces/include/motoros2_interfaces/motoros2_interfaces/srv/detail/get_active_alarm_info__functions.h
[3.579s] -- Up-to-date symlink: /home/duy/cocarry_ws/install/motoros2_interfaces/include/motoros2_interfaces/motoros2_interfaces/srv/detail/get_active_alarm_info__struct.h
[3.579s] -- Up-to-date symlink: /home/duy/cocarry_ws/install/motoros2_interfaces/include/motoros2_interfaces/motoros2_interfaces/srv/detail/get_active_alarm_info__type_support.h
[3.579s] -- Up-to-date symlink: /home/duy/cocarry_ws/install/motoros2_interfaces/include/motoros2_interfaces/motoros2_interfaces/srv/detail/list_inform_jobs__functions.h
[3.579s] -- Up-to-date symlink: /home/duy/cocarry_ws/install/motoros2_interfaces/include/motoros2_interfaces/motoros2_interfaces/srv/detail/list_inform_jobs__struct.h
[3.580s] -- Up-to-date symlink: /home/duy/cocarry_ws/install/motoros2_interfaces/include/motoros2_interfaces/motoros2_interfaces/srv/detail/list_inform_jobs__type_support.h
[3.580s] -- Up-to-date symlink: /home/duy/cocarry_ws/install/motoros2_interfaces/include/motoros2_interfaces/motoros2_interfaces/srv/detail/queue_traj_point__functions.h
[3.580s] -- Up-to-date symlink: /home/duy/cocarry_ws/install/motoros2_interfaces/include/motoros2_interfaces/motoros2_interfaces/srv/detail/queue_traj_point__struct.h
[3.580s] -- Up-to-date symlink: /home/duy/cocarry_ws/install/motoros2_interfaces/include/motoros2_interfaces/motoros2_interfaces/srv/detail/queue_traj_point__type_support.h
[3.580s] -- Up-to-date symlink: /home/duy/cocarry_ws/install/motoros2_interfaces/include/motoros2_interfaces/motoros2_interfaces/srv/detail/read_group_io__functions.h
[3.580s] -- Up-to-date symlink: /home/duy/cocarry_ws/install/motoros2_interfaces/include/motoros2_interfaces/motoros2_interfaces/srv/detail/read_group_io__struct.h
[3.581s] -- Up-to-date symlink: /home/duy/cocarry_ws/install/motoros2_interfaces/include/motoros2_interfaces/motoros2_interfaces/srv/detail/read_group_io__type_support.h
[3.581s] -- Up-to-date symlink: /home/duy/cocarry_ws/install/motoros2_interfaces/include/motoros2_interfaces/motoros2_interfaces/srv/detail/read_m_register__functions.h
[3.581s] -- Up-to-date symlink: /home/duy/cocarry_ws/install/motoros2_interfaces/include/motoros2_interfaces/motoros2_interfaces/srv/detail/read_m_register__struct.h
[3.581s] -- Up-to-date symlink: /home/duy/cocarry_ws/install/motoros2_interfaces/include/motoros2_interfaces/motoros2_interfaces/srv/detail/read_m_register__type_support.h
[3.581s] -- Up-to-date symlink: /home/duy/cocarry_ws/install/motoros2_interfaces/include/motoros2_interfaces/motoros2_interfaces/srv/detail/read_single_io__functions.h
[3.581s] -- Up-to-date symlink: /home/duy/cocarry_ws/install/motoros2_interfaces/include/motoros2_interfaces/motoros2_interfaces/srv/detail/read_single_io__struct.h
[3.582s] -- Up-to-date symlink: /home/duy/cocarry_ws/install/motoros2_interfaces/include/motoros2_interfaces/motoros2_interfaces/srv/detail/read_single_io__type_support.h
[3.582s] -- Up-to-date symlink: /home/duy/cocarry_ws/install/motoros2_interfaces/include/motoros2_interfaces/motoros2_interfaces/srv/detail/reset_error__functions.h
[3.582s] -- Up-to-date symlink: /home/duy/cocarry_ws/install/motoros2_interfaces/include/motoros2_interfaces/motoros2_interfaces/srv/detail/reset_error__struct.h
[3.582s] -- Up-to-date symlink: /home/duy/cocarry_ws/install/motoros2_interfaces/include/motoros2_interfaces/motoros2_interfaces/srv/detail/reset_error__type_support.h
[3.582s] -- Up-to-date symlink: /home/duy/cocarry_ws/install/motoros2_interfaces/include/motoros2_interfaces/motoros2_interfaces/srv/detail/select_motion_tool__functions.h
[3.582s] -- Up-to-date symlink: /home/duy/cocarry_ws/install/motoros2_interfaces/include/motoros2_interfaces/motoros2_interfaces/srv/detail/select_motion_tool__struct.h
[3.583s] -- Up-to-date symlink: /home/duy/cocarry_ws/install/motoros2_interfaces/include/motoros2_interfaces/motoros2_interfaces/srv/detail/select_motion_tool__type_support.h
[3.583s] -- Up-to-date symlink: /home/duy/cocarry_ws/install/motoros2_interfaces/include/motoros2_interfaces/motoros2_interfaces/srv/detail/start_point_queue_mode__functions.h
[3.583s] -- Up-to-date symlink: /home/duy/cocarry_ws/install/motoros2_interfaces/include/motoros2_interfaces/motoros2_interfaces/srv/detail/start_point_queue_mode__struct.h
[3.583s] -- Up-to-date symlink: /home/duy/cocarry_ws/install/motoros2_interfaces/include/motoros2_interfaces/motoros2_interfaces/srv/detail/start_point_queue_mode__type_support.h
[3.583s] -- Up-to-date symlink: /home/duy/cocarry_ws/install/motoros2_interfaces/include/motoros2_interfaces/motoros2_interfaces/srv/detail/start_traj_mode__functions.h
[3.583s] -- Up-to-date symlink: /home/duy/cocarry_ws/install/motoros2_interfaces/include/motoros2_interfaces/motoros2_interfaces/srv/detail/start_traj_mode__struct.h
[3.584s] -- Up-to-date symlink: /home/duy/cocarry_ws/install/motoros2_interfaces/include/motoros2_interfaces/motoros2_interfaces/srv/detail/start_traj_mode__type_support.h
[3.584s] -- Up-to-date symlink: /home/duy/cocarry_ws/install/motoros2_interfaces/include/motoros2_interfaces/motoros2_interfaces/srv/detail/write_group_io__functions.h
[3.584s] -- Up-to-date symlink: /home/duy/cocarry_ws/install/motoros2_interfaces/include/motoros2_interfaces/motoros2_interfaces/srv/detail/write_group_io__struct.h
[3.584s] -- Up-to-date symlink: /home/duy/cocarry_ws/install/motoros2_interfaces/include/motoros2_interfaces/motoros2_interfaces/srv/detail/write_group_io__type_support.h
[3.584s] -- Up-to-date symlink: /home/duy/cocarry_ws/install/motoros2_interfaces/include/motoros2_interfaces/motoros2_interfaces/srv/detail/write_m_register__functions.h
[3.584s] -- Up-to-date symlink: /home/duy/cocarry_ws/install/motoros2_interfaces/include/motoros2_interfaces/motoros2_interfaces/srv/detail/write_m_register__struct.h
[3.585s] -- Up-to-date symlink: /home/duy/cocarry_ws/install/motoros2_interfaces/include/motoros2_interfaces/motoros2_interfaces/srv/detail/write_m_register__type_support.h
[3.585s] -- Up-to-date symlink: /home/duy/cocarry_ws/install/motoros2_interfaces/include/motoros2_interfaces/motoros2_interfaces/srv/detail/write_single_io__functions.h
[3.585s] -- Up-to-date symlink: /home/duy/cocarry_ws/install/motoros2_interfaces/include/motoros2_interfaces/motoros2_interfaces/srv/detail/write_single_io__struct.h
[3.585s] -- Up-to-date symlink: /home/duy/cocarry_ws/install/motoros2_interfaces/include/motoros2_interfaces/motoros2_interfaces/srv/detail/write_single_io__type_support.h
[3.585s] -- Up-to-date symlink: /home/duy/cocarry_ws/install/motoros2_interfaces/include/motoros2_interfaces/motoros2_interfaces/srv/get_active_alarm_info.h
[3.585s] -- Up-to-date symlink: /home/duy/cocarry_ws/install/motoros2_interfaces/include/motoros2_interfaces/motoros2_interfaces/srv/list_inform_jobs.h
[3.586s] -- Up-to-date symlink: /home/duy/cocarry_ws/install/motoros2_interfaces/include/motoros2_interfaces/motoros2_interfaces/srv/queue_traj_point.h
[3.586s] -- Up-to-date symlink: /home/duy/cocarry_ws/install/motoros2_interfaces/include/motoros2_interfaces/motoros2_interfaces/srv/read_group_io.h
[3.586s] -- Up-to-date symlink: /home/duy/cocarry_ws/install/motoros2_interfaces/include/motoros2_interfaces/motoros2_interfaces/srv/read_m_register.h
[3.586s] -- Up-to-date symlink: /home/duy/cocarry_ws/install/motoros2_interfaces/include/motoros2_interfaces/motoros2_interfaces/srv/read_single_io.h
[3.586s] -- Up-to-date symlink: /home/duy/cocarry_ws/install/motoros2_interfaces/include/motoros2_interfaces/motoros2_interfaces/srv/reset_error.h
[3.586s] -- Up-to-date symlink: /home/duy/cocarry_ws/install/motoros2_interfaces/include/motoros2_interfaces/motoros2_interfaces/srv/select_motion_tool.h
[3.586s] -- Up-to-date symlink: /home/duy/cocarry_ws/install/motoros2_interfaces/include/motoros2_interfaces/motoros2_interfaces/srv/start_point_queue_mode.h
[3.587s] -- Up-to-date symlink: /home/duy/cocarry_ws/install/motoros2_interfaces/include/motoros2_interfaces/motoros2_interfaces/srv/start_traj_mode.h
[3.587s] -- Up-to-date symlink: /home/duy/cocarry_ws/install/motoros2_interfaces/include/motoros2_interfaces/motoros2_interfaces/srv/write_group_io.h
[3.587s] -- Up-to-date symlink: /home/duy/cocarry_ws/install/motoros2_interfaces/include/motoros2_interfaces/motoros2_interfaces/srv/write_m_register.h
[3.587s] -- Up-to-date symlink: /home/duy/cocarry_ws/install/motoros2_interfaces/include/motoros2_interfaces/motoros2_interfaces/srv/write_single_io.h
[3.587s] -- Up-to-date symlink: /home/duy/cocarry_ws/install/motoros2_interfaces/share/motoros2_interfaces/environment/library_path.sh
[3.588s] -- Up-to-date symlink: /home/duy/cocarry_ws/install/motoros2_interfaces/share/motoros2_interfaces/environment/library_path.dsv
[3.589s] -- Up-to-date symlink: /home/duy/cocarry_ws/install/motoros2_interfaces/include/motoros2_interfaces/motoros2_interfaces/msg/detail/alarm_cause_remedy__rosidl_typesupport_fastrtps_c.h
[3.589s] -- Up-to-date symlink: /home/duy/cocarry_ws/install/motoros2_interfaces/include/motoros2_interfaces/motoros2_interfaces/msg/detail/alarm_info__rosidl_typesupport_fastrtps_c.h
[3.590s] -- Up-to-date symlink: /home/duy/cocarry_ws/install/motoros2_interfaces/include/motoros2_interfaces/motoros2_interfaces/msg/detail/error_info__rosidl_typesupport_fastrtps_c.h
[3.590s] -- Up-to-date symlink: /home/duy/cocarry_ws/install/motoros2_interfaces/include/motoros2_interfaces/motoros2_interfaces/msg/detail/inform_job_crud_result_codes__rosidl_typesupport_fastrtps_c.h
[3.590s] -- Up-to-date symlink: /home/duy/cocarry_ws/install/motoros2_interfaces/include/motoros2_interfaces/motoros2_interfaces/msg/detail/init_traj_enum__rosidl_typesupport_fastrtps_c.h
[3.590s] -- Up-to-date symlink: /home/duy/cocarry_ws/install/motoros2_interfaces/include/motoros2_interfaces/motoros2_interfaces/msg/detail/io_result_codes__rosidl_typesupport_fastrtps_c.h
[3.590s] -- Up-to-date symlink: /home/duy/cocarry_ws/install/motoros2_interfaces/include/motoros2_interfaces/motoros2_interfaces/msg/detail/motion_ready_enum__rosidl_typesupport_fastrtps_c.h
[3.590s] -- Up-to-date symlink: /home/duy/cocarry_ws/install/motoros2_interfaces/include/motoros2_interfaces/motoros2_interfaces/msg/detail/queue_result_enum__rosidl_typesupport_fastrtps_c.h
[3.591s] -- Up-to-date symlink: /home/duy/cocarry_ws/install/motoros2_interfaces/include/motoros2_interfaces/motoros2_interfaces/msg/detail/selection_result_codes__rosidl_typesupport_fastrtps_c.h
[3.591s] -- Up-to-date symlink: /home/duy/cocarry_ws/install/motoros2_interfaces/include/motoros2_interfaces/motoros2_interfaces/msg/rosidl_typesupport_fastrtps_c__visibility_control.h
[3.591s] -- Up-to-date symlink: /home/duy/cocarry_ws/install/motoros2_interfaces/include/motoros2_interfaces/motoros2_interfaces/srv/detail/get_active_alarm_info__rosidl_typesupport_fastrtps_c.h
[3.591s] -- Up-to-date symlink: /home/duy/cocarry_ws/install/motoros2_interfaces/include/motoros2_interfaces/motoros2_interfaces/srv/detail/list_inform_jobs__rosidl_typesupport_fastrtps_c.h
[3.591s] -- Up-to-date symlink: /home/duy/cocarry_ws/install/motoros2_interfaces/include/motoros2_interfaces/motoros2_interfaces/srv/detail/queue_traj_point__rosidl_typesupport_fastrtps_c.h
[3.591s] -- Up-to-date symlink: /home/duy/cocarry_ws/install/motoros2_interfaces/include/motoros2_interfaces/motoros2_interfaces/srv/detail/read_group_io__rosidl_typesupport_fastrtps_c.h
[3.592s] -- Up-to-date symlink: /home/duy/cocarry_ws/install/motoros2_interfaces/include/motoros2_interfaces/motoros2_interfaces/srv/detail/read_m_register__rosidl_typesupport_fastrtps_c.h
[3.592s] -- Up-to-date symlink: /home/duy/cocarry_ws/install/motoros2_interfaces/include/motoros2_interfaces/motoros2_interfaces/srv/detail/read_single_io__rosidl_typesupport_fastrtps_c.h
[3.592s] -- Up-to-date symlink: /home/duy/cocarry_ws/install/motoros2_interfaces/include/motoros2_interfaces/motoros2_interfaces/srv/detail/reset_error__rosidl_typesupport_fastrtps_c.h
[3.592s] -- Up-to-date symlink: /home/duy/cocarry_ws/install/motoros2_interfaces/include/motoros2_interfaces/motoros2_interfaces/srv/detail/select_motion_tool__rosidl_typesupport_fastrtps_c.h
[3.592s] -- Up-to-date symlink: /home/duy/cocarry_ws/install/motoros2_interfaces/include/motoros2_interfaces/motoros2_interfaces/srv/detail/start_point_queue_mode__rosidl_typesupport_fastrtps_c.h
[3.592s] -- Up-to-date symlink: /home/duy/cocarry_ws/install/motoros2_interfaces/include/motoros2_interfaces/motoros2_interfaces/srv/detail/start_traj_mode__rosidl_typesupport_fastrtps_c.h
[3.593s] -- Up-to-date symlink: /home/duy/cocarry_ws/install/motoros2_interfaces/include/motoros2_interfaces/motoros2_interfaces/srv/detail/write_group_io__rosidl_typesupport_fastrtps_c.h
[3.593s] -- Up-to-date symlink: /home/duy/cocarry_ws/install/motoros2_interfaces/include/motoros2_interfaces/motoros2_interfaces/srv/detail/write_m_register__rosidl_typesupport_fastrtps_c.h
[3.593s] -- Up-to-date symlink: /home/duy/cocarry_ws/install/motoros2_interfaces/include/motoros2_interfaces/motoros2_interfaces/srv/detail/write_single_io__rosidl_typesupport_fastrtps_c.h
[3.595s] -- Up-to-date symlink: /home/duy/cocarry_ws/install/motoros2_interfaces/include/motoros2_interfaces/motoros2_interfaces/msg/alarm_cause_remedy.hpp
[3.595s] -- Up-to-date symlink: /home/duy/cocarry_ws/install/motoros2_interfaces/include/motoros2_interfaces/motoros2_interfaces/msg/alarm_info.hpp
[3.595s] -- Up-to-date symlink: /home/duy/cocarry_ws/install/motoros2_interfaces/include/motoros2_interfaces/motoros2_interfaces/msg/detail/alarm_cause_remedy__builder.hpp
[3.595s] -- Up-to-date symlink: /home/duy/cocarry_ws/install/motoros2_interfaces/include/motoros2_interfaces/motoros2_interfaces/msg/detail/alarm_cause_remedy__struct.hpp
[3.595s] -- Up-to-date symlink: /home/duy/cocarry_ws/install/motoros2_interfaces/include/motoros2_interfaces/motoros2_interfaces/msg/detail/alarm_cause_remedy__traits.hpp
[3.596s] -- Up-to-date symlink: /home/duy/cocarry_ws/install/motoros2_interfaces/include/motoros2_interfaces/motoros2_interfaces/msg/detail/alarm_cause_remedy__type_support.hpp
[3.596s] -- Up-to-date symlink: /home/duy/cocarry_ws/install/motoros2_interfaces/include/motoros2_interfaces/motoros2_interfaces/msg/detail/alarm_info__builder.hpp
[3.596s] -- Up-to-date symlink: /home/duy/cocarry_ws/install/motoros2_interfaces/include/motoros2_interfaces/motoros2_interfaces/msg/detail/alarm_info__struct.hpp
[3.596s] -- Up-to-date symlink: /home/duy/cocarry_ws/install/motoros2_interfaces/include/motoros2_interfaces/motoros2_interfaces/msg/detail/alarm_info__traits.hpp
[3.596s] -- Up-to-date symlink: /home/duy/cocarry_ws/install/motoros2_interfaces/include/motoros2_interfaces/motoros2_interfaces/msg/detail/alarm_info__type_support.hpp
[3.597s] -- Up-to-date symlink: /home/duy/cocarry_ws/install/motoros2_interfaces/include/motoros2_interfaces/motoros2_interfaces/msg/detail/error_info__builder.hpp
[3.597s] -- Up-to-date symlink: /home/duy/cocarry_ws/install/motoros2_interfaces/include/motoros2_interfaces/motoros2_interfaces/msg/detail/error_info__struct.hpp
[3.597s] -- Up-to-date symlink: /home/duy/cocarry_ws/install/motoros2_interfaces/include/motoros2_interfaces/motoros2_interfaces/msg/detail/error_info__traits.hpp
[3.597s] -- Up-to-date symlink: /home/duy/cocarry_ws/install/motoros2_interfaces/include/motoros2_interfaces/motoros2_interfaces/msg/detail/error_info__type_support.hpp
[3.597s] -- Up-to-date symlink: /home/duy/cocarry_ws/install/motoros2_interfaces/include/motoros2_interfaces/motoros2_interfaces/msg/detail/inform_job_crud_result_codes__builder.hpp
[3.597s] -- Up-to-date symlink: /home/duy/cocarry_ws/install/motoros2_interfaces/include/motoros2_interfaces/motoros2_interfaces/msg/detail/inform_job_crud_result_codes__struct.hpp
[3.597s] -- Up-to-date symlink: /home/duy/cocarry_ws/install/motoros2_interfaces/include/motoros2_interfaces/motoros2_interfaces/msg/detail/inform_job_crud_result_codes__traits.hpp
[3.598s] -- Up-to-date symlink: /home/duy/cocarry_ws/install/motoros2_interfaces/include/motoros2_interfaces/motoros2_interfaces/msg/detail/inform_job_crud_result_codes__type_support.hpp
[3.598s] -- Up-to-date symlink: /home/duy/cocarry_ws/install/motoros2_interfaces/include/motoros2_interfaces/motoros2_interfaces/msg/detail/init_traj_enum__builder.hpp
[3.598s] -- Up-to-date symlink: /home/duy/cocarry_ws/install/motoros2_interfaces/include/motoros2_interfaces/motoros2_interfaces/msg/detail/init_traj_enum__struct.hpp
[3.598s] -- Up-to-date symlink: /home/duy/cocarry_ws/install/motoros2_interfaces/include/motoros2_interfaces/motoros2_interfaces/msg/detail/init_traj_enum__traits.hpp
[3.598s] -- Up-to-date symlink: /home/duy/cocarry_ws/install/motoros2_interfaces/include/motoros2_interfaces/motoros2_interfaces/msg/detail/init_traj_enum__type_support.hpp
[3.598s] -- Up-to-date symlink: /home/duy/cocarry_ws/install/motoros2_interfaces/include/motoros2_interfaces/motoros2_interfaces/msg/detail/io_result_codes__builder.hpp
[3.599s] -- Up-to-date symlink: /home/duy/cocarry_ws/install/motoros2_interfaces/include/motoros2_interfaces/motoros2_interfaces/msg/detail/io_result_codes__struct.hpp
[3.599s] -- Up-to-date symlink: /home/duy/cocarry_ws/install/motoros2_interfaces/include/motoros2_interfaces/motoros2_interfaces/msg/detail/io_result_codes__traits.hpp
[3.599s] -- Up-to-date symlink: /home/duy/cocarry_ws/install/motoros2_interfaces/include/motoros2_interfaces/motoros2_interfaces/msg/detail/io_result_codes__type_support.hpp
[3.599s] -- Up-to-date symlink: /home/duy/cocarry_ws/install/motoros2_interfaces/include/motoros2_interfaces/motoros2_interfaces/msg/detail/motion_ready_enum__builder.hpp
[3.599s] -- Up-to-date symlink: /home/duy/cocarry_ws/install/motoros2_interfaces/include/motoros2_interfaces/motoros2_interfaces/msg/detail/motion_ready_enum__struct.hpp
[3.599s] -- Up-to-date symlink: /home/duy/cocarry_ws/install/motoros2_interfaces/include/motoros2_interfaces/motoros2_interfaces/msg/detail/motion_ready_enum__traits.hpp
[3.600s] -- Up-to-date symlink: /home/duy/cocarry_ws/install/motoros2_interfaces/include/motoros2_interfaces/motoros2_interfaces/msg/detail/motion_ready_enum__type_support.hpp
[3.600s] -- Up-to-date symlink: /home/duy/cocarry_ws/install/motoros2_interfaces/include/motoros2_interfaces/motoros2_interfaces/msg/detail/queue_result_enum__builder.hpp
[3.600s] -- Up-to-date symlink: /home/duy/cocarry_ws/install/motoros2_interfaces/include/motoros2_interfaces/motoros2_interfaces/msg/detail/queue_result_enum__struct.hpp
[3.600s] -- Up-to-date symlink: /home/duy/cocarry_ws/install/motoros2_interfaces/include/motoros2_interfaces/motoros2_interfaces/msg/detail/queue_result_enum__traits.hpp
[3.600s] -- Up-to-date symlink: /home/duy/cocarry_ws/install/motoros2_interfaces/include/motoros2_interfaces/motoros2_interfaces/msg/detail/queue_result_enum__type_support.hpp
[3.601s] -- Up-to-date symlink: /home/duy/cocarry_ws/install/motoros2_interfaces/include/motoros2_interfaces/motoros2_interfaces/msg/detail/selection_result_codes__builder.hpp
[3.601s] -- Up-to-date symlink: /home/duy/cocarry_ws/install/motoros2_interfaces/include/motoros2_interfaces/motoros2_interfaces/msg/detail/selection_result_codes__struct.hpp
[3.601s] -- Up-to-date symlink: /home/duy/cocarry_ws/install/motoros2_interfaces/include/motoros2_interfaces/motoros2_interfaces/msg/detail/selection_result_codes__traits.hpp
[3.601s] -- Up-to-date symlink: /home/duy/cocarry_ws/install/motoros2_interfaces/include/motoros2_interfaces/motoros2_interfaces/msg/detail/selection_result_codes__type_support.hpp
[3.601s] -- Up-to-date symlink: /home/duy/cocarry_ws/install/motoros2_interfaces/include/motoros2_interfaces/motoros2_interfaces/msg/error_info.hpp
[3.602s] -- Up-to-date symlink: /home/duy/cocarry_ws/install/motoros2_interfaces/include/motoros2_interfaces/motoros2_interfaces/msg/inform_job_crud_result_codes.hpp
[3.602s] -- Up-to-date symlink: /home/duy/cocarry_ws/install/motoros2_interfaces/include/motoros2_interfaces/motoros2_interfaces/msg/init_traj_enum.hpp
[3.602s] -- Up-to-date symlink: /home/duy/cocarry_ws/install/motoros2_interfaces/include/motoros2_interfaces/motoros2_interfaces/msg/io_result_codes.hpp
[3.602s] -- Up-to-date symlink: /home/duy/cocarry_ws/install/motoros2_interfaces/include/motoros2_interfaces/motoros2_interfaces/msg/motion_ready_enum.hpp
[3.602s] -- Up-to-date symlink: /home/duy/cocarry_ws/install/motoros2_interfaces/include/motoros2_interfaces/motoros2_interfaces/msg/queue_result_enum.hpp
[3.602s] -- Up-to-date symlink: /home/duy/cocarry_ws/install/motoros2_interfaces/include/motoros2_interfaces/motoros2_interfaces/msg/rosidl_generator_cpp__visibility_control.hpp
[3.602s] -- Up-to-date symlink: /home/duy/cocarry_ws/install/motoros2_interfaces/include/motoros2_interfaces/motoros2_interfaces/msg/selection_result_codes.hpp
[3.603s] -- Up-to-date symlink: /home/duy/cocarry_ws/install/motoros2_interfaces/include/motoros2_interfaces/motoros2_interfaces/srv/detail/get_active_alarm_info__builder.hpp
[3.603s] -- Up-to-date symlink: /home/duy/cocarry_ws/install/motoros2_interfaces/include/motoros2_interfaces/motoros2_interfaces/srv/detail/get_active_alarm_info__struct.hpp
[3.603s] -- Up-to-date symlink: /home/duy/cocarry_ws/install/motoros2_interfaces/include/motoros2_interfaces/motoros2_interfaces/srv/detail/get_active_alarm_info__traits.hpp
[3.603s] -- Up-to-date symlink: /home/duy/cocarry_ws/install/motoros2_interfaces/include/motoros2_interfaces/motoros2_interfaces/srv/detail/get_active_alarm_info__type_support.hpp
[3.603s] -- Up-to-date symlink: /home/duy/cocarry_ws/install/motoros2_interfaces/include/motoros2_interfaces/motoros2_interfaces/srv/detail/list_inform_jobs__builder.hpp
[3.603s] -- Up-to-date symlink: /home/duy/cocarry_ws/install/motoros2_interfaces/include/motoros2_interfaces/motoros2_interfaces/srv/detail/list_inform_jobs__struct.hpp
[3.604s] -- Up-to-date symlink: /home/duy/cocarry_ws/install/motoros2_interfaces/include/motoros2_interfaces/motoros2_interfaces/srv/detail/list_inform_jobs__traits.hpp
[3.604s] -- Up-to-date symlink: /home/duy/cocarry_ws/install/motoros2_interfaces/include/motoros2_interfaces/motoros2_interfaces/srv/detail/list_inform_jobs__type_support.hpp
[3.604s] -- Up-to-date symlink: /home/duy/cocarry_ws/install/motoros2_interfaces/include/motoros2_interfaces/motoros2_interfaces/srv/detail/queue_traj_point__builder.hpp
[3.604s] -- Up-to-date symlink: /home/duy/cocarry_ws/install/motoros2_interfaces/include/motoros2_interfaces/motoros2_interfaces/srv/detail/queue_traj_point__struct.hpp
[3.604s] -- Up-to-date symlink: /home/duy/cocarry_ws/install/motoros2_interfaces/include/motoros2_interfaces/motoros2_interfaces/srv/detail/queue_traj_point__traits.hpp
[3.605s] -- Up-to-date symlink: /home/duy/cocarry_ws/install/motoros2_interfaces/include/motoros2_interfaces/motoros2_interfaces/srv/detail/queue_traj_point__type_support.hpp
[3.605s] -- Up-to-date symlink: /home/duy/cocarry_ws/install/motoros2_interfaces/include/motoros2_interfaces/motoros2_interfaces/srv/detail/read_group_io__builder.hpp
[3.605s] -- Up-to-date symlink: /home/duy/cocarry_ws/install/motoros2_interfaces/include/motoros2_interfaces/motoros2_interfaces/srv/detail/read_group_io__struct.hpp
[3.605s] -- Up-to-date symlink: /home/duy/cocarry_ws/install/motoros2_interfaces/include/motoros2_interfaces/motoros2_interfaces/srv/detail/read_group_io__traits.hpp
[3.605s] -- Up-to-date symlink: /home/duy/cocarry_ws/install/motoros2_interfaces/include/motoros2_interfaces/motoros2_interfaces/srv/detail/read_group_io__type_support.hpp
[3.605s] -- Up-to-date symlink: /home/duy/cocarry_ws/install/motoros2_interfaces/include/motoros2_interfaces/motoros2_interfaces/srv/detail/read_m_register__builder.hpp
[3.606s] -- Up-to-date symlink: /home/duy/cocarry_ws/install/motoros2_interfaces/include/motoros2_interfaces/motoros2_interfaces/srv/detail/read_m_register__struct.hpp
[3.606s] -- Up-to-date symlink: /home/duy/cocarry_ws/install/motoros2_interfaces/include/motoros2_interfaces/motoros2_interfaces/srv/detail/read_m_register__traits.hpp
[3.606s] -- Up-to-date symlink: /home/duy/cocarry_ws/install/motoros2_interfaces/include/motoros2_interfaces/motoros2_interfaces/srv/detail/read_m_register__type_support.hpp
[3.606s] -- Up-to-date symlink: /home/duy/cocarry_ws/install/motoros2_interfaces/include/motoros2_interfaces/motoros2_interfaces/srv/detail/read_single_io__builder.hpp
[3.606s] -- Up-to-date symlink: /home/duy/cocarry_ws/install/motoros2_interfaces/include/motoros2_interfaces/motoros2_interfaces/srv/detail/read_single_io__struct.hpp
[3.606s] -- Up-to-date symlink: /home/duy/cocarry_ws/install/motoros2_interfaces/include/motoros2_interfaces/motoros2_interfaces/srv/detail/read_single_io__traits.hpp
[3.607s] -- Up-to-date symlink: /home/duy/cocarry_ws/install/motoros2_interfaces/include/motoros2_interfaces/motoros2_interfaces/srv/detail/read_single_io__type_support.hpp
[3.607s] -- Up-to-date symlink: /home/duy/cocarry_ws/install/motoros2_interfaces/include/motoros2_interfaces/motoros2_interfaces/srv/detail/reset_error__builder.hpp
[3.607s] -- Up-to-date symlink: /home/duy/cocarry_ws/install/motoros2_interfaces/include/motoros2_interfaces/motoros2_interfaces/srv/detail/reset_error__struct.hpp
[3.607s] -- Up-to-date symlink: /home/duy/cocarry_ws/install/motoros2_interfaces/include/motoros2_interfaces/motoros2_interfaces/srv/detail/reset_error__traits.hpp
[3.607s] -- Up-to-date symlink: /home/duy/cocarry_ws/install/motoros2_interfaces/include/motoros2_interfaces/motoros2_interfaces/srv/detail/reset_error__type_support.hpp
[3.608s] -- Up-to-date symlink: /home/duy/cocarry_ws/install/motoros2_interfaces/include/motoros2_interfaces/motoros2_interfaces/srv/detail/select_motion_tool__builder.hpp
[3.608s] -- Up-to-date symlink: /home/duy/cocarry_ws/install/motoros2_interfaces/include/motoros2_interfaces/motoros2_interfaces/srv/detail/select_motion_tool__struct.hpp
[3.608s] -- Up-to-date symlink: /home/duy/cocarry_ws/install/motoros2_interfaces/include/motoros2_interfaces/motoros2_interfaces/srv/detail/select_motion_tool__traits.hpp
[3.608s] -- Up-to-date symlink: /home/duy/cocarry_ws/install/motoros2_interfaces/include/motoros2_interfaces/motoros2_interfaces/srv/detail/select_motion_tool__type_support.hpp
[3.608s] -- Up-to-date symlink: /home/duy/cocarry_ws/install/motoros2_interfaces/include/motoros2_interfaces/motoros2_interfaces/srv/detail/start_point_queue_mode__builder.hpp
[3.608s] -- Up-to-date symlink: /home/duy/cocarry_ws/install/motoros2_interfaces/include/motoros2_interfaces/motoros2_interfaces/srv/detail/start_point_queue_mode__struct.hpp
[3.609s] -- Up-to-date symlink: /home/duy/cocarry_ws/install/motoros2_interfaces/include/motoros2_interfaces/motoros2_interfaces/srv/detail/start_point_queue_mode__traits.hpp
[3.609s] -- Up-to-date symlink: /home/duy/cocarry_ws/install/motoros2_interfaces/include/motoros2_interfaces/motoros2_interfaces/srv/detail/start_point_queue_mode__type_support.hpp
[3.609s] -- Up-to-date symlink: /home/duy/cocarry_ws/install/motoros2_interfaces/include/motoros2_interfaces/motoros2_interfaces/srv/detail/start_traj_mode__builder.hpp
[3.609s] -- Up-to-date symlink: /home/duy/cocarry_ws/install/motoros2_interfaces/include/motoros2_interfaces/motoros2_interfaces/srv/detail/start_traj_mode__struct.hpp
[3.609s] -- Up-to-date symlink: /home/duy/cocarry_ws/install/motoros2_interfaces/include/motoros2_interfaces/motoros2_interfaces/srv/detail/start_traj_mode__traits.hpp
[3.610s] -- Up-to-date symlink: /home/duy/cocarry_ws/install/motoros2_interfaces/include/motoros2_interfaces/motoros2_interfaces/srv/detail/start_traj_mode__type_support.hpp
[3.610s] -- Up-to-date symlink: /home/duy/cocarry_ws/install/motoros2_interfaces/include/motoros2_interfaces/motoros2_interfaces/srv/detail/write_group_io__builder.hpp
[3.610s] -- Up-to-date symlink: /home/duy/cocarry_ws/install/motoros2_interfaces/include/motoros2_interfaces/motoros2_interfaces/srv/detail/write_group_io__struct.hpp
[3.610s] -- Up-to-date symlink: /home/duy/cocarry_ws/install/motoros2_interfaces/include/motoros2_interfaces/motoros2_interfaces/srv/detail/write_group_io__traits.hpp
[3.610s] -- Up-to-date symlink: /home/duy/cocarry_ws/install/motoros2_interfaces/include/motoros2_interfaces/motoros2_interfaces/srv/detail/write_group_io__type_support.hpp
[3.610s] -- Up-to-date symlink: /home/duy/cocarry_ws/install/motoros2_interfaces/include/motoros2_interfaces/motoros2_interfaces/srv/detail/write_m_register__builder.hpp
[3.611s] -- Up-to-date symlink: /home/duy/cocarry_ws/install/motoros2_interfaces/include/motoros2_interfaces/motoros2_interfaces/srv/detail/write_m_register__struct.hpp
[3.611s] -- Up-to-date symlink: /home/duy/cocarry_ws/install/motoros2_interfaces/include/motoros2_interfaces/motoros2_interfaces/srv/detail/write_m_register__traits.hpp
[3.611s] -- Up-to-date symlink: /home/duy/cocarry_ws/install/motoros2_interfaces/include/motoros2_interfaces/motoros2_interfaces/srv/detail/write_m_register__type_support.hpp
[3.611s] -- Up-to-date symlink: /home/duy/cocarry_ws/install/motoros2_interfaces/include/motoros2_interfaces/motoros2_interfaces/srv/detail/write_single_io__builder.hpp
[3.611s] -- Up-to-date symlink: /home/duy/cocarry_ws/install/motoros2_interfaces/include/motoros2_interfaces/motoros2_interfaces/srv/detail/write_single_io__struct.hpp
[3.612s] -- Up-to-date symlink: /home/duy/cocarry_ws/install/motoros2_interfaces/include/motoros2_interfaces/motoros2_interfaces/srv/detail/write_single_io__traits.hpp
[3.612s] -- Up-to-date symlink: /home/duy/cocarry_ws/install/motoros2_interfaces/include/motoros2_interfaces/motoros2_interfaces/srv/detail/write_single_io__type_support.hpp
[3.612s] -- Up-to-date symlink: /home/duy/cocarry_ws/install/motoros2_interfaces/include/motoros2_interfaces/motoros2_interfaces/srv/get_active_alarm_info.hpp
[3.612s] -- Up-to-date symlink: /home/duy/cocarry_ws/install/motoros2_interfaces/include/motoros2_interfaces/motoros2_interfaces/srv/list_inform_jobs.hpp
[3.612s] -- Up-to-date symlink: /home/duy/cocarry_ws/install/motoros2_interfaces/include/motoros2_interfaces/motoros2_interfaces/srv/queue_traj_point.hpp
[3.612s] -- Up-to-date symlink: /home/duy/cocarry_ws/install/motoros2_interfaces/include/motoros2_interfaces/motoros2_interfaces/srv/read_group_io.hpp
[3.613s] -- Up-to-date symlink: /home/duy/cocarry_ws/install/motoros2_interfaces/include/motoros2_interfaces/motoros2_interfaces/srv/read_m_register.hpp
[3.613s] -- Up-to-date symlink: /home/duy/cocarry_ws/install/motoros2_interfaces/include/motoros2_interfaces/motoros2_interfaces/srv/read_single_io.hpp
[3.613s] -- Up-to-date symlink: /home/duy/cocarry_ws/install/motoros2_interfaces/include/motoros2_interfaces/motoros2_interfaces/srv/reset_error.hpp
[3.613s] -- Up-to-date symlink: /home/duy/cocarry_ws/install/motoros2_interfaces/include/motoros2_interfaces/motoros2_interfaces/srv/select_motion_tool.hpp
[3.613s] -- Up-to-date symlink: /home/duy/cocarry_ws/install/motoros2_interfaces/include/motoros2_interfaces/motoros2_interfaces/srv/start_point_queue_mode.hpp
[3.613s] -- Up-to-date symlink: /home/duy/cocarry_ws/install/motoros2_interfaces/include/motoros2_interfaces/motoros2_interfaces/srv/start_traj_mode.hpp
[3.614s] -- Up-to-date symlink: /home/duy/cocarry_ws/install/motoros2_interfaces/include/motoros2_interfaces/motoros2_interfaces/srv/write_group_io.hpp
[3.614s] -- Up-to-date symlink: /home/duy/cocarry_ws/install/motoros2_interfaces/include/motoros2_interfaces/motoros2_interfaces/srv/write_m_register.hpp
[3.614s] -- Up-to-date symlink: /home/duy/cocarry_ws/install/motoros2_interfaces/include/motoros2_interfaces/motoros2_interfaces/srv/write_single_io.hpp
[3.616s] -- Up-to-date symlink: /home/duy/cocarry_ws/install/motoros2_interfaces/include/motoros2_interfaces/motoros2_interfaces/msg/detail/alarm_cause_remedy__rosidl_typesupport_fastrtps_cpp.hpp
[3.616s] -- Up-to-date symlink: /home/duy/cocarry_ws/install/motoros2_interfaces/include/motoros2_interfaces/motoros2_interfaces/msg/detail/alarm_info__rosidl_typesupport_fastrtps_cpp.hpp
[3.616s] -- Up-to-date symlink: /home/duy/cocarry_ws/install/motoros2_interfaces/include/motoros2_interfaces/motoros2_interfaces/msg/detail/error_info__rosidl_typesupport_fastrtps_cpp.hpp
[3.616s] -- Up-to-date symlink: /home/duy/cocarry_ws/install/motoros2_interfaces/include/motoros2_interfaces/motoros2_interfaces/msg/detail/inform_job_crud_result_codes__rosidl_typesupport_fastrtps_cpp.hpp
[3.616s] -- Up-to-date symlink: /home/duy/cocarry_ws/install/motoros2_interfaces/include/motoros2_interfaces/motoros2_interfaces/msg/detail/init_traj_enum__rosidl_typesupport_fastrtps_cpp.hpp
[3.617s] -- Up-to-date symlink: /home/duy/cocarry_ws/install/motoros2_interfaces/include/motoros2_interfaces/motoros2_interfaces/msg/detail/io_result_codes__rosidl_typesupport_fastrtps_cpp.hpp
[3.617s] -- Up-to-date symlink: /home/duy/cocarry_ws/install/motoros2_interfaces/include/motoros2_interfaces/motoros2_interfaces/msg/detail/motion_ready_enum__rosidl_typesupport_fastrtps_cpp.hpp
[3.617s] -- Up-to-date symlink: /home/duy/cocarry_ws/install/motoros2_interfaces/include/motoros2_interfaces/motoros2_interfaces/msg/detail/queue_result_enum__rosidl_typesupport_fastrtps_cpp.hpp
[3.617s] -- Up-to-date symlink: /home/duy/cocarry_ws/install/motoros2_interfaces/include/motoros2_interfaces/motoros2_interfaces/msg/detail/selection_result_codes__rosidl_typesupport_fastrtps_cpp.hpp
[3.617s] -- Up-to-date symlink: /home/duy/cocarry_ws/install/motoros2_interfaces/include/motoros2_interfaces/motoros2_interfaces/msg/rosidl_typesupport_fastrtps_cpp__visibility_control.h
[3.618s] -- Up-to-date symlink: /home/duy/cocarry_ws/install/motoros2_interfaces/include/motoros2_interfaces/motoros2_interfaces/srv/detail/get_active_alarm_info__rosidl_typesupport_fastrtps_cpp.hpp
[3.618s] -- Up-to-date symlink: /home/duy/cocarry_ws/install/motoros2_interfaces/include/motoros2_interfaces/motoros2_interfaces/srv/detail/list_inform_jobs__rosidl_typesupport_fastrtps_cpp.hpp
[3.618s] -- Up-to-date symlink: /home/duy/cocarry_ws/install/motoros2_interfaces/include/motoros2_interfaces/motoros2_interfaces/srv/detail/queue_traj_point__rosidl_typesupport_fastrtps_cpp.hpp
[3.618s] -- Up-to-date symlink: /home/duy/cocarry_ws/install/motoros2_interfaces/include/motoros2_interfaces/motoros2_interfaces/srv/detail/read_group_io__rosidl_typesupport_fastrtps_cpp.hpp
[3.618s] -- Up-to-date symlink: /home/duy/cocarry_ws/install/motoros2_interfaces/include/motoros2_interfaces/motoros2_interfaces/srv/detail/read_m_register__rosidl_typesupport_fastrtps_cpp.hpp
[3.618s] -- Up-to-date symlink: /home/duy/cocarry_ws/install/motoros2_interfaces/include/motoros2_interfaces/motoros2_interfaces/srv/detail/read_single_io__rosidl_typesupport_fastrtps_cpp.hpp
[3.619s] -- Up-to-date symlink: /home/duy/cocarry_ws/install/motoros2_interfaces/include/motoros2_interfaces/motoros2_interfaces/srv/detail/reset_error__rosidl_typesupport_fastrtps_cpp.hpp
[3.619s] -- Up-to-date symlink: /home/duy/cocarry_ws/install/motoros2_interfaces/include/motoros2_interfaces/motoros2_interfaces/srv/detail/select_motion_tool__rosidl_typesupport_fastrtps_cpp.hpp
[3.619s] -- Up-to-date symlink: /home/duy/cocarry_ws/install/motoros2_interfaces/include/motoros2_interfaces/motoros2_interfaces/srv/detail/start_point_queue_mode__rosidl_typesupport_fastrtps_cpp.hpp
[3.619s] -- Up-to-date symlink: /home/duy/cocarry_ws/install/motoros2_interfaces/include/motoros2_interfaces/motoros2_interfaces/srv/detail/start_traj_mode__rosidl_typesupport_fastrtps_cpp.hpp
[3.619s] -- Up-to-date symlink: /home/duy/cocarry_ws/install/motoros2_interfaces/include/motoros2_interfaces/motoros2_interfaces/srv/detail/write_group_io__rosidl_typesupport_fastrtps_cpp.hpp
[3.619s] -- Up-to-date symlink: /home/duy/cocarry_ws/install/motoros2_interfaces/include/motoros2_interfaces/motoros2_interfaces/srv/detail/write_m_register__rosidl_typesupport_fastrtps_cpp.hpp
[3.620s] -- Up-to-date symlink: /home/duy/cocarry_ws/install/motoros2_interfaces/include/motoros2_interfaces/motoros2_interfaces/srv/detail/write_single_io__rosidl_typesupport_fastrtps_cpp.hpp
[3.621s] -- Up-to-date symlink: /home/duy/cocarry_ws/install/motoros2_interfaces/include/motoros2_interfaces/motoros2_interfaces/msg/detail/alarm_cause_remedy__rosidl_typesupport_introspection_c.h
[3.621s] -- Up-to-date symlink: /home/duy/cocarry_ws/install/motoros2_interfaces/include/motoros2_interfaces/motoros2_interfaces/msg/detail/alarm_info__rosidl_typesupport_introspection_c.h
[3.621s] -- Up-to-date symlink: /home/duy/cocarry_ws/install/motoros2_interfaces/include/motoros2_interfaces/motoros2_interfaces/msg/detail/error_info__rosidl_typesupport_introspection_c.h
[3.621s] -- Up-to-date symlink: /home/duy/cocarry_ws/install/motoros2_interfaces/include/motoros2_interfaces/motoros2_interfaces/msg/detail/inform_job_crud_result_codes__rosidl_typesupport_introspection_c.h
[3.621s] -- Up-to-date symlink: /home/duy/cocarry_ws/install/motoros2_interfaces/include/motoros2_interfaces/motoros2_interfaces/msg/detail/init_traj_enum__rosidl_typesupport_introspection_c.h
[3.621s] -- Up-to-date symlink: /home/duy/cocarry_ws/install/motoros2_interfaces/include/motoros2_interfaces/motoros2_interfaces/msg/detail/io_result_codes__rosidl_typesupport_introspection_c.h
[3.621s] -- Up-to-date symlink: /home/duy/cocarry_ws/install/motoros2_interfaces/include/motoros2_interfaces/motoros2_interfaces/msg/detail/motion_ready_enum__rosidl_typesupport_introspection_c.h
[3.622s] -- Up-to-date symlink: /home/duy/cocarry_ws/install/motoros2_interfaces/include/motoros2_interfaces/motoros2_interfaces/msg/detail/queue_result_enum__rosidl_typesupport_introspection_c.h
[3.622s] -- Up-to-date symlink: /home/duy/cocarry_ws/install/motoros2_interfaces/include/motoros2_interfaces/motoros2_interfaces/msg/detail/selection_result_codes__rosidl_typesupport_introspection_c.h
[3.622s] -- Up-to-date symlink: /home/duy/cocarry_ws/install/motoros2_interfaces/include/motoros2_interfaces/motoros2_interfaces/msg/rosidl_typesupport_introspection_c__visibility_control.h
[3.622s] -- Up-to-date symlink: /home/duy/cocarry_ws/install/motoros2_interfaces/include/motoros2_interfaces/motoros2_interfaces/srv/detail/get_active_alarm_info__rosidl_typesupport_introspection_c.h
[3.622s] -- Up-to-date symlink: /home/duy/cocarry_ws/install/motoros2_interfaces/include/motoros2_interfaces/motoros2_interfaces/srv/detail/list_inform_jobs__rosidl_typesupport_introspection_c.h
[3.622s] -- Up-to-date symlink: /home/duy/cocarry_ws/install/motoros2_interfaces/include/motoros2_interfaces/motoros2_interfaces/srv/detail/queue_traj_point__rosidl_typesupport_introspection_c.h
[3.623s] -- Up-to-date symlink: /home/duy/cocarry_ws/install/motoros2_interfaces/include/motoros2_interfaces/motoros2_interfaces/srv/detail/read_group_io__rosidl_typesupport_introspection_c.h
[3.623s] -- Up-to-date symlink: /home/duy/cocarry_ws/install/motoros2_interfaces/include/motoros2_interfaces/motoros2_interfaces/srv/detail/read_m_register__rosidl_typesupport_introspection_c.h
[3.623s] -- Up-to-date symlink: /home/duy/cocarry_ws/install/motoros2_interfaces/include/motoros2_interfaces/motoros2_interfaces/srv/detail/read_single_io__rosidl_typesupport_introspection_c.h
[3.623s] -- Up-to-date symlink: /home/duy/cocarry_ws/install/motoros2_interfaces/include/motoros2_interfaces/motoros2_interfaces/srv/detail/reset_error__rosidl_typesupport_introspection_c.h
[3.623s] -- Up-to-date symlink: /home/duy/cocarry_ws/install/motoros2_interfaces/include/motoros2_interfaces/motoros2_interfaces/srv/detail/select_motion_tool__rosidl_typesupport_introspection_c.h
[3.624s] -- Up-to-date symlink: /home/duy/cocarry_ws/install/motoros2_interfaces/include/motoros2_interfaces/motoros2_interfaces/srv/detail/start_point_queue_mode__rosidl_typesupport_introspection_c.h
[3.624s] -- Up-to-date symlink: /home/duy/cocarry_ws/install/motoros2_interfaces/include/motoros2_interfaces/motoros2_interfaces/srv/detail/start_traj_mode__rosidl_typesupport_introspection_c.h
[3.624s] -- Up-to-date symlink: /home/duy/cocarry_ws/install/motoros2_interfaces/include/motoros2_interfaces/motoros2_interfaces/srv/detail/write_group_io__rosidl_typesupport_introspection_c.h
[3.624s] -- Up-to-date symlink: /home/duy/cocarry_ws/install/motoros2_interfaces/include/motoros2_interfaces/motoros2_interfaces/srv/detail/write_m_register__rosidl_typesupport_introspection_c.h
[3.624s] -- Up-to-date symlink: /home/duy/cocarry_ws/install/motoros2_interfaces/include/motoros2_interfaces/motoros2_interfaces/srv/detail/write_single_io__rosidl_typesupport_introspection_c.h
[3.625s] -- Up-to-date symlink: /home/duy/cocarry_ws/install/motoros2_interfaces/include/motoros2_interfaces/motoros2_interfaces/msg/detail/alarm_cause_remedy__rosidl_typesupport_introspection_cpp.hpp
[3.625s] -- Up-to-date symlink: /home/duy/cocarry_ws/install/motoros2_interfaces/include/motoros2_interfaces/motoros2_interfaces/msg/detail/alarm_info__rosidl_typesupport_introspection_cpp.hpp
[3.626s] -- Up-to-date symlink: /home/duy/cocarry_ws/install/motoros2_interfaces/include/motoros2_interfaces/motoros2_interfaces/msg/detail/error_info__rosidl_typesupport_introspection_cpp.hpp
[3.626s] -- Up-to-date symlink: /home/duy/cocarry_ws/install/motoros2_interfaces/include/motoros2_interfaces/motoros2_interfaces/msg/detail/inform_job_crud_result_codes__rosidl_typesupport_introspection_cpp.hpp
[3.626s] -- Up-to-date symlink: /home/duy/cocarry_ws/install/motoros2_interfaces/include/motoros2_interfaces/motoros2_interfaces/msg/detail/init_traj_enum__rosidl_typesupport_introspection_cpp.hpp
[3.626s] -- Up-to-date symlink: /home/duy/cocarry_ws/install/motoros2_interfaces/include/motoros2_interfaces/motoros2_interfaces/msg/detail/io_result_codes__rosidl_typesupport_introspection_cpp.hpp
[3.626s] -- Up-to-date symlink: /home/duy/cocarry_ws/install/motoros2_interfaces/include/motoros2_interfaces/motoros2_interfaces/msg/detail/motion_ready_enum__rosidl_typesupport_introspection_cpp.hpp
[3.626s] -- Up-to-date symlink: /home/duy/cocarry_ws/install/motoros2_interfaces/include/motoros2_interfaces/motoros2_interfaces/msg/detail/queue_result_enum__rosidl_typesupport_introspection_cpp.hpp
[3.626s] -- Up-to-date symlink: /home/duy/cocarry_ws/install/motoros2_interfaces/include/motoros2_interfaces/motoros2_interfaces/msg/detail/selection_result_codes__rosidl_typesupport_introspection_cpp.hpp
[3.627s] -- Up-to-date symlink: /home/duy/cocarry_ws/install/motoros2_interfaces/include/motoros2_interfaces/motoros2_interfaces/srv/detail/get_active_alarm_info__rosidl_typesupport_introspection_cpp.hpp
[3.627s] -- Up-to-date symlink: /home/duy/cocarry_ws/install/motoros2_interfaces/include/motoros2_interfaces/motoros2_interfaces/srv/detail/list_inform_jobs__rosidl_typesupport_introspection_cpp.hpp
[3.627s] -- Up-to-date symlink: /home/duy/cocarry_ws/install/motoros2_interfaces/include/motoros2_interfaces/motoros2_interfaces/srv/detail/queue_traj_point__rosidl_typesupport_introspection_cpp.hpp
[3.627s] -- Up-to-date symlink: /home/duy/cocarry_ws/install/motoros2_interfaces/include/motoros2_interfaces/motoros2_interfaces/srv/detail/read_group_io__rosidl_typesupport_introspection_cpp.hpp
[3.627s] -- Up-to-date symlink: /home/duy/cocarry_ws/install/motoros2_interfaces/include/motoros2_interfaces/motoros2_interfaces/srv/detail/read_m_register__rosidl_typesupport_introspection_cpp.hpp
[3.628s] -- Up-to-date symlink: /home/duy/cocarry_ws/install/motoros2_interfaces/include/motoros2_interfaces/motoros2_interfaces/srv/detail/read_single_io__rosidl_typesupport_introspection_cpp.hpp
[3.628s] -- Up-to-date symlink: /home/duy/cocarry_ws/install/motoros2_interfaces/include/motoros2_interfaces/motoros2_interfaces/srv/detail/reset_error__rosidl_typesupport_introspection_cpp.hpp
[3.628s] -- Up-to-date symlink: /home/duy/cocarry_ws/install/motoros2_interfaces/include/motoros2_interfaces/motoros2_interfaces/srv/detail/select_motion_tool__rosidl_typesupport_introspection_cpp.hpp
[3.628s] -- Up-to-date symlink: /home/duy/cocarry_ws/install/motoros2_interfaces/include/motoros2_interfaces/motoros2_interfaces/srv/detail/start_point_queue_mode__rosidl_typesupport_introspection_cpp.hpp
[3.628s] -- Up-to-date symlink: /home/duy/cocarry_ws/install/motoros2_interfaces/include/motoros2_interfaces/motoros2_interfaces/srv/detail/start_traj_mode__rosidl_typesupport_introspection_cpp.hpp
[3.628s] -- Up-to-date symlink: /home/duy/cocarry_ws/install/motoros2_interfaces/include/motoros2_interfaces/motoros2_interfaces/srv/detail/write_group_io__rosidl_typesupport_introspection_cpp.hpp
[3.629s] -- Up-to-date symlink: /home/duy/cocarry_ws/install/motoros2_interfaces/include/motoros2_interfaces/motoros2_interfaces/srv/detail/write_m_register__rosidl_typesupport_introspection_cpp.hpp
[3.629s] -- Up-to-date symlink: /home/duy/cocarry_ws/install/motoros2_interfaces/include/motoros2_interfaces/motoros2_interfaces/srv/detail/write_single_io__rosidl_typesupport_introspection_cpp.hpp
[3.629s] -- Up-to-date symlink: /home/duy/cocarry_ws/install/motoros2_interfaces/share/motoros2_interfaces/environment/pythonpath.sh
[3.629s] -- Up-to-date symlink: /home/duy/cocarry_ws/install/motoros2_interfaces/share/motoros2_interfaces/environment/pythonpath.dsv
[3.630s] -- Up-to-date symlink: /home/duy/cocarry_ws/install/motoros2_interfaces/local/lib/python3.10/dist-packages/motoros2_interfaces-0.2.0-py3.10.egg-info/PKG-INFO
[3.630s] -- Up-to-date symlink: /home/duy/cocarry_ws/install/motoros2_interfaces/local/lib/python3.10/dist-packages/motoros2_interfaces-0.2.0-py3.10.egg-info/SOURCES.txt
[3.630s] -- Up-to-date symlink: /home/duy/cocarry_ws/install/motoros2_interfaces/local/lib/python3.10/dist-packages/motoros2_interfaces-0.2.0-py3.10.egg-info/dependency_links.txt
[3.630s] -- Up-to-date symlink: /home/duy/cocarry_ws/install/motoros2_interfaces/local/lib/python3.10/dist-packages/motoros2_interfaces-0.2.0-py3.10.egg-info/top_level.txt
[3.632s] -- Up-to-date symlink: /home/duy/cocarry_ws/install/motoros2_interfaces/local/lib/python3.10/dist-packages/motoros2_interfaces/__init__.py
[3.632s] -- Up-to-date symlink: /home/duy/cocarry_ws/install/motoros2_interfaces/local/lib/python3.10/dist-packages/motoros2_interfaces/_motoros2_interfaces_s.ep.rosidl_typesupport_c.c
[3.632s] -- Up-to-date symlink: /home/duy/cocarry_ws/install/motoros2_interfaces/local/lib/python3.10/dist-packages/motoros2_interfaces/_motoros2_interfaces_s.ep.rosidl_typesupport_fastrtps_c.c
[3.633s] -- Up-to-date symlink: /home/duy/cocarry_ws/install/motoros2_interfaces/local/lib/python3.10/dist-packages/motoros2_interfaces/_motoros2_interfaces_s.ep.rosidl_typesupport_introspection_c.c
[3.633s] -- Up-to-date symlink: /home/duy/cocarry_ws/install/motoros2_interfaces/local/lib/python3.10/dist-packages/motoros2_interfaces/libmotoros2_interfaces__rosidl_generator_py.so
[3.633s] -- Up-to-date symlink: /home/duy/cocarry_ws/install/motoros2_interfaces/local/lib/python3.10/dist-packages/motoros2_interfaces/motoros2_interfaces_s__rosidl_typesupport_c.cpython-310-x86_64-linux-gnu.so
[3.633s] -- Up-to-date symlink: /home/duy/cocarry_ws/install/motoros2_interfaces/local/lib/python3.10/dist-packages/motoros2_interfaces/motoros2_interfaces_s__rosidl_typesupport_fastrtps_c.cpython-310-x86_64-linux-gnu.so
[3.633s] -- Up-to-date symlink: /home/duy/cocarry_ws/install/motoros2_interfaces/local/lib/python3.10/dist-packages/motoros2_interfaces/motoros2_interfaces_s__rosidl_typesupport_introspection_c.cpython-310-x86_64-linux-gnu.so
[3.633s] -- Up-to-date symlink: /home/duy/cocarry_ws/install/motoros2_interfaces/local/lib/python3.10/dist-packages/motoros2_interfaces/msg/__init__.py
[3.633s] -- Up-to-date symlink: /home/duy/cocarry_ws/install/motoros2_interfaces/local/lib/python3.10/dist-packages/motoros2_interfaces/msg/_alarm_cause_remedy.py
[3.634s] -- Up-to-date symlink: /home/duy/cocarry_ws/install/motoros2_interfaces/local/lib/python3.10/dist-packages/motoros2_interfaces/msg/_alarm_cause_remedy_s.c
[3.634s] -- Up-to-date symlink: /home/duy/cocarry_ws/install/motoros2_interfaces/local/lib/python3.10/dist-packages/motoros2_interfaces/msg/_alarm_info.py
[3.634s] -- Up-to-date symlink: /home/duy/cocarry_ws/install/motoros2_interfaces/local/lib/python3.10/dist-packages/motoros2_interfaces/msg/_alarm_info_s.c
[3.634s] -- Up-to-date symlink: /home/duy/cocarry_ws/install/motoros2_interfaces/local/lib/python3.10/dist-packages/motoros2_interfaces/msg/_error_info.py
[3.634s] -- Up-to-date symlink: /home/duy/cocarry_ws/install/motoros2_interfaces/local/lib/python3.10/dist-packages/motoros2_interfaces/msg/_error_info_s.c
[3.634s] -- Up-to-date symlink: /home/duy/cocarry_ws/install/motoros2_interfaces/local/lib/python3.10/dist-packages/motoros2_interfaces/msg/_inform_job_crud_result_codes.py
[3.635s] -- Up-to-date symlink: /home/duy/cocarry_ws/install/motoros2_interfaces/local/lib/python3.10/dist-packages/motoros2_interfaces/msg/_inform_job_crud_result_codes_s.c
[3.635s] -- Up-to-date symlink: /home/duy/cocarry_ws/install/motoros2_interfaces/local/lib/python3.10/dist-packages/motoros2_interfaces/msg/_init_traj_enum.py
[3.635s] -- Up-to-date symlink: /home/duy/cocarry_ws/install/motoros2_interfaces/local/lib/python3.10/dist-packages/motoros2_interfaces/msg/_init_traj_enum_s.c
[3.635s] -- Up-to-date symlink: /home/duy/cocarry_ws/install/motoros2_interfaces/local/lib/python3.10/dist-packages/motoros2_interfaces/msg/_io_result_codes.py
[3.635s] -- Up-to-date symlink: /home/duy/cocarry_ws/install/motoros2_interfaces/local/lib/python3.10/dist-packages/motoros2_interfaces/msg/_io_result_codes_s.c
[3.635s] -- Up-to-date symlink: /home/duy/cocarry_ws/install/motoros2_interfaces/local/lib/python3.10/dist-packages/motoros2_interfaces/msg/_motion_ready_enum.py
[3.636s] -- Up-to-date symlink: /home/duy/cocarry_ws/install/motoros2_interfaces/local/lib/python3.10/dist-packages/motoros2_interfaces/msg/_motion_ready_enum_s.c
[3.636s] -- Up-to-date symlink: /home/duy/cocarry_ws/install/motoros2_interfaces/local/lib/python3.10/dist-packages/motoros2_interfaces/msg/_queue_result_enum.py
[3.636s] -- Up-to-date symlink: /home/duy/cocarry_ws/install/motoros2_interfaces/local/lib/python3.10/dist-packages/motoros2_interfaces/msg/_queue_result_enum_s.c
[3.636s] -- Up-to-date symlink: /home/duy/cocarry_ws/install/motoros2_interfaces/local/lib/python3.10/dist-packages/motoros2_interfaces/msg/_selection_result_codes.py
[3.636s] -- Up-to-date symlink: /home/duy/cocarry_ws/install/motoros2_interfaces/local/lib/python3.10/dist-packages/motoros2_interfaces/msg/_selection_result_codes_s.c
[3.636s] -- Up-to-date symlink: /home/duy/cocarry_ws/install/motoros2_interfaces/local/lib/python3.10/dist-packages/motoros2_interfaces/srv/__init__.py
[3.637s] -- Up-to-date symlink: /home/duy/cocarry_ws/install/motoros2_interfaces/local/lib/python3.10/dist-packages/motoros2_interfaces/srv/_get_active_alarm_info.py
[3.637s] -- Up-to-date symlink: /home/duy/cocarry_ws/install/motoros2_interfaces/local/lib/python3.10/dist-packages/motoros2_interfaces/srv/_get_active_alarm_info_s.c
[3.637s] -- Up-to-date symlink: /home/duy/cocarry_ws/install/motoros2_interfaces/local/lib/python3.10/dist-packages/motoros2_interfaces/srv/_list_inform_jobs.py
[3.637s] -- Up-to-date symlink: /home/duy/cocarry_ws/install/motoros2_interfaces/local/lib/python3.10/dist-packages/motoros2_interfaces/srv/_list_inform_jobs_s.c
[3.637s] -- Up-to-date symlink: /home/duy/cocarry_ws/install/motoros2_interfaces/local/lib/python3.10/dist-packages/motoros2_interfaces/srv/_queue_traj_point.py
[3.638s] -- Up-to-date symlink: /home/duy/cocarry_ws/install/motoros2_interfaces/local/lib/python3.10/dist-packages/motoros2_interfaces/srv/_queue_traj_point_s.c
[3.638s] -- Up-to-date symlink: /home/duy/cocarry_ws/install/motoros2_interfaces/local/lib/python3.10/dist-packages/motoros2_interfaces/srv/_read_group_io.py
[3.638s] -- Up-to-date symlink: /home/duy/cocarry_ws/install/motoros2_interfaces/local/lib/python3.10/dist-packages/motoros2_interfaces/srv/_read_group_io_s.c
[3.638s] -- Up-to-date symlink: /home/duy/cocarry_ws/install/motoros2_interfaces/local/lib/python3.10/dist-packages/motoros2_interfaces/srv/_read_m_register.py
[3.638s] -- Up-to-date symlink: /home/duy/cocarry_ws/install/motoros2_interfaces/local/lib/python3.10/dist-packages/motoros2_interfaces/srv/_read_m_register_s.c
[3.638s] -- Up-to-date symlink: /home/duy/cocarry_ws/install/motoros2_interfaces/local/lib/python3.10/dist-packages/motoros2_interfaces/srv/_read_single_io.py
[3.639s] -- Up-to-date symlink: /home/duy/cocarry_ws/install/motoros2_interfaces/local/lib/python3.10/dist-packages/motoros2_interfaces/srv/_read_single_io_s.c
[3.639s] -- Up-to-date symlink: /home/duy/cocarry_ws/install/motoros2_interfaces/local/lib/python3.10/dist-packages/motoros2_interfaces/srv/_reset_error.py
[3.639s] -- Up-to-date symlink: /home/duy/cocarry_ws/install/motoros2_interfaces/local/lib/python3.10/dist-packages/motoros2_interfaces/srv/_reset_error_s.c
[3.639s] -- Up-to-date symlink: /home/duy/cocarry_ws/install/motoros2_interfaces/local/lib/python3.10/dist-packages/motoros2_interfaces/srv/_select_motion_tool.py
[3.639s] -- Up-to-date symlink: /home/duy/cocarry_ws/install/motoros2_interfaces/local/lib/python3.10/dist-packages/motoros2_interfaces/srv/_select_motion_tool_s.c
[3.639s] -- Up-to-date symlink: /home/duy/cocarry_ws/install/motoros2_interfaces/local/lib/python3.10/dist-packages/motoros2_interfaces/srv/_start_point_queue_mode.py
[3.640s] -- Up-to-date symlink: /home/duy/cocarry_ws/install/motoros2_interfaces/local/lib/python3.10/dist-packages/motoros2_interfaces/srv/_start_point_queue_mode_s.c
[3.640s] -- Up-to-date symlink: /home/duy/cocarry_ws/install/motoros2_interfaces/local/lib/python3.10/dist-packages/motoros2_interfaces/srv/_start_traj_mode.py
[3.640s] -- Up-to-date symlink: /home/duy/cocarry_ws/install/motoros2_interfaces/local/lib/python3.10/dist-packages/motoros2_interfaces/srv/_start_traj_mode_s.c
[3.640s] -- Up-to-date symlink: /home/duy/cocarry_ws/install/motoros2_interfaces/local/lib/python3.10/dist-packages/motoros2_interfaces/srv/_write_group_io.py
[3.640s] -- Up-to-date symlink: /home/duy/cocarry_ws/install/motoros2_interfaces/local/lib/python3.10/dist-packages/motoros2_interfaces/srv/_write_group_io_s.c
[3.640s] -- Up-to-date symlink: /home/duy/cocarry_ws/install/motoros2_interfaces/local/lib/python3.10/dist-packages/motoros2_interfaces/srv/_write_m_register.py
[3.641s] -- Up-to-date symlink: /home/duy/cocarry_ws/install/motoros2_interfaces/local/lib/python3.10/dist-packages/motoros2_interfaces/srv/_write_m_register_s.c
[3.641s] -- Up-to-date symlink: /home/duy/cocarry_ws/install/motoros2_interfaces/local/lib/python3.10/dist-packages/motoros2_interfaces/srv/_write_single_io.py
[3.641s] -- Up-to-date symlink: /home/duy/cocarry_ws/install/motoros2_interfaces/local/lib/python3.10/dist-packages/motoros2_interfaces/srv/_write_single_io_s.c
[3.642s] -- Up-to-date symlink: /home/duy/cocarry_ws/install/motoros2_interfaces/local/lib/python3.10/dist-packages/motoros2_interfaces/motoros2_interfaces_s__rosidl_typesupport_fastrtps_c.cpython-310-x86_64-linux-gnu.so
[3.642s] -- Up-to-date symlink: /home/duy/cocarry_ws/install/motoros2_interfaces/local/lib/python3.10/dist-packages/motoros2_interfaces/motoros2_interfaces_s__rosidl_typesupport_introspection_c.cpython-310-x86_64-linux-gnu.so
[3.645s] -- Up-to-date symlink: /home/duy/cocarry_ws/install/motoros2_interfaces/local/lib/python3.10/dist-packages/motoros2_interfaces/motoros2_interfaces_s__rosidl_typesupport_c.cpython-310-x86_64-linux-gnu.so
[3.645s] -- Up-to-date symlink: /home/duy/cocarry_ws/install/motoros2_interfaces/share/ament_index/resource_index/rust_packages/motoros2_interfaces
[3.646s] -- Up-to-date symlink: /home/duy/cocarry_ws/install/motoros2_interfaces/share/motoros2_interfaces/rust/Cargo.toml
[3.646s] -- Up-to-date symlink: /home/duy/cocarry_ws/install/motoros2_interfaces/share/motoros2_interfaces/rust/build.rs
[3.647s] -- Up-to-date symlink: /home/duy/cocarry_ws/install/motoros2_interfaces/share/motoros2_interfaces/rust/src/lib.rs
[3.647s] -- Up-to-date symlink: /home/duy/cocarry_ws/install/motoros2_interfaces/share/motoros2_interfaces/rust/src/msg.rs
[3.647s] -- Up-to-date symlink: /home/duy/cocarry_ws/install/motoros2_interfaces/share/motoros2_interfaces/rust/src/msg/rmw.rs
[3.647s] -- Up-to-date symlink: /home/duy/cocarry_ws/install/motoros2_interfaces/share/motoros2_interfaces/rust/src/srv.rs
[3.647s] -- Up-to-date symlink: /home/duy/cocarry_ws/install/motoros2_interfaces/share/motoros2_interfaces/rust/src/srv/rmw.rs
[3.647s] -- Up-to-date symlink: /home/duy/cocarry_ws/install/motoros2_interfaces/share/motoros2_interfaces/msg/AlarmInfo.idl
[3.647s] -- Up-to-date symlink: /home/duy/cocarry_ws/install/motoros2_interfaces/share/motoros2_interfaces/msg/AlarmCauseRemedy.idl
[3.647s] -- Up-to-date symlink: /home/duy/cocarry_ws/install/motoros2_interfaces/share/motoros2_interfaces/msg/ErrorInfo.idl
[3.648s] -- Up-to-date symlink: /home/duy/cocarry_ws/install/motoros2_interfaces/share/motoros2_interfaces/msg/InformJobCrudResultCodes.idl
[3.648s] -- Up-to-date symlink: /home/duy/cocarry_ws/install/motoros2_interfaces/share/motoros2_interfaces/msg/InitTrajEnum.idl
[3.648s] -- Up-to-date symlink: /home/duy/cocarry_ws/install/motoros2_interfaces/share/motoros2_interfaces/msg/IoResultCodes.idl
[3.648s] -- Up-to-date symlink: /home/duy/cocarry_ws/install/motoros2_interfaces/share/motoros2_interfaces/msg/MotionReadyEnum.idl
[3.648s] -- Up-to-date symlink: /home/duy/cocarry_ws/install/motoros2_interfaces/share/motoros2_interfaces/msg/QueueResultEnum.idl
[3.648s] -- Up-to-date symlink: /home/duy/cocarry_ws/install/motoros2_interfaces/share/motoros2_interfaces/msg/SelectionResultCodes.idl
[3.648s] -- Up-to-date symlink: /home/duy/cocarry_ws/install/motoros2_interfaces/share/motoros2_interfaces/srv/GetActiveAlarmInfo.idl
[3.649s] -- Up-to-date symlink: /home/duy/cocarry_ws/install/motoros2_interfaces/share/motoros2_interfaces/srv/ListInformJobs.idl
[3.649s] -- Up-to-date symlink: /home/duy/cocarry_ws/install/motoros2_interfaces/share/motoros2_interfaces/srv/QueueTrajPoint.idl
[3.649s] -- Up-to-date symlink: /home/duy/cocarry_ws/install/motoros2_interfaces/share/motoros2_interfaces/srv/ReadMRegister.idl
[3.649s] -- Up-to-date symlink: /home/duy/cocarry_ws/install/motoros2_interfaces/share/motoros2_interfaces/srv/ReadSingleIO.idl
[3.649s] -- Up-to-date symlink: /home/duy/cocarry_ws/install/motoros2_interfaces/share/motoros2_interfaces/srv/ReadGroupIO.idl
[3.649s] -- Up-to-date symlink: /home/duy/cocarry_ws/install/motoros2_interfaces/share/motoros2_interfaces/srv/ResetError.idl
[3.649s] -- Up-to-date symlink: /home/duy/cocarry_ws/install/motoros2_interfaces/share/motoros2_interfaces/srv/SelectMotionTool.idl
[3.650s] -- Up-to-date symlink: /home/duy/cocarry_ws/install/motoros2_interfaces/share/motoros2_interfaces/srv/StartTrajMode.idl
[3.650s] -- Up-to-date symlink: /home/duy/cocarry_ws/install/motoros2_interfaces/share/motoros2_interfaces/srv/StartPointQueueMode.idl
[3.650s] -- Up-to-date symlink: /home/duy/cocarry_ws/install/motoros2_interfaces/share/motoros2_interfaces/srv/WriteMRegister.idl
[3.650s] -- Up-to-date symlink: /home/duy/cocarry_ws/install/motoros2_interfaces/share/motoros2_interfaces/srv/WriteSingleIO.idl
[3.650s] -- Up-to-date symlink: /home/duy/cocarry_ws/install/motoros2_interfaces/share/motoros2_interfaces/srv/WriteGroupIO.idl
[3.650s] -- Up-to-date symlink: /home/duy/cocarry_ws/install/motoros2_interfaces/share/motoros2_interfaces/msg/AlarmInfo.msg
[3.650s] -- Up-to-date symlink: /home/duy/cocarry_ws/install/motoros2_interfaces/share/motoros2_interfaces/msg/AlarmCauseRemedy.msg
[3.651s] -- Up-to-date symlink: /home/duy/cocarry_ws/install/motoros2_interfaces/share/motoros2_interfaces/msg/ErrorInfo.msg
[3.651s] -- Up-to-date symlink: /home/duy/cocarry_ws/install/motoros2_interfaces/share/motoros2_interfaces/msg/InformJobCrudResultCodes.msg
[3.651s] -- Up-to-date symlink: /home/duy/cocarry_ws/install/motoros2_interfaces/share/motoros2_interfaces/msg/InitTrajEnum.msg
[3.651s] -- Up-to-date symlink: /home/duy/cocarry_ws/install/motoros2_interfaces/share/motoros2_interfaces/msg/IoResultCodes.msg
[3.651s] -- Up-to-date symlink: /home/duy/cocarry_ws/install/motoros2_interfaces/share/motoros2_interfaces/msg/MotionReadyEnum.msg
[3.651s] -- Up-to-date symlink: /home/duy/cocarry_ws/install/motoros2_interfaces/share/motoros2_interfaces/msg/QueueResultEnum.msg
[3.651s] -- Up-to-date symlink: /home/duy/cocarry_ws/install/motoros2_interfaces/share/motoros2_interfaces/msg/SelectionResultCodes.msg
[3.652s] -- Up-to-date symlink: /home/duy/cocarry_ws/install/motoros2_interfaces/share/motoros2_interfaces/srv/GetActiveAlarmInfo.srv
[3.652s] -- Up-to-date symlink: /home/duy/cocarry_ws/install/motoros2_interfaces/share/motoros2_interfaces/srv/GetActiveAlarmInfo_Request.msg
[3.652s] -- Up-to-date symlink: /home/duy/cocarry_ws/install/motoros2_interfaces/share/motoros2_interfaces/srv/GetActiveAlarmInfo_Response.msg
[3.652s] -- Up-to-date symlink: /home/duy/cocarry_ws/install/motoros2_interfaces/share/motoros2_interfaces/srv/ListInformJobs.srv
[3.652s] -- Up-to-date symlink: /home/duy/cocarry_ws/install/motoros2_interfaces/share/motoros2_interfaces/srv/ListInformJobs_Request.msg
[3.652s] -- Up-to-date symlink: /home/duy/cocarry_ws/install/motoros2_interfaces/share/motoros2_interfaces/srv/ListInformJobs_Response.msg
[3.652s] -- Up-to-date symlink: /home/duy/cocarry_ws/install/motoros2_interfaces/share/motoros2_interfaces/srv/QueueTrajPoint.srv
[3.653s] -- Up-to-date symlink: /home/duy/cocarry_ws/install/motoros2_interfaces/share/motoros2_interfaces/srv/QueueTrajPoint_Request.msg
[3.653s] -- Up-to-date symlink: /home/duy/cocarry_ws/install/motoros2_interfaces/share/motoros2_interfaces/srv/QueueTrajPoint_Response.msg
[3.653s] -- Up-to-date symlink: /home/duy/cocarry_ws/install/motoros2_interfaces/share/motoros2_interfaces/srv/ReadMRegister.srv
[3.653s] -- Up-to-date symlink: /home/duy/cocarry_ws/install/motoros2_interfaces/share/motoros2_interfaces/srv/ReadMRegister_Request.msg
[3.653s] -- Up-to-date symlink: /home/duy/cocarry_ws/install/motoros2_interfaces/share/motoros2_interfaces/srv/ReadMRegister_Response.msg
[3.654s] -- Up-to-date symlink: /home/duy/cocarry_ws/install/motoros2_interfaces/share/motoros2_interfaces/srv/ReadSingleIO.srv
[3.654s] -- Up-to-date symlink: /home/duy/cocarry_ws/install/motoros2_interfaces/share/motoros2_interfaces/srv/ReadSingleIO_Request.msg
[3.654s] -- Up-to-date symlink: /home/duy/cocarry_ws/install/motoros2_interfaces/share/motoros2_interfaces/srv/ReadSingleIO_Response.msg
[3.654s] -- Up-to-date symlink: /home/duy/cocarry_ws/install/motoros2_interfaces/share/motoros2_interfaces/srv/ReadGroupIO.srv
[3.654s] -- Up-to-date symlink: /home/duy/cocarry_ws/install/motoros2_interfaces/share/motoros2_interfaces/srv/ReadGroupIO_Request.msg
[3.655s] -- Up-to-date symlink: /home/duy/cocarry_ws/install/motoros2_interfaces/share/motoros2_interfaces/srv/ReadGroupIO_Response.msg
[3.655s] -- Up-to-date symlink: /home/duy/cocarry_ws/install/motoros2_interfaces/share/motoros2_interfaces/srv/ResetError.srv
[3.655s] -- Up-to-date symlink: /home/duy/cocarry_ws/install/motoros2_interfaces/share/motoros2_interfaces/srv/ResetError_Request.msg
[3.655s] -- Up-to-date symlink: /home/duy/cocarry_ws/install/motoros2_interfaces/share/motoros2_interfaces/srv/ResetError_Response.msg
[3.656s] -- Up-to-date symlink: /home/duy/cocarry_ws/install/motoros2_interfaces/share/motoros2_interfaces/srv/SelectMotionTool.srv
[3.656s] -- Up-to-date symlink: /home/duy/cocarry_ws/install/motoros2_interfaces/share/motoros2_interfaces/srv/SelectMotionTool_Request.msg
[3.656s] -- Up-to-date symlink: /home/duy/cocarry_ws/install/motoros2_interfaces/share/motoros2_interfaces/srv/SelectMotionTool_Response.msg
[3.656s] -- Up-to-date symlink: /home/duy/cocarry_ws/install/motoros2_interfaces/share/motoros2_interfaces/srv/StartTrajMode.srv
[3.656s] -- Up-to-date symlink: /home/duy/cocarry_ws/install/motoros2_interfaces/share/motoros2_interfaces/srv/StartTrajMode_Request.msg
[3.657s] -- Up-to-date symlink: /home/duy/cocarry_ws/install/motoros2_interfaces/share/motoros2_interfaces/srv/StartTrajMode_Response.msg
[3.657s] -- Up-to-date symlink: /home/duy/cocarry_ws/install/motoros2_interfaces/share/motoros2_interfaces/srv/StartPointQueueMode.srv
[3.657s] -- Up-to-date symlink: /home/duy/cocarry_ws/install/motoros2_interfaces/share/motoros2_interfaces/srv/StartPointQueueMode_Request.msg
[3.657s] -- Up-to-date symlink: /home/duy/cocarry_ws/install/motoros2_interfaces/share/motoros2_interfaces/srv/StartPointQueueMode_Response.msg
[3.657s] -- Up-to-date symlink: /home/duy/cocarry_ws/install/motoros2_interfaces/share/motoros2_interfaces/srv/WriteMRegister.srv
[3.658s] -- Up-to-date symlink: /home/duy/cocarry_ws/install/motoros2_interfaces/share/motoros2_interfaces/srv/WriteMRegister_Request.msg
[3.658s] -- Up-to-date symlink: /home/duy/cocarry_ws/install/motoros2_interfaces/share/motoros2_interfaces/srv/WriteMRegister_Response.msg
[3.658s] -- Up-to-date symlink: /home/duy/cocarry_ws/install/motoros2_interfaces/share/motoros2_interfaces/srv/WriteSingleIO.srv
[3.658s] -- Up-to-date symlink: /home/duy/cocarry_ws/install/motoros2_interfaces/share/motoros2_interfaces/srv/WriteSingleIO_Request.msg
[3.659s] -- Up-to-date symlink: /home/duy/cocarry_ws/install/motoros2_interfaces/share/motoros2_interfaces/srv/WriteSingleIO_Response.msg
[3.659s] -- Up-to-date symlink: /home/duy/cocarry_ws/install/motoros2_interfaces/share/motoros2_interfaces/srv/WriteGroupIO.srv
[3.659s] -- Up-to-date symlink: /home/duy/cocarry_ws/install/motoros2_interfaces/share/motoros2_interfaces/srv/WriteGroupIO_Request.msg
[3.659s] -- Up-to-date symlink: /home/duy/cocarry_ws/install/motoros2_interfaces/share/motoros2_interfaces/srv/WriteGroupIO_Response.msg
[3.659s] -- Up-to-date symlink: /home/duy/cocarry_ws/install/motoros2_interfaces/share/ament_index/resource_index/package_run_dependencies/motoros2_interfaces
[3.660s] -- Up-to-date symlink: /home/duy/cocarry_ws/install/motoros2_interfaces/share/ament_index/resource_index/parent_prefix_path/motoros2_interfaces
[3.660s] -- Up-to-date symlink: /home/duy/cocarry_ws/install/motoros2_interfaces/share/motoros2_interfaces/environment/ament_prefix_path.sh
[3.660s] -- Up-to-date symlink: /home/duy/cocarry_ws/install/motoros2_interfaces/share/motoros2_interfaces/environment/ament_prefix_path.dsv
[3.660s] -- Up-to-date symlink: /home/duy/cocarry_ws/install/motoros2_interfaces/share/motoros2_interfaces/environment/path.sh
[3.661s] -- Up-to-date symlink: /home/duy/cocarry_ws/install/motoros2_interfaces/share/motoros2_interfaces/environment/path.dsv
[3.661s] -- Up-to-date symlink: /home/duy/cocarry_ws/install/motoros2_interfaces/share/motoros2_interfaces/local_setup.bash
[3.661s] -- Up-to-date symlink: /home/duy/cocarry_ws/install/motoros2_interfaces/share/motoros2_interfaces/local_setup.sh
[3.661s] -- Up-to-date symlink: /home/duy/cocarry_ws/install/motoros2_interfaces/share/motoros2_interfaces/local_setup.zsh
[3.661s] -- Up-to-date symlink: /home/duy/cocarry_ws/install/motoros2_interfaces/share/motoros2_interfaces/local_setup.dsv
[3.662s] -- Symlinking: /home/duy/cocarry_ws/install/motoros2_interfaces/share/motoros2_interfaces/package.dsv
[3.676s] -- Up-to-date symlink: /home/duy/cocarry_ws/install/motoros2_interfaces/share/ament_index/resource_index/packages/motoros2_interfaces
[3.676s] -- Up-to-date symlink: /home/duy/cocarry_ws/install/motoros2_interfaces/share/motoros2_interfaces/cmake/rosidl_cmake-extras.cmake
[3.677s] -- Up-to-date symlink: /home/duy/cocarry_ws/install/motoros2_interfaces/share/motoros2_interfaces/cmake/ament_cmake_export_dependencies-extras.cmake
[3.677s] -- Up-to-date symlink: /home/duy/cocarry_ws/install/motoros2_interfaces/share/motoros2_interfaces/cmake/ament_cmake_export_include_directories-extras.cmake
[3.678s] -- Up-to-date symlink: /home/duy/cocarry_ws/install/motoros2_interfaces/share/motoros2_interfaces/cmake/ament_cmake_export_libraries-extras.cmake
[3.678s] -- Up-to-date symlink: /home/duy/cocarry_ws/install/motoros2_interfaces/share/motoros2_interfaces/cmake/ament_cmake_export_targets-extras.cmake
[3.679s] -- Up-to-date symlink: /home/duy/cocarry_ws/install/motoros2_interfaces/share/motoros2_interfaces/cmake/rosidl_cmake_export_typesupport_targets-extras.cmake
[3.679s] -- Up-to-date symlink: /home/duy/cocarry_ws/install/motoros2_interfaces/share/motoros2_interfaces/cmake/rosidl_cmake_export_typesupport_libraries-extras.cmake
[3.679s] -- Up-to-date symlink: /home/duy/cocarry_ws/install/motoros2_interfaces/share/motoros2_interfaces/cmake/motoros2_interfacesConfig.cmake
[3.679s] -- Up-to-date symlink: /home/duy/cocarry_ws/install/motoros2_interfaces/share/motoros2_interfaces/cmake/motoros2_interfacesConfig-version.cmake
[3.679s] -- Up-to-date symlink: /home/duy/cocarry_ws/install/motoros2_interfaces/share/motoros2_interfaces/package.xml
[3.680s] -- Up-to-date: /home/duy/cocarry_ws/install/motoros2_interfaces/lib/libmotoros2_interfaces__rosidl_generator_c.so
[3.681s] -- Up-to-date: /home/duy/cocarry_ws/install/motoros2_interfaces/lib/libmotoros2_interfaces__rosidl_typesupport_fastrtps_c.so
[3.681s] -- Up-to-date: /home/duy/cocarry_ws/install/motoros2_interfaces/lib/libmotoros2_interfaces__rosidl_typesupport_fastrtps_cpp.so
[3.681s] -- Up-to-date: /home/duy/cocarry_ws/install/motoros2_interfaces/lib/libmotoros2_interfaces__rosidl_typesupport_introspection_c.so
[3.681s] -- Up-to-date: /home/duy/cocarry_ws/install/motoros2_interfaces/lib/libmotoros2_interfaces__rosidl_typesupport_c.so
[3.682s] -- Up-to-date: /home/duy/cocarry_ws/install/motoros2_interfaces/lib/libmotoros2_interfaces__rosidl_typesupport_introspection_cpp.so
[3.685s] -- Up-to-date: /home/duy/cocarry_ws/install/motoros2_interfaces/lib/libmotoros2_interfaces__rosidl_typesupport_cpp.so
[3.715s] Listing '/home/duy/cocarry_ws/install/motoros2_interfaces/local/lib/python3.10/dist-packages/motoros2_interfaces'...
[3.716s] Compiling '/home/duy/cocarry_ws/install/motoros2_interfaces/local/lib/python3.10/dist-packages/motoros2_interfaces/__init__.py'...
[3.716s] Listing '/home/duy/cocarry_ws/install/motoros2_interfaces/local/lib/python3.10/dist-packages/motoros2_interfaces/msg'...
[3.716s] Listing '/home/duy/cocarry_ws/install/motoros2_interfaces/local/lib/python3.10/dist-packages/motoros2_interfaces/srv'...
[3.721s] -- Up-to-date: /home/duy/cocarry_ws/install/motoros2_interfaces/lib/libmotoros2_interfaces__rosidl_generator_py.so
[3.722s] -- Up-to-date: /home/duy/cocarry_ws/install/motoros2_interfaces/share/motoros2_interfaces/cmake/export_motoros2_interfaces__rosidl_generator_cExport.cmake
[3.722s] -- Up-to-date: /home/duy/cocarry_ws/install/motoros2_interfaces/share/motoros2_interfaces/cmake/export_motoros2_interfaces__rosidl_generator_cExport-noconfig.cmake
[3.722s] -- Up-to-date: /home/duy/cocarry_ws/install/motoros2_interfaces/share/motoros2_interfaces/cmake/export_motoros2_interfaces__rosidl_typesupport_fastrtps_cExport.cmake
[3.722s] -- Up-to-date: /home/duy/cocarry_ws/install/motoros2_interfaces/share/motoros2_interfaces/cmake/export_motoros2_interfaces__rosidl_typesupport_fastrtps_cExport-noconfig.cmake
[3.722s] -- Up-to-date: /home/duy/cocarry_ws/install/motoros2_interfaces/share/motoros2_interfaces/cmake/export_motoros2_interfaces__rosidl_generator_cppExport.cmake
[3.722s] -- Up-to-date: /home/duy/cocarry_ws/install/motoros2_interfaces/share/motoros2_interfaces/cmake/export_motoros2_interfaces__rosidl_typesupport_fastrtps_cppExport.cmake
[3.723s] -- Up-to-date: /home/duy/cocarry_ws/install/motoros2_interfaces/share/motoros2_interfaces/cmake/export_motoros2_interfaces__rosidl_typesupport_fastrtps_cppExport-noconfig.cmake
[3.723s] -- Up-to-date: /home/duy/cocarry_ws/install/motoros2_interfaces/share/motoros2_interfaces/cmake/motoros2_interfaces__rosidl_typesupport_introspection_cExport.cmake
[3.723s] -- Up-to-date: /home/duy/cocarry_ws/install/motoros2_interfaces/share/motoros2_interfaces/cmake/motoros2_interfaces__rosidl_typesupport_introspection_cExport-noconfig.cmake
[3.723s] -- Up-to-date: /home/duy/cocarry_ws/install/motoros2_interfaces/share/motoros2_interfaces/cmake/motoros2_interfaces__rosidl_typesupport_cExport.cmake
[3.723s] -- Up-to-date: /home/duy/cocarry_ws/install/motoros2_interfaces/share/motoros2_interfaces/cmake/motoros2_interfaces__rosidl_typesupport_cExport-noconfig.cmake
[3.723s] -- Up-to-date: /home/duy/cocarry_ws/install/motoros2_interfaces/share/motoros2_interfaces/cmake/motoros2_interfaces__rosidl_typesupport_introspection_cppExport.cmake
[3.723s] -- Up-to-date: /home/duy/cocarry_ws/install/motoros2_interfaces/share/motoros2_interfaces/cmake/motoros2_interfaces__rosidl_typesupport_introspection_cppExport-noconfig.cmake
[3.724s] -- Up-to-date: /home/duy/cocarry_ws/install/motoros2_interfaces/share/motoros2_interfaces/cmake/motoros2_interfaces__rosidl_typesupport_cppExport.cmake
[3.724s] -- Up-to-date: /home/duy/cocarry_ws/install/motoros2_interfaces/share/motoros2_interfaces/cmake/motoros2_interfaces__rosidl_typesupport_cppExport-noconfig.cmake
[3.725s] -- Up-to-date: /home/duy/cocarry_ws/install/motoros2_interfaces/share/motoros2_interfaces/cmake/export_motoros2_interfaces__rosidl_generator_pyExport.cmake
[3.726s] -- Up-to-date: /home/duy/cocarry_ws/install/motoros2_interfaces/share/motoros2_interfaces/cmake/export_motoros2_interfaces__rosidl_generator_pyExport-noconfig.cmake
[3.745s] Invoked command in '/home/duy/cocarry_ws/build/motoros2_interfaces' returned '0': CMAKE_PREFIX_PATH=/opt/ros/humble /usr/bin/cmake --install /home/duy/cocarry_ws/build/motoros2_interfaces
