[1.289s] Invoking command in '/home/duy/cocarry_ws/src/realsense_tracker': CMAKE_PREFIX_PATH=/home/duy/cocarry_ws/install/human_hand_msgs LD_LIBRARY_PATH=/home/duy/cocarry_ws/install/human_hand_msgs/lib:${LD_LIBRARY_PATH} PKG_CONFIG_PATH=/home/duy/cocarry_ws/install/human_hand_msgs/lib/x86_64-linux-gnu/pkgconfig:/home/duy/cocarry_ws/install/human_hand_msgs/lib/pkgconfig PYTHONPATH=/home/duy/cocarry_ws/build/realsense_tracker/prefix_override:/usr/lib/python3/dist-packages/colcon_core/task/python/colcon_distutils_commands:/home/duy/cocarry_ws/install/realsense_tracker/lib/python3.10/site-packages:/home/duy/cocarry_ws/install/human_hand_msgs/local/lib/python3.10/dist-packages:${PYTHONPATH} ROS_PACKAGE_PATH=/home/duy/cocarry_ws/install/human_hand_msgs/share /usr/bin/python3 -W ignore:setup.py install is deprecated -W ignore:easy_install command is deprecated setup.py egg_info --egg-base ../../build/realsense_tracker build --build-base /home/duy/cocarry_ws/build/realsense_tracker/build install --record /home/duy/cocarry_ws/build/realsense_tracker/install.log --single-version-externally-managed install_data
[1.557s] running egg_info
[1.558s] writing ../../build/realsense_tracker/realsense_tracker.egg-info/PKG-INFO
[1.558s] writing dependency_links to ../../build/realsense_tracker/realsense_tracker.egg-info/dependency_links.txt
[1.558s] writing entry points to ../../build/realsense_tracker/realsense_tracker.egg-info/entry_points.txt
[1.558s] writing requirements to ../../build/realsense_tracker/realsense_tracker.egg-info/requires.txt
[1.558s] writing top-level names to ../../build/realsense_tracker/realsense_tracker.egg-info/top_level.txt
[1.562s] reading manifest file '../../build/realsense_tracker/realsense_tracker.egg-info/SOURCES.txt'
[1.563s] writing manifest file '../../build/realsense_tracker/realsense_tracker.egg-info/SOURCES.txt'
[1.563s] running build
[1.563s] running build_py
[1.563s] running install
[1.564s] running install_lib
[1.566s] running install_data
[1.566s] running install_egg_info
[1.569s] removing '/home/duy/cocarry_ws/install/realsense_tracker/lib/python3.10/site-packages/realsense_tracker-0.0.0-py3.10.egg-info' (and everything under it)
[1.569s] Copying ../../build/realsense_tracker/realsense_tracker.egg-info to /home/duy/cocarry_ws/install/realsense_tracker/lib/python3.10/site-packages/realsense_tracker-0.0.0-py3.10.egg-info
[1.571s] running install_scripts
[1.599s] Installing realsense_node script to /home/duy/cocarry_ws/install/realsense_tracker/lib/realsense_tracker
[1.600s] writing list of installed files to '/home/duy/cocarry_ws/build/realsense_tracker/install.log'
[1.620s] Invoked command in '/home/duy/cocarry_ws/src/realsense_tracker' returned '0': CMAKE_PREFIX_PATH=/home/duy/cocarry_ws/install/human_hand_msgs LD_LIBRARY_PATH=/home/duy/cocarry_ws/install/human_hand_msgs/lib:${LD_LIBRARY_PATH} PKG_CONFIG_PATH=/home/duy/cocarry_ws/install/human_hand_msgs/lib/x86_64-linux-gnu/pkgconfig:/home/duy/cocarry_ws/install/human_hand_msgs/lib/pkgconfig PYTHONPATH=/home/duy/cocarry_ws/build/realsense_tracker/prefix_override:/usr/lib/python3/dist-packages/colcon_core/task/python/colcon_distutils_commands:/home/duy/cocarry_ws/install/realsense_tracker/lib/python3.10/site-packages:/home/duy/cocarry_ws/install/human_hand_msgs/local/lib/python3.10/dist-packages:${PYTHONPATH} ROS_PACKAGE_PATH=/home/duy/cocarry_ws/install/human_hand_msgs/share /usr/bin/python3 -W ignore:setup.py install is deprecated -W ignore:easy_install command is deprecated setup.py egg_info --egg-base ../../build/realsense_tracker build --build-base /home/duy/cocarry_ws/build/realsense_tracker/build install --record /home/duy/cocarry_ws/build/realsense_tracker/install.log --single-version-externally-managed install_data
