[0.014s] Invoking command in '/home/duy/cocarry_ws/build/hc10dtp_simulation': AMENT_PREFIX_PATH=/home/duy/cocarry_ws/install/hc10dtp_bringup:/home/duy/cocarry_ws/install/hc10dtp_moveit_config:/home/duy/cocarry_ws/install/motoman_hc10dtp_support:/home/duy/cocarry_ws/install/motoros2_interfaces:/home/duy/cocarry_ws/install/motoman_resources:${AMENT_PREFIX_PATH} CMAKE_PREFIX_PATH=/home/duy/cocarry_ws/install/hc10dtp_bringup:/home/duy/cocarry_ws/install/hc10dtp_moveit_config:/home/duy/cocarry_ws/install/motoman_hc10dtp_support:/home/duy/cocarry_ws/install/motoros2_interfaces:/home/duy/cocarry_ws/install/motoman_resources:/opt/ros/humble LD_LIBRARY_PATH=/home/duy/cocarry_ws/install/motoros2_interfaces/lib:${LD_LIBRARY_PATH} PYTHONPATH=/home/duy/cocarry_ws/install/motoros2_interfaces/local/lib/python3.10/dist-packages:${PYTHONPATH} /usr/bin/cmake /home/duy/cocarry_ws/src/hc10dtp_simulation -DCMAKE_INSTALL_PREFIX=/home/duy/cocarry_ws/install/hc10dtp_simulation
[0.025s] -- Found ament_cmake: 1.3.14 (/opt/ros/humble/share/ament_cmake/cmake)
[0.209s] -- Override CMake install command with custom implementation using symlinks instead of copying resources
[0.328s] -- Configuring done
[0.335s] -- Generating done
[0.337s] -- Build files have been written to: /home/duy/cocarry_ws/build/hc10dtp_simulation
[0.340s] Invoked command in '/home/duy/cocarry_ws/build/hc10dtp_simulation' returned '0': AMENT_PREFIX_PATH=/home/duy/cocarry_ws/install/hc10dtp_bringup:/home/duy/cocarry_ws/install/hc10dtp_moveit_config:/home/duy/cocarry_ws/install/motoman_hc10dtp_support:/home/duy/cocarry_ws/install/motoros2_interfaces:/home/duy/cocarry_ws/install/motoman_resources:${AMENT_PREFIX_PATH} CMAKE_PREFIX_PATH=/home/duy/cocarry_ws/install/hc10dtp_bringup:/home/duy/cocarry_ws/install/hc10dtp_moveit_config:/home/duy/cocarry_ws/install/motoman_hc10dtp_support:/home/duy/cocarry_ws/install/motoros2_interfaces:/home/duy/cocarry_ws/install/motoman_resources:/opt/ros/humble LD_LIBRARY_PATH=/home/duy/cocarry_ws/install/motoros2_interfaces/lib:${LD_LIBRARY_PATH} PYTHONPATH=/home/duy/cocarry_ws/install/motoros2_interfaces/local/lib/python3.10/dist-packages:${PYTHONPATH} /usr/bin/cmake /home/duy/cocarry_ws/src/hc10dtp_simulation -DCMAKE_INSTALL_PREFIX=/home/duy/cocarry_ws/install/hc10dtp_simulation
[0.343s] Invoking command in '/home/duy/cocarry_ws/build/hc10dtp_simulation': AMENT_PREFIX_PATH=/home/duy/cocarry_ws/install/hc10dtp_bringup:/home/duy/cocarry_ws/install/hc10dtp_moveit_config:/home/duy/cocarry_ws/install/motoman_hc10dtp_support:/home/duy/cocarry_ws/install/motoros2_interfaces:/home/duy/cocarry_ws/install/motoman_resources:${AMENT_PREFIX_PATH} CMAKE_PREFIX_PATH=/home/duy/cocarry_ws/install/hc10dtp_bringup:/home/duy/cocarry_ws/install/hc10dtp_moveit_config:/home/duy/cocarry_ws/install/motoman_hc10dtp_support:/home/duy/cocarry_ws/install/motoros2_interfaces:/home/duy/cocarry_ws/install/motoman_resources:/opt/ros/humble LD_LIBRARY_PATH=/home/duy/cocarry_ws/install/motoros2_interfaces/lib:${LD_LIBRARY_PATH} PYTHONPATH=/home/duy/cocarry_ws/install/motoros2_interfaces/local/lib/python3.10/dist-packages:${PYTHONPATH} /usr/bin/cmake --build /home/duy/cocarry_ws/build/hc10dtp_simulation -- -j16 -l16
[0.390s] Invoked command in '/home/duy/cocarry_ws/build/hc10dtp_simulation' returned '0': AMENT_PREFIX_PATH=/home/duy/cocarry_ws/install/hc10dtp_bringup:/home/duy/cocarry_ws/install/hc10dtp_moveit_config:/home/duy/cocarry_ws/install/motoman_hc10dtp_support:/home/duy/cocarry_ws/install/motoros2_interfaces:/home/duy/cocarry_ws/install/motoman_resources:${AMENT_PREFIX_PATH} CMAKE_PREFIX_PATH=/home/duy/cocarry_ws/install/hc10dtp_bringup:/home/duy/cocarry_ws/install/hc10dtp_moveit_config:/home/duy/cocarry_ws/install/motoman_hc10dtp_support:/home/duy/cocarry_ws/install/motoros2_interfaces:/home/duy/cocarry_ws/install/motoman_resources:/opt/ros/humble LD_LIBRARY_PATH=/home/duy/cocarry_ws/install/motoros2_interfaces/lib:${LD_LIBRARY_PATH} PYTHONPATH=/home/duy/cocarry_ws/install/motoros2_interfaces/local/lib/python3.10/dist-packages:${PYTHONPATH} /usr/bin/cmake --build /home/duy/cocarry_ws/build/hc10dtp_simulation -- -j16 -l16
[0.392s] Invoking command in '/home/duy/cocarry_ws/build/hc10dtp_simulation': AMENT_PREFIX_PATH=/home/duy/cocarry_ws/install/hc10dtp_bringup:/home/duy/cocarry_ws/install/hc10dtp_moveit_config:/home/duy/cocarry_ws/install/motoman_hc10dtp_support:/home/duy/cocarry_ws/install/motoros2_interfaces:/home/duy/cocarry_ws/install/motoman_resources:${AMENT_PREFIX_PATH} CMAKE_PREFIX_PATH=/home/duy/cocarry_ws/install/hc10dtp_bringup:/home/duy/cocarry_ws/install/hc10dtp_moveit_config:/home/duy/cocarry_ws/install/motoman_hc10dtp_support:/home/duy/cocarry_ws/install/motoros2_interfaces:/home/duy/cocarry_ws/install/motoman_resources:/opt/ros/humble LD_LIBRARY_PATH=/home/duy/cocarry_ws/install/motoros2_interfaces/lib:${LD_LIBRARY_PATH} PYTHONPATH=/home/duy/cocarry_ws/install/motoros2_interfaces/local/lib/python3.10/dist-packages:${PYTHONPATH} /usr/bin/cmake --install /home/duy/cocarry_ws/build/hc10dtp_simulation
[0.403s] -- Install configuration: ""
[0.403s] -- Execute custom install script
[0.404s] -- Up-to-date symlink: /home/duy/cocarry_ws/install/hc10dtp_simulation/lib/hc10dtp_simulation/motoros2_mock_node.py
[0.404s] -- Up-to-date symlink: /home/duy/cocarry_ws/install/hc10dtp_simulation/share/hc10dtp_simulation/launch/sim_start.launch.py
[0.405s] -- Up-to-date symlink: /home/duy/cocarry_ws/install/hc10dtp_simulation/share/ament_index/resource_index/package_run_dependencies/hc10dtp_simulation
[0.405s] -- Up-to-date symlink: /home/duy/cocarry_ws/install/hc10dtp_simulation/share/ament_index/resource_index/parent_prefix_path/hc10dtp_simulation
[0.405s] -- Up-to-date symlink: /home/duy/cocarry_ws/install/hc10dtp_simulation/share/hc10dtp_simulation/environment/ament_prefix_path.sh
[0.406s] -- Up-to-date symlink: /home/duy/cocarry_ws/install/hc10dtp_simulation/share/hc10dtp_simulation/environment/ament_prefix_path.dsv
[0.406s] -- Up-to-date symlink: /home/duy/cocarry_ws/install/hc10dtp_simulation/share/hc10dtp_simulation/environment/path.sh
[0.406s] -- Up-to-date symlink: /home/duy/cocarry_ws/install/hc10dtp_simulation/share/hc10dtp_simulation/environment/path.dsv
[0.406s] -- Up-to-date symlink: /home/duy/cocarry_ws/install/hc10dtp_simulation/share/hc10dtp_simulation/local_setup.bash
[0.407s] -- Up-to-date symlink: /home/duy/cocarry_ws/install/hc10dtp_simulation/share/hc10dtp_simulation/local_setup.sh
[0.407s] -- Up-to-date symlink: /home/duy/cocarry_ws/install/hc10dtp_simulation/share/hc10dtp_simulation/local_setup.zsh
[0.407s] -- Up-to-date symlink: /home/duy/cocarry_ws/install/hc10dtp_simulation/share/hc10dtp_simulation/local_setup.dsv
[0.407s] -- Symlinking: /home/duy/cocarry_ws/install/hc10dtp_simulation/share/hc10dtp_simulation/package.dsv
[0.419s] -- Up-to-date symlink: /home/duy/cocarry_ws/install/hc10dtp_simulation/share/ament_index/resource_index/packages/hc10dtp_simulation
[0.420s] -- Up-to-date symlink: /home/duy/cocarry_ws/install/hc10dtp_simulation/share/hc10dtp_simulation/cmake/hc10dtp_simulationConfig.cmake
[0.420s] -- Up-to-date symlink: /home/duy/cocarry_ws/install/hc10dtp_simulation/share/hc10dtp_simulation/cmake/hc10dtp_simulationConfig-version.cmake
[0.420s] -- Up-to-date symlink: /home/duy/cocarry_ws/install/hc10dtp_simulation/share/hc10dtp_simulation/package.xml
[0.433s] Invoked command in '/home/duy/cocarry_ws/build/hc10dtp_simulation' returned '0': AMENT_PREFIX_PATH=/home/duy/cocarry_ws/install/hc10dtp_bringup:/home/duy/cocarry_ws/install/hc10dtp_moveit_config:/home/duy/cocarry_ws/install/motoman_hc10dtp_support:/home/duy/cocarry_ws/install/motoros2_interfaces:/home/duy/cocarry_ws/install/motoman_resources:${AMENT_PREFIX_PATH} CMAKE_PREFIX_PATH=/home/duy/cocarry_ws/install/hc10dtp_bringup:/home/duy/cocarry_ws/install/hc10dtp_moveit_config:/home/duy/cocarry_ws/install/motoman_hc10dtp_support:/home/duy/cocarry_ws/install/motoros2_interfaces:/home/duy/cocarry_ws/install/motoman_resources:/opt/ros/humble LD_LIBRARY_PATH=/home/duy/cocarry_ws/install/motoros2_interfaces/lib:${LD_LIBRARY_PATH} PYTHONPATH=/home/duy/cocarry_ws/install/motoros2_interfaces/local/lib/python3.10/dist-packages:${PYTHONPATH} /usr/bin/cmake --install /home/duy/cocarry_ws/build/hc10dtp_simulation
