running egg_info
creating ../../build/kinect_tracker/kinect_tracker.egg-info
writing ../../build/kinect_tracker/kinect_tracker.egg-info/PKG-INFO
writing dependency_links to ../../build/kinect_tracker/kinect_tracker.egg-info/dependency_links.txt
writing entry points to ../../build/kinect_tracker/kinect_tracker.egg-info/entry_points.txt
writing requirements to ../../build/kinect_tracker/kinect_tracker.egg-info/requires.txt
writing top-level names to ../../build/kinect_tracker/kinect_tracker.egg-info/top_level.txt
writing manifest file '../../build/kinect_tracker/kinect_tracker.egg-info/SOURCES.txt'
reading manifest file '../../build/kinect_tracker/kinect_tracker.egg-info/SOURCES.txt'
writing manifest file '../../build/kinect_tracker/kinect_tracker.egg-info/SOURCES.txt'
running build
running build_py
creating /home/duy/cocarry_ws/build/kinect_tracker/build
creating /home/duy/cocarry_ws/build/kinect_tracker/build/lib
creating /home/duy/cocarry_ws/build/kinect_tracker/build/lib/kinect_tracker
copying kinect_tracker/__init__.py -> /home/duy/cocarry_ws/build/kinect_tracker/build/lib/kinect_tracker
copying kinect_tracker/kinect_node.py -> /home/duy/cocarry_ws/build/kinect_tracker/build/lib/kinect_tracker
running install
running install_lib
creating /home/duy/cocarry_ws/install/kinect_tracker/lib/python3.10/site-packages/kinect_tracker
copying /home/duy/cocarry_ws/build/kinect_tracker/build/lib/kinect_tracker/__init__.py -> /home/duy/cocarry_ws/install/kinect_tracker/lib/python3.10/site-packages/kinect_tracker
copying /home/duy/cocarry_ws/build/kinect_tracker/build/lib/kinect_tracker/kinect_node.py -> /home/duy/cocarry_ws/install/kinect_tracker/lib/python3.10/site-packages/kinect_tracker
byte-compiling /home/duy/cocarry_ws/install/kinect_tracker/lib/python3.10/site-packages/kinect_tracker/__init__.py to __init__.cpython-310.pyc
byte-compiling /home/duy/cocarry_ws/install/kinect_tracker/lib/python3.10/site-packages/kinect_tracker/kinect_node.py to kinect_node.cpython-310.pyc
running install_data
creating /home/duy/cocarry_ws/install/kinect_tracker/share/ament_index
creating /home/duy/cocarry_ws/install/kinect_tracker/share/ament_index/resource_index
creating /home/duy/cocarry_ws/install/kinect_tracker/share/ament_index/resource_index/packages
copying resource/kinect_tracker -> /home/duy/cocarry_ws/install/kinect_tracker/share/ament_index/resource_index/packages
copying package.xml -> /home/duy/cocarry_ws/install/kinect_tracker/share/kinect_tracker
creating /home/duy/cocarry_ws/install/kinect_tracker/share/kinect_tracker/models
copying models/pose_landmarker_full.task -> /home/duy/cocarry_ws/install/kinect_tracker/share/kinect_tracker/models
running install_egg_info
Copying ../../build/kinect_tracker/kinect_tracker.egg-info to /home/duy/cocarry_ws/install/kinect_tracker/lib/python3.10/site-packages/kinect_tracker-0.0.0-py3.10.egg-info
running install_scripts
Installing kinect_node script to /home/duy/cocarry_ws/install/kinect_tracker/lib/realsense_tracker
writing list of installed files to '/home/duy/cocarry_ws/build/kinect_tracker/install.log'
