[0.687s] Invoking command in '/home/duy/cocarry_ws/src/coord_transform': CMAKE_PREFIX_PATH=/home/duy/cocarry_ws/install/human_hand_msgs LD_LIBRARY_PATH=/home/duy/cocarry_ws/install/human_hand_msgs/lib:${LD_LIBRARY_PATH} PKG_CONFIG_PATH=/home/duy/cocarry_ws/install/human_hand_msgs/lib/x86_64-linux-gnu/pkgconfig:/home/duy/cocarry_ws/install/human_hand_msgs/lib/pkgconfig PYTHONPATH=/home/duy/cocarry_ws/build/coord_transform/prefix_override:/usr/lib/python3/dist-packages/colcon_core/task/python/colcon_distutils_commands:/home/duy/cocarry_ws/install/coord_transform/lib/python3.10/site-packages:/home/duy/cocarry_ws/install/human_hand_msgs/local/lib/python3.10/dist-packages:${PYTHONPATH} ROS_PACKAGE_PATH=/home/duy/cocarry_ws/install/human_hand_msgs/share /usr/bin/python3 -W ignore:setup.py install is deprecated -W ignore:easy_install command is deprecated setup.py egg_info --egg-base ../../build/coord_transform build --build-base /home/duy/cocarry_ws/build/coord_transform/build install --record /home/duy/cocarry_ws/build/coord_transform/install.log --single-version-externally-managed install_data
[0.854s] running egg_info
[0.854s] writing ../../build/coord_transform/coord_transform.egg-info/PKG-INFO
[0.854s] writing dependency_links to ../../build/coord_transform/coord_transform.egg-info/dependency_links.txt
[0.854s] writing entry points to ../../build/coord_transform/coord_transform.egg-info/entry_points.txt
[0.855s] writing requirements to ../../build/coord_transform/coord_transform.egg-info/requires.txt
[0.855s] writing top-level names to ../../build/coord_transform/coord_transform.egg-info/top_level.txt
[0.856s] reading manifest file '../../build/coord_transform/coord_transform.egg-info/SOURCES.txt'
[0.856s] writing manifest file '../../build/coord_transform/coord_transform.egg-info/SOURCES.txt'
[0.856s] running build
[0.856s] running build_py
[0.856s] running install
[0.857s] running install_lib
[0.857s] running install_data
[0.857s] running install_egg_info
[0.859s] removing '/home/duy/cocarry_ws/install/coord_transform/lib/python3.10/site-packages/coord_transform-0.1.0-py3.10.egg-info' (and everything under it)
[0.859s] Copying ../../build/coord_transform/coord_transform.egg-info to /home/duy/cocarry_ws/install/coord_transform/lib/python3.10/site-packages/coord_transform-0.1.0-py3.10.egg-info
[0.859s] running install_scripts
[0.876s] Installing transform_node script to /home/duy/cocarry_ws/install/coord_transform/lib/coord_transform
[0.876s] writing list of installed files to '/home/duy/cocarry_ws/build/coord_transform/install.log'
[0.907s] Invoked command in '/home/duy/cocarry_ws/src/coord_transform' returned '0': CMAKE_PREFIX_PATH=/home/duy/cocarry_ws/install/human_hand_msgs LD_LIBRARY_PATH=/home/duy/cocarry_ws/install/human_hand_msgs/lib:${LD_LIBRARY_PATH} PKG_CONFIG_PATH=/home/duy/cocarry_ws/install/human_hand_msgs/lib/x86_64-linux-gnu/pkgconfig:/home/duy/cocarry_ws/install/human_hand_msgs/lib/pkgconfig PYTHONPATH=/home/duy/cocarry_ws/build/coord_transform/prefix_override:/usr/lib/python3/dist-packages/colcon_core/task/python/colcon_distutils_commands:/home/duy/cocarry_ws/install/coord_transform/lib/python3.10/site-packages:/home/duy/cocarry_ws/install/human_hand_msgs/local/lib/python3.10/dist-packages:${PYTHONPATH} ROS_PACKAGE_PATH=/home/duy/cocarry_ws/install/human_hand_msgs/share /usr/bin/python3 -W ignore:setup.py install is deprecated -W ignore:easy_install command is deprecated setup.py egg_info --egg-base ../../build/coord_transform build --build-base /home/duy/cocarry_ws/build/coord_transform/build install --record /home/duy/cocarry_ws/build/coord_transform/install.log --single-version-externally-managed install_data
