-- The C compiler identification is GNU 11.4.0
-- The CXX compiler identification is GNU 11.4.0
-- Detecting C compiler ABI info
-- Detecting C compiler ABI info - done
-- Check for working C compiler: /usr/bin/cc - skipped
-- Detecting C compile features
-- Detecting C compile features - done
-- Detecting CXX compiler ABI info
-- Detecting CXX compiler ABI info - done
-- Check for working CXX compiler: /usr/bin/c++ - skipped
-- Detecting CXX compile features
-- Detecting CXX compile features - done
-- Found ament_cmake: 1.3.14 (/opt/ros/humble/share/ament_cmake/cmake)
-- Found Python3: /usr/bin/python3 (found version "3.10.12") found components: Interpreter 
-- Override CMake install command with custom implementation using symlinks instead of copying resources
-- Found rosidl_default_generators: 1.2.1 (/opt/ros/humble/share/rosidl_default_generators/cmake)
-- Using all available rosidl_typesupport_c: rosidl_typesupport_fastrtps_c;rosidl_typesupport_introspection_c
-- Found rosidl_adapter: 3.1.8 (/opt/ros/humble/share/rosidl_adapter/cmake)
-- Using all available rosidl_typesupport_cpp: rosidl_typesupport_fastrtps_cpp;rosidl_typesupport_introspection_cpp
-- Found std_msgs: 4.9.1 (/opt/ros/humble/share/std_msgs/cmake)
-- Found ament_cmake_cppcheck: 0.12.15 (/opt/ros/humble/share/ament_cmake_cppcheck/cmake)
-- Found ament_cmake_cpplint: 0.12.15 (/opt/ros/humble/share/ament_cmake_cpplint/cmake)
-- Found ament_cmake_uncrustify: 0.12.15 (/opt/ros/humble/share/ament_cmake_uncrustify/cmake)
-- Found ament_cmake_ros: 0.10.0 (/opt/ros/humble/share/ament_cmake_ros/cmake)
-- Using all available rosidl_typesupport_c: rosidl_typesupport_fastrtps_c;rosidl_typesupport_introspection_c
-- Using all available rosidl_typesupport_cpp: rosidl_typesupport_fastrtps_cpp;rosidl_typesupport_introspection_cpp
-- Found PythonInterp: /usr/bin/python3 (found suitable version "3.10.12", minimum required is "3.6") 
-- Found python_cmake_module: 0.10.0 (/opt/ros/humble/share/python_cmake_module/cmake)
-- Found PythonLibs: /usr/lib/x86_64-linux-gnu/libpython3.10.so (found suitable version "3.10.12", minimum required is "3.5") 
-- Using PYTHON_EXECUTABLE: /usr/bin/python3
-- Using PYTHON_INCLUDE_DIRS: /usr/include/python3.10
-- Using PYTHON_LIBRARIES: /usr/lib/x86_64-linux-gnu/libpython3.10.so
-- Found PythonExtra: .so  
-- Found ament_cmake_flake8: 0.12.15 (/opt/ros/humble/share/ament_cmake_flake8/cmake)
-- Found ament_cmake_pep257: 0.12.15 (/opt/ros/humble/share/ament_cmake_pep257/cmake)
-- Found ament_lint_auto: 0.12.15 (/opt/ros/humble/share/ament_lint_auto/cmake)
-- Added test 'copyright' to check source files copyright and LICENSE
-- Added test 'lint_cmake' to check CMake code style
-- Added test 'xmllint' to check XML markup files
-- Configuring done
-- Generating done
-- Build files have been written to: /home/duy/cocarry_ws/build/industrial_msgs
[  1%] [34m[1mGenerating C code for ROS interfaces[0m
[  2%] [34m[1mGenerating Rust code for ROS interfaces[0m
[  4%] [34m[1mGenerating C++ code for ROS interfaces[0m
[  4%] Built target ament_cmake_python_symlink_industrial_msgs
running egg_info
creating industrial_msgs.egg-info
writing industrial_msgs.egg-info/PKG-INFO
writing dependency_links to industrial_msgs.egg-info/dependency_links.txt
writing top-level names to industrial_msgs.egg-info/top_level.txt
writing manifest file 'industrial_msgs.egg-info/SOURCES.txt'
reading manifest file 'industrial_msgs.egg-info/SOURCES.txt'
writing manifest file 'industrial_msgs.egg-info/SOURCES.txt'
[  4%] Built target ament_cmake_python_build_industrial_msgs_egg
[  4%] Built target industrial_msgs__rs
[  5%] [32mBuilding C object CMakeFiles/industrial_msgs__rosidl_generator_c.dir/rosidl_generator_c/industrial_msgs/msg/detail/robot_mode__functions.c.o[0m
[  6%] [32mBuilding C object CMakeFiles/industrial_msgs__rosidl_generator_c.dir/rosidl_generator_c/industrial_msgs/msg/detail/device_info__functions.c.o[0m
[  8%] [32mBuilding C object CMakeFiles/industrial_msgs__rosidl_generator_c.dir/rosidl_generator_c/industrial_msgs/msg/detail/debug_level__functions.c.o[0m
[  9%] [32mBuilding C object CMakeFiles/industrial_msgs__rosidl_generator_c.dir/rosidl_generator_c/industrial_msgs/msg/detail/robot_status__functions.c.o[0m
[ 11%] [32mBuilding C object CMakeFiles/industrial_msgs__rosidl_generator_c.dir/rosidl_generator_c/industrial_msgs/msg/detail/service_return_code__functions.c.o[0m
[ 12%] [32mBuilding C object CMakeFiles/industrial_msgs__rosidl_generator_c.dir/rosidl_generator_c/industrial_msgs/msg/detail/tri_state__functions.c.o[0m
[ 12%] Built target industrial_msgs__cpp
[ 13%] [32m[1mLinking C shared library libindustrial_msgs__rosidl_generator_c.so[0m
[ 15%] [34m[1mGenerating C++ type support for eProsima Fast-RTPS[0m
[ 16%] [34m[1mGenerating C++ type support dispatch for ROS interfaces[0m
[ 18%] [34m[1mGenerating C++ introspection for ROS interfaces[0m
[ 18%] Built target industrial_msgs__rosidl_generator_c
[ 19%] [34m[1mGenerating C type support for eProsima Fast-RTPS[0m
[ 20%] [34m[1mGenerating C introspection for ROS interfaces[0m
[ 22%] [34m[1mGenerating C type support dispatch for ROS interfaces[0m
[ 23%] [32mBuilding CXX object CMakeFiles/industrial_msgs__rosidl_typesupport_cpp.dir/rosidl_typesupport_cpp/industrial_msgs/msg/device_info__type_support.cpp.o[0m
[ 25%] [32mBuilding CXX object CMakeFiles/industrial_msgs__rosidl_typesupport_cpp.dir/rosidl_typesupport_cpp/industrial_msgs/msg/debug_level__type_support.cpp.o[0m
[ 26%] [32mBuilding CXX object CMakeFiles/industrial_msgs__rosidl_typesupport_cpp.dir/rosidl_typesupport_cpp/industrial_msgs/msg/robot_mode__type_support.cpp.o[0m
[ 27%] [32mBuilding CXX object CMakeFiles/industrial_msgs__rosidl_typesupport_cpp.dir/rosidl_typesupport_cpp/industrial_msgs/msg/robot_status__type_support.cpp.o[0m
[ 29%] [32mBuilding CXX object CMakeFiles/industrial_msgs__rosidl_typesupport_cpp.dir/rosidl_typesupport_cpp/industrial_msgs/msg/service_return_code__type_support.cpp.o[0m
[ 30%] [32mBuilding CXX object CMakeFiles/industrial_msgs__rosidl_typesupport_cpp.dir/rosidl_typesupport_cpp/industrial_msgs/msg/tri_state__type_support.cpp.o[0m
[ 31%] [32mBuilding CXX object CMakeFiles/industrial_msgs__rosidl_typesupport_c.dir/rosidl_typesupport_c/industrial_msgs/msg/debug_level__type_support.cpp.o[0m
[ 33%] [32mBuilding CXX object CMakeFiles/industrial_msgs__rosidl_typesupport_c.dir/rosidl_typesupport_c/industrial_msgs/msg/device_info__type_support.cpp.o[0m
[ 34%] [32mBuilding CXX object CMakeFiles/industrial_msgs__rosidl_typesupport_c.dir/rosidl_typesupport_c/industrial_msgs/msg/robot_mode__type_support.cpp.o[0m
[ 36%] [32mBuilding CXX object CMakeFiles/industrial_msgs__rosidl_typesupport_c.dir/rosidl_typesupport_c/industrial_msgs/msg/robot_status__type_support.cpp.o[0m
[ 37%] [32mBuilding CXX object CMakeFiles/industrial_msgs__rosidl_typesupport_c.dir/rosidl_typesupport_c/industrial_msgs/msg/service_return_code__type_support.cpp.o[0m
[ 38%] [32mBuilding CXX object CMakeFiles/industrial_msgs__rosidl_typesupport_c.dir/rosidl_typesupport_c/industrial_msgs/msg/tri_state__type_support.cpp.o[0m
[ 40%] [32mBuilding CXX object CMakeFiles/industrial_msgs__rosidl_typesupport_introspection_cpp.dir/rosidl_typesupport_introspection_cpp/industrial_msgs/msg/detail/debug_level__type_support.cpp.o[0m
[ 41%] [32mBuilding CXX object CMakeFiles/industrial_msgs__rosidl_typesupport_fastrtps_cpp.dir/rosidl_typesupport_fastrtps_cpp/industrial_msgs/msg/detail/dds_fastrtps/debug_level__type_support.cpp.o[0m
[ 43%] [32mBuilding C object CMakeFiles/industrial_msgs__rosidl_typesupport_introspection_c.dir/rosidl_typesupport_introspection_c/industrial_msgs/msg/detail/debug_level__type_support.c.o[0m
[ 44%] [32mBuilding CXX object CMakeFiles/industrial_msgs__rosidl_typesupport_fastrtps_cpp.dir/rosidl_typesupport_fastrtps_cpp/industrial_msgs/msg/detail/dds_fastrtps/device_info__type_support.cpp.o[0m
[ 45%] [32mBuilding CXX object CMakeFiles/industrial_msgs__rosidl_typesupport_introspection_cpp.dir/rosidl_typesupport_introspection_cpp/industrial_msgs/msg/detail/device_info__type_support.cpp.o[0m
[ 47%] [32mBuilding CXX object CMakeFiles/industrial_msgs__rosidl_typesupport_introspection_cpp.dir/rosidl_typesupport_introspection_cpp/industrial_msgs/msg/detail/robot_mode__type_support.cpp.o[0m
[ 48%] [32mBuilding CXX object CMakeFiles/industrial_msgs__rosidl_typesupport_fastrtps_cpp.dir/rosidl_typesupport_fastrtps_cpp/industrial_msgs/msg/detail/dds_fastrtps/robot_mode__type_support.cpp.o[0m
[ 50%] [32mBuilding CXX object CMakeFiles/industrial_msgs__rosidl_typesupport_fastrtps_cpp.dir/rosidl_typesupport_fastrtps_cpp/industrial_msgs/msg/detail/dds_fastrtps/robot_status__type_support.cpp.o[0m
[ 51%] [32mBuilding CXX object CMakeFiles/industrial_msgs__rosidl_typesupport_fastrtps_cpp.dir/rosidl_typesupport_fastrtps_cpp/industrial_msgs/msg/detail/dds_fastrtps/service_return_code__type_support.cpp.o[0m
[ 52%] [32mBuilding C object CMakeFiles/industrial_msgs__rosidl_typesupport_introspection_c.dir/rosidl_typesupport_introspection_c/industrial_msgs/msg/detail/device_info__type_support.c.o[0m
[ 54%] [32m[1mLinking CXX shared library libindustrial_msgs__rosidl_typesupport_c.so[0m
[ 55%] [32mBuilding CXX object CMakeFiles/industrial_msgs__rosidl_typesupport_fastrtps_cpp.dir/rosidl_typesupport_fastrtps_cpp/industrial_msgs/msg/detail/dds_fastrtps/tri_state__type_support.cpp.o[0m
[ 56%] [32mBuilding CXX object CMakeFiles/industrial_msgs__rosidl_typesupport_fastrtps_c.dir/rosidl_typesupport_fastrtps_c/industrial_msgs/msg/detail/debug_level__type_support_c.cpp.o[0m
[ 58%] [32mBuilding CXX object CMakeFiles/industrial_msgs__rosidl_typesupport_fastrtps_c.dir/rosidl_typesupport_fastrtps_c/industrial_msgs/msg/detail/device_info__type_support_c.cpp.o[0m
[ 59%] [32mBuilding C object CMakeFiles/industrial_msgs__rosidl_typesupport_introspection_c.dir/rosidl_typesupport_introspection_c/industrial_msgs/msg/detail/robot_mode__type_support.c.o[0m
[ 61%] [32mBuilding CXX object CMakeFiles/industrial_msgs__rosidl_typesupport_fastrtps_c.dir/rosidl_typesupport_fastrtps_c/industrial_msgs/msg/detail/robot_mode__type_support_c.cpp.o[0m
[ 62%] [32mBuilding C object CMakeFiles/industrial_msgs__rosidl_typesupport_introspection_c.dir/rosidl_typesupport_introspection_c/industrial_msgs/msg/detail/robot_status__type_support.c.o[0m
[ 62%] Built target industrial_msgs__rosidl_typesupport_c
[ 63%] [32mBuilding C object CMakeFiles/industrial_msgs__rosidl_typesupport_introspection_c.dir/rosidl_typesupport_introspection_c/industrial_msgs/msg/detail/service_return_code__type_support.c.o[0m
[ 65%] [32mBuilding C object CMakeFiles/industrial_msgs__rosidl_typesupport_introspection_c.dir/rosidl_typesupport_introspection_c/industrial_msgs/msg/detail/tri_state__type_support.c.o[0m
[ 66%] [32m[1mLinking CXX shared library libindustrial_msgs__rosidl_typesupport_cpp.so[0m
[ 68%] [32mBuilding CXX object CMakeFiles/industrial_msgs__rosidl_typesupport_introspection_cpp.dir/rosidl_typesupport_introspection_cpp/industrial_msgs/msg/detail/robot_status__type_support.cpp.o[0m
[ 69%] [32mBuilding CXX object CMakeFiles/industrial_msgs__rosidl_typesupport_introspection_cpp.dir/rosidl_typesupport_introspection_cpp/industrial_msgs/msg/detail/service_return_code__type_support.cpp.o[0m
[ 70%] [32m[1mLinking C shared library libindustrial_msgs__rosidl_typesupport_introspection_c.so[0m
[ 70%] Built target industrial_msgs__rosidl_typesupport_cpp
[ 70%] Built target industrial_msgs__rosidl_typesupport_introspection_c
[ 72%] [32mBuilding CXX object CMakeFiles/industrial_msgs__rosidl_typesupport_fastrtps_c.dir/rosidl_typesupport_fastrtps_c/industrial_msgs/msg/detail/robot_status__type_support_c.cpp.o[0m
[ 73%] [32mBuilding CXX object CMakeFiles/industrial_msgs__rosidl_typesupport_introspection_cpp.dir/rosidl_typesupport_introspection_cpp/industrial_msgs/msg/detail/tri_state__type_support.cpp.o[0m
[ 75%] [32mBuilding CXX object CMakeFiles/industrial_msgs__rosidl_typesupport_fastrtps_c.dir/rosidl_typesupport_fastrtps_c/industrial_msgs/msg/detail/service_return_code__type_support_c.cpp.o[0m
[ 76%] [32mBuilding CXX object CMakeFiles/industrial_msgs__rosidl_typesupport_fastrtps_c.dir/rosidl_typesupport_fastrtps_c/industrial_msgs/msg/detail/tri_state__type_support_c.cpp.o[0m
[ 77%] [32m[1mLinking CXX shared library libindustrial_msgs__rosidl_typesupport_fastrtps_cpp.so[0m
[ 77%] Built target industrial_msgs__rosidl_typesupport_fastrtps_cpp
[ 79%] [32m[1mLinking CXX shared library libindustrial_msgs__rosidl_typesupport_introspection_cpp.so[0m
[ 80%] [32m[1mLinking CXX shared library libindustrial_msgs__rosidl_typesupport_fastrtps_c.so[0m
[ 80%] Built target industrial_msgs__rosidl_typesupport_introspection_cpp
[ 80%] Built target industrial_msgs__rosidl_typesupport_fastrtps_c
[ 80%] Built target industrial_msgs
[ 81%] [34m[1mGenerating Python code for ROS interfaces[0m
[ 81%] Built target industrial_msgs__py
[ 83%] [32mBuilding C object CMakeFiles/industrial_msgs__rosidl_generator_py.dir/rosidl_generator_py/industrial_msgs/msg/_debug_level_s.c.o[0m
[ 84%] [32mBuilding C object CMakeFiles/industrial_msgs__rosidl_generator_py.dir/rosidl_generator_py/industrial_msgs/msg/_device_info_s.c.o[0m
[ 86%] [32mBuilding C object CMakeFiles/industrial_msgs__rosidl_generator_py.dir/rosidl_generator_py/industrial_msgs/msg/_service_return_code_s.c.o[0m
[ 87%] [32mBuilding C object CMakeFiles/industrial_msgs__rosidl_generator_py.dir/rosidl_generator_py/industrial_msgs/msg/_tri_state_s.c.o[0m
[ 88%] [32mBuilding C object CMakeFiles/industrial_msgs__rosidl_generator_py.dir/rosidl_generator_py/industrial_msgs/msg/_robot_mode_s.c.o[0m
[ 90%] [32mBuilding C object CMakeFiles/industrial_msgs__rosidl_generator_py.dir/rosidl_generator_py/industrial_msgs/msg/_robot_status_s.c.o[0m
[ 91%] [32m[1mLinking C shared library rosidl_generator_py/industrial_msgs/libindustrial_msgs__rosidl_generator_py.so[0m
[ 91%] Built target industrial_msgs__rosidl_generator_py
[ 93%] [32mBuilding C object CMakeFiles/industrial_msgs__rosidl_typesupport_c__pyext.dir/rosidl_generator_py/industrial_msgs/_industrial_msgs_s.ep.rosidl_typesupport_c.c.o[0m
[ 94%] [32mBuilding C object CMakeFiles/industrial_msgs__rosidl_typesupport_fastrtps_c__pyext.dir/rosidl_generator_py/industrial_msgs/_industrial_msgs_s.ep.rosidl_typesupport_fastrtps_c.c.o[0m
[ 95%] [32mBuilding C object CMakeFiles/industrial_msgs__rosidl_typesupport_introspection_c__pyext.dir/rosidl_generator_py/industrial_msgs/_industrial_msgs_s.ep.rosidl_typesupport_introspection_c.c.o[0m
[ 97%] [32m[1mLinking C shared library rosidl_generator_py/industrial_msgs/industrial_msgs_s__rosidl_typesupport_fastrtps_c.cpython-310-x86_64-linux-gnu.so[0m
[ 98%] [32m[1mLinking C shared library rosidl_generator_py/industrial_msgs/industrial_msgs_s__rosidl_typesupport_c.cpython-310-x86_64-linux-gnu.so[0m
[ 98%] Built target industrial_msgs__rosidl_typesupport_fastrtps_c__pyext
[100%] [32m[1mLinking C shared library rosidl_generator_py/industrial_msgs/industrial_msgs_s__rosidl_typesupport_introspection_c.cpython-310-x86_64-linux-gnu.so[0m
[100%] Built target industrial_msgs__rosidl_typesupport_c__pyext
[100%] Built target industrial_msgs__rosidl_typesupport_introspection_c__pyext
-- Install configuration: ""
-- Execute custom install script
-- Symlinking: /home/duy/cocarry_ws/install/industrial_msgs/share/ament_index/resource_index/rosidl_interfaces/industrial_msgs
-- Symlinking: /home/duy/cocarry_ws/install/industrial_msgs/include/industrial_msgs/industrial_msgs/msg/debug_level.h
-- Symlinking: /home/duy/cocarry_ws/install/industrial_msgs/include/industrial_msgs/industrial_msgs/msg/detail/debug_level__functions.h
-- Symlinking: /home/duy/cocarry_ws/install/industrial_msgs/include/industrial_msgs/industrial_msgs/msg/detail/debug_level__struct.h
-- Symlinking: /home/duy/cocarry_ws/install/industrial_msgs/include/industrial_msgs/industrial_msgs/msg/detail/debug_level__type_support.h
-- Symlinking: /home/duy/cocarry_ws/install/industrial_msgs/include/industrial_msgs/industrial_msgs/msg/detail/device_info__functions.h
-- Symlinking: /home/duy/cocarry_ws/install/industrial_msgs/include/industrial_msgs/industrial_msgs/msg/detail/device_info__struct.h
-- Symlinking: /home/duy/cocarry_ws/install/industrial_msgs/include/industrial_msgs/industrial_msgs/msg/detail/device_info__type_support.h
-- Symlinking: /home/duy/cocarry_ws/install/industrial_msgs/include/industrial_msgs/industrial_msgs/msg/detail/robot_mode__functions.h
-- Symlinking: /home/duy/cocarry_ws/install/industrial_msgs/include/industrial_msgs/industrial_msgs/msg/detail/robot_mode__struct.h
-- Symlinking: /home/duy/cocarry_ws/install/industrial_msgs/include/industrial_msgs/industrial_msgs/msg/detail/robot_mode__type_support.h
-- Symlinking: /home/duy/cocarry_ws/install/industrial_msgs/include/industrial_msgs/industrial_msgs/msg/detail/robot_status__functions.h
-- Symlinking: /home/duy/cocarry_ws/install/industrial_msgs/include/industrial_msgs/industrial_msgs/msg/detail/robot_status__struct.h
-- Symlinking: /home/duy/cocarry_ws/install/industrial_msgs/include/industrial_msgs/industrial_msgs/msg/detail/robot_status__type_support.h
-- Symlinking: /home/duy/cocarry_ws/install/industrial_msgs/include/industrial_msgs/industrial_msgs/msg/detail/service_return_code__functions.h
-- Symlinking: /home/duy/cocarry_ws/install/industrial_msgs/include/industrial_msgs/industrial_msgs/msg/detail/service_return_code__struct.h
-- Symlinking: /home/duy/cocarry_ws/install/industrial_msgs/include/industrial_msgs/industrial_msgs/msg/detail/service_return_code__type_support.h
-- Symlinking: /home/duy/cocarry_ws/install/industrial_msgs/include/industrial_msgs/industrial_msgs/msg/detail/tri_state__functions.h
-- Symlinking: /home/duy/cocarry_ws/install/industrial_msgs/include/industrial_msgs/industrial_msgs/msg/detail/tri_state__struct.h
-- Symlinking: /home/duy/cocarry_ws/install/industrial_msgs/include/industrial_msgs/industrial_msgs/msg/detail/tri_state__type_support.h
-- Symlinking: /home/duy/cocarry_ws/install/industrial_msgs/include/industrial_msgs/industrial_msgs/msg/device_info.h
-- Symlinking: /home/duy/cocarry_ws/install/industrial_msgs/include/industrial_msgs/industrial_msgs/msg/robot_mode.h
-- Symlinking: /home/duy/cocarry_ws/install/industrial_msgs/include/industrial_msgs/industrial_msgs/msg/robot_status.h
-- Symlinking: /home/duy/cocarry_ws/install/industrial_msgs/include/industrial_msgs/industrial_msgs/msg/rosidl_generator_c__visibility_control.h
-- Symlinking: /home/duy/cocarry_ws/install/industrial_msgs/include/industrial_msgs/industrial_msgs/msg/service_return_code.h
-- Symlinking: /home/duy/cocarry_ws/install/industrial_msgs/include/industrial_msgs/industrial_msgs/msg/tri_state.h
-- Symlinking: /home/duy/cocarry_ws/install/industrial_msgs/share/industrial_msgs/environment/library_path.sh
-- Symlinking: /home/duy/cocarry_ws/install/industrial_msgs/share/industrial_msgs/environment/library_path.dsv
-- Symlinking: /home/duy/cocarry_ws/install/industrial_msgs/include/industrial_msgs/industrial_msgs/msg/detail/debug_level__rosidl_typesupport_fastrtps_c.h
-- Symlinking: /home/duy/cocarry_ws/install/industrial_msgs/include/industrial_msgs/industrial_msgs/msg/detail/device_info__rosidl_typesupport_fastrtps_c.h
-- Symlinking: /home/duy/cocarry_ws/install/industrial_msgs/include/industrial_msgs/industrial_msgs/msg/detail/robot_mode__rosidl_typesupport_fastrtps_c.h
-- Symlinking: /home/duy/cocarry_ws/install/industrial_msgs/include/industrial_msgs/industrial_msgs/msg/detail/robot_status__rosidl_typesupport_fastrtps_c.h
-- Symlinking: /home/duy/cocarry_ws/install/industrial_msgs/include/industrial_msgs/industrial_msgs/msg/detail/service_return_code__rosidl_typesupport_fastrtps_c.h
-- Symlinking: /home/duy/cocarry_ws/install/industrial_msgs/include/industrial_msgs/industrial_msgs/msg/detail/tri_state__rosidl_typesupport_fastrtps_c.h
-- Symlinking: /home/duy/cocarry_ws/install/industrial_msgs/include/industrial_msgs/industrial_msgs/msg/rosidl_typesupport_fastrtps_c__visibility_control.h
-- Symlinking: /home/duy/cocarry_ws/install/industrial_msgs/include/industrial_msgs/industrial_msgs/msg/detail/debug_level__rosidl_typesupport_introspection_c.h
-- Symlinking: /home/duy/cocarry_ws/install/industrial_msgs/include/industrial_msgs/industrial_msgs/msg/detail/device_info__rosidl_typesupport_introspection_c.h
-- Symlinking: /home/duy/cocarry_ws/install/industrial_msgs/include/industrial_msgs/industrial_msgs/msg/detail/robot_mode__rosidl_typesupport_introspection_c.h
-- Symlinking: /home/duy/cocarry_ws/install/industrial_msgs/include/industrial_msgs/industrial_msgs/msg/detail/robot_status__rosidl_typesupport_introspection_c.h
-- Symlinking: /home/duy/cocarry_ws/install/industrial_msgs/include/industrial_msgs/industrial_msgs/msg/detail/service_return_code__rosidl_typesupport_introspection_c.h
-- Symlinking: /home/duy/cocarry_ws/install/industrial_msgs/include/industrial_msgs/industrial_msgs/msg/detail/tri_state__rosidl_typesupport_introspection_c.h
-- Symlinking: /home/duy/cocarry_ws/install/industrial_msgs/include/industrial_msgs/industrial_msgs/msg/rosidl_typesupport_introspection_c__visibility_control.h
-- Symlinking: /home/duy/cocarry_ws/install/industrial_msgs/include/industrial_msgs/industrial_msgs/msg/debug_level.hpp
-- Symlinking: /home/duy/cocarry_ws/install/industrial_msgs/include/industrial_msgs/industrial_msgs/msg/detail/debug_level__builder.hpp
-- Symlinking: /home/duy/cocarry_ws/install/industrial_msgs/include/industrial_msgs/industrial_msgs/msg/detail/debug_level__struct.hpp
-- Symlinking: /home/duy/cocarry_ws/install/industrial_msgs/include/industrial_msgs/industrial_msgs/msg/detail/debug_level__traits.hpp
-- Symlinking: /home/duy/cocarry_ws/install/industrial_msgs/include/industrial_msgs/industrial_msgs/msg/detail/debug_level__type_support.hpp
-- Symlinking: /home/duy/cocarry_ws/install/industrial_msgs/include/industrial_msgs/industrial_msgs/msg/detail/device_info__builder.hpp
-- Symlinking: /home/duy/cocarry_ws/install/industrial_msgs/include/industrial_msgs/industrial_msgs/msg/detail/device_info__struct.hpp
-- Symlinking: /home/duy/cocarry_ws/install/industrial_msgs/include/industrial_msgs/industrial_msgs/msg/detail/device_info__traits.hpp
-- Symlinking: /home/duy/cocarry_ws/install/industrial_msgs/include/industrial_msgs/industrial_msgs/msg/detail/device_info__type_support.hpp
-- Symlinking: /home/duy/cocarry_ws/install/industrial_msgs/include/industrial_msgs/industrial_msgs/msg/detail/robot_mode__builder.hpp
-- Symlinking: /home/duy/cocarry_ws/install/industrial_msgs/include/industrial_msgs/industrial_msgs/msg/detail/robot_mode__struct.hpp
-- Symlinking: /home/duy/cocarry_ws/install/industrial_msgs/include/industrial_msgs/industrial_msgs/msg/detail/robot_mode__traits.hpp
-- Symlinking: /home/duy/cocarry_ws/install/industrial_msgs/include/industrial_msgs/industrial_msgs/msg/detail/robot_mode__type_support.hpp
-- Symlinking: /home/duy/cocarry_ws/install/industrial_msgs/include/industrial_msgs/industrial_msgs/msg/detail/robot_status__builder.hpp
-- Symlinking: /home/duy/cocarry_ws/install/industrial_msgs/include/industrial_msgs/industrial_msgs/msg/detail/robot_status__struct.hpp
-- Symlinking: /home/duy/cocarry_ws/install/industrial_msgs/include/industrial_msgs/industrial_msgs/msg/detail/robot_status__traits.hpp
-- Symlinking: /home/duy/cocarry_ws/install/industrial_msgs/include/industrial_msgs/industrial_msgs/msg/detail/robot_status__type_support.hpp
-- Symlinking: /home/duy/cocarry_ws/install/industrial_msgs/include/industrial_msgs/industrial_msgs/msg/detail/service_return_code__builder.hpp
-- Symlinking: /home/duy/cocarry_ws/install/industrial_msgs/include/industrial_msgs/industrial_msgs/msg/detail/service_return_code__struct.hpp
-- Symlinking: /home/duy/cocarry_ws/install/industrial_msgs/include/industrial_msgs/industrial_msgs/msg/detail/service_return_code__traits.hpp
-- Symlinking: /home/duy/cocarry_ws/install/industrial_msgs/include/industrial_msgs/industrial_msgs/msg/detail/service_return_code__type_support.hpp
-- Symlinking: /home/duy/cocarry_ws/install/industrial_msgs/include/industrial_msgs/industrial_msgs/msg/detail/tri_state__builder.hpp
-- Symlinking: /home/duy/cocarry_ws/install/industrial_msgs/include/industrial_msgs/industrial_msgs/msg/detail/tri_state__struct.hpp
-- Symlinking: /home/duy/cocarry_ws/install/industrial_msgs/include/industrial_msgs/industrial_msgs/msg/detail/tri_state__traits.hpp
-- Symlinking: /home/duy/cocarry_ws/install/industrial_msgs/include/industrial_msgs/industrial_msgs/msg/detail/tri_state__type_support.hpp
-- Symlinking: /home/duy/cocarry_ws/install/industrial_msgs/include/industrial_msgs/industrial_msgs/msg/device_info.hpp
-- Symlinking: /home/duy/cocarry_ws/install/industrial_msgs/include/industrial_msgs/industrial_msgs/msg/robot_mode.hpp
-- Symlinking: /home/duy/cocarry_ws/install/industrial_msgs/include/industrial_msgs/industrial_msgs/msg/robot_status.hpp
-- Symlinking: /home/duy/cocarry_ws/install/industrial_msgs/include/industrial_msgs/industrial_msgs/msg/rosidl_generator_cpp__visibility_control.hpp
-- Symlinking: /home/duy/cocarry_ws/install/industrial_msgs/include/industrial_msgs/industrial_msgs/msg/service_return_code.hpp
-- Symlinking: /home/duy/cocarry_ws/install/industrial_msgs/include/industrial_msgs/industrial_msgs/msg/tri_state.hpp
-- Symlinking: /home/duy/cocarry_ws/install/industrial_msgs/include/industrial_msgs/industrial_msgs/msg/detail/debug_level__rosidl_typesupport_fastrtps_cpp.hpp
-- Symlinking: /home/duy/cocarry_ws/install/industrial_msgs/include/industrial_msgs/industrial_msgs/msg/detail/device_info__rosidl_typesupport_fastrtps_cpp.hpp
-- Symlinking: /home/duy/cocarry_ws/install/industrial_msgs/include/industrial_msgs/industrial_msgs/msg/detail/robot_mode__rosidl_typesupport_fastrtps_cpp.hpp
-- Symlinking: /home/duy/cocarry_ws/install/industrial_msgs/include/industrial_msgs/industrial_msgs/msg/detail/robot_status__rosidl_typesupport_fastrtps_cpp.hpp
-- Symlinking: /home/duy/cocarry_ws/install/industrial_msgs/include/industrial_msgs/industrial_msgs/msg/detail/service_return_code__rosidl_typesupport_fastrtps_cpp.hpp
-- Symlinking: /home/duy/cocarry_ws/install/industrial_msgs/include/industrial_msgs/industrial_msgs/msg/detail/tri_state__rosidl_typesupport_fastrtps_cpp.hpp
-- Symlinking: /home/duy/cocarry_ws/install/industrial_msgs/include/industrial_msgs/industrial_msgs/msg/rosidl_typesupport_fastrtps_cpp__visibility_control.h
-- Symlinking: /home/duy/cocarry_ws/install/industrial_msgs/include/industrial_msgs/industrial_msgs/msg/detail/debug_level__rosidl_typesupport_introspection_cpp.hpp
-- Symlinking: /home/duy/cocarry_ws/install/industrial_msgs/include/industrial_msgs/industrial_msgs/msg/detail/device_info__rosidl_typesupport_introspection_cpp.hpp
-- Symlinking: /home/duy/cocarry_ws/install/industrial_msgs/include/industrial_msgs/industrial_msgs/msg/detail/robot_mode__rosidl_typesupport_introspection_cpp.hpp
-- Symlinking: /home/duy/cocarry_ws/install/industrial_msgs/include/industrial_msgs/industrial_msgs/msg/detail/robot_status__rosidl_typesupport_introspection_cpp.hpp
-- Symlinking: /home/duy/cocarry_ws/install/industrial_msgs/include/industrial_msgs/industrial_msgs/msg/detail/service_return_code__rosidl_typesupport_introspection_cpp.hpp
-- Symlinking: /home/duy/cocarry_ws/install/industrial_msgs/include/industrial_msgs/industrial_msgs/msg/detail/tri_state__rosidl_typesupport_introspection_cpp.hpp
-- Symlinking: /home/duy/cocarry_ws/install/industrial_msgs/share/industrial_msgs/environment/pythonpath.sh
-- Symlinking: /home/duy/cocarry_ws/install/industrial_msgs/share/industrial_msgs/environment/pythonpath.dsv
-- Symlinking: /home/duy/cocarry_ws/install/industrial_msgs/local/lib/python3.10/dist-packages/industrial_msgs-0.7.3-py3.10.egg-info/PKG-INFO
-- Symlinking: /home/duy/cocarry_ws/install/industrial_msgs/local/lib/python3.10/dist-packages/industrial_msgs-0.7.3-py3.10.egg-info/SOURCES.txt
-- Symlinking: /home/duy/cocarry_ws/install/industrial_msgs/local/lib/python3.10/dist-packages/industrial_msgs-0.7.3-py3.10.egg-info/dependency_links.txt
-- Symlinking: /home/duy/cocarry_ws/install/industrial_msgs/local/lib/python3.10/dist-packages/industrial_msgs-0.7.3-py3.10.egg-info/top_level.txt
-- Symlinking: /home/duy/cocarry_ws/install/industrial_msgs/local/lib/python3.10/dist-packages/industrial_msgs/__init__.py
-- Symlinking: /home/duy/cocarry_ws/install/industrial_msgs/local/lib/python3.10/dist-packages/industrial_msgs/_industrial_msgs_s.ep.rosidl_typesupport_c.c
-- Symlinking: /home/duy/cocarry_ws/install/industrial_msgs/local/lib/python3.10/dist-packages/industrial_msgs/_industrial_msgs_s.ep.rosidl_typesupport_fastrtps_c.c
-- Symlinking: /home/duy/cocarry_ws/install/industrial_msgs/local/lib/python3.10/dist-packages/industrial_msgs/_industrial_msgs_s.ep.rosidl_typesupport_introspection_c.c
-- Symlinking: /home/duy/cocarry_ws/install/industrial_msgs/local/lib/python3.10/dist-packages/industrial_msgs/industrial_msgs_s__rosidl_typesupport_c.cpython-310-x86_64-linux-gnu.so
-- Symlinking: /home/duy/cocarry_ws/install/industrial_msgs/local/lib/python3.10/dist-packages/industrial_msgs/industrial_msgs_s__rosidl_typesupport_fastrtps_c.cpython-310-x86_64-linux-gnu.so
-- Symlinking: /home/duy/cocarry_ws/install/industrial_msgs/local/lib/python3.10/dist-packages/industrial_msgs/industrial_msgs_s__rosidl_typesupport_introspection_c.cpython-310-x86_64-linux-gnu.so
-- Symlinking: /home/duy/cocarry_ws/install/industrial_msgs/local/lib/python3.10/dist-packages/industrial_msgs/libindustrial_msgs__rosidl_generator_py.so
-- Symlinking: /home/duy/cocarry_ws/install/industrial_msgs/local/lib/python3.10/dist-packages/industrial_msgs/msg/__init__.py
-- Symlinking: /home/duy/cocarry_ws/install/industrial_msgs/local/lib/python3.10/dist-packages/industrial_msgs/msg/_debug_level.py
-- Symlinking: /home/duy/cocarry_ws/install/industrial_msgs/local/lib/python3.10/dist-packages/industrial_msgs/msg/_debug_level_s.c
-- Symlinking: /home/duy/cocarry_ws/install/industrial_msgs/local/lib/python3.10/dist-packages/industrial_msgs/msg/_device_info.py
-- Symlinking: /home/duy/cocarry_ws/install/industrial_msgs/local/lib/python3.10/dist-packages/industrial_msgs/msg/_device_info_s.c
-- Symlinking: /home/duy/cocarry_ws/install/industrial_msgs/local/lib/python3.10/dist-packages/industrial_msgs/msg/_robot_mode.py
-- Symlinking: /home/duy/cocarry_ws/install/industrial_msgs/local/lib/python3.10/dist-packages/industrial_msgs/msg/_robot_mode_s.c
-- Symlinking: /home/duy/cocarry_ws/install/industrial_msgs/local/lib/python3.10/dist-packages/industrial_msgs/msg/_robot_status.py
-- Symlinking: /home/duy/cocarry_ws/install/industrial_msgs/local/lib/python3.10/dist-packages/industrial_msgs/msg/_robot_status_s.c
-- Symlinking: /home/duy/cocarry_ws/install/industrial_msgs/local/lib/python3.10/dist-packages/industrial_msgs/msg/_service_return_code.py
-- Symlinking: /home/duy/cocarry_ws/install/industrial_msgs/local/lib/python3.10/dist-packages/industrial_msgs/msg/_service_return_code_s.c
-- Symlinking: /home/duy/cocarry_ws/install/industrial_msgs/local/lib/python3.10/dist-packages/industrial_msgs/msg/_tri_state.py
-- Symlinking: /home/duy/cocarry_ws/install/industrial_msgs/local/lib/python3.10/dist-packages/industrial_msgs/msg/_tri_state_s.c
-- Up-to-date symlink: /home/duy/cocarry_ws/install/industrial_msgs/local/lib/python3.10/dist-packages/industrial_msgs/industrial_msgs_s__rosidl_typesupport_fastrtps_c.cpython-310-x86_64-linux-gnu.so
-- Up-to-date symlink: /home/duy/cocarry_ws/install/industrial_msgs/local/lib/python3.10/dist-packages/industrial_msgs/industrial_msgs_s__rosidl_typesupport_introspection_c.cpython-310-x86_64-linux-gnu.so
-- Up-to-date symlink: /home/duy/cocarry_ws/install/industrial_msgs/local/lib/python3.10/dist-packages/industrial_msgs/industrial_msgs_s__rosidl_typesupport_c.cpython-310-x86_64-linux-gnu.so
-- Symlinking: /home/duy/cocarry_ws/install/industrial_msgs/share/ament_index/resource_index/rust_packages/industrial_msgs
-- Symlinking: /home/duy/cocarry_ws/install/industrial_msgs/share/industrial_msgs/rust/Cargo.toml
-- Symlinking: /home/duy/cocarry_ws/install/industrial_msgs/share/industrial_msgs/rust/build.rs
-- Symlinking: /home/duy/cocarry_ws/install/industrial_msgs/share/industrial_msgs/rust/src/lib.rs
-- Symlinking: /home/duy/cocarry_ws/install/industrial_msgs/share/industrial_msgs/rust/src/msg.rs
-- Symlinking: /home/duy/cocarry_ws/install/industrial_msgs/share/industrial_msgs/rust/src/msg/rmw.rs
-- Symlinking: /home/duy/cocarry_ws/install/industrial_msgs/share/industrial_msgs/msg/DebugLevel.idl
-- Symlinking: /home/duy/cocarry_ws/install/industrial_msgs/share/industrial_msgs/msg/DeviceInfo.idl
-- Symlinking: /home/duy/cocarry_ws/install/industrial_msgs/share/industrial_msgs/msg/RobotMode.idl
-- Symlinking: /home/duy/cocarry_ws/install/industrial_msgs/share/industrial_msgs/msg/RobotStatus.idl
-- Symlinking: /home/duy/cocarry_ws/install/industrial_msgs/share/industrial_msgs/msg/ServiceReturnCode.idl
-- Symlinking: /home/duy/cocarry_ws/install/industrial_msgs/share/industrial_msgs/msg/TriState.idl
-- Symlinking: /home/duy/cocarry_ws/install/industrial_msgs/share/industrial_msgs/msg/DebugLevel.msg
-- Symlinking: /home/duy/cocarry_ws/install/industrial_msgs/share/industrial_msgs/msg/DeviceInfo.msg
-- Symlinking: /home/duy/cocarry_ws/install/industrial_msgs/share/industrial_msgs/msg/RobotMode.msg
-- Symlinking: /home/duy/cocarry_ws/install/industrial_msgs/share/industrial_msgs/msg/RobotStatus.msg
-- Symlinking: /home/duy/cocarry_ws/install/industrial_msgs/share/industrial_msgs/msg/ServiceReturnCode.msg
-- Symlinking: /home/duy/cocarry_ws/install/industrial_msgs/share/industrial_msgs/msg/TriState.msg
-- Symlinking: /home/duy/cocarry_ws/install/industrial_msgs/share/ament_index/resource_index/package_run_dependencies/industrial_msgs
-- Symlinking: /home/duy/cocarry_ws/install/industrial_msgs/share/ament_index/resource_index/parent_prefix_path/industrial_msgs
-- Symlinking: /home/duy/cocarry_ws/install/industrial_msgs/share/industrial_msgs/environment/ament_prefix_path.sh
-- Symlinking: /home/duy/cocarry_ws/install/industrial_msgs/share/industrial_msgs/environment/ament_prefix_path.dsv
-- Symlinking: /home/duy/cocarry_ws/install/industrial_msgs/share/industrial_msgs/environment/path.sh
-- Symlinking: /home/duy/cocarry_ws/install/industrial_msgs/share/industrial_msgs/environment/path.dsv
-- Symlinking: /home/duy/cocarry_ws/install/industrial_msgs/share/industrial_msgs/local_setup.bash
-- Symlinking: /home/duy/cocarry_ws/install/industrial_msgs/share/industrial_msgs/local_setup.sh
-- Symlinking: /home/duy/cocarry_ws/install/industrial_msgs/share/industrial_msgs/local_setup.zsh
-- Symlinking: /home/duy/cocarry_ws/install/industrial_msgs/share/industrial_msgs/local_setup.dsv
-- Symlinking: /home/duy/cocarry_ws/install/industrial_msgs/share/industrial_msgs/package.dsv
-- Symlinking: /home/duy/cocarry_ws/install/industrial_msgs/share/ament_index/resource_index/packages/industrial_msgs
-- Symlinking: /home/duy/cocarry_ws/install/industrial_msgs/share/industrial_msgs/cmake/rosidl_cmake-extras.cmake
-- Symlinking: /home/duy/cocarry_ws/install/industrial_msgs/share/industrial_msgs/cmake/ament_cmake_export_dependencies-extras.cmake
-- Symlinking: /home/duy/cocarry_ws/install/industrial_msgs/share/industrial_msgs/cmake/ament_cmake_export_include_directories-extras.cmake
-- Symlinking: /home/duy/cocarry_ws/install/industrial_msgs/share/industrial_msgs/cmake/ament_cmake_export_libraries-extras.cmake
-- Symlinking: /home/duy/cocarry_ws/install/industrial_msgs/share/industrial_msgs/cmake/ament_cmake_export_targets-extras.cmake
-- Symlinking: /home/duy/cocarry_ws/install/industrial_msgs/share/industrial_msgs/cmake/rosidl_cmake_export_typesupport_targets-extras.cmake
-- Symlinking: /home/duy/cocarry_ws/install/industrial_msgs/share/industrial_msgs/cmake/rosidl_cmake_export_typesupport_libraries-extras.cmake
-- Symlinking: /home/duy/cocarry_ws/install/industrial_msgs/share/industrial_msgs/cmake/industrial_msgsConfig.cmake
-- Symlinking: /home/duy/cocarry_ws/install/industrial_msgs/share/industrial_msgs/cmake/industrial_msgsConfig-version.cmake
-- Symlinking: /home/duy/cocarry_ws/install/industrial_msgs/share/industrial_msgs/package.xml
-- Installing: /home/duy/cocarry_ws/install/industrial_msgs/lib/libindustrial_msgs__rosidl_generator_c.so
-- Set runtime path of "/home/duy/cocarry_ws/install/industrial_msgs/lib/libindustrial_msgs__rosidl_generator_c.so" to ""
-- Installing: /home/duy/cocarry_ws/install/industrial_msgs/lib/libindustrial_msgs__rosidl_typesupport_fastrtps_c.so
-- Set runtime path of "/home/duy/cocarry_ws/install/industrial_msgs/lib/libindustrial_msgs__rosidl_typesupport_fastrtps_c.so" to ""
-- Installing: /home/duy/cocarry_ws/install/industrial_msgs/lib/libindustrial_msgs__rosidl_typesupport_introspection_c.so
-- Set runtime path of "/home/duy/cocarry_ws/install/industrial_msgs/lib/libindustrial_msgs__rosidl_typesupport_introspection_c.so" to ""
-- Installing: /home/duy/cocarry_ws/install/industrial_msgs/lib/libindustrial_msgs__rosidl_typesupport_c.so
-- Set runtime path of "/home/duy/cocarry_ws/install/industrial_msgs/lib/libindustrial_msgs__rosidl_typesupport_c.so" to ""
-- Installing: /home/duy/cocarry_ws/install/industrial_msgs/lib/libindustrial_msgs__rosidl_typesupport_fastrtps_cpp.so
-- Set runtime path of "/home/duy/cocarry_ws/install/industrial_msgs/lib/libindustrial_msgs__rosidl_typesupport_fastrtps_cpp.so" to ""
-- Installing: /home/duy/cocarry_ws/install/industrial_msgs/lib/libindustrial_msgs__rosidl_typesupport_introspection_cpp.so
-- Set runtime path of "/home/duy/cocarry_ws/install/industrial_msgs/lib/libindustrial_msgs__rosidl_typesupport_introspection_cpp.so" to ""
-- Installing: /home/duy/cocarry_ws/install/industrial_msgs/lib/libindustrial_msgs__rosidl_typesupport_cpp.so
-- Set runtime path of "/home/duy/cocarry_ws/install/industrial_msgs/lib/libindustrial_msgs__rosidl_typesupport_cpp.so" to ""
Listing '/home/duy/cocarry_ws/install/industrial_msgs/local/lib/python3.10/dist-packages/industrial_msgs'...
Compiling '/home/duy/cocarry_ws/install/industrial_msgs/local/lib/python3.10/dist-packages/industrial_msgs/__init__.py'...
Listing '/home/duy/cocarry_ws/install/industrial_msgs/local/lib/python3.10/dist-packages/industrial_msgs/msg'...
Compiling '/home/duy/cocarry_ws/install/industrial_msgs/local/lib/python3.10/dist-packages/industrial_msgs/msg/__init__.py'...
Compiling '/home/duy/cocarry_ws/install/industrial_msgs/local/lib/python3.10/dist-packages/industrial_msgs/msg/_debug_level.py'...
Compiling '/home/duy/cocarry_ws/install/industrial_msgs/local/lib/python3.10/dist-packages/industrial_msgs/msg/_device_info.py'...
Compiling '/home/duy/cocarry_ws/install/industrial_msgs/local/lib/python3.10/dist-packages/industrial_msgs/msg/_robot_mode.py'...
Compiling '/home/duy/cocarry_ws/install/industrial_msgs/local/lib/python3.10/dist-packages/industrial_msgs/msg/_robot_status.py'...
Compiling '/home/duy/cocarry_ws/install/industrial_msgs/local/lib/python3.10/dist-packages/industrial_msgs/msg/_service_return_code.py'...
Compiling '/home/duy/cocarry_ws/install/industrial_msgs/local/lib/python3.10/dist-packages/industrial_msgs/msg/_tri_state.py'...
-- Installing: /home/duy/cocarry_ws/install/industrial_msgs/lib/libindustrial_msgs__rosidl_generator_py.so
-- Set runtime path of "/home/duy/cocarry_ws/install/industrial_msgs/lib/libindustrial_msgs__rosidl_generator_py.so" to ""
-- Installing: /home/duy/cocarry_ws/install/industrial_msgs/share/industrial_msgs/cmake/export_industrial_msgs__rosidl_generator_cExport.cmake
-- Installing: /home/duy/cocarry_ws/install/industrial_msgs/share/industrial_msgs/cmake/export_industrial_msgs__rosidl_generator_cExport-noconfig.cmake
-- Installing: /home/duy/cocarry_ws/install/industrial_msgs/share/industrial_msgs/cmake/export_industrial_msgs__rosidl_typesupport_fastrtps_cExport.cmake
-- Installing: /home/duy/cocarry_ws/install/industrial_msgs/share/industrial_msgs/cmake/export_industrial_msgs__rosidl_typesupport_fastrtps_cExport-noconfig.cmake
-- Installing: /home/duy/cocarry_ws/install/industrial_msgs/share/industrial_msgs/cmake/industrial_msgs__rosidl_typesupport_introspection_cExport.cmake
-- Installing: /home/duy/cocarry_ws/install/industrial_msgs/share/industrial_msgs/cmake/industrial_msgs__rosidl_typesupport_introspection_cExport-noconfig.cmake
-- Installing: /home/duy/cocarry_ws/install/industrial_msgs/share/industrial_msgs/cmake/industrial_msgs__rosidl_typesupport_cExport.cmake
-- Installing: /home/duy/cocarry_ws/install/industrial_msgs/share/industrial_msgs/cmake/industrial_msgs__rosidl_typesupport_cExport-noconfig.cmake
-- Installing: /home/duy/cocarry_ws/install/industrial_msgs/share/industrial_msgs/cmake/export_industrial_msgs__rosidl_generator_cppExport.cmake
-- Installing: /home/duy/cocarry_ws/install/industrial_msgs/share/industrial_msgs/cmake/export_industrial_msgs__rosidl_typesupport_fastrtps_cppExport.cmake
-- Installing: /home/duy/cocarry_ws/install/industrial_msgs/share/industrial_msgs/cmake/export_industrial_msgs__rosidl_typesupport_fastrtps_cppExport-noconfig.cmake
-- Installing: /home/duy/cocarry_ws/install/industrial_msgs/share/industrial_msgs/cmake/industrial_msgs__rosidl_typesupport_introspection_cppExport.cmake
-- Installing: /home/duy/cocarry_ws/install/industrial_msgs/share/industrial_msgs/cmake/industrial_msgs__rosidl_typesupport_introspection_cppExport-noconfig.cmake
-- Installing: /home/duy/cocarry_ws/install/industrial_msgs/share/industrial_msgs/cmake/industrial_msgs__rosidl_typesupport_cppExport.cmake
-- Installing: /home/duy/cocarry_ws/install/industrial_msgs/share/industrial_msgs/cmake/industrial_msgs__rosidl_typesupport_cppExport-noconfig.cmake
-- Installing: /home/duy/cocarry_ws/install/industrial_msgs/share/industrial_msgs/cmake/export_industrial_msgs__rosidl_generator_pyExport.cmake
-- Installing: /home/duy/cocarry_ws/install/industrial_msgs/share/industrial_msgs/cmake/export_industrial_msgs__rosidl_generator_pyExport-noconfig.cmake
