[0.014s] Invoking command in '/home/duy/cocarry_ws/build/industrial_msgs': CMAKE_PREFIX_PATH=${CMAKE_PREFIX_PATH}:/opt/ros/humble /usr/bin/cmake /home/duy/cocarry_ws/src/ros-industrial/industrial_core_ros2_msgs_only/industrial_msgs -DAMENT_CMAKE_SYMLINK_INSTALL=1 -DCMAKE_INSTALL_PREFIX=/home/duy/cocarry_ws/install/industrial_msgs
[0.167s] -- The C compiler identification is GNU 11.4.0
[0.282s] -- The CXX compiler identification is GNU 11.4.0
[0.292s] -- Detecting C compiler ABI info
[0.370s] -- Detecting C compiler ABI info - done
[0.382s] -- Check for working C compiler: /usr/bin/cc - skipped
[0.383s] -- Detecting C compile features
[0.383s] -- Detecting C compile features - done
[0.388s] -- Detecting CXX compiler ABI info
[0.483s] -- Detecting CXX compiler ABI info - done
[0.489s] -- Check for working CXX compiler: /usr/bin/c++ - skipped
[0.490s] -- Detecting CXX compile features
[0.490s] -- Detecting CXX compile features - done
[0.493s] -- Found ament_cmake: 1.3.14 (/opt/ros/humble/share/ament_cmake/cmake)
[0.653s] -- Found Python3: /usr/bin/python3 (found version "3.10.12") found components: Interpreter 
[0.718s] -- Override CMake install command with custom implementation using symlinks instead of copying resources
[0.756s] -- Found rosidl_default_generators: 1.2.1 (/opt/ros/humble/share/rosidl_default_generators/cmake)
[0.761s] -- Using all available rosidl_typesupport_c: rosidl_typesupport_fastrtps_c;rosidl_typesupport_introspection_c
[0.772s] -- Found rosidl_adapter: 3.1.8 (/opt/ros/humble/share/rosidl_adapter/cmake)
[0.839s] -- Using all available rosidl_typesupport_cpp: rosidl_typesupport_fastrtps_cpp;rosidl_typesupport_introspection_cpp
[0.902s] -- Found std_msgs: 4.9.1 (/opt/ros/humble/share/std_msgs/cmake)
[1.286s] -- Found ament_cmake_cppcheck: 0.12.15 (/opt/ros/humble/share/ament_cmake_cppcheck/cmake)
[1.290s] -- Found ament_cmake_cpplint: 0.12.15 (/opt/ros/humble/share/ament_cmake_cpplint/cmake)
[1.294s] -- Found ament_cmake_uncrustify: 0.12.15 (/opt/ros/humble/share/ament_cmake_uncrustify/cmake)
[1.298s] -- Found ament_cmake_ros: 0.10.0 (/opt/ros/humble/share/ament_cmake_ros/cmake)
[1.575s] -- Using all available rosidl_typesupport_c: rosidl_typesupport_fastrtps_c;rosidl_typesupport_introspection_c
[1.964s] -- Using all available rosidl_typesupport_cpp: rosidl_typesupport_fastrtps_cpp;rosidl_typesupport_introspection_cpp
[1.992s] -- Found PythonInterp: /usr/bin/python3 (found suitable version "3.10.12", minimum required is "3.6") 
[1.995s] -- Found python_cmake_module: 0.10.0 (/opt/ros/humble/share/python_cmake_module/cmake)
[2.027s] -- Found PythonLibs: /usr/lib/x86_64-linux-gnu/libpython3.10.so (found suitable version "3.10.12", minimum required is "3.5") 
[2.028s] -- Using PYTHON_EXECUTABLE: /usr/bin/python3
[2.028s] -- Using PYTHON_INCLUDE_DIRS: /usr/include/python3.10
[2.028s] -- Using PYTHON_LIBRARIES: /usr/lib/x86_64-linux-gnu/libpython3.10.so
[2.050s] -- Found PythonExtra: .so  
[2.112s] -- Found ament_cmake_flake8: 0.12.15 (/opt/ros/humble/share/ament_cmake_flake8/cmake)
[2.114s] -- Found ament_cmake_pep257: 0.12.15 (/opt/ros/humble/share/ament_cmake_pep257/cmake)
[2.230s] -- Found ament_lint_auto: 0.12.15 (/opt/ros/humble/share/ament_lint_auto/cmake)
[2.261s] -- Added test 'copyright' to check source files copyright and LICENSE
[2.262s] -- Added test 'lint_cmake' to check CMake code style
[2.263s] -- Added test 'xmllint' to check XML markup files
[2.270s] -- Configuring done
[2.348s] -- Generating done
[2.369s] -- Build files have been written to: /home/duy/cocarry_ws/build/industrial_msgs
[2.385s] Invoked command in '/home/duy/cocarry_ws/build/industrial_msgs' returned '0': CMAKE_PREFIX_PATH=${CMAKE_PREFIX_PATH}:/opt/ros/humble /usr/bin/cmake /home/duy/cocarry_ws/src/ros-industrial/industrial_core_ros2_msgs_only/industrial_msgs -DAMENT_CMAKE_SYMLINK_INSTALL=1 -DCMAKE_INSTALL_PREFIX=/home/duy/cocarry_ws/install/industrial_msgs
[2.387s] Invoking command in '/home/duy/cocarry_ws/build/industrial_msgs': CMAKE_PREFIX_PATH=${CMAKE_PREFIX_PATH}:/opt/ros/humble /usr/bin/cmake --build /home/duy/cocarry_ws/build/industrial_msgs -- -j16 -l16
[2.452s] [  1%] [34m[1mGenerating C code for ROS interfaces[0m
[2.465s] [  2%] [34m[1mGenerating Rust code for ROS interfaces[0m
[2.467s] [  4%] [34m[1mGenerating C++ code for ROS interfaces[0m
[2.478s] [  4%] Built target ament_cmake_python_symlink_industrial_msgs
[2.787s] running egg_info
[2.788s] creating industrial_msgs.egg-info
[2.788s] writing industrial_msgs.egg-info/PKG-INFO
[2.788s] writing dependency_links to industrial_msgs.egg-info/dependency_links.txt
[2.788s] writing top-level names to industrial_msgs.egg-info/top_level.txt
[2.789s] writing manifest file 'industrial_msgs.egg-info/SOURCES.txt'
[2.792s] reading manifest file 'industrial_msgs.egg-info/SOURCES.txt'
[2.792s] writing manifest file 'industrial_msgs.egg-info/SOURCES.txt'
[2.845s] [  4%] Built target ament_cmake_python_build_industrial_msgs_egg
[3.325s] [  4%] Built target industrial_msgs__rs
[3.920s] [  5%] [32mBuilding C object CMakeFiles/industrial_msgs__rosidl_generator_c.dir/rosidl_generator_c/industrial_msgs/msg/detail/robot_mode__functions.c.o[0m
[3.921s] [  6%] [32mBuilding C object CMakeFiles/industrial_msgs__rosidl_generator_c.dir/rosidl_generator_c/industrial_msgs/msg/detail/device_info__functions.c.o[0m
[3.924s] [  8%] [32mBuilding C object CMakeFiles/industrial_msgs__rosidl_generator_c.dir/rosidl_generator_c/industrial_msgs/msg/detail/debug_level__functions.c.o[0m
[3.927s] [  9%] [32mBuilding C object CMakeFiles/industrial_msgs__rosidl_generator_c.dir/rosidl_generator_c/industrial_msgs/msg/detail/robot_status__functions.c.o[0m
[3.929s] [ 11%] [32mBuilding C object CMakeFiles/industrial_msgs__rosidl_generator_c.dir/rosidl_generator_c/industrial_msgs/msg/detail/service_return_code__functions.c.o[0m
[3.936s] [ 12%] [32mBuilding C object CMakeFiles/industrial_msgs__rosidl_generator_c.dir/rosidl_generator_c/industrial_msgs/msg/detail/tri_state__functions.c.o[0m
[4.098s] [ 12%] Built target industrial_msgs__cpp
[4.122s] [ 13%] [32m[1mLinking C shared library libindustrial_msgs__rosidl_generator_c.so[0m
[4.130s] [ 15%] [34m[1mGenerating C++ type support for eProsima Fast-RTPS[0m
[4.136s] [ 16%] [34m[1mGenerating C++ type support dispatch for ROS interfaces[0m
[4.139s] [ 18%] [34m[1mGenerating C++ introspection for ROS interfaces[0m
[4.235s] [ 18%] Built target industrial_msgs__rosidl_generator_c
[4.276s] [ 19%] [34m[1mGenerating C type support for eProsima Fast-RTPS[0m
[4.276s] [ 20%] [34m[1mGenerating C introspection for ROS interfaces[0m
[4.279s] [ 22%] [34m[1mGenerating C type support dispatch for ROS interfaces[0m
[5.963s] [ 23%] [32mBuilding CXX object CMakeFiles/industrial_msgs__rosidl_typesupport_cpp.dir/rosidl_typesupport_cpp/industrial_msgs/msg/device_info__type_support.cpp.o[0m
[5.964s] [ 25%] [32mBuilding CXX object CMakeFiles/industrial_msgs__rosidl_typesupport_cpp.dir/rosidl_typesupport_cpp/industrial_msgs/msg/debug_level__type_support.cpp.o[0m
[5.964s] [ 26%] [32mBuilding CXX object CMakeFiles/industrial_msgs__rosidl_typesupport_cpp.dir/rosidl_typesupport_cpp/industrial_msgs/msg/robot_mode__type_support.cpp.o[0m
[5.964s] [ 27%] [32mBuilding CXX object CMakeFiles/industrial_msgs__rosidl_typesupport_cpp.dir/rosidl_typesupport_cpp/industrial_msgs/msg/robot_status__type_support.cpp.o[0m
[5.970s] [ 29%] [32mBuilding CXX object CMakeFiles/industrial_msgs__rosidl_typesupport_cpp.dir/rosidl_typesupport_cpp/industrial_msgs/msg/service_return_code__type_support.cpp.o[0m
[5.972s] [ 30%] [32mBuilding CXX object CMakeFiles/industrial_msgs__rosidl_typesupport_cpp.dir/rosidl_typesupport_cpp/industrial_msgs/msg/tri_state__type_support.cpp.o[0m
[6.302s] [ 31%] [32mBuilding CXX object CMakeFiles/industrial_msgs__rosidl_typesupport_c.dir/rosidl_typesupport_c/industrial_msgs/msg/debug_level__type_support.cpp.o[0m
[6.338s] [ 33%] [32mBuilding CXX object CMakeFiles/industrial_msgs__rosidl_typesupport_c.dir/rosidl_typesupport_c/industrial_msgs/msg/device_info__type_support.cpp.o[0m
[6.376s] [ 34%] [32mBuilding CXX object CMakeFiles/industrial_msgs__rosidl_typesupport_c.dir/rosidl_typesupport_c/industrial_msgs/msg/robot_mode__type_support.cpp.o[0m
[6.390s] [ 36%] [32mBuilding CXX object CMakeFiles/industrial_msgs__rosidl_typesupport_c.dir/rosidl_typesupport_c/industrial_msgs/msg/robot_status__type_support.cpp.o[0m
[6.433s] [ 37%] [32mBuilding CXX object CMakeFiles/industrial_msgs__rosidl_typesupport_c.dir/rosidl_typesupport_c/industrial_msgs/msg/service_return_code__type_support.cpp.o[0m
[6.436s] [ 38%] [32mBuilding CXX object CMakeFiles/industrial_msgs__rosidl_typesupport_c.dir/rosidl_typesupport_c/industrial_msgs/msg/tri_state__type_support.cpp.o[0m
[6.449s] [ 40%] [32mBuilding CXX object CMakeFiles/industrial_msgs__rosidl_typesupport_introspection_cpp.dir/rosidl_typesupport_introspection_cpp/industrial_msgs/msg/detail/debug_level__type_support.cpp.o[0m
[6.477s] [ 41%] [32mBuilding CXX object CMakeFiles/industrial_msgs__rosidl_typesupport_fastrtps_cpp.dir/rosidl_typesupport_fastrtps_cpp/industrial_msgs/msg/detail/dds_fastrtps/debug_level__type_support.cpp.o[0m
[6.486s] [ 43%] [32mBuilding C object CMakeFiles/industrial_msgs__rosidl_typesupport_introspection_c.dir/rosidl_typesupport_introspection_c/industrial_msgs/msg/detail/debug_level__type_support.c.o[0m
[6.489s] [ 44%] [32mBuilding CXX object CMakeFiles/industrial_msgs__rosidl_typesupport_fastrtps_cpp.dir/rosidl_typesupport_fastrtps_cpp/industrial_msgs/msg/detail/dds_fastrtps/device_info__type_support.cpp.o[0m
[6.495s] [ 45%] [32mBuilding CXX object CMakeFiles/industrial_msgs__rosidl_typesupport_introspection_cpp.dir/rosidl_typesupport_introspection_cpp/industrial_msgs/msg/detail/device_info__type_support.cpp.o[0m
[6.498s] [ 47%] [32mBuilding CXX object CMakeFiles/industrial_msgs__rosidl_typesupport_introspection_cpp.dir/rosidl_typesupport_introspection_cpp/industrial_msgs/msg/detail/robot_mode__type_support.cpp.o[0m
[6.502s] [ 48%] [32mBuilding CXX object CMakeFiles/industrial_msgs__rosidl_typesupport_fastrtps_cpp.dir/rosidl_typesupport_fastrtps_cpp/industrial_msgs/msg/detail/dds_fastrtps/robot_mode__type_support.cpp.o[0m
[6.503s] [ 50%] [32mBuilding CXX object CMakeFiles/industrial_msgs__rosidl_typesupport_fastrtps_cpp.dir/rosidl_typesupport_fastrtps_cpp/industrial_msgs/msg/detail/dds_fastrtps/robot_status__type_support.cpp.o[0m
[6.506s] [ 51%] [32mBuilding CXX object CMakeFiles/industrial_msgs__rosidl_typesupport_fastrtps_cpp.dir/rosidl_typesupport_fastrtps_cpp/industrial_msgs/msg/detail/dds_fastrtps/service_return_code__type_support.cpp.o[0m
[6.508s] [ 52%] [32mBuilding C object CMakeFiles/industrial_msgs__rosidl_typesupport_introspection_c.dir/rosidl_typesupport_introspection_c/industrial_msgs/msg/detail/device_info__type_support.c.o[0m
[6.514s] [ 54%] [32m[1mLinking CXX shared library libindustrial_msgs__rosidl_typesupport_c.so[0m
[6.538s] [ 55%] [32mBuilding CXX object CMakeFiles/industrial_msgs__rosidl_typesupport_fastrtps_cpp.dir/rosidl_typesupport_fastrtps_cpp/industrial_msgs/msg/detail/dds_fastrtps/tri_state__type_support.cpp.o[0m
[6.545s] [ 56%] [32mBuilding CXX object CMakeFiles/industrial_msgs__rosidl_typesupport_fastrtps_c.dir/rosidl_typesupport_fastrtps_c/industrial_msgs/msg/detail/debug_level__type_support_c.cpp.o[0m
[6.590s] [ 58%] [32mBuilding CXX object CMakeFiles/industrial_msgs__rosidl_typesupport_fastrtps_c.dir/rosidl_typesupport_fastrtps_c/industrial_msgs/msg/detail/device_info__type_support_c.cpp.o[0m
[6.607s] [ 59%] [32mBuilding C object CMakeFiles/industrial_msgs__rosidl_typesupport_introspection_c.dir/rosidl_typesupport_introspection_c/industrial_msgs/msg/detail/robot_mode__type_support.c.o[0m
[6.633s] [ 61%] [32mBuilding CXX object CMakeFiles/industrial_msgs__rosidl_typesupport_fastrtps_c.dir/rosidl_typesupport_fastrtps_c/industrial_msgs/msg/detail/robot_mode__type_support_c.cpp.o[0m
[6.656s] [ 62%] [32mBuilding C object CMakeFiles/industrial_msgs__rosidl_typesupport_introspection_c.dir/rosidl_typesupport_introspection_c/industrial_msgs/msg/detail/robot_status__type_support.c.o[0m
[6.691s] [ 62%] Built target industrial_msgs__rosidl_typesupport_c
[6.726s] [ 63%] [32mBuilding C object CMakeFiles/industrial_msgs__rosidl_typesupport_introspection_c.dir/rosidl_typesupport_introspection_c/industrial_msgs/msg/detail/service_return_code__type_support.c.o[0m
[6.728s] [ 65%] [32mBuilding C object CMakeFiles/industrial_msgs__rosidl_typesupport_introspection_c.dir/rosidl_typesupport_introspection_c/industrial_msgs/msg/detail/tri_state__type_support.c.o[0m
[6.807s] [ 66%] [32m[1mLinking CXX shared library libindustrial_msgs__rosidl_typesupport_cpp.so[0m
[6.827s] [ 68%] [32mBuilding CXX object CMakeFiles/industrial_msgs__rosidl_typesupport_introspection_cpp.dir/rosidl_typesupport_introspection_cpp/industrial_msgs/msg/detail/robot_status__type_support.cpp.o[0m
[6.845s] [ 69%] [32mBuilding CXX object CMakeFiles/industrial_msgs__rosidl_typesupport_introspection_cpp.dir/rosidl_typesupport_introspection_cpp/industrial_msgs/msg/detail/service_return_code__type_support.cpp.o[0m
[6.859s] [ 70%] [32m[1mLinking C shared library libindustrial_msgs__rosidl_typesupport_introspection_c.so[0m
[6.974s] [ 70%] Built target industrial_msgs__rosidl_typesupport_cpp
[6.994s] [ 70%] Built target industrial_msgs__rosidl_typesupport_introspection_c
[7.004s] [ 72%] [32mBuilding CXX object CMakeFiles/industrial_msgs__rosidl_typesupport_fastrtps_c.dir/rosidl_typesupport_fastrtps_c/industrial_msgs/msg/detail/robot_status__type_support_c.cpp.o[0m
[7.031s] [ 73%] [32mBuilding CXX object CMakeFiles/industrial_msgs__rosidl_typesupport_introspection_cpp.dir/rosidl_typesupport_introspection_cpp/industrial_msgs/msg/detail/tri_state__type_support.cpp.o[0m
[7.205s] [ 75%] [32mBuilding CXX object CMakeFiles/industrial_msgs__rosidl_typesupport_fastrtps_c.dir/rosidl_typesupport_fastrtps_c/industrial_msgs/msg/detail/service_return_code__type_support_c.cpp.o[0m
[7.348s] [ 76%] [32mBuilding CXX object CMakeFiles/industrial_msgs__rosidl_typesupport_fastrtps_c.dir/rosidl_typesupport_fastrtps_c/industrial_msgs/msg/detail/tri_state__type_support_c.cpp.o[0m
[7.585s] [ 77%] [32m[1mLinking CXX shared library libindustrial_msgs__rosidl_typesupport_fastrtps_cpp.so[0m
[7.745s] [ 77%] Built target industrial_msgs__rosidl_typesupport_fastrtps_cpp
[7.812s] [ 79%] [32m[1mLinking CXX shared library libindustrial_msgs__rosidl_typesupport_introspection_cpp.so[0m
[7.870s] [ 80%] [32m[1mLinking CXX shared library libindustrial_msgs__rosidl_typesupport_fastrtps_c.so[0m
[7.920s] [ 80%] Built target industrial_msgs__rosidl_typesupport_introspection_cpp
[7.987s] [ 80%] Built target industrial_msgs__rosidl_typesupport_fastrtps_c
[8.016s] [ 80%] Built target industrial_msgs
[8.045s] [ 81%] [34m[1mGenerating Python code for ROS interfaces[0m
[9.693s] [ 81%] Built target industrial_msgs__py
[9.717s] [ 83%] [32mBuilding C object CMakeFiles/industrial_msgs__rosidl_generator_py.dir/rosidl_generator_py/industrial_msgs/msg/_debug_level_s.c.o[0m
[9.720s] [ 84%] [32mBuilding C object CMakeFiles/industrial_msgs__rosidl_generator_py.dir/rosidl_generator_py/industrial_msgs/msg/_device_info_s.c.o[0m
[9.721s] [ 86%] [32mBuilding C object CMakeFiles/industrial_msgs__rosidl_generator_py.dir/rosidl_generator_py/industrial_msgs/msg/_service_return_code_s.c.o[0m
[9.721s] [ 87%] [32mBuilding C object CMakeFiles/industrial_msgs__rosidl_generator_py.dir/rosidl_generator_py/industrial_msgs/msg/_tri_state_s.c.o[0m
[9.722s] [ 88%] [32mBuilding C object CMakeFiles/industrial_msgs__rosidl_generator_py.dir/rosidl_generator_py/industrial_msgs/msg/_robot_mode_s.c.o[0m
[9.722s] [ 90%] [32mBuilding C object CMakeFiles/industrial_msgs__rosidl_generator_py.dir/rosidl_generator_py/industrial_msgs/msg/_robot_status_s.c.o[0m
[9.933s] [ 91%] [32m[1mLinking C shared library rosidl_generator_py/industrial_msgs/libindustrial_msgs__rosidl_generator_py.so[0m
[9.986s] [ 91%] Built target industrial_msgs__rosidl_generator_py
[10.008s] [ 93%] [32mBuilding C object CMakeFiles/industrial_msgs__rosidl_typesupport_c__pyext.dir/rosidl_generator_py/industrial_msgs/_industrial_msgs_s.ep.rosidl_typesupport_c.c.o[0m
[10.013s] [ 94%] [32mBuilding C object CMakeFiles/industrial_msgs__rosidl_typesupport_fastrtps_c__pyext.dir/rosidl_generator_py/industrial_msgs/_industrial_msgs_s.ep.rosidl_typesupport_fastrtps_c.c.o[0m
[10.017s] [ 95%] [32mBuilding C object CMakeFiles/industrial_msgs__rosidl_typesupport_introspection_c__pyext.dir/rosidl_generator_py/industrial_msgs/_industrial_msgs_s.ep.rosidl_typesupport_introspection_c.c.o[0m
[10.135s] [ 97%] [32m[1mLinking C shared library rosidl_generator_py/industrial_msgs/industrial_msgs_s__rosidl_typesupport_fastrtps_c.cpython-310-x86_64-linux-gnu.so[0m
[10.174s] [ 98%] [32m[1mLinking C shared library rosidl_generator_py/industrial_msgs/industrial_msgs_s__rosidl_typesupport_c.cpython-310-x86_64-linux-gnu.so[0m
[10.207s] [ 98%] Built target industrial_msgs__rosidl_typesupport_fastrtps_c__pyext
[10.209s] [100%] [32m[1mLinking C shared library rosidl_generator_py/industrial_msgs/industrial_msgs_s__rosidl_typesupport_introspection_c.cpython-310-x86_64-linux-gnu.so[0m
[10.215s] [100%] Built target industrial_msgs__rosidl_typesupport_c__pyext
[10.261s] [100%] Built target industrial_msgs__rosidl_typesupport_introspection_c__pyext
[11.018s] Invoked command in '/home/duy/cocarry_ws/build/industrial_msgs' returned '0': CMAKE_PREFIX_PATH=${CMAKE_PREFIX_PATH}:/opt/ros/humble /usr/bin/cmake --build /home/duy/cocarry_ws/build/industrial_msgs -- -j16 -l16
[11.020s] Invoking command in '/home/duy/cocarry_ws/build/industrial_msgs': CMAKE_PREFIX_PATH=${CMAKE_PREFIX_PATH}:/opt/ros/humble /usr/bin/cmake --install /home/duy/cocarry_ws/build/industrial_msgs
[11.035s] -- Install configuration: ""
[11.036s] -- Execute custom install script
[11.037s] -- Symlinking: /home/duy/cocarry_ws/install/industrial_msgs/share/ament_index/resource_index/rosidl_interfaces/industrial_msgs
[11.054s] -- Symlinking: /home/duy/cocarry_ws/install/industrial_msgs/include/industrial_msgs/industrial_msgs/msg/debug_level.h
[11.072s] -- Symlinking: /home/duy/cocarry_ws/install/industrial_msgs/include/industrial_msgs/industrial_msgs/msg/detail/debug_level__functions.h
[11.089s] -- Symlinking: /home/duy/cocarry_ws/install/industrial_msgs/include/industrial_msgs/industrial_msgs/msg/detail/debug_level__struct.h
[11.104s] -- Symlinking: /home/duy/cocarry_ws/install/industrial_msgs/include/industrial_msgs/industrial_msgs/msg/detail/debug_level__type_support.h
[11.120s] -- Symlinking: /home/duy/cocarry_ws/install/industrial_msgs/include/industrial_msgs/industrial_msgs/msg/detail/device_info__functions.h
[11.130s] -- Symlinking: /home/duy/cocarry_ws/install/industrial_msgs/include/industrial_msgs/industrial_msgs/msg/detail/device_info__struct.h
[11.144s] -- Symlinking: /home/duy/cocarry_ws/install/industrial_msgs/include/industrial_msgs/industrial_msgs/msg/detail/device_info__type_support.h
[11.160s] -- Symlinking: /home/duy/cocarry_ws/install/industrial_msgs/include/industrial_msgs/industrial_msgs/msg/detail/robot_mode__functions.h
[11.176s] -- Symlinking: /home/duy/cocarry_ws/install/industrial_msgs/include/industrial_msgs/industrial_msgs/msg/detail/robot_mode__struct.h
[11.191s] -- Symlinking: /home/duy/cocarry_ws/install/industrial_msgs/include/industrial_msgs/industrial_msgs/msg/detail/robot_mode__type_support.h
[11.206s] -- Symlinking: /home/duy/cocarry_ws/install/industrial_msgs/include/industrial_msgs/industrial_msgs/msg/detail/robot_status__functions.h
[11.220s] -- Symlinking: /home/duy/cocarry_ws/install/industrial_msgs/include/industrial_msgs/industrial_msgs/msg/detail/robot_status__struct.h
[11.235s] -- Symlinking: /home/duy/cocarry_ws/install/industrial_msgs/include/industrial_msgs/industrial_msgs/msg/detail/robot_status__type_support.h
[11.250s] -- Symlinking: /home/duy/cocarry_ws/install/industrial_msgs/include/industrial_msgs/industrial_msgs/msg/detail/service_return_code__functions.h
[11.266s] -- Symlinking: /home/duy/cocarry_ws/install/industrial_msgs/include/industrial_msgs/industrial_msgs/msg/detail/service_return_code__struct.h
[11.282s] -- Symlinking: /home/duy/cocarry_ws/install/industrial_msgs/include/industrial_msgs/industrial_msgs/msg/detail/service_return_code__type_support.h
[11.296s] -- Symlinking: /home/duy/cocarry_ws/install/industrial_msgs/include/industrial_msgs/industrial_msgs/msg/detail/tri_state__functions.h
[11.312s] -- Symlinking: /home/duy/cocarry_ws/install/industrial_msgs/include/industrial_msgs/industrial_msgs/msg/detail/tri_state__struct.h
[11.327s] -- Symlinking: /home/duy/cocarry_ws/install/industrial_msgs/include/industrial_msgs/industrial_msgs/msg/detail/tri_state__type_support.h
[11.343s] -- Symlinking: /home/duy/cocarry_ws/install/industrial_msgs/include/industrial_msgs/industrial_msgs/msg/device_info.h
[11.357s] -- Symlinking: /home/duy/cocarry_ws/install/industrial_msgs/include/industrial_msgs/industrial_msgs/msg/robot_mode.h
[11.371s] -- Symlinking: /home/duy/cocarry_ws/install/industrial_msgs/include/industrial_msgs/industrial_msgs/msg/robot_status.h
[11.387s] -- Symlinking: /home/duy/cocarry_ws/install/industrial_msgs/include/industrial_msgs/industrial_msgs/msg/rosidl_generator_c__visibility_control.h
[11.403s] -- Symlinking: /home/duy/cocarry_ws/install/industrial_msgs/include/industrial_msgs/industrial_msgs/msg/service_return_code.h
[11.417s] -- Symlinking: /home/duy/cocarry_ws/install/industrial_msgs/include/industrial_msgs/industrial_msgs/msg/tri_state.h
[11.433s] -- Symlinking: /home/duy/cocarry_ws/install/industrial_msgs/share/industrial_msgs/environment/library_path.sh
[11.448s] -- Symlinking: /home/duy/cocarry_ws/install/industrial_msgs/share/industrial_msgs/environment/library_path.dsv
[11.465s] -- Symlinking: /home/duy/cocarry_ws/install/industrial_msgs/include/industrial_msgs/industrial_msgs/msg/detail/debug_level__rosidl_typesupport_fastrtps_c.h
[11.482s] -- Symlinking: /home/duy/cocarry_ws/install/industrial_msgs/include/industrial_msgs/industrial_msgs/msg/detail/device_info__rosidl_typesupport_fastrtps_c.h
[11.499s] -- Symlinking: /home/duy/cocarry_ws/install/industrial_msgs/include/industrial_msgs/industrial_msgs/msg/detail/robot_mode__rosidl_typesupport_fastrtps_c.h
[11.516s] -- Symlinking: /home/duy/cocarry_ws/install/industrial_msgs/include/industrial_msgs/industrial_msgs/msg/detail/robot_status__rosidl_typesupport_fastrtps_c.h
[11.531s] -- Symlinking: /home/duy/cocarry_ws/install/industrial_msgs/include/industrial_msgs/industrial_msgs/msg/detail/service_return_code__rosidl_typesupport_fastrtps_c.h
[11.546s] -- Symlinking: /home/duy/cocarry_ws/install/industrial_msgs/include/industrial_msgs/industrial_msgs/msg/detail/tri_state__rosidl_typesupport_fastrtps_c.h
[11.557s] -- Symlinking: /home/duy/cocarry_ws/install/industrial_msgs/include/industrial_msgs/industrial_msgs/msg/rosidl_typesupport_fastrtps_c__visibility_control.h
[11.573s] -- Symlinking: /home/duy/cocarry_ws/install/industrial_msgs/include/industrial_msgs/industrial_msgs/msg/detail/debug_level__rosidl_typesupport_introspection_c.h
[11.584s] -- Symlinking: /home/duy/cocarry_ws/install/industrial_msgs/include/industrial_msgs/industrial_msgs/msg/detail/device_info__rosidl_typesupport_introspection_c.h
[11.593s] -- Symlinking: /home/duy/cocarry_ws/install/industrial_msgs/include/industrial_msgs/industrial_msgs/msg/detail/robot_mode__rosidl_typesupport_introspection_c.h
[11.603s] -- Symlinking: /home/duy/cocarry_ws/install/industrial_msgs/include/industrial_msgs/industrial_msgs/msg/detail/robot_status__rosidl_typesupport_introspection_c.h
[11.613s] -- Symlinking: /home/duy/cocarry_ws/install/industrial_msgs/include/industrial_msgs/industrial_msgs/msg/detail/service_return_code__rosidl_typesupport_introspection_c.h
[11.622s] -- Symlinking: /home/duy/cocarry_ws/install/industrial_msgs/include/industrial_msgs/industrial_msgs/msg/detail/tri_state__rosidl_typesupport_introspection_c.h
[11.632s] -- Symlinking: /home/duy/cocarry_ws/install/industrial_msgs/include/industrial_msgs/industrial_msgs/msg/rosidl_typesupport_introspection_c__visibility_control.h
[11.649s] -- Symlinking: /home/duy/cocarry_ws/install/industrial_msgs/include/industrial_msgs/industrial_msgs/msg/debug_level.hpp
[11.663s] -- Symlinking: /home/duy/cocarry_ws/install/industrial_msgs/include/industrial_msgs/industrial_msgs/msg/detail/debug_level__builder.hpp
[11.680s] -- Symlinking: /home/duy/cocarry_ws/install/industrial_msgs/include/industrial_msgs/industrial_msgs/msg/detail/debug_level__struct.hpp
[11.695s] -- Symlinking: /home/duy/cocarry_ws/install/industrial_msgs/include/industrial_msgs/industrial_msgs/msg/detail/debug_level__traits.hpp
[11.710s] -- Symlinking: /home/duy/cocarry_ws/install/industrial_msgs/include/industrial_msgs/industrial_msgs/msg/detail/debug_level__type_support.hpp
[11.722s] -- Symlinking: /home/duy/cocarry_ws/install/industrial_msgs/include/industrial_msgs/industrial_msgs/msg/detail/device_info__builder.hpp
[11.736s] -- Symlinking: /home/duy/cocarry_ws/install/industrial_msgs/include/industrial_msgs/industrial_msgs/msg/detail/device_info__struct.hpp
[11.752s] -- Symlinking: /home/duy/cocarry_ws/install/industrial_msgs/include/industrial_msgs/industrial_msgs/msg/detail/device_info__traits.hpp
[11.765s] -- Symlinking: /home/duy/cocarry_ws/install/industrial_msgs/include/industrial_msgs/industrial_msgs/msg/detail/device_info__type_support.hpp
[11.776s] -- Symlinking: /home/duy/cocarry_ws/install/industrial_msgs/include/industrial_msgs/industrial_msgs/msg/detail/robot_mode__builder.hpp
[11.787s] -- Symlinking: /home/duy/cocarry_ws/install/industrial_msgs/include/industrial_msgs/industrial_msgs/msg/detail/robot_mode__struct.hpp
[11.802s] -- Symlinking: /home/duy/cocarry_ws/install/industrial_msgs/include/industrial_msgs/industrial_msgs/msg/detail/robot_mode__traits.hpp
[11.821s] -- Symlinking: /home/duy/cocarry_ws/install/industrial_msgs/include/industrial_msgs/industrial_msgs/msg/detail/robot_mode__type_support.hpp
[11.836s] -- Symlinking: /home/duy/cocarry_ws/install/industrial_msgs/include/industrial_msgs/industrial_msgs/msg/detail/robot_status__builder.hpp
[11.850s] -- Symlinking: /home/duy/cocarry_ws/install/industrial_msgs/include/industrial_msgs/industrial_msgs/msg/detail/robot_status__struct.hpp
[11.864s] -- Symlinking: /home/duy/cocarry_ws/install/industrial_msgs/include/industrial_msgs/industrial_msgs/msg/detail/robot_status__traits.hpp
[11.881s] -- Symlinking: /home/duy/cocarry_ws/install/industrial_msgs/include/industrial_msgs/industrial_msgs/msg/detail/robot_status__type_support.hpp
[11.896s] -- Symlinking: /home/duy/cocarry_ws/install/industrial_msgs/include/industrial_msgs/industrial_msgs/msg/detail/service_return_code__builder.hpp
[11.912s] -- Symlinking: /home/duy/cocarry_ws/install/industrial_msgs/include/industrial_msgs/industrial_msgs/msg/detail/service_return_code__struct.hpp
[11.929s] -- Symlinking: /home/duy/cocarry_ws/install/industrial_msgs/include/industrial_msgs/industrial_msgs/msg/detail/service_return_code__traits.hpp
[11.945s] -- Symlinking: /home/duy/cocarry_ws/install/industrial_msgs/include/industrial_msgs/industrial_msgs/msg/detail/service_return_code__type_support.hpp
[11.961s] -- Symlinking: /home/duy/cocarry_ws/install/industrial_msgs/include/industrial_msgs/industrial_msgs/msg/detail/tri_state__builder.hpp
[11.978s] -- Symlinking: /home/duy/cocarry_ws/install/industrial_msgs/include/industrial_msgs/industrial_msgs/msg/detail/tri_state__struct.hpp
[11.994s] -- Symlinking: /home/duy/cocarry_ws/install/industrial_msgs/include/industrial_msgs/industrial_msgs/msg/detail/tri_state__traits.hpp
[12.010s] -- Symlinking: /home/duy/cocarry_ws/install/industrial_msgs/include/industrial_msgs/industrial_msgs/msg/detail/tri_state__type_support.hpp
[12.026s] -- Symlinking: /home/duy/cocarry_ws/install/industrial_msgs/include/industrial_msgs/industrial_msgs/msg/device_info.hpp
[12.042s] -- Symlinking: /home/duy/cocarry_ws/install/industrial_msgs/include/industrial_msgs/industrial_msgs/msg/robot_mode.hpp
[12.059s] -- Symlinking: /home/duy/cocarry_ws/install/industrial_msgs/include/industrial_msgs/industrial_msgs/msg/robot_status.hpp
[12.075s] -- Symlinking: /home/duy/cocarry_ws/install/industrial_msgs/include/industrial_msgs/industrial_msgs/msg/rosidl_generator_cpp__visibility_control.hpp
[12.085s] -- Symlinking: /home/duy/cocarry_ws/install/industrial_msgs/include/industrial_msgs/industrial_msgs/msg/service_return_code.hpp
[12.094s] -- Symlinking: /home/duy/cocarry_ws/install/industrial_msgs/include/industrial_msgs/industrial_msgs/msg/tri_state.hpp
[12.104s] -- Symlinking: /home/duy/cocarry_ws/install/industrial_msgs/include/industrial_msgs/industrial_msgs/msg/detail/debug_level__rosidl_typesupport_fastrtps_cpp.hpp
[12.114s] -- Symlinking: /home/duy/cocarry_ws/install/industrial_msgs/include/industrial_msgs/industrial_msgs/msg/detail/device_info__rosidl_typesupport_fastrtps_cpp.hpp
[12.123s] -- Symlinking: /home/duy/cocarry_ws/install/industrial_msgs/include/industrial_msgs/industrial_msgs/msg/detail/robot_mode__rosidl_typesupport_fastrtps_cpp.hpp
[12.133s] -- Symlinking: /home/duy/cocarry_ws/install/industrial_msgs/include/industrial_msgs/industrial_msgs/msg/detail/robot_status__rosidl_typesupport_fastrtps_cpp.hpp
[12.142s] -- Symlinking: /home/duy/cocarry_ws/install/industrial_msgs/include/industrial_msgs/industrial_msgs/msg/detail/service_return_code__rosidl_typesupport_fastrtps_cpp.hpp
[12.152s] -- Symlinking: /home/duy/cocarry_ws/install/industrial_msgs/include/industrial_msgs/industrial_msgs/msg/detail/tri_state__rosidl_typesupport_fastrtps_cpp.hpp
[12.161s] -- Symlinking: /home/duy/cocarry_ws/install/industrial_msgs/include/industrial_msgs/industrial_msgs/msg/rosidl_typesupport_fastrtps_cpp__visibility_control.h
[12.172s] -- Symlinking: /home/duy/cocarry_ws/install/industrial_msgs/include/industrial_msgs/industrial_msgs/msg/detail/debug_level__rosidl_typesupport_introspection_cpp.hpp
[12.186s] -- Symlinking: /home/duy/cocarry_ws/install/industrial_msgs/include/industrial_msgs/industrial_msgs/msg/detail/device_info__rosidl_typesupport_introspection_cpp.hpp
[12.202s] -- Symlinking: /home/duy/cocarry_ws/install/industrial_msgs/include/industrial_msgs/industrial_msgs/msg/detail/robot_mode__rosidl_typesupport_introspection_cpp.hpp
[12.216s] -- Symlinking: /home/duy/cocarry_ws/install/industrial_msgs/include/industrial_msgs/industrial_msgs/msg/detail/robot_status__rosidl_typesupport_introspection_cpp.hpp
[12.231s] -- Symlinking: /home/duy/cocarry_ws/install/industrial_msgs/include/industrial_msgs/industrial_msgs/msg/detail/service_return_code__rosidl_typesupport_introspection_cpp.hpp
[12.245s] -- Symlinking: /home/duy/cocarry_ws/install/industrial_msgs/include/industrial_msgs/industrial_msgs/msg/detail/tri_state__rosidl_typesupport_introspection_cpp.hpp
[12.260s] -- Symlinking: /home/duy/cocarry_ws/install/industrial_msgs/share/industrial_msgs/environment/pythonpath.sh
[12.277s] -- Symlinking: /home/duy/cocarry_ws/install/industrial_msgs/share/industrial_msgs/environment/pythonpath.dsv
[12.291s] -- Symlinking: /home/duy/cocarry_ws/install/industrial_msgs/local/lib/python3.10/dist-packages/industrial_msgs-0.7.3-py3.10.egg-info/PKG-INFO
[12.314s] -- Symlinking: /home/duy/cocarry_ws/install/industrial_msgs/local/lib/python3.10/dist-packages/industrial_msgs-0.7.3-py3.10.egg-info/SOURCES.txt
[12.344s] -- Symlinking: /home/duy/cocarry_ws/install/industrial_msgs/local/lib/python3.10/dist-packages/industrial_msgs-0.7.3-py3.10.egg-info/dependency_links.txt
[12.376s] -- Symlinking: /home/duy/cocarry_ws/install/industrial_msgs/local/lib/python3.10/dist-packages/industrial_msgs-0.7.3-py3.10.egg-info/top_level.txt
[12.412s] -- Symlinking: /home/duy/cocarry_ws/install/industrial_msgs/local/lib/python3.10/dist-packages/industrial_msgs/__init__.py
[12.451s] -- Symlinking: /home/duy/cocarry_ws/install/industrial_msgs/local/lib/python3.10/dist-packages/industrial_msgs/_industrial_msgs_s.ep.rosidl_typesupport_c.c
[12.473s] -- Symlinking: /home/duy/cocarry_ws/install/industrial_msgs/local/lib/python3.10/dist-packages/industrial_msgs/_industrial_msgs_s.ep.rosidl_typesupport_fastrtps_c.c
[12.502s] -- Symlinking: /home/duy/cocarry_ws/install/industrial_msgs/local/lib/python3.10/dist-packages/industrial_msgs/_industrial_msgs_s.ep.rosidl_typesupport_introspection_c.c
[12.531s] -- Symlinking: /home/duy/cocarry_ws/install/industrial_msgs/local/lib/python3.10/dist-packages/industrial_msgs/industrial_msgs_s__rosidl_typesupport_c.cpython-310-x86_64-linux-gnu.so
[12.548s] -- Symlinking: /home/duy/cocarry_ws/install/industrial_msgs/local/lib/python3.10/dist-packages/industrial_msgs/industrial_msgs_s__rosidl_typesupport_fastrtps_c.cpython-310-x86_64-linux-gnu.so
[12.579s] -- Symlinking: /home/duy/cocarry_ws/install/industrial_msgs/local/lib/python3.10/dist-packages/industrial_msgs/industrial_msgs_s__rosidl_typesupport_introspection_c.cpython-310-x86_64-linux-gnu.so
[12.610s] -- Symlinking: /home/duy/cocarry_ws/install/industrial_msgs/local/lib/python3.10/dist-packages/industrial_msgs/libindustrial_msgs__rosidl_generator_py.so
[12.641s] -- Symlinking: /home/duy/cocarry_ws/install/industrial_msgs/local/lib/python3.10/dist-packages/industrial_msgs/msg/__init__.py
[12.673s] -- Symlinking: /home/duy/cocarry_ws/install/industrial_msgs/local/lib/python3.10/dist-packages/industrial_msgs/msg/_debug_level.py
[12.707s] -- Symlinking: /home/duy/cocarry_ws/install/industrial_msgs/local/lib/python3.10/dist-packages/industrial_msgs/msg/_debug_level_s.c
[12.743s] -- Symlinking: /home/duy/cocarry_ws/install/industrial_msgs/local/lib/python3.10/dist-packages/industrial_msgs/msg/_device_info.py
[12.775s] -- Symlinking: /home/duy/cocarry_ws/install/industrial_msgs/local/lib/python3.10/dist-packages/industrial_msgs/msg/_device_info_s.c
[12.788s] -- Symlinking: /home/duy/cocarry_ws/install/industrial_msgs/local/lib/python3.10/dist-packages/industrial_msgs/msg/_robot_mode.py
[12.805s] -- Symlinking: /home/duy/cocarry_ws/install/industrial_msgs/local/lib/python3.10/dist-packages/industrial_msgs/msg/_robot_mode_s.c
[12.819s] -- Symlinking: /home/duy/cocarry_ws/install/industrial_msgs/local/lib/python3.10/dist-packages/industrial_msgs/msg/_robot_status.py
[12.842s] -- Symlinking: /home/duy/cocarry_ws/install/industrial_msgs/local/lib/python3.10/dist-packages/industrial_msgs/msg/_robot_status_s.c
[12.858s] -- Symlinking: /home/duy/cocarry_ws/install/industrial_msgs/local/lib/python3.10/dist-packages/industrial_msgs/msg/_service_return_code.py
[12.882s] -- Symlinking: /home/duy/cocarry_ws/install/industrial_msgs/local/lib/python3.10/dist-packages/industrial_msgs/msg/_service_return_code_s.c
[12.906s] -- Symlinking: /home/duy/cocarry_ws/install/industrial_msgs/local/lib/python3.10/dist-packages/industrial_msgs/msg/_tri_state.py
[12.921s] -- Symlinking: /home/duy/cocarry_ws/install/industrial_msgs/local/lib/python3.10/dist-packages/industrial_msgs/msg/_tri_state_s.c
[12.942s] -- Up-to-date symlink: /home/duy/cocarry_ws/install/industrial_msgs/local/lib/python3.10/dist-packages/industrial_msgs/industrial_msgs_s__rosidl_typesupport_fastrtps_c.cpython-310-x86_64-linux-gnu.so
[12.946s] -- Up-to-date symlink: /home/duy/cocarry_ws/install/industrial_msgs/local/lib/python3.10/dist-packages/industrial_msgs/industrial_msgs_s__rosidl_typesupport_introspection_c.cpython-310-x86_64-linux-gnu.so
[12.947s] -- Up-to-date symlink: /home/duy/cocarry_ws/install/industrial_msgs/local/lib/python3.10/dist-packages/industrial_msgs/industrial_msgs_s__rosidl_typesupport_c.cpython-310-x86_64-linux-gnu.so
[12.947s] -- Symlinking: /home/duy/cocarry_ws/install/industrial_msgs/share/ament_index/resource_index/rust_packages/industrial_msgs
[12.981s] -- Symlinking: /home/duy/cocarry_ws/install/industrial_msgs/share/industrial_msgs/rust/Cargo.toml
[13.030s] -- Symlinking: /home/duy/cocarry_ws/install/industrial_msgs/share/industrial_msgs/rust/build.rs
[13.046s] -- Symlinking: /home/duy/cocarry_ws/install/industrial_msgs/share/industrial_msgs/rust/src/lib.rs
[13.077s] -- Symlinking: /home/duy/cocarry_ws/install/industrial_msgs/share/industrial_msgs/rust/src/msg.rs
[13.110s] -- Symlinking: /home/duy/cocarry_ws/install/industrial_msgs/share/industrial_msgs/rust/src/msg/rmw.rs
[13.142s] -- Symlinking: /home/duy/cocarry_ws/install/industrial_msgs/share/industrial_msgs/msg/DebugLevel.idl
[13.167s] -- Symlinking: /home/duy/cocarry_ws/install/industrial_msgs/share/industrial_msgs/msg/DeviceInfo.idl
[13.198s] -- Symlinking: /home/duy/cocarry_ws/install/industrial_msgs/share/industrial_msgs/msg/RobotMode.idl
[13.217s] -- Symlinking: /home/duy/cocarry_ws/install/industrial_msgs/share/industrial_msgs/msg/RobotStatus.idl
[13.234s] -- Symlinking: /home/duy/cocarry_ws/install/industrial_msgs/share/industrial_msgs/msg/ServiceReturnCode.idl
[13.252s] -- Symlinking: /home/duy/cocarry_ws/install/industrial_msgs/share/industrial_msgs/msg/TriState.idl
[13.271s] -- Symlinking: /home/duy/cocarry_ws/install/industrial_msgs/share/industrial_msgs/msg/DebugLevel.msg
[13.299s] -- Symlinking: /home/duy/cocarry_ws/install/industrial_msgs/share/industrial_msgs/msg/DeviceInfo.msg
[13.316s] -- Symlinking: /home/duy/cocarry_ws/install/industrial_msgs/share/industrial_msgs/msg/RobotMode.msg
[13.338s] -- Symlinking: /home/duy/cocarry_ws/install/industrial_msgs/share/industrial_msgs/msg/RobotStatus.msg
[13.353s] -- Symlinking: /home/duy/cocarry_ws/install/industrial_msgs/share/industrial_msgs/msg/ServiceReturnCode.msg
[13.369s] -- Symlinking: /home/duy/cocarry_ws/install/industrial_msgs/share/industrial_msgs/msg/TriState.msg
[13.386s] -- Symlinking: /home/duy/cocarry_ws/install/industrial_msgs/share/ament_index/resource_index/package_run_dependencies/industrial_msgs
[13.404s] -- Symlinking: /home/duy/cocarry_ws/install/industrial_msgs/share/ament_index/resource_index/parent_prefix_path/industrial_msgs
[13.430s] -- Symlinking: /home/duy/cocarry_ws/install/industrial_msgs/share/industrial_msgs/environment/ament_prefix_path.sh
[13.448s] -- Symlinking: /home/duy/cocarry_ws/install/industrial_msgs/share/industrial_msgs/environment/ament_prefix_path.dsv
[13.466s] -- Symlinking: /home/duy/cocarry_ws/install/industrial_msgs/share/industrial_msgs/environment/path.sh
[13.480s] -- Symlinking: /home/duy/cocarry_ws/install/industrial_msgs/share/industrial_msgs/environment/path.dsv
[13.499s] -- Symlinking: /home/duy/cocarry_ws/install/industrial_msgs/share/industrial_msgs/local_setup.bash
[13.517s] -- Symlinking: /home/duy/cocarry_ws/install/industrial_msgs/share/industrial_msgs/local_setup.sh
[13.535s] -- Symlinking: /home/duy/cocarry_ws/install/industrial_msgs/share/industrial_msgs/local_setup.zsh
[13.560s] -- Symlinking: /home/duy/cocarry_ws/install/industrial_msgs/share/industrial_msgs/local_setup.dsv
[13.584s] -- Symlinking: /home/duy/cocarry_ws/install/industrial_msgs/share/industrial_msgs/package.dsv
[13.623s] -- Symlinking: /home/duy/cocarry_ws/install/industrial_msgs/share/ament_index/resource_index/packages/industrial_msgs
[13.657s] -- Symlinking: /home/duy/cocarry_ws/install/industrial_msgs/share/industrial_msgs/cmake/rosidl_cmake-extras.cmake
[13.693s] -- Symlinking: /home/duy/cocarry_ws/install/industrial_msgs/share/industrial_msgs/cmake/ament_cmake_export_dependencies-extras.cmake
[13.729s] -- Symlinking: /home/duy/cocarry_ws/install/industrial_msgs/share/industrial_msgs/cmake/ament_cmake_export_include_directories-extras.cmake
[13.764s] -- Symlinking: /home/duy/cocarry_ws/install/industrial_msgs/share/industrial_msgs/cmake/ament_cmake_export_libraries-extras.cmake
[13.798s] -- Symlinking: /home/duy/cocarry_ws/install/industrial_msgs/share/industrial_msgs/cmake/ament_cmake_export_targets-extras.cmake
[13.816s] -- Symlinking: /home/duy/cocarry_ws/install/industrial_msgs/share/industrial_msgs/cmake/rosidl_cmake_export_typesupport_targets-extras.cmake
[13.835s] -- Symlinking: /home/duy/cocarry_ws/install/industrial_msgs/share/industrial_msgs/cmake/rosidl_cmake_export_typesupport_libraries-extras.cmake
[13.854s] -- Symlinking: /home/duy/cocarry_ws/install/industrial_msgs/share/industrial_msgs/cmake/industrial_msgsConfig.cmake
[13.893s] -- Symlinking: /home/duy/cocarry_ws/install/industrial_msgs/share/industrial_msgs/cmake/industrial_msgsConfig-version.cmake
[13.922s] -- Symlinking: /home/duy/cocarry_ws/install/industrial_msgs/share/industrial_msgs/package.xml
[13.945s] -- Installing: /home/duy/cocarry_ws/install/industrial_msgs/lib/libindustrial_msgs__rosidl_generator_c.so
[13.945s] -- Set runtime path of "/home/duy/cocarry_ws/install/industrial_msgs/lib/libindustrial_msgs__rosidl_generator_c.so" to ""
[13.945s] -- Installing: /home/duy/cocarry_ws/install/industrial_msgs/lib/libindustrial_msgs__rosidl_typesupport_fastrtps_c.so
[13.945s] -- Set runtime path of "/home/duy/cocarry_ws/install/industrial_msgs/lib/libindustrial_msgs__rosidl_typesupport_fastrtps_c.so" to ""
[13.946s] -- Installing: /home/duy/cocarry_ws/install/industrial_msgs/lib/libindustrial_msgs__rosidl_typesupport_introspection_c.so
[13.950s] -- Set runtime path of "/home/duy/cocarry_ws/install/industrial_msgs/lib/libindustrial_msgs__rosidl_typesupport_introspection_c.so" to ""
[13.950s] -- Installing: /home/duy/cocarry_ws/install/industrial_msgs/lib/libindustrial_msgs__rosidl_typesupport_c.so
[13.951s] -- Set runtime path of "/home/duy/cocarry_ws/install/industrial_msgs/lib/libindustrial_msgs__rosidl_typesupport_c.so" to ""
[13.951s] -- Installing: /home/duy/cocarry_ws/install/industrial_msgs/lib/libindustrial_msgs__rosidl_typesupport_fastrtps_cpp.so
[13.952s] -- Set runtime path of "/home/duy/cocarry_ws/install/industrial_msgs/lib/libindustrial_msgs__rosidl_typesupport_fastrtps_cpp.so" to ""
[13.952s] -- Installing: /home/duy/cocarry_ws/install/industrial_msgs/lib/libindustrial_msgs__rosidl_typesupport_introspection_cpp.so
[13.959s] -- Set runtime path of "/home/duy/cocarry_ws/install/industrial_msgs/lib/libindustrial_msgs__rosidl_typesupport_introspection_cpp.so" to ""
[13.964s] -- Installing: /home/duy/cocarry_ws/install/industrial_msgs/lib/libindustrial_msgs__rosidl_typesupport_cpp.so
[13.965s] -- Set runtime path of "/home/duy/cocarry_ws/install/industrial_msgs/lib/libindustrial_msgs__rosidl_typesupport_cpp.so" to ""
[14.124s] Listing '/home/duy/cocarry_ws/install/industrial_msgs/local/lib/python3.10/dist-packages/industrial_msgs'...
[14.124s] Compiling '/home/duy/cocarry_ws/install/industrial_msgs/local/lib/python3.10/dist-packages/industrial_msgs/__init__.py'...
[14.125s] Listing '/home/duy/cocarry_ws/install/industrial_msgs/local/lib/python3.10/dist-packages/industrial_msgs/msg'...
[14.125s] Compiling '/home/duy/cocarry_ws/install/industrial_msgs/local/lib/python3.10/dist-packages/industrial_msgs/msg/__init__.py'...
[14.125s] Compiling '/home/duy/cocarry_ws/install/industrial_msgs/local/lib/python3.10/dist-packages/industrial_msgs/msg/_debug_level.py'...
[14.125s] Compiling '/home/duy/cocarry_ws/install/industrial_msgs/local/lib/python3.10/dist-packages/industrial_msgs/msg/_device_info.py'...
[14.125s] Compiling '/home/duy/cocarry_ws/install/industrial_msgs/local/lib/python3.10/dist-packages/industrial_msgs/msg/_robot_mode.py'...
[14.125s] Compiling '/home/duy/cocarry_ws/install/industrial_msgs/local/lib/python3.10/dist-packages/industrial_msgs/msg/_robot_status.py'...
[14.125s] Compiling '/home/duy/cocarry_ws/install/industrial_msgs/local/lib/python3.10/dist-packages/industrial_msgs/msg/_service_return_code.py'...
[14.126s] Compiling '/home/duy/cocarry_ws/install/industrial_msgs/local/lib/python3.10/dist-packages/industrial_msgs/msg/_tri_state.py'...
[14.131s] -- Installing: /home/duy/cocarry_ws/install/industrial_msgs/lib/libindustrial_msgs__rosidl_generator_py.so
[14.132s] -- Set runtime path of "/home/duy/cocarry_ws/install/industrial_msgs/lib/libindustrial_msgs__rosidl_generator_py.so" to ""
[14.132s] -- Installing: /home/duy/cocarry_ws/install/industrial_msgs/share/industrial_msgs/cmake/export_industrial_msgs__rosidl_generator_cExport.cmake
[14.132s] -- Installing: /home/duy/cocarry_ws/install/industrial_msgs/share/industrial_msgs/cmake/export_industrial_msgs__rosidl_generator_cExport-noconfig.cmake
[14.132s] -- Installing: /home/duy/cocarry_ws/install/industrial_msgs/share/industrial_msgs/cmake/export_industrial_msgs__rosidl_typesupport_fastrtps_cExport.cmake
[14.133s] -- Installing: /home/duy/cocarry_ws/install/industrial_msgs/share/industrial_msgs/cmake/export_industrial_msgs__rosidl_typesupport_fastrtps_cExport-noconfig.cmake
[14.133s] -- Installing: /home/duy/cocarry_ws/install/industrial_msgs/share/industrial_msgs/cmake/industrial_msgs__rosidl_typesupport_introspection_cExport.cmake
[14.133s] -- Installing: /home/duy/cocarry_ws/install/industrial_msgs/share/industrial_msgs/cmake/industrial_msgs__rosidl_typesupport_introspection_cExport-noconfig.cmake
[14.133s] -- Installing: /home/duy/cocarry_ws/install/industrial_msgs/share/industrial_msgs/cmake/industrial_msgs__rosidl_typesupport_cExport.cmake
[14.134s] -- Installing: /home/duy/cocarry_ws/install/industrial_msgs/share/industrial_msgs/cmake/industrial_msgs__rosidl_typesupport_cExport-noconfig.cmake
[14.135s] -- Installing: /home/duy/cocarry_ws/install/industrial_msgs/share/industrial_msgs/cmake/export_industrial_msgs__rosidl_generator_cppExport.cmake
[14.135s] -- Installing: /home/duy/cocarry_ws/install/industrial_msgs/share/industrial_msgs/cmake/export_industrial_msgs__rosidl_typesupport_fastrtps_cppExport.cmake
[14.136s] -- Installing: /home/duy/cocarry_ws/install/industrial_msgs/share/industrial_msgs/cmake/export_industrial_msgs__rosidl_typesupport_fastrtps_cppExport-noconfig.cmake
[14.136s] -- Installing: /home/duy/cocarry_ws/install/industrial_msgs/share/industrial_msgs/cmake/industrial_msgs__rosidl_typesupport_introspection_cppExport.cmake
[14.136s] -- Installing: /home/duy/cocarry_ws/install/industrial_msgs/share/industrial_msgs/cmake/industrial_msgs__rosidl_typesupport_introspection_cppExport-noconfig.cmake
[14.136s] -- Installing: /home/duy/cocarry_ws/install/industrial_msgs/share/industrial_msgs/cmake/industrial_msgs__rosidl_typesupport_cppExport.cmake
[14.136s] -- Installing: /home/duy/cocarry_ws/install/industrial_msgs/share/industrial_msgs/cmake/industrial_msgs__rosidl_typesupport_cppExport-noconfig.cmake
[14.137s] -- Installing: /home/duy/cocarry_ws/install/industrial_msgs/share/industrial_msgs/cmake/export_industrial_msgs__rosidl_generator_pyExport.cmake
[14.137s] -- Installing: /home/duy/cocarry_ws/install/industrial_msgs/share/industrial_msgs/cmake/export_industrial_msgs__rosidl_generator_pyExport-noconfig.cmake
[14.147s] Invoked command in '/home/duy/cocarry_ws/build/industrial_msgs' returned '0': CMAKE_PREFIX_PATH=${CMAKE_PREFIX_PATH}:/opt/ros/humble /usr/bin/cmake --install /home/duy/cocarry_ws/build/industrial_msgs
