[0.012s] Invoking command in '/home/duy/cocarry_ws/build/kinect2_calibration': AMENT_PREFIX_PATH=/home/duy/cocarry_ws/install/kinect2_bridge:/home/duy/cocarry_ws/install/kinect2_registration:${AMENT_PREFIX_PATH} CMAKE_PREFIX_PATH=/home/duy/cocarry_ws/install/kinect2_bridge:/home/duy/cocarry_ws/install/kinect2_registration:/home/duy/kinectv2/install/libfreenect2:/home/duy/kinectv2/install/kinect2_bridge:/home/duy/kinectv2/install/kinect2_registration:/opt/ros/humble LD_LIBRARY_PATH=/home/duy/cocarry_ws/install/kinect2_registration/lib:${LD_LIBRARY_PATH} /usr/bin/cmake /home/duy/cocarry_ws/src/kinect2_ros2/kinect2_calibration -Dfreenect2_DIR=/home/duy/cocarry_ws/libfreenect2/build -DCMAKE_INSTALL_PREFIX=/home/duy/cocarry_ws/install/kinect2_calibration
[0.072s] -- The C compiler identification is GNU 11.4.0
[0.132s] -- The CXX compiler identification is GNU 11.4.0
[0.141s] -- Detecting C compiler ABI info
[0.217s] -- Detecting C compiler ABI info - done
[0.223s] -- Check for working C compiler: /usr/bin/cc - skipped
[0.223s] -- Detecting C compile features
[0.223s] -- Detecting C compile features - done
[0.225s] -- Detecting CXX compiler ABI info
[0.312s] -- Detecting CXX compiler ABI info - done
[0.318s] -- Check for working CXX compiler: /usr/bin/c++ - skipped
[0.318s] -- Detecting CXX compile features
[0.318s] -- Detecting CXX compile features - done
[0.320s] -- Found ament_cmake: 1.3.14 (/opt/ros/humble/share/ament_cmake/cmake)
[0.457s] -- Found Python3: /usr/bin/python3 (found version "3.10.12") found components: Interpreter 
[0.534s] -- Found rclcpp: 16.0.19 (/opt/ros/humble/share/rclcpp/cmake)
[0.562s] -- Found rosidl_generator_c: 3.1.8 (/opt/ros/humble/share/rosidl_generator_c/cmake)
[0.566s] -- Found rosidl_adapter: 3.1.8 (/opt/ros/humble/share/rosidl_adapter/cmake)
[0.571s] -- Found rosidl_generator_cpp: 3.1.8 (/opt/ros/humble/share/rosidl_generator_cpp/cmake)
[0.579s] -- Using all available rosidl_typesupport_c: rosidl_typesupport_fastrtps_c;rosidl_typesupport_introspection_c
[0.591s] -- Using all available rosidl_typesupport_cpp: rosidl_typesupport_fastrtps_cpp;rosidl_typesupport_introspection_cpp
[0.622s] -- Found rmw_implementation_cmake: 6.1.2 (/opt/ros/humble/share/rmw_implementation_cmake/cmake)
[0.624s] -- Found rmw_fastrtps_cpp: 6.2.10 (/opt/ros/humble/share/rmw_fastrtps_cpp/cmake)
[0.693s] -- Found OpenSSL: /usr/lib/x86_64-linux-gnu/libcrypto.so (found version "3.0.2")  
[0.719s] -- Found FastRTPS: /opt/ros/humble/include  
[0.756s] -- Using RMW implementation 'rmw_fastrtps_cpp' as default
[0.765s] -- Looking for pthread.h
[0.824s] -- Looking for pthread.h - found
[0.825s] -- Performing Test CMAKE_HAVE_LIBC_PTHREAD
[0.891s] -- Performing Test CMAKE_HAVE_LIBC_PTHREAD - Success
[0.892s] -- Found Threads: TRUE  
[0.960s] -- Found OpenCV: /usr (found version "4.5.4") 
[0.963s] -- Found cv_bridge: 3.2.1 (/opt/ros/humble/share/cv_bridge/cmake)
[0.994s] -- Found message_filters: 4.3.15 (/opt/ros/humble/share/message_filters/cmake)
[0.999s] -- Found image_transport: 3.1.12 (/opt/ros/humble/share/image_transport/cmake)
[1.028s] -- Found compressed_image_transport: 2.5.4 (/opt/ros/humble/share/compressed_image_transport/cmake)
[1.029s] -- Found compressed_depth_image_transport: 2.5.4 (/opt/ros/humble/share/compressed_depth_image_transport/cmake)
[1.029s] -- Found kinect2_bridge: 0.0.0 (/home/duy/cocarry_ws/install/kinect2_bridge/share/kinect2_bridge/cmake)
[1.030s] -- Found kinect2_registration: 0.0.0 (/home/duy/cocarry_ws/install/kinect2_registration/share/kinect2_registration/cmake)
[1.250s] -- Found OpenMP_C: -fopenmp (found version "4.5") 
[1.331s] -- Found OpenMP_CXX: -fopenmp (found version "4.5") 
[1.331s] -- Found OpenMP: TRUE (found version "4.5")  
[1.335s] -- Found ament_lint_auto: 0.12.15 (/opt/ros/humble/share/ament_lint_auto/cmake)
[1.419s] -- Added test 'cppcheck' to perform static code analysis on C / C++ code
[1.419s] -- Configured cppcheck include dirs: /home/duy/cocarry_ws/src/kinect2_ros2/kinect2_calibration/include
[1.419s] -- Configured cppcheck exclude dirs and/or files: 
[1.419s] -- Added test 'flake8' to check Python code syntax and style conventions
[1.420s] -- Added test 'lint_cmake' to check CMake code style
[1.420s] -- Added test 'pep257' to check Python code against some of the docstring style conventions in PEP 257
[1.422s] -- Added test 'uncrustify' to check C / C++ code style
[1.422s] -- Configured uncrustify additional arguments: 
[1.422s] -- Added test 'xmllint' to check XML markup files
[1.424s] -- Configuring done
[1.432s] -- Generating done
[1.433s] CMake Warning:
[1.433s]   Manually-specified variables were not used by the project:
[1.433s] 
[1.433s]     freenect2_DIR
[1.433s] 
[1.433s] 
[1.435s] -- Build files have been written to: /home/duy/cocarry_ws/build/kinect2_calibration
[1.443s] Invoked command in '/home/duy/cocarry_ws/build/kinect2_calibration' returned '0': AMENT_PREFIX_PATH=/home/duy/cocarry_ws/install/kinect2_bridge:/home/duy/cocarry_ws/install/kinect2_registration:${AMENT_PREFIX_PATH} CMAKE_PREFIX_PATH=/home/duy/cocarry_ws/install/kinect2_bridge:/home/duy/cocarry_ws/install/kinect2_registration:/home/duy/kinectv2/install/libfreenect2:/home/duy/kinectv2/install/kinect2_bridge:/home/duy/kinectv2/install/kinect2_registration:/opt/ros/humble LD_LIBRARY_PATH=/home/duy/cocarry_ws/install/kinect2_registration/lib:${LD_LIBRARY_PATH} /usr/bin/cmake /home/duy/cocarry_ws/src/kinect2_ros2/kinect2_calibration -Dfreenect2_DIR=/home/duy/cocarry_ws/libfreenect2/build -DCMAKE_INSTALL_PREFIX=/home/duy/cocarry_ws/install/kinect2_calibration
[1.446s] Invoking command in '/home/duy/cocarry_ws/build/kinect2_calibration': AMENT_PREFIX_PATH=/home/duy/cocarry_ws/install/kinect2_bridge:/home/duy/cocarry_ws/install/kinect2_registration:${AMENT_PREFIX_PATH} CMAKE_PREFIX_PATH=/home/duy/cocarry_ws/install/kinect2_bridge:/home/duy/cocarry_ws/install/kinect2_registration:/home/duy/kinectv2/install/libfreenect2:/home/duy/kinectv2/install/kinect2_bridge:/home/duy/kinectv2/install/kinect2_registration:/opt/ros/humble LD_LIBRARY_PATH=/home/duy/cocarry_ws/install/kinect2_registration/lib:${LD_LIBRARY_PATH} /usr/bin/cmake --build /home/duy/cocarry_ws/build/kinect2_calibration -- -j16 -l16
[1.488s] [ 50%] [32mBuilding CXX object CMakeFiles/kinect2_calibration_node.dir/src/kinect2_calibration.cpp.o[0m
[1.754s] /home/duy/cocarry_ws/src/kinect2_ros2/kinect2_calibration/src/kinect2_calibration.cpp:195: warning: ignoring ‘#pragma omp parallel’ [-Wunknown-pragmas]
[1.754s]   195 | #pragma omp parallel for
[1.754s]       | 
[1.755s] /home/duy/cocarry_ws/src/kinect2_ros2/kinect2_calibration/src/kinect2_calibration.cpp:658: warning: ignoring ‘#pragma omp parallel’ [-Wunknown-pragmas]
[1.755s]   658 | #pragma omp parallel for
[1.755s]       | 
[1.755s] /home/duy/cocarry_ws/src/kinect2_ros2/kinect2_calibration/src/kinect2_calibration.cpp:663: warning: ignoring ‘#pragma omp critical’ [-Wunknown-pragmas]
[1.755s]   663 | #pragma omp critical
[1.755s]       | 
[1.755s] /home/duy/cocarry_ws/src/kinect2_ros2/kinect2_calibration/src/kinect2_calibration.cpp:669: warning: ignoring ‘#pragma omp critical’ [-Wunknown-pragmas]
[1.755s]   669 | #pragma omp critical
[1.755s]       | 
[1.756s] /home/duy/cocarry_ws/src/kinect2_ros2/kinect2_calibration/src/kinect2_calibration.cpp:1162: warning: ignoring ‘#pragma omp parallel’ [-Wunknown-pragmas]
[1.756s]  1162 | #pragma omp parallel for
[1.756s]       | 
[1.756s] /home/duy/cocarry_ws/src/kinect2_ros2/kinect2_calibration/src/kinect2_calibration.cpp:1167: warning: ignoring ‘#pragma omp critical’ [-Wunknown-pragmas]
[1.756s]  1167 | #pragma omp critical
[1.756s]       | 
[1.756s] /home/duy/cocarry_ws/src/kinect2_ros2/kinect2_calibration/src/kinect2_calibration.cpp:1173: warning: ignoring ‘#pragma omp critical’ [-Wunknown-pragmas]
[1.756s]  1173 | #pragma omp critical
[1.756s]       | 
[6.880s] [100%] [32m[1mLinking CXX executable kinect2_calibration_node[0m
[7.335s] [100%] Built target kinect2_calibration_node
[7.349s] Invoked command in '/home/duy/cocarry_ws/build/kinect2_calibration' returned '0': AMENT_PREFIX_PATH=/home/duy/cocarry_ws/install/kinect2_bridge:/home/duy/cocarry_ws/install/kinect2_registration:${AMENT_PREFIX_PATH} CMAKE_PREFIX_PATH=/home/duy/cocarry_ws/install/kinect2_bridge:/home/duy/cocarry_ws/install/kinect2_registration:/home/duy/kinectv2/install/libfreenect2:/home/duy/kinectv2/install/kinect2_bridge:/home/duy/kinectv2/install/kinect2_registration:/opt/ros/humble LD_LIBRARY_PATH=/home/duy/cocarry_ws/install/kinect2_registration/lib:${LD_LIBRARY_PATH} /usr/bin/cmake --build /home/duy/cocarry_ws/build/kinect2_calibration -- -j16 -l16
[7.350s] Invoking command in '/home/duy/cocarry_ws/build/kinect2_calibration': AMENT_PREFIX_PATH=/home/duy/cocarry_ws/install/kinect2_bridge:/home/duy/cocarry_ws/install/kinect2_registration:${AMENT_PREFIX_PATH} CMAKE_PREFIX_PATH=/home/duy/cocarry_ws/install/kinect2_bridge:/home/duy/cocarry_ws/install/kinect2_registration:/home/duy/kinectv2/install/libfreenect2:/home/duy/kinectv2/install/kinect2_bridge:/home/duy/kinectv2/install/kinect2_registration:/opt/ros/humble LD_LIBRARY_PATH=/home/duy/cocarry_ws/install/kinect2_registration/lib:${LD_LIBRARY_PATH} /usr/bin/cmake --install /home/duy/cocarry_ws/build/kinect2_calibration
[7.358s] -- Install configuration: ""
[7.359s] -- Installing: /home/duy/cocarry_ws/install/kinect2_calibration/lib/kinect2_calibration/kinect2_calibration_node
[7.359s] -- Set runtime path of "/home/duy/cocarry_ws/install/kinect2_calibration/lib/kinect2_calibration/kinect2_calibration_node" to ""
[7.359s] -- Installing: /home/duy/cocarry_ws/install/kinect2_calibration/share/ament_index/resource_index/package_run_dependencies/kinect2_calibration
[7.360s] -- Installing: /home/duy/cocarry_ws/install/kinect2_calibration/share/ament_index/resource_index/parent_prefix_path/kinect2_calibration
[7.360s] -- Installing: /home/duy/cocarry_ws/install/kinect2_calibration/share/kinect2_calibration/environment/ament_prefix_path.sh
[7.360s] -- Installing: /home/duy/cocarry_ws/install/kinect2_calibration/share/kinect2_calibration/environment/ament_prefix_path.dsv
[7.360s] -- Installing: /home/duy/cocarry_ws/install/kinect2_calibration/share/kinect2_calibration/environment/path.sh
[7.360s] -- Installing: /home/duy/cocarry_ws/install/kinect2_calibration/share/kinect2_calibration/environment/path.dsv
[7.360s] -- Installing: /home/duy/cocarry_ws/install/kinect2_calibration/share/kinect2_calibration/local_setup.bash
[7.360s] -- Installing: /home/duy/cocarry_ws/install/kinect2_calibration/share/kinect2_calibration/local_setup.sh
[7.360s] -- Installing: /home/duy/cocarry_ws/install/kinect2_calibration/share/kinect2_calibration/local_setup.zsh
[7.361s] -- Installing: /home/duy/cocarry_ws/install/kinect2_calibration/share/kinect2_calibration/local_setup.dsv
[7.361s] -- Installing: /home/duy/cocarry_ws/install/kinect2_calibration/share/kinect2_calibration/package.dsv
[7.361s] -- Installing: /home/duy/cocarry_ws/install/kinect2_calibration/share/ament_index/resource_index/packages/kinect2_calibration
[7.361s] -- Installing: /home/duy/cocarry_ws/install/kinect2_calibration/share/kinect2_calibration/cmake/kinect2_calibrationConfig.cmake
[7.361s] -- Installing: /home/duy/cocarry_ws/install/kinect2_calibration/share/kinect2_calibration/cmake/kinect2_calibrationConfig-version.cmake
[7.361s] -- Installing: /home/duy/cocarry_ws/install/kinect2_calibration/share/kinect2_calibration/package.xml
[7.364s] Invoked command in '/home/duy/cocarry_ws/build/kinect2_calibration' returned '0': AMENT_PREFIX_PATH=/home/duy/cocarry_ws/install/kinect2_bridge:/home/duy/cocarry_ws/install/kinect2_registration:${AMENT_PREFIX_PATH} CMAKE_PREFIX_PATH=/home/duy/cocarry_ws/install/kinect2_bridge:/home/duy/cocarry_ws/install/kinect2_registration:/home/duy/kinectv2/install/libfreenect2:/home/duy/kinectv2/install/kinect2_bridge:/home/duy/kinectv2/install/kinect2_registration:/opt/ros/humble LD_LIBRARY_PATH=/home/duy/cocarry_ws/install/kinect2_registration/lib:${LD_LIBRARY_PATH} /usr/bin/cmake --install /home/duy/cocarry_ws/build/kinect2_calibration
