[0.037s] Invoking command in '/home/duy/cocarry_ws/build/industrial_msgs': CMAKE_PREFIX_PATH=/opt/ros/humble /usr/bin/cmake /home/duy/cocarry_ws/src/ros-industrial/industrial_core_ros2_msgs_only/industrial_msgs -DAMENT_CMAKE_SYMLINK_INSTALL=1 -DCMAKE_INSTALL_PREFIX=/home/duy/cocarry_ws/install/industrial_msgs
[0.051s] -- Found ament_cmake: 1.3.14 (/opt/ros/humble/share/ament_cmake/cmake)
[0.323s] -- Override CMake install command with custom implementation using symlinks instead of copying resources
[0.338s] -- Found rosidl_default_generators: 1.2.1 (/opt/ros/humble/share/rosidl_default_generators/cmake)
[0.341s] -- Using all available rosidl_typesupport_c: rosidl_typesupport_fastrtps_c;rosidl_typesupport_introspection_c
[0.349s] -- Found rosidl_adapter: 3.1.8 (/opt/ros/humble/share/rosidl_adapter/cmake)
[0.460s] -- Using all available rosidl_typesupport_cpp: rosidl_typesupport_fastrtps_cpp;rosidl_typesupport_introspection_cpp
[0.546s] -- Found std_msgs: 4.9.1 (/opt/ros/humble/share/std_msgs/cmake)
[1.801s] -- Found ament_cmake_cppcheck: 0.12.15 (/opt/ros/humble/share/ament_cmake_cppcheck/cmake)
[1.801s] -- Found ament_cmake_cpplint: 0.12.15 (/opt/ros/humble/share/ament_cmake_cpplint/cmake)
[1.801s] -- Found ament_cmake_uncrustify: 0.12.15 (/opt/ros/humble/share/ament_cmake_uncrustify/cmake)
[1.802s] -- Found ament_cmake_ros: 0.10.0 (/opt/ros/humble/share/ament_cmake_ros/cmake)
[2.467s] -- Using all available rosidl_typesupport_c: rosidl_typesupport_fastrtps_c;rosidl_typesupport_introspection_c
[3.500s] -- Using all available rosidl_typesupport_cpp: rosidl_typesupport_fastrtps_cpp;rosidl_typesupport_introspection_cpp
[3.600s] -- Found python_cmake_module: 0.10.0 (/opt/ros/humble/share/python_cmake_module/cmake)
[3.734s] -- Using PYTHON_EXECUTABLE: /usr/bin/python3
[3.734s] -- Using PYTHON_INCLUDE_DIRS: /usr/include/python3.10
[3.734s] -- Using PYTHON_LIBRARIES: /usr/lib/x86_64-linux-gnu/libpython3.10.so
[3.763s] -- Found ament_cmake_flake8: 0.12.15 (/opt/ros/humble/share/ament_cmake_flake8/cmake)
[3.765s] -- Found ament_cmake_pep257: 0.12.15 (/opt/ros/humble/share/ament_cmake_pep257/cmake)
[4.001s] -- Found ament_lint_auto: 0.12.15 (/opt/ros/humble/share/ament_lint_auto/cmake)
[4.026s] -- Added test 'copyright' to check source files copyright and LICENSE
[4.027s] -- Added test 'lint_cmake' to check CMake code style
[4.028s] -- Added test 'xmllint' to check XML markup files
[4.038s] -- Configuring done
[4.184s] -- Generating done
[4.234s] -- Build files have been written to: /home/duy/cocarry_ws/build/industrial_msgs
[4.255s] Invoked command in '/home/duy/cocarry_ws/build/industrial_msgs' returned '0': CMAKE_PREFIX_PATH=/opt/ros/humble /usr/bin/cmake /home/duy/cocarry_ws/src/ros-industrial/industrial_core_ros2_msgs_only/industrial_msgs -DAMENT_CMAKE_SYMLINK_INSTALL=1 -DCMAKE_INSTALL_PREFIX=/home/duy/cocarry_ws/install/industrial_msgs
[4.260s] Invoking command in '/home/duy/cocarry_ws/build/industrial_msgs': CMAKE_PREFIX_PATH=/opt/ros/humble /usr/bin/cmake --build /home/duy/cocarry_ws/build/industrial_msgs -- -j16 -l16
[4.384s] Consolidate compiler generated dependencies of target industrial_msgs__rosidl_generator_c
[4.421s] [  1%] Built target industrial_msgs__rs
[4.436s] [  1%] Built target ament_cmake_python_symlink_industrial_msgs
[4.436s] [  2%] Built target industrial_msgs__cpp
[4.437s] [ 13%] Built target industrial_msgs__rosidl_generator_c
[4.495s] Consolidate compiler generated dependencies of target industrial_msgs__rosidl_typesupport_c
[4.503s] Consolidate compiler generated dependencies of target industrial_msgs__rosidl_typesupport_fastrtps_c
[4.513s] Consolidate compiler generated dependencies of target industrial_msgs__rosidl_typesupport_introspection_c
[4.542s] Consolidate compiler generated dependencies of target industrial_msgs__rosidl_typesupport_cpp
[4.565s] [ 25%] Built target industrial_msgs__rosidl_typesupport_c
[4.572s] [ 36%] Built target industrial_msgs__rosidl_typesupport_introspection_c
[4.576s] [ 47%] Built target industrial_msgs__rosidl_typesupport_fastrtps_c
[4.612s] Consolidate compiler generated dependencies of target industrial_msgs__rosidl_typesupport_introspection_cpp
[4.624s] Consolidate compiler generated dependencies of target industrial_msgs__rosidl_typesupport_fastrtps_cpp
[4.632s] [ 58%] Built target industrial_msgs__rosidl_typesupport_cpp
[4.682s] [ 69%] Built target industrial_msgs__rosidl_typesupport_introspection_cpp
[4.721s] [ 80%] Built target industrial_msgs__rosidl_typesupport_fastrtps_cpp
[4.791s] [ 80%] Built target industrial_msgs
[4.844s] [ 81%] Built target industrial_msgs__py
[4.906s] Consolidate compiler generated dependencies of target industrial_msgs__rosidl_generator_py
[4.965s] [ 91%] Built target industrial_msgs__rosidl_generator_py
[5.008s] Consolidate compiler generated dependencies of target industrial_msgs__rosidl_typesupport_c__pyext
[5.008s] Consolidate compiler generated dependencies of target industrial_msgs__rosidl_typesupport_introspection_c__pyext
[5.016s] Consolidate compiler generated dependencies of target industrial_msgs__rosidl_typesupport_fastrtps_c__pyext
[5.036s] [ 94%] Built target industrial_msgs__rosidl_typesupport_c__pyext
[5.038s] [ 97%] Built target industrial_msgs__rosidl_typesupport_introspection_c__pyext
[5.041s] [100%] Built target industrial_msgs__rosidl_typesupport_fastrtps_c__pyext
[5.647s] running egg_info
[5.653s] writing industrial_msgs.egg-info/PKG-INFO
[5.653s] writing dependency_links to industrial_msgs.egg-info/dependency_links.txt
[5.653s] writing top-level names to industrial_msgs.egg-info/top_level.txt
[5.659s] reading manifest file 'industrial_msgs.egg-info/SOURCES.txt'
[5.662s] writing manifest file 'industrial_msgs.egg-info/SOURCES.txt'
[5.737s] [100%] Built target ament_cmake_python_build_industrial_msgs_egg
[5.785s] Invoked command in '/home/duy/cocarry_ws/build/industrial_msgs' returned '0': CMAKE_PREFIX_PATH=/opt/ros/humble /usr/bin/cmake --build /home/duy/cocarry_ws/build/industrial_msgs -- -j16 -l16
[5.789s] Invoking command in '/home/duy/cocarry_ws/build/industrial_msgs': CMAKE_PREFIX_PATH=/opt/ros/humble /usr/bin/cmake --install /home/duy/cocarry_ws/build/industrial_msgs
[5.816s] -- Install configuration: ""
[5.818s] -- Execute custom install script
[5.819s] -- Up-to-date symlink: /home/duy/cocarry_ws/install/industrial_msgs/share/ament_index/resource_index/rosidl_interfaces/industrial_msgs
[5.820s] -- Up-to-date symlink: /home/duy/cocarry_ws/install/industrial_msgs/include/industrial_msgs/industrial_msgs/msg/debug_level.h
[5.821s] -- Up-to-date symlink: /home/duy/cocarry_ws/install/industrial_msgs/include/industrial_msgs/industrial_msgs/msg/detail/debug_level__functions.h
[5.821s] -- Up-to-date symlink: /home/duy/cocarry_ws/install/industrial_msgs/include/industrial_msgs/industrial_msgs/msg/detail/debug_level__struct.h
[5.822s] -- Up-to-date symlink: /home/duy/cocarry_ws/install/industrial_msgs/include/industrial_msgs/industrial_msgs/msg/detail/debug_level__type_support.h
[5.822s] -- Up-to-date symlink: /home/duy/cocarry_ws/install/industrial_msgs/include/industrial_msgs/industrial_msgs/msg/detail/device_info__functions.h
[5.822s] -- Up-to-date symlink: /home/duy/cocarry_ws/install/industrial_msgs/include/industrial_msgs/industrial_msgs/msg/detail/device_info__struct.h
[5.823s] -- Up-to-date symlink: /home/duy/cocarry_ws/install/industrial_msgs/include/industrial_msgs/industrial_msgs/msg/detail/device_info__type_support.h
[5.823s] -- Up-to-date symlink: /home/duy/cocarry_ws/install/industrial_msgs/include/industrial_msgs/industrial_msgs/msg/detail/robot_mode__functions.h
[5.823s] -- Up-to-date symlink: /home/duy/cocarry_ws/install/industrial_msgs/include/industrial_msgs/industrial_msgs/msg/detail/robot_mode__struct.h
[5.824s] -- Up-to-date symlink: /home/duy/cocarry_ws/install/industrial_msgs/include/industrial_msgs/industrial_msgs/msg/detail/robot_mode__type_support.h
[5.824s] -- Up-to-date symlink: /home/duy/cocarry_ws/install/industrial_msgs/include/industrial_msgs/industrial_msgs/msg/detail/robot_status__functions.h
[5.824s] -- Up-to-date symlink: /home/duy/cocarry_ws/install/industrial_msgs/include/industrial_msgs/industrial_msgs/msg/detail/robot_status__struct.h
[5.825s] -- Up-to-date symlink: /home/duy/cocarry_ws/install/industrial_msgs/include/industrial_msgs/industrial_msgs/msg/detail/robot_status__type_support.h
[5.825s] -- Up-to-date symlink: /home/duy/cocarry_ws/install/industrial_msgs/include/industrial_msgs/industrial_msgs/msg/detail/service_return_code__functions.h
[5.826s] -- Up-to-date symlink: /home/duy/cocarry_ws/install/industrial_msgs/include/industrial_msgs/industrial_msgs/msg/detail/service_return_code__struct.h
[5.826s] -- Up-to-date symlink: /home/duy/cocarry_ws/install/industrial_msgs/include/industrial_msgs/industrial_msgs/msg/detail/service_return_code__type_support.h
[5.826s] -- Up-to-date symlink: /home/duy/cocarry_ws/install/industrial_msgs/include/industrial_msgs/industrial_msgs/msg/detail/tri_state__functions.h
[5.827s] -- Up-to-date symlink: /home/duy/cocarry_ws/install/industrial_msgs/include/industrial_msgs/industrial_msgs/msg/detail/tri_state__struct.h
[5.827s] -- Up-to-date symlink: /home/duy/cocarry_ws/install/industrial_msgs/include/industrial_msgs/industrial_msgs/msg/detail/tri_state__type_support.h
[5.827s] -- Up-to-date symlink: /home/duy/cocarry_ws/install/industrial_msgs/include/industrial_msgs/industrial_msgs/msg/device_info.h
[5.827s] -- Up-to-date symlink: /home/duy/cocarry_ws/install/industrial_msgs/include/industrial_msgs/industrial_msgs/msg/robot_mode.h
[5.828s] -- Up-to-date symlink: /home/duy/cocarry_ws/install/industrial_msgs/include/industrial_msgs/industrial_msgs/msg/robot_status.h
[5.828s] -- Up-to-date symlink: /home/duy/cocarry_ws/install/industrial_msgs/include/industrial_msgs/industrial_msgs/msg/rosidl_generator_c__visibility_control.h
[5.828s] -- Up-to-date symlink: /home/duy/cocarry_ws/install/industrial_msgs/include/industrial_msgs/industrial_msgs/msg/service_return_code.h
[5.828s] -- Up-to-date symlink: /home/duy/cocarry_ws/install/industrial_msgs/include/industrial_msgs/industrial_msgs/msg/tri_state.h
[5.829s] -- Up-to-date symlink: /home/duy/cocarry_ws/install/industrial_msgs/share/industrial_msgs/environment/library_path.sh
[5.830s] -- Up-to-date symlink: /home/duy/cocarry_ws/install/industrial_msgs/share/industrial_msgs/environment/library_path.dsv
[5.830s] -- Up-to-date symlink: /home/duy/cocarry_ws/install/industrial_msgs/include/industrial_msgs/industrial_msgs/msg/detail/debug_level__rosidl_typesupport_fastrtps_c.h
[5.831s] -- Up-to-date symlink: /home/duy/cocarry_ws/install/industrial_msgs/include/industrial_msgs/industrial_msgs/msg/detail/device_info__rosidl_typesupport_fastrtps_c.h
[5.831s] -- Up-to-date symlink: /home/duy/cocarry_ws/install/industrial_msgs/include/industrial_msgs/industrial_msgs/msg/detail/robot_mode__rosidl_typesupport_fastrtps_c.h
[5.832s] -- Up-to-date symlink: /home/duy/cocarry_ws/install/industrial_msgs/include/industrial_msgs/industrial_msgs/msg/detail/robot_status__rosidl_typesupport_fastrtps_c.h
[5.832s] -- Up-to-date symlink: /home/duy/cocarry_ws/install/industrial_msgs/include/industrial_msgs/industrial_msgs/msg/detail/service_return_code__rosidl_typesupport_fastrtps_c.h
[5.832s] -- Up-to-date symlink: /home/duy/cocarry_ws/install/industrial_msgs/include/industrial_msgs/industrial_msgs/msg/detail/tri_state__rosidl_typesupport_fastrtps_c.h
[5.833s] -- Up-to-date symlink: /home/duy/cocarry_ws/install/industrial_msgs/include/industrial_msgs/industrial_msgs/msg/rosidl_typesupport_fastrtps_c__visibility_control.h
[5.833s] -- Up-to-date symlink: /home/duy/cocarry_ws/install/industrial_msgs/include/industrial_msgs/industrial_msgs/msg/detail/debug_level__rosidl_typesupport_introspection_c.h
[5.834s] -- Up-to-date symlink: /home/duy/cocarry_ws/install/industrial_msgs/include/industrial_msgs/industrial_msgs/msg/detail/device_info__rosidl_typesupport_introspection_c.h
[5.834s] -- Up-to-date symlink: /home/duy/cocarry_ws/install/industrial_msgs/include/industrial_msgs/industrial_msgs/msg/detail/robot_mode__rosidl_typesupport_introspection_c.h
[5.835s] -- Up-to-date symlink: /home/duy/cocarry_ws/install/industrial_msgs/include/industrial_msgs/industrial_msgs/msg/detail/robot_status__rosidl_typesupport_introspection_c.h
[5.835s] -- Up-to-date symlink: /home/duy/cocarry_ws/install/industrial_msgs/include/industrial_msgs/industrial_msgs/msg/detail/service_return_code__rosidl_typesupport_introspection_c.h
[5.835s] -- Up-to-date symlink: /home/duy/cocarry_ws/install/industrial_msgs/include/industrial_msgs/industrial_msgs/msg/detail/tri_state__rosidl_typesupport_introspection_c.h
[5.835s] -- Up-to-date symlink: /home/duy/cocarry_ws/install/industrial_msgs/include/industrial_msgs/industrial_msgs/msg/rosidl_typesupport_introspection_c__visibility_control.h
[5.836s] -- Up-to-date symlink: /home/duy/cocarry_ws/install/industrial_msgs/include/industrial_msgs/industrial_msgs/msg/debug_level.hpp
[5.837s] -- Up-to-date symlink: /home/duy/cocarry_ws/install/industrial_msgs/include/industrial_msgs/industrial_msgs/msg/detail/debug_level__builder.hpp
[5.837s] -- Up-to-date symlink: /home/duy/cocarry_ws/install/industrial_msgs/include/industrial_msgs/industrial_msgs/msg/detail/debug_level__struct.hpp
[5.837s] -- Up-to-date symlink: /home/duy/cocarry_ws/install/industrial_msgs/include/industrial_msgs/industrial_msgs/msg/detail/debug_level__traits.hpp
[5.838s] -- Up-to-date symlink: /home/duy/cocarry_ws/install/industrial_msgs/include/industrial_msgs/industrial_msgs/msg/detail/debug_level__type_support.hpp
[5.838s] -- Up-to-date symlink: /home/duy/cocarry_ws/install/industrial_msgs/include/industrial_msgs/industrial_msgs/msg/detail/device_info__builder.hpp
[5.838s] -- Up-to-date symlink: /home/duy/cocarry_ws/install/industrial_msgs/include/industrial_msgs/industrial_msgs/msg/detail/device_info__struct.hpp
[5.839s] -- Up-to-date symlink: /home/duy/cocarry_ws/install/industrial_msgs/include/industrial_msgs/industrial_msgs/msg/detail/device_info__traits.hpp
[5.840s] -- Up-to-date symlink: /home/duy/cocarry_ws/install/industrial_msgs/include/industrial_msgs/industrial_msgs/msg/detail/device_info__type_support.hpp
[5.840s] -- Up-to-date symlink: /home/duy/cocarry_ws/install/industrial_msgs/include/industrial_msgs/industrial_msgs/msg/detail/robot_mode__builder.hpp
[5.841s] -- Up-to-date symlink: /home/duy/cocarry_ws/install/industrial_msgs/include/industrial_msgs/industrial_msgs/msg/detail/robot_mode__struct.hpp
[5.842s] -- Up-to-date symlink: /home/duy/cocarry_ws/install/industrial_msgs/include/industrial_msgs/industrial_msgs/msg/detail/robot_mode__traits.hpp
[5.843s] -- Up-to-date symlink: /home/duy/cocarry_ws/install/industrial_msgs/include/industrial_msgs/industrial_msgs/msg/detail/robot_mode__type_support.hpp
[5.843s] -- Up-to-date symlink: /home/duy/cocarry_ws/install/industrial_msgs/include/industrial_msgs/industrial_msgs/msg/detail/robot_status__builder.hpp
[5.843s] -- Up-to-date symlink: /home/duy/cocarry_ws/install/industrial_msgs/include/industrial_msgs/industrial_msgs/msg/detail/robot_status__struct.hpp
[5.844s] -- Up-to-date symlink: /home/duy/cocarry_ws/install/industrial_msgs/include/industrial_msgs/industrial_msgs/msg/detail/robot_status__traits.hpp
[5.844s] -- Up-to-date symlink: /home/duy/cocarry_ws/install/industrial_msgs/include/industrial_msgs/industrial_msgs/msg/detail/robot_status__type_support.hpp
[5.844s] -- Up-to-date symlink: /home/duy/cocarry_ws/install/industrial_msgs/include/industrial_msgs/industrial_msgs/msg/detail/service_return_code__builder.hpp
[5.844s] -- Up-to-date symlink: /home/duy/cocarry_ws/install/industrial_msgs/include/industrial_msgs/industrial_msgs/msg/detail/service_return_code__struct.hpp
[5.845s] -- Up-to-date symlink: /home/duy/cocarry_ws/install/industrial_msgs/include/industrial_msgs/industrial_msgs/msg/detail/service_return_code__traits.hpp
[5.845s] -- Up-to-date symlink: /home/duy/cocarry_ws/install/industrial_msgs/include/industrial_msgs/industrial_msgs/msg/detail/service_return_code__type_support.hpp
[5.846s] -- Up-to-date symlink: /home/duy/cocarry_ws/install/industrial_msgs/include/industrial_msgs/industrial_msgs/msg/detail/tri_state__builder.hpp
[5.846s] -- Up-to-date symlink: /home/duy/cocarry_ws/install/industrial_msgs/include/industrial_msgs/industrial_msgs/msg/detail/tri_state__struct.hpp
[5.846s] -- Up-to-date symlink: /home/duy/cocarry_ws/install/industrial_msgs/include/industrial_msgs/industrial_msgs/msg/detail/tri_state__traits.hpp
[5.847s] -- Up-to-date symlink: /home/duy/cocarry_ws/install/industrial_msgs/include/industrial_msgs/industrial_msgs/msg/detail/tri_state__type_support.hpp
[5.847s] -- Up-to-date symlink: /home/duy/cocarry_ws/install/industrial_msgs/include/industrial_msgs/industrial_msgs/msg/device_info.hpp
[5.847s] -- Up-to-date symlink: /home/duy/cocarry_ws/install/industrial_msgs/include/industrial_msgs/industrial_msgs/msg/robot_mode.hpp
[5.847s] -- Up-to-date symlink: /home/duy/cocarry_ws/install/industrial_msgs/include/industrial_msgs/industrial_msgs/msg/robot_status.hpp
[5.847s] -- Up-to-date symlink: /home/duy/cocarry_ws/install/industrial_msgs/include/industrial_msgs/industrial_msgs/msg/rosidl_generator_cpp__visibility_control.hpp
[5.847s] -- Up-to-date symlink: /home/duy/cocarry_ws/install/industrial_msgs/include/industrial_msgs/industrial_msgs/msg/service_return_code.hpp
[5.848s] -- Up-to-date symlink: /home/duy/cocarry_ws/install/industrial_msgs/include/industrial_msgs/industrial_msgs/msg/tri_state.hpp
[5.850s] -- Up-to-date symlink: /home/duy/cocarry_ws/install/industrial_msgs/include/industrial_msgs/industrial_msgs/msg/detail/debug_level__rosidl_typesupport_fastrtps_cpp.hpp
[5.850s] -- Up-to-date symlink: /home/duy/cocarry_ws/install/industrial_msgs/include/industrial_msgs/industrial_msgs/msg/detail/device_info__rosidl_typesupport_fastrtps_cpp.hpp
[5.851s] -- Up-to-date symlink: /home/duy/cocarry_ws/install/industrial_msgs/include/industrial_msgs/industrial_msgs/msg/detail/robot_mode__rosidl_typesupport_fastrtps_cpp.hpp
[5.851s] -- Up-to-date symlink: /home/duy/cocarry_ws/install/industrial_msgs/include/industrial_msgs/industrial_msgs/msg/detail/robot_status__rosidl_typesupport_fastrtps_cpp.hpp
[5.853s] -- Up-to-date symlink: /home/duy/cocarry_ws/install/industrial_msgs/include/industrial_msgs/industrial_msgs/msg/detail/service_return_code__rosidl_typesupport_fastrtps_cpp.hpp
[5.853s] -- Up-to-date symlink: /home/duy/cocarry_ws/install/industrial_msgs/include/industrial_msgs/industrial_msgs/msg/detail/tri_state__rosidl_typesupport_fastrtps_cpp.hpp
[5.854s] -- Up-to-date symlink: /home/duy/cocarry_ws/install/industrial_msgs/include/industrial_msgs/industrial_msgs/msg/rosidl_typesupport_fastrtps_cpp__visibility_control.h
[5.854s] -- Up-to-date symlink: /home/duy/cocarry_ws/install/industrial_msgs/include/industrial_msgs/industrial_msgs/msg/detail/debug_level__rosidl_typesupport_introspection_cpp.hpp
[5.855s] -- Up-to-date symlink: /home/duy/cocarry_ws/install/industrial_msgs/include/industrial_msgs/industrial_msgs/msg/detail/device_info__rosidl_typesupport_introspection_cpp.hpp
[5.856s] -- Up-to-date symlink: /home/duy/cocarry_ws/install/industrial_msgs/include/industrial_msgs/industrial_msgs/msg/detail/robot_mode__rosidl_typesupport_introspection_cpp.hpp
[5.856s] -- Up-to-date symlink: /home/duy/cocarry_ws/install/industrial_msgs/include/industrial_msgs/industrial_msgs/msg/detail/robot_status__rosidl_typesupport_introspection_cpp.hpp
[5.856s] -- Up-to-date symlink: /home/duy/cocarry_ws/install/industrial_msgs/include/industrial_msgs/industrial_msgs/msg/detail/service_return_code__rosidl_typesupport_introspection_cpp.hpp
[5.856s] -- Up-to-date symlink: /home/duy/cocarry_ws/install/industrial_msgs/include/industrial_msgs/industrial_msgs/msg/detail/tri_state__rosidl_typesupport_introspection_cpp.hpp
[5.857s] -- Up-to-date symlink: /home/duy/cocarry_ws/install/industrial_msgs/share/industrial_msgs/environment/pythonpath.sh
[5.857s] -- Up-to-date symlink: /home/duy/cocarry_ws/install/industrial_msgs/share/industrial_msgs/environment/pythonpath.dsv
[5.857s] -- Up-to-date symlink: /home/duy/cocarry_ws/install/industrial_msgs/local/lib/python3.10/dist-packages/industrial_msgs-0.7.3-py3.10.egg-info/PKG-INFO
[5.857s] -- Up-to-date symlink: /home/duy/cocarry_ws/install/industrial_msgs/local/lib/python3.10/dist-packages/industrial_msgs-0.7.3-py3.10.egg-info/SOURCES.txt
[5.857s] -- Up-to-date symlink: /home/duy/cocarry_ws/install/industrial_msgs/local/lib/python3.10/dist-packages/industrial_msgs-0.7.3-py3.10.egg-info/dependency_links.txt
[5.858s] -- Up-to-date symlink: /home/duy/cocarry_ws/install/industrial_msgs/local/lib/python3.10/dist-packages/industrial_msgs-0.7.3-py3.10.egg-info/top_level.txt
[5.860s] -- Up-to-date symlink: /home/duy/cocarry_ws/install/industrial_msgs/local/lib/python3.10/dist-packages/industrial_msgs/__init__.py
[5.861s] -- Up-to-date symlink: /home/duy/cocarry_ws/install/industrial_msgs/local/lib/python3.10/dist-packages/industrial_msgs/_industrial_msgs_s.ep.rosidl_typesupport_c.c
[5.861s] -- Up-to-date symlink: /home/duy/cocarry_ws/install/industrial_msgs/local/lib/python3.10/dist-packages/industrial_msgs/_industrial_msgs_s.ep.rosidl_typesupport_fastrtps_c.c
[5.862s] -- Up-to-date symlink: /home/duy/cocarry_ws/install/industrial_msgs/local/lib/python3.10/dist-packages/industrial_msgs/_industrial_msgs_s.ep.rosidl_typesupport_introspection_c.c
[5.862s] -- Up-to-date symlink: /home/duy/cocarry_ws/install/industrial_msgs/local/lib/python3.10/dist-packages/industrial_msgs/industrial_msgs_s__rosidl_typesupport_c.cpython-310-x86_64-linux-gnu.so
[5.863s] -- Up-to-date symlink: /home/duy/cocarry_ws/install/industrial_msgs/local/lib/python3.10/dist-packages/industrial_msgs/industrial_msgs_s__rosidl_typesupport_fastrtps_c.cpython-310-x86_64-linux-gnu.so
[5.863s] -- Up-to-date symlink: /home/duy/cocarry_ws/install/industrial_msgs/local/lib/python3.10/dist-packages/industrial_msgs/industrial_msgs_s__rosidl_typesupport_introspection_c.cpython-310-x86_64-linux-gnu.so
[5.867s] -- Up-to-date symlink: /home/duy/cocarry_ws/install/industrial_msgs/local/lib/python3.10/dist-packages/industrial_msgs/libindustrial_msgs__rosidl_generator_py.so
[5.869s] -- Up-to-date symlink: /home/duy/cocarry_ws/install/industrial_msgs/local/lib/python3.10/dist-packages/industrial_msgs/msg/__init__.py
[5.872s] -- Up-to-date symlink: /home/duy/cocarry_ws/install/industrial_msgs/local/lib/python3.10/dist-packages/industrial_msgs/msg/_debug_level.py
[5.874s] -- Up-to-date symlink: /home/duy/cocarry_ws/install/industrial_msgs/local/lib/python3.10/dist-packages/industrial_msgs/msg/_debug_level_s.c
[5.874s] -- Up-to-date symlink: /home/duy/cocarry_ws/install/industrial_msgs/local/lib/python3.10/dist-packages/industrial_msgs/msg/_device_info.py
[5.875s] -- Up-to-date symlink: /home/duy/cocarry_ws/install/industrial_msgs/local/lib/python3.10/dist-packages/industrial_msgs/msg/_device_info_s.c
[5.875s] -- Up-to-date symlink: /home/duy/cocarry_ws/install/industrial_msgs/local/lib/python3.10/dist-packages/industrial_msgs/msg/_robot_mode.py
[5.875s] -- Up-to-date symlink: /home/duy/cocarry_ws/install/industrial_msgs/local/lib/python3.10/dist-packages/industrial_msgs/msg/_robot_mode_s.c
[5.875s] -- Up-to-date symlink: /home/duy/cocarry_ws/install/industrial_msgs/local/lib/python3.10/dist-packages/industrial_msgs/msg/_robot_status.py
[5.875s] -- Up-to-date symlink: /home/duy/cocarry_ws/install/industrial_msgs/local/lib/python3.10/dist-packages/industrial_msgs/msg/_robot_status_s.c
[5.876s] -- Up-to-date symlink: /home/duy/cocarry_ws/install/industrial_msgs/local/lib/python3.10/dist-packages/industrial_msgs/msg/_service_return_code.py
[5.876s] -- Up-to-date symlink: /home/duy/cocarry_ws/install/industrial_msgs/local/lib/python3.10/dist-packages/industrial_msgs/msg/_service_return_code_s.c
[5.876s] -- Up-to-date symlink: /home/duy/cocarry_ws/install/industrial_msgs/local/lib/python3.10/dist-packages/industrial_msgs/msg/_tri_state.py
[5.876s] -- Up-to-date symlink: /home/duy/cocarry_ws/install/industrial_msgs/local/lib/python3.10/dist-packages/industrial_msgs/msg/_tri_state_s.c
[5.880s] -- Up-to-date symlink: /home/duy/cocarry_ws/install/industrial_msgs/local/lib/python3.10/dist-packages/industrial_msgs/industrial_msgs_s__rosidl_typesupport_fastrtps_c.cpython-310-x86_64-linux-gnu.so
[5.880s] -- Up-to-date symlink: /home/duy/cocarry_ws/install/industrial_msgs/local/lib/python3.10/dist-packages/industrial_msgs/industrial_msgs_s__rosidl_typesupport_introspection_c.cpython-310-x86_64-linux-gnu.so
[5.882s] -- Up-to-date symlink: /home/duy/cocarry_ws/install/industrial_msgs/local/lib/python3.10/dist-packages/industrial_msgs/industrial_msgs_s__rosidl_typesupport_c.cpython-310-x86_64-linux-gnu.so
[5.882s] -- Up-to-date symlink: /home/duy/cocarry_ws/install/industrial_msgs/share/ament_index/resource_index/rust_packages/industrial_msgs
[5.882s] -- Up-to-date symlink: /home/duy/cocarry_ws/install/industrial_msgs/share/industrial_msgs/rust/Cargo.toml
[5.883s] -- Up-to-date symlink: /home/duy/cocarry_ws/install/industrial_msgs/share/industrial_msgs/rust/build.rs
[5.883s] -- Up-to-date symlink: /home/duy/cocarry_ws/install/industrial_msgs/share/industrial_msgs/rust/src/lib.rs
[5.883s] -- Up-to-date symlink: /home/duy/cocarry_ws/install/industrial_msgs/share/industrial_msgs/rust/src/msg.rs
[5.883s] -- Up-to-date symlink: /home/duy/cocarry_ws/install/industrial_msgs/share/industrial_msgs/rust/src/msg/rmw.rs
[5.883s] -- Up-to-date symlink: /home/duy/cocarry_ws/install/industrial_msgs/share/industrial_msgs/msg/DebugLevel.idl
[5.884s] -- Up-to-date symlink: /home/duy/cocarry_ws/install/industrial_msgs/share/industrial_msgs/msg/DeviceInfo.idl
[5.884s] -- Up-to-date symlink: /home/duy/cocarry_ws/install/industrial_msgs/share/industrial_msgs/msg/RobotMode.idl
[5.884s] -- Up-to-date symlink: /home/duy/cocarry_ws/install/industrial_msgs/share/industrial_msgs/msg/RobotStatus.idl
[5.884s] -- Up-to-date symlink: /home/duy/cocarry_ws/install/industrial_msgs/share/industrial_msgs/msg/ServiceReturnCode.idl
[5.884s] -- Up-to-date symlink: /home/duy/cocarry_ws/install/industrial_msgs/share/industrial_msgs/msg/TriState.idl
[5.884s] -- Up-to-date symlink: /home/duy/cocarry_ws/install/industrial_msgs/share/industrial_msgs/msg/DebugLevel.msg
[5.885s] -- Up-to-date symlink: /home/duy/cocarry_ws/install/industrial_msgs/share/industrial_msgs/msg/DeviceInfo.msg
[5.885s] -- Up-to-date symlink: /home/duy/cocarry_ws/install/industrial_msgs/share/industrial_msgs/msg/RobotMode.msg
[5.885s] -- Up-to-date symlink: /home/duy/cocarry_ws/install/industrial_msgs/share/industrial_msgs/msg/RobotStatus.msg
[5.885s] -- Up-to-date symlink: /home/duy/cocarry_ws/install/industrial_msgs/share/industrial_msgs/msg/ServiceReturnCode.msg
[5.885s] -- Up-to-date symlink: /home/duy/cocarry_ws/install/industrial_msgs/share/industrial_msgs/msg/TriState.msg
[5.893s] -- Up-to-date symlink: /home/duy/cocarry_ws/install/industrial_msgs/share/ament_index/resource_index/package_run_dependencies/industrial_msgs
[5.893s] -- Up-to-date symlink: /home/duy/cocarry_ws/install/industrial_msgs/share/ament_index/resource_index/parent_prefix_path/industrial_msgs
[5.893s] -- Up-to-date symlink: /home/duy/cocarry_ws/install/industrial_msgs/share/industrial_msgs/environment/ament_prefix_path.sh
[5.894s] -- Up-to-date symlink: /home/duy/cocarry_ws/install/industrial_msgs/share/industrial_msgs/environment/ament_prefix_path.dsv
[5.894s] -- Up-to-date symlink: /home/duy/cocarry_ws/install/industrial_msgs/share/industrial_msgs/environment/path.sh
[5.894s] -- Up-to-date symlink: /home/duy/cocarry_ws/install/industrial_msgs/share/industrial_msgs/environment/path.dsv
[5.894s] -- Up-to-date symlink: /home/duy/cocarry_ws/install/industrial_msgs/share/industrial_msgs/local_setup.bash
[5.894s] -- Up-to-date symlink: /home/duy/cocarry_ws/install/industrial_msgs/share/industrial_msgs/local_setup.sh
[5.894s] -- Up-to-date symlink: /home/duy/cocarry_ws/install/industrial_msgs/share/industrial_msgs/local_setup.zsh
[5.895s] -- Up-to-date symlink: /home/duy/cocarry_ws/install/industrial_msgs/share/industrial_msgs/local_setup.dsv
[5.895s] -- Symlinking: /home/duy/cocarry_ws/install/industrial_msgs/share/industrial_msgs/package.dsv
[5.902s] -- Up-to-date symlink: /home/duy/cocarry_ws/install/industrial_msgs/share/ament_index/resource_index/packages/industrial_msgs
[5.903s] -- Up-to-date symlink: /home/duy/cocarry_ws/install/industrial_msgs/share/industrial_msgs/cmake/rosidl_cmake-extras.cmake
[5.905s] -- Up-to-date symlink: /home/duy/cocarry_ws/install/industrial_msgs/share/industrial_msgs/cmake/ament_cmake_export_dependencies-extras.cmake
[5.907s] -- Up-to-date symlink: /home/duy/cocarry_ws/install/industrial_msgs/share/industrial_msgs/cmake/ament_cmake_export_include_directories-extras.cmake
[5.907s] -- Up-to-date symlink: /home/duy/cocarry_ws/install/industrial_msgs/share/industrial_msgs/cmake/ament_cmake_export_libraries-extras.cmake
[5.908s] -- Up-to-date symlink: /home/duy/cocarry_ws/install/industrial_msgs/share/industrial_msgs/cmake/ament_cmake_export_targets-extras.cmake
[5.908s] -- Up-to-date symlink: /home/duy/cocarry_ws/install/industrial_msgs/share/industrial_msgs/cmake/rosidl_cmake_export_typesupport_targets-extras.cmake
[5.911s] -- Up-to-date symlink: /home/duy/cocarry_ws/install/industrial_msgs/share/industrial_msgs/cmake/rosidl_cmake_export_typesupport_libraries-extras.cmake
[5.911s] -- Up-to-date symlink: /home/duy/cocarry_ws/install/industrial_msgs/share/industrial_msgs/cmake/industrial_msgsConfig.cmake
[5.912s] -- Up-to-date symlink: /home/duy/cocarry_ws/install/industrial_msgs/share/industrial_msgs/cmake/industrial_msgsConfig-version.cmake
[5.938s] -- Up-to-date symlink: /home/duy/cocarry_ws/install/industrial_msgs/share/industrial_msgs/package.xml
[5.938s] -- Up-to-date: /home/duy/cocarry_ws/install/industrial_msgs/lib/libindustrial_msgs__rosidl_generator_c.so
[5.948s] -- Up-to-date: /home/duy/cocarry_ws/install/industrial_msgs/lib/libindustrial_msgs__rosidl_typesupport_fastrtps_c.so
[5.953s] -- Up-to-date: /home/duy/cocarry_ws/install/industrial_msgs/lib/libindustrial_msgs__rosidl_typesupport_introspection_c.so
[5.962s] -- Up-to-date: /home/duy/cocarry_ws/install/industrial_msgs/lib/libindustrial_msgs__rosidl_typesupport_c.so
[5.963s] -- Up-to-date: /home/duy/cocarry_ws/install/industrial_msgs/lib/libindustrial_msgs__rosidl_typesupport_fastrtps_cpp.so
[5.967s] -- Up-to-date: /home/duy/cocarry_ws/install/industrial_msgs/lib/libindustrial_msgs__rosidl_typesupport_introspection_cpp.so
[5.973s] -- Up-to-date: /home/duy/cocarry_ws/install/industrial_msgs/lib/libindustrial_msgs__rosidl_typesupport_cpp.so
[6.046s] Listing '/home/duy/cocarry_ws/install/industrial_msgs/local/lib/python3.10/dist-packages/industrial_msgs'...
[6.046s] Compiling '/home/duy/cocarry_ws/install/industrial_msgs/local/lib/python3.10/dist-packages/industrial_msgs/__init__.py'...
[6.047s] Listing '/home/duy/cocarry_ws/install/industrial_msgs/local/lib/python3.10/dist-packages/industrial_msgs/msg'...
[6.068s] -- Up-to-date: /home/duy/cocarry_ws/install/industrial_msgs/lib/libindustrial_msgs__rosidl_generator_py.so
[6.069s] -- Up-to-date: /home/duy/cocarry_ws/install/industrial_msgs/share/industrial_msgs/cmake/export_industrial_msgs__rosidl_generator_cExport.cmake
[6.070s] -- Up-to-date: /home/duy/cocarry_ws/install/industrial_msgs/share/industrial_msgs/cmake/export_industrial_msgs__rosidl_generator_cExport-noconfig.cmake
[6.071s] -- Up-to-date: /home/duy/cocarry_ws/install/industrial_msgs/share/industrial_msgs/cmake/export_industrial_msgs__rosidl_typesupport_fastrtps_cExport.cmake
[6.071s] -- Up-to-date: /home/duy/cocarry_ws/install/industrial_msgs/share/industrial_msgs/cmake/export_industrial_msgs__rosidl_typesupport_fastrtps_cExport-noconfig.cmake
[6.072s] -- Up-to-date: /home/duy/cocarry_ws/install/industrial_msgs/share/industrial_msgs/cmake/industrial_msgs__rosidl_typesupport_introspection_cExport.cmake
[6.072s] -- Up-to-date: /home/duy/cocarry_ws/install/industrial_msgs/share/industrial_msgs/cmake/industrial_msgs__rosidl_typesupport_introspection_cExport-noconfig.cmake
[6.073s] -- Up-to-date: /home/duy/cocarry_ws/install/industrial_msgs/share/industrial_msgs/cmake/industrial_msgs__rosidl_typesupport_cExport.cmake
[6.074s] -- Up-to-date: /home/duy/cocarry_ws/install/industrial_msgs/share/industrial_msgs/cmake/industrial_msgs__rosidl_typesupport_cExport-noconfig.cmake
[6.074s] -- Up-to-date: /home/duy/cocarry_ws/install/industrial_msgs/share/industrial_msgs/cmake/export_industrial_msgs__rosidl_generator_cppExport.cmake
[6.074s] -- Up-to-date: /home/duy/cocarry_ws/install/industrial_msgs/share/industrial_msgs/cmake/export_industrial_msgs__rosidl_typesupport_fastrtps_cppExport.cmake
[6.075s] -- Up-to-date: /home/duy/cocarry_ws/install/industrial_msgs/share/industrial_msgs/cmake/export_industrial_msgs__rosidl_typesupport_fastrtps_cppExport-noconfig.cmake
[6.075s] -- Up-to-date: /home/duy/cocarry_ws/install/industrial_msgs/share/industrial_msgs/cmake/industrial_msgs__rosidl_typesupport_introspection_cppExport.cmake
[6.075s] -- Up-to-date: /home/duy/cocarry_ws/install/industrial_msgs/share/industrial_msgs/cmake/industrial_msgs__rosidl_typesupport_introspection_cppExport-noconfig.cmake
[6.075s] -- Up-to-date: /home/duy/cocarry_ws/install/industrial_msgs/share/industrial_msgs/cmake/industrial_msgs__rosidl_typesupport_cppExport.cmake
[6.075s] -- Up-to-date: /home/duy/cocarry_ws/install/industrial_msgs/share/industrial_msgs/cmake/industrial_msgs__rosidl_typesupport_cppExport-noconfig.cmake
[6.075s] -- Up-to-date: /home/duy/cocarry_ws/install/industrial_msgs/share/industrial_msgs/cmake/export_industrial_msgs__rosidl_generator_pyExport.cmake
[6.075s] -- Up-to-date: /home/duy/cocarry_ws/install/industrial_msgs/share/industrial_msgs/cmake/export_industrial_msgs__rosidl_generator_pyExport-noconfig.cmake
[6.083s] Invoked command in '/home/duy/cocarry_ws/build/industrial_msgs' returned '0': CMAKE_PREFIX_PATH=/opt/ros/humble /usr/bin/cmake --install /home/duy/cocarry_ws/build/industrial_msgs
