[0.017s] Invoking command in '/home/duy/cocarry_ws/build/trac_ik_lib': CMAKE_PREFIX_PATH=${CMAKE_PREFIX_PATH}:/opt/ros/humble /usr/bin/cmake --build /home/duy/cocarry_ws/build/trac_ik_lib -- -j16 -l16
[0.071s] Consolidate compiler generated dependencies of target trac_ik_lib
[0.093s] [100%] Built target trac_ik_lib
[0.163s] Invoked command in '/home/duy/cocarry_ws/build/trac_ik_lib' returned '0': CMAKE_PREFIX_PATH=${CMAKE_PREFIX_PATH}:/opt/ros/humble /usr/bin/cmake --build /home/duy/cocarry_ws/build/trac_ik_lib -- -j16 -l16
[0.166s] Invoking command in '/home/duy/cocarry_ws/build/trac_ik_lib': CMAKE_PREFIX_PATH=${CMAKE_PREFIX_PATH}:/opt/ros/humble /usr/bin/cmake --install /home/duy/cocarry_ws/build/trac_ik_lib
[0.182s] -- Install configuration: ""
[0.182s] -- Execute custom install script
[0.182s] -- Up-to-date symlink: /home/duy/cocarry_ws/install/trac_ik_lib/share/trac_ik_lib/environment/library_path.sh
[0.182s] -- Up-to-date symlink: /home/duy/cocarry_ws/install/trac_ik_lib/share/trac_ik_lib/environment/library_path.dsv
[0.182s] -- Up-to-date symlink: /home/duy/cocarry_ws/install/trac_ik_lib/include/trac_ik/dual_quaternion.h
[0.182s] -- Up-to-date symlink: /home/duy/cocarry_ws/install/trac_ik_lib/include/trac_ik/kdl_tl.hpp
[0.182s] -- Up-to-date symlink: /home/duy/cocarry_ws/install/trac_ik_lib/include/trac_ik/math3d.h
[0.182s] -- Up-to-date symlink: /home/duy/cocarry_ws/install/trac_ik_lib/include/trac_ik/nlopt_ik.hpp
[0.183s] -- Up-to-date symlink: /home/duy/cocarry_ws/install/trac_ik_lib/include/trac_ik/trac_ik.hpp
[0.183s] -- Up-to-date symlink: /home/duy/cocarry_ws/install/trac_ik_lib/include/trac_ik/visibility_control.hpp
[0.183s] -- Up-to-date symlink: /home/duy/cocarry_ws/install/trac_ik_lib/share/ament_index/resource_index/package_run_dependencies/trac_ik_lib
[0.183s] -- Up-to-date symlink: /home/duy/cocarry_ws/install/trac_ik_lib/share/ament_index/resource_index/parent_prefix_path/trac_ik_lib
[0.183s] -- Up-to-date symlink: /home/duy/cocarry_ws/install/trac_ik_lib/share/trac_ik_lib/environment/ament_prefix_path.sh
[0.183s] -- Up-to-date symlink: /home/duy/cocarry_ws/install/trac_ik_lib/share/trac_ik_lib/environment/ament_prefix_path.dsv
[0.183s] -- Up-to-date symlink: /home/duy/cocarry_ws/install/trac_ik_lib/share/trac_ik_lib/environment/path.sh
[0.183s] -- Up-to-date symlink: /home/duy/cocarry_ws/install/trac_ik_lib/share/trac_ik_lib/environment/path.dsv
[0.183s] -- Up-to-date symlink: /home/duy/cocarry_ws/install/trac_ik_lib/share/trac_ik_lib/local_setup.bash
[0.183s] -- Up-to-date symlink: /home/duy/cocarry_ws/install/trac_ik_lib/share/trac_ik_lib/local_setup.sh
[0.183s] -- Up-to-date symlink: /home/duy/cocarry_ws/install/trac_ik_lib/share/trac_ik_lib/local_setup.zsh
[0.183s] -- Up-to-date symlink: /home/duy/cocarry_ws/install/trac_ik_lib/share/trac_ik_lib/local_setup.dsv
[0.183s] -- Symlinking: /home/duy/cocarry_ws/install/trac_ik_lib/share/trac_ik_lib/package.dsv
[0.194s] -- Up-to-date symlink: /home/duy/cocarry_ws/install/trac_ik_lib/share/ament_index/resource_index/packages/trac_ik_lib
[0.195s] -- Up-to-date symlink: /home/duy/cocarry_ws/install/trac_ik_lib/share/trac_ik_lib/cmake/ament_cmake_export_targets-extras.cmake
[0.195s] -- Up-to-date symlink: /home/duy/cocarry_ws/install/trac_ik_lib/share/trac_ik_lib/cmake/ament_cmake_export_dependencies-extras.cmake
[0.195s] -- Up-to-date symlink: /home/duy/cocarry_ws/install/trac_ik_lib/share/trac_ik_lib/cmake/trac_ik_libConfig.cmake
[0.196s] -- Up-to-date symlink: /home/duy/cocarry_ws/install/trac_ik_lib/share/trac_ik_lib/cmake/trac_ik_libConfig-version.cmake
[0.196s] -- Up-to-date symlink: /home/duy/cocarry_ws/install/trac_ik_lib/share/trac_ik_lib/package.xml
[0.196s] -- Up-to-date: /home/duy/cocarry_ws/install/trac_ik_lib/lib/libtrac_ik_lib.so
[0.196s] -- Up-to-date: /home/duy/cocarry_ws/install/trac_ik_lib/share/trac_ik_lib/cmake/export_trac_ik_libExport.cmake
[0.196s] -- Up-to-date: /home/duy/cocarry_ws/install/trac_ik_lib/share/trac_ik_lib/cmake/export_trac_ik_libExport-noconfig.cmake
[0.199s] Invoked command in '/home/duy/cocarry_ws/build/trac_ik_lib' returned '0': CMAKE_PREFIX_PATH=${CMAKE_PREFIX_PATH}:/opt/ros/humble /usr/bin/cmake --install /home/duy/cocarry_ws/build/trac_ik_lib
