[0.014s] Invoking command in '/home/duy/cocarry_ws/build/trac_ik_kinematics': CMAKE_PREFIX_PATH=/home/duy/cocarry_ws/install/trac_ik_lib:/home/duy/cocarry_ws/install/hrc_bringup:/home/duy/cocarry_ws/install/trac_ik:/home/duy/cocarry_ws/install/trac_ik_kinematics:/home/duy/cocarry_ws/install/motoros2_client_interface_dependencies:/home/duy/cocarry_ws/install/hc10dtp_simulation:/home/duy/cocarry_ws/install/motoros2_interfaces:/home/duy/cocarry_ws/install/hc10dtp_bringup:/home/duy/cocarry_ws/install/hc10dtp_moveit_config:/home/duy/cocarry_ws/install/motoman_hc10dtp_support:/home/duy/cocarry_ws/install/motoman_gp4_support:/home/duy/cocarry_ws/install/motoman_resources:/home/duy/cocarry_ws/install/industrial_msgs:/home/duy/cocarry_ws/install/trajectory_predictor:/home/duy/cocarry_ws/install/realsense_tracker:/home/duy/cocarry_ws/install/predictor_ui:/home/duy/cocarry_ws/install/experiment_logger:/home/duy/cocarry_ws/install/coord_transform:/opt/ros/humble:/home/duy/cocarry_ws/install/human_hand_msgs LD_LIBRARY_PATH=/home/duy/cocarry_ws/install/trac_ik_lib/lib:/home/duy/cocarry_ws/install/trac_ik_kinematics/lib:/home/duy/cocarry_ws/install/motoros2_interfaces/lib:/home/duy/cocarry_ws/install/industrial_msgs/lib:/home/duy/cocarry_ws/install/human_hand_msgs/lib:/usr/local/lib/nuitrack:/usr/lib/x86_64-linux-gnu/gazebo-11/plugins:/opt/ros/humble/opt/rviz_ogre_vendor/lib:/opt/ros/humble/lib/x86_64-linux-gnu:/opt/ros/humble/lib:/usr/local/lib/nuitrack /usr/bin/cmake /home/duy/cocarry_ws/src/trac_ik/trac_ik_kinematics -DCMAKE_INSTALL_PREFIX=/home/duy/cocarry_ws/install/trac_ik_kinematics
[0.028s] -- Found moveit_common: 2.5.9 (/opt/ros/humble/share/moveit_common/cmake)
[0.028s] -- Found ament_cmake: 1.3.14 (/opt/ros/humble/share/ament_cmake/cmake)
[0.203s] -- Override CMake install command with custom implementation using symlinks instead of copying resources
[0.323s] [0mtrac_ik_kinematics: You did not request a specific build type: Choosing 'Release' for maximum performance[0m
[0.335s] -- Found tf2_kdl: 0.25.20 (/opt/ros/humble/share/tf2_kdl/cmake)
[0.385s] -- Found rosidl_generator_c: 3.1.8 (/opt/ros/humble/share/rosidl_generator_c/cmake)
[0.390s] -- Found rosidl_adapter: 3.1.8 (/opt/ros/humble/share/rosidl_adapter/cmake)
[0.402s] -- Found rosidl_generator_cpp: 3.1.8 (/opt/ros/humble/share/rosidl_generator_cpp/cmake)
[0.420s] -- Using all available rosidl_typesupport_c: rosidl_typesupport_fastrtps_c;rosidl_typesupport_introspection_c
[0.445s] -- Using all available rosidl_typesupport_cpp: rosidl_typesupport_fastrtps_cpp;rosidl_typesupport_introspection_cpp
[0.497s] -- Found eigen3_cmake_module: 0.1.1 (/opt/ros/humble/share/eigen3_cmake_module/cmake)
[0.498s] -- Ensuring Eigen3 include directory is part of orocos-kdl CMake target
[0.572s] -- Found rmw_implementation_cmake: 6.1.2 (/opt/ros/humble/share/rmw_implementation_cmake/cmake)
[0.575s] -- Found rmw_fastrtps_cpp: 6.2.10 (/opt/ros/humble/share/rmw_fastrtps_cpp/cmake)
[0.749s] -- Using RMW implementation 'rmw_fastrtps_cpp' as default
[0.867s] -- Found kdl_parser: 2.6.4 (/opt/ros/humble/share/kdl_parser/cmake)
[0.870s] -- Found random_numbers: 2.0.1 (/opt/ros/humble/share/random_numbers/cmake)
[0.879s] -- Found pluginlib: 5.1.3 (/opt/ros/humble/share/pluginlib/cmake)
[0.895s] -- Found moveit_core: 2.5.9 (/opt/ros/humble/share/moveit_core/cmake)
[0.918s] -- Found Boost: /usr/lib/x86_64-linux-gnu/cmake/Boost-1.74.0/BoostConfig.cmake (found version "1.74.0") found components: chrono date_time filesystem iostreams program_options regex serialization system thread 
[0.967s] -- Found parameter_traits: 0.7.1 (/opt/ros/humble/share/parameter_traits/cmake)
[0.996s] -- Found rclcpp_lifecycle: 16.0.19 (/opt/ros/humble/share/rclcpp_lifecycle/cmake)
[1.047s] -- Found Boost: /usr/lib/x86_64-linux-gnu/cmake/Boost-1.74.0/BoostConfig.cmake (found version "1.74.0") found components: filesystem 
[1.106s] -- library: /usr/lib/x86_64-linux-gnu/libcurl.so
[1.390s] -- Found moveit_ros_planning: 2.5.9 (/opt/ros/humble/share/moveit_ros_planning/cmake)
[1.400s] -- Found Boost: /usr/lib/x86_64-linux-gnu/cmake/Boost-1.74.0/BoostConfig.cmake (found version "1.74.0") found components: system filesystem date_time program_options thread chrono 
[1.433s] -- Found trac_ik_lib: 0.1.0 (/home/duy/cocarry_ws/install/trac_ik_lib/share/trac_ik_lib/cmake)
[1.489s] -- Found Boost: /usr/lib/x86_64-linux-gnu/cmake/Boost-1.74.0/BoostConfig.cmake (found version "1.74.0") found components: program_options system 
[1.526s] -- Found ament_lint_auto: 0.12.15 (/opt/ros/humble/share/ament_lint_auto/cmake)
[1.532s] -- Configuring done
[1.576s] -- Generating done
[1.593s] -- Build files have been written to: /home/duy/cocarry_ws/build/trac_ik_kinematics
[1.628s] Invoked command in '/home/duy/cocarry_ws/build/trac_ik_kinematics' returned '0': CMAKE_PREFIX_PATH=/home/duy/cocarry_ws/install/trac_ik_lib:/home/duy/cocarry_ws/install/hrc_bringup:/home/duy/cocarry_ws/install/trac_ik:/home/duy/cocarry_ws/install/trac_ik_kinematics:/home/duy/cocarry_ws/install/motoros2_client_interface_dependencies:/home/duy/cocarry_ws/install/hc10dtp_simulation:/home/duy/cocarry_ws/install/motoros2_interfaces:/home/duy/cocarry_ws/install/hc10dtp_bringup:/home/duy/cocarry_ws/install/hc10dtp_moveit_config:/home/duy/cocarry_ws/install/motoman_hc10dtp_support:/home/duy/cocarry_ws/install/motoman_gp4_support:/home/duy/cocarry_ws/install/motoman_resources:/home/duy/cocarry_ws/install/industrial_msgs:/home/duy/cocarry_ws/install/trajectory_predictor:/home/duy/cocarry_ws/install/realsense_tracker:/home/duy/cocarry_ws/install/predictor_ui:/home/duy/cocarry_ws/install/experiment_logger:/home/duy/cocarry_ws/install/coord_transform:/opt/ros/humble:/home/duy/cocarry_ws/install/human_hand_msgs LD_LIBRARY_PATH=/home/duy/cocarry_ws/install/trac_ik_lib/lib:/home/duy/cocarry_ws/install/trac_ik_kinematics/lib:/home/duy/cocarry_ws/install/motoros2_interfaces/lib:/home/duy/cocarry_ws/install/industrial_msgs/lib:/home/duy/cocarry_ws/install/human_hand_msgs/lib:/usr/local/lib/nuitrack:/usr/lib/x86_64-linux-gnu/gazebo-11/plugins:/opt/ros/humble/opt/rviz_ogre_vendor/lib:/opt/ros/humble/lib/x86_64-linux-gnu:/opt/ros/humble/lib:/usr/local/lib/nuitrack /usr/bin/cmake /home/duy/cocarry_ws/src/trac_ik/trac_ik_kinematics -DCMAKE_INSTALL_PREFIX=/home/duy/cocarry_ws/install/trac_ik_kinematics
[1.629s] Invoking command in '/home/duy/cocarry_ws/build/trac_ik_kinematics': CMAKE_PREFIX_PATH=/home/duy/cocarry_ws/install/trac_ik_lib:/home/duy/cocarry_ws/install/hrc_bringup:/home/duy/cocarry_ws/install/trac_ik:/home/duy/cocarry_ws/install/trac_ik_kinematics:/home/duy/cocarry_ws/install/motoros2_client_interface_dependencies:/home/duy/cocarry_ws/install/hc10dtp_simulation:/home/duy/cocarry_ws/install/motoros2_interfaces:/home/duy/cocarry_ws/install/hc10dtp_bringup:/home/duy/cocarry_ws/install/hc10dtp_moveit_config:/home/duy/cocarry_ws/install/motoman_hc10dtp_support:/home/duy/cocarry_ws/install/motoman_gp4_support:/home/duy/cocarry_ws/install/motoman_resources:/home/duy/cocarry_ws/install/industrial_msgs:/home/duy/cocarry_ws/install/trajectory_predictor:/home/duy/cocarry_ws/install/realsense_tracker:/home/duy/cocarry_ws/install/predictor_ui:/home/duy/cocarry_ws/install/experiment_logger:/home/duy/cocarry_ws/install/coord_transform:/opt/ros/humble:/home/duy/cocarry_ws/install/human_hand_msgs LD_LIBRARY_PATH=/home/duy/cocarry_ws/install/trac_ik_lib/lib:/home/duy/cocarry_ws/install/trac_ik_kinematics/lib:/home/duy/cocarry_ws/install/motoros2_interfaces/lib:/home/duy/cocarry_ws/install/industrial_msgs/lib:/home/duy/cocarry_ws/install/human_hand_msgs/lib:/usr/local/lib/nuitrack:/usr/lib/x86_64-linux-gnu/gazebo-11/plugins:/opt/ros/humble/opt/rviz_ogre_vendor/lib:/opt/ros/humble/lib/x86_64-linux-gnu:/opt/ros/humble/lib:/usr/local/lib/nuitrack /usr/bin/cmake --build /home/duy/cocarry_ws/build/trac_ik_kinematics -- -j16 -l16
[1.797s] [35m[1mConsolidate compiler generated dependencies of target moveit_trac_ik_kinematics_plugin[0m
[1.933s] [100%] Built target moveit_trac_ik_kinematics_plugin
[4.735s] Invoked command in '/home/duy/cocarry_ws/build/trac_ik_kinematics' returned '0': CMAKE_PREFIX_PATH=/home/duy/cocarry_ws/install/trac_ik_lib:/home/duy/cocarry_ws/install/hrc_bringup:/home/duy/cocarry_ws/install/trac_ik:/home/duy/cocarry_ws/install/trac_ik_kinematics:/home/duy/cocarry_ws/install/motoros2_client_interface_dependencies:/home/duy/cocarry_ws/install/hc10dtp_simulation:/home/duy/cocarry_ws/install/motoros2_interfaces:/home/duy/cocarry_ws/install/hc10dtp_bringup:/home/duy/cocarry_ws/install/hc10dtp_moveit_config:/home/duy/cocarry_ws/install/motoman_hc10dtp_support:/home/duy/cocarry_ws/install/motoman_gp4_support:/home/duy/cocarry_ws/install/motoman_resources:/home/duy/cocarry_ws/install/industrial_msgs:/home/duy/cocarry_ws/install/trajectory_predictor:/home/duy/cocarry_ws/install/realsense_tracker:/home/duy/cocarry_ws/install/predictor_ui:/home/duy/cocarry_ws/install/experiment_logger:/home/duy/cocarry_ws/install/coord_transform:/opt/ros/humble:/home/duy/cocarry_ws/install/human_hand_msgs LD_LIBRARY_PATH=/home/duy/cocarry_ws/install/trac_ik_lib/lib:/home/duy/cocarry_ws/install/trac_ik_kinematics/lib:/home/duy/cocarry_ws/install/motoros2_interfaces/lib:/home/duy/cocarry_ws/install/industrial_msgs/lib:/home/duy/cocarry_ws/install/human_hand_msgs/lib:/usr/local/lib/nuitrack:/usr/lib/x86_64-linux-gnu/gazebo-11/plugins:/opt/ros/humble/opt/rviz_ogre_vendor/lib:/opt/ros/humble/lib/x86_64-linux-gnu:/opt/ros/humble/lib:/usr/local/lib/nuitrack /usr/bin/cmake --build /home/duy/cocarry_ws/build/trac_ik_kinematics -- -j16 -l16
[4.737s] Invoking command in '/home/duy/cocarry_ws/build/trac_ik_kinematics': CMAKE_PREFIX_PATH=/home/duy/cocarry_ws/install/trac_ik_lib:/home/duy/cocarry_ws/install/hrc_bringup:/home/duy/cocarry_ws/install/trac_ik:/home/duy/cocarry_ws/install/trac_ik_kinematics:/home/duy/cocarry_ws/install/motoros2_client_interface_dependencies:/home/duy/cocarry_ws/install/hc10dtp_simulation:/home/duy/cocarry_ws/install/motoros2_interfaces:/home/duy/cocarry_ws/install/hc10dtp_bringup:/home/duy/cocarry_ws/install/hc10dtp_moveit_config:/home/duy/cocarry_ws/install/motoman_hc10dtp_support:/home/duy/cocarry_ws/install/motoman_gp4_support:/home/duy/cocarry_ws/install/motoman_resources:/home/duy/cocarry_ws/install/industrial_msgs:/home/duy/cocarry_ws/install/trajectory_predictor:/home/duy/cocarry_ws/install/realsense_tracker:/home/duy/cocarry_ws/install/predictor_ui:/home/duy/cocarry_ws/install/experiment_logger:/home/duy/cocarry_ws/install/coord_transform:/opt/ros/humble:/home/duy/cocarry_ws/install/human_hand_msgs LD_LIBRARY_PATH=/home/duy/cocarry_ws/install/trac_ik_lib/lib:/home/duy/cocarry_ws/install/trac_ik_kinematics/lib:/home/duy/cocarry_ws/install/motoros2_interfaces/lib:/home/duy/cocarry_ws/install/industrial_msgs/lib:/home/duy/cocarry_ws/install/human_hand_msgs/lib:/usr/local/lib/nuitrack:/usr/lib/x86_64-linux-gnu/gazebo-11/plugins:/opt/ros/humble/opt/rviz_ogre_vendor/lib:/opt/ros/humble/lib/x86_64-linux-gnu:/opt/ros/humble/lib:/usr/local/lib/nuitrack /usr/bin/cmake --install /home/duy/cocarry_ws/build/trac_ik_kinematics
[4.748s] -- Install configuration: "Release"
[4.749s] -- Execute custom install script
[4.749s] -- Up-to-date symlink: /home/duy/cocarry_ws/install/trac_ik_kinematics/share/trac_ik_kinematics//trac_ik_kinematics_plugin_description.xml
[4.751s] -- Up-to-date symlink: /home/duy/cocarry_ws/install/trac_ik_kinematics/include/trac_ik_kinematics_plugin/trac_ik_kinematics_plugin.h
[4.752s] -- Up-to-date symlink: /home/duy/cocarry_ws/install/trac_ik_kinematics/share/trac_ik_kinematics/environment/library_path.sh
[4.753s] -- Up-to-date symlink: /home/duy/cocarry_ws/install/trac_ik_kinematics/share/trac_ik_kinematics/environment/library_path.dsv
[4.754s] -- Up-to-date symlink: /home/duy/cocarry_ws/install/trac_ik_kinematics/share/ament_index/resource_index/package_run_dependencies/trac_ik_kinematics
[4.754s] -- Up-to-date symlink: /home/duy/cocarry_ws/install/trac_ik_kinematics/share/ament_index/resource_index/parent_prefix_path/trac_ik_kinematics
[4.754s] -- Up-to-date symlink: /home/duy/cocarry_ws/install/trac_ik_kinematics/share/trac_ik_kinematics/environment/ament_prefix_path.sh
[4.755s] -- Up-to-date symlink: /home/duy/cocarry_ws/install/trac_ik_kinematics/share/trac_ik_kinematics/environment/ament_prefix_path.dsv
[4.756s] -- Up-to-date symlink: /home/duy/cocarry_ws/install/trac_ik_kinematics/share/trac_ik_kinematics/environment/path.sh
[4.758s] -- Up-to-date symlink: /home/duy/cocarry_ws/install/trac_ik_kinematics/share/trac_ik_kinematics/environment/path.dsv
[4.758s] -- Up-to-date symlink: /home/duy/cocarry_ws/install/trac_ik_kinematics/share/trac_ik_kinematics/local_setup.bash
[4.758s] -- Up-to-date symlink: /home/duy/cocarry_ws/install/trac_ik_kinematics/share/trac_ik_kinematics/local_setup.sh
[4.759s] -- Up-to-date symlink: /home/duy/cocarry_ws/install/trac_ik_kinematics/share/trac_ik_kinematics/local_setup.zsh
[4.759s] -- Up-to-date symlink: /home/duy/cocarry_ws/install/trac_ik_kinematics/share/trac_ik_kinematics/local_setup.dsv
[4.760s] -- Symlinking: /home/duy/cocarry_ws/install/trac_ik_kinematics/share/trac_ik_kinematics/package.dsv
[4.771s] -- Up-to-date symlink: /home/duy/cocarry_ws/install/trac_ik_kinematics/share/ament_index/resource_index/packages/trac_ik_kinematics
[4.774s] -- Up-to-date symlink: /home/duy/cocarry_ws/install/trac_ik_kinematics/share/ament_index/resource_index/moveit_core__pluginlib__plugin/trac_ik_kinematics
[4.774s] -- Up-to-date symlink: /home/duy/cocarry_ws/install/trac_ik_kinematics/share/trac_ik_kinematics/cmake/ConfigExtras.cmake
[4.774s] -- Up-to-date symlink: /home/duy/cocarry_ws/install/trac_ik_kinematics/share/trac_ik_kinematics/cmake/ament_cmake_export_targets-extras.cmake
[4.775s] -- Up-to-date symlink: /home/duy/cocarry_ws/install/trac_ik_kinematics/share/trac_ik_kinematics/cmake/ament_cmake_export_dependencies-extras.cmake
[4.776s] -- Up-to-date symlink: /home/duy/cocarry_ws/install/trac_ik_kinematics/share/trac_ik_kinematics/cmake/trac_ik_kinematicsConfig.cmake
[4.777s] -- Up-to-date symlink: /home/duy/cocarry_ws/install/trac_ik_kinematics/share/trac_ik_kinematics/cmake/trac_ik_kinematicsConfig-version.cmake
[4.777s] -- Up-to-date symlink: /home/duy/cocarry_ws/install/trac_ik_kinematics/share/trac_ik_kinematics/package.xml
[4.778s] -- Up-to-date: /home/duy/cocarry_ws/install/trac_ik_kinematics/lib/libmoveit_trac_ik_kinematics_plugin.so
[4.778s] -- Up-to-date: /home/duy/cocarry_ws/install/trac_ik_kinematics/share/trac_ik_kinematics/cmake/export_trac_ik_kinematicsExport.cmake
[4.778s] -- Up-to-date: /home/duy/cocarry_ws/install/trac_ik_kinematics/share/trac_ik_kinematics/cmake/export_trac_ik_kinematicsExport-release.cmake
[4.780s] Invoked command in '/home/duy/cocarry_ws/build/trac_ik_kinematics' returned '0': CMAKE_PREFIX_PATH=/home/duy/cocarry_ws/install/trac_ik_lib:/home/duy/cocarry_ws/install/hrc_bringup:/home/duy/cocarry_ws/install/trac_ik:/home/duy/cocarry_ws/install/trac_ik_kinematics:/home/duy/cocarry_ws/install/motoros2_client_interface_dependencies:/home/duy/cocarry_ws/install/hc10dtp_simulation:/home/duy/cocarry_ws/install/motoros2_interfaces:/home/duy/cocarry_ws/install/hc10dtp_bringup:/home/duy/cocarry_ws/install/hc10dtp_moveit_config:/home/duy/cocarry_ws/install/motoman_hc10dtp_support:/home/duy/cocarry_ws/install/motoman_gp4_support:/home/duy/cocarry_ws/install/motoman_resources:/home/duy/cocarry_ws/install/industrial_msgs:/home/duy/cocarry_ws/install/trajectory_predictor:/home/duy/cocarry_ws/install/realsense_tracker:/home/duy/cocarry_ws/install/predictor_ui:/home/duy/cocarry_ws/install/experiment_logger:/home/duy/cocarry_ws/install/coord_transform:/opt/ros/humble:/home/duy/cocarry_ws/install/human_hand_msgs LD_LIBRARY_PATH=/home/duy/cocarry_ws/install/trac_ik_lib/lib:/home/duy/cocarry_ws/install/trac_ik_kinematics/lib:/home/duy/cocarry_ws/install/motoros2_interfaces/lib:/home/duy/cocarry_ws/install/industrial_msgs/lib:/home/duy/cocarry_ws/install/human_hand_msgs/lib:/usr/local/lib/nuitrack:/usr/lib/x86_64-linux-gnu/gazebo-11/plugins:/opt/ros/humble/opt/rviz_ogre_vendor/lib:/opt/ros/humble/lib/x86_64-linux-gnu:/opt/ros/humble/lib:/usr/local/lib/nuitrack /usr/bin/cmake --install /home/duy/cocarry_ws/build/trac_ik_kinematics
